[0.116s] DEBUG:colcon:Command line arguments: ['/usr/bin/colcon', 'build']
[0.116s] DEBUG:colcon:Parsed command line arguments: Namespace(log_base=None, log_level=None, verb_name='build', build_base='build', install_base='install', merge_install=False, symlink_install=False, test_result_base=None, continue_on_error=False, executor='parallel', parallel_workers=16, event_handlers=None, ignore_user_meta=False, metas=['./colcon.meta'], base_paths=['.'], packages_ignore=None, packages_ignore_regex=None, paths=None, packages_up_to=None, packages_up_to_regex=None, packages_above=None, packages_above_and_dependencies=None, packages_above_depth=None, packages_select_by_dep=None, packages_skip_by_dep=None, packages_skip_up_to=None, packages_select_build_failed=False, packages_skip_build_finished=False, packages_select_test_failures=False, packages_skip_test_passed=False, packages_select=None, packages_skip=None, packages_select_regex=None, packages_skip_regex=None, packages_start=None, packages_end=None, allow_overriding=[], cmake_args=None, cmake_target=None, cmake_target_skip_unavailable=False, cmake_clean_cache=False, cmake_clean_first=False, cmake_force_configure=False, ament_cmake_args=None, catkin_cmake_args=None, catkin_skip_building_tests=False, verb_parser=<colcon_defaults.argument_parser.defaults.DefaultArgumentsDecorator object at 0x76c3ab11c5b0>, verb_extension=<colcon_core.verb.build.BuildVerb object at 0x76c3ab11c160>, main=<bound method BuildVerb.main of <colcon_core.verb.build.BuildVerb object at 0x76c3ab11c160>>)
[0.310s] Level 1:colcon.colcon_core.package_discovery:discover_packages(colcon_meta) check parameters
[0.310s] Level 1:colcon.colcon_core.package_discovery:discover_packages(recursive) check parameters
[0.310s] Level 1:colcon.colcon_core.package_discovery:discover_packages(ignore) check parameters
[0.310s] Level 1:colcon.colcon_core.package_discovery:discover_packages(path) check parameters
[0.310s] Level 1:colcon.colcon_core.package_discovery:discover_packages(colcon_meta) discover
[0.310s] Level 1:colcon.colcon_core.package_discovery:discover_packages(recursive) discover
[0.310s] INFO:colcon.colcon_core.package_discovery:Crawling recursively for packages in '/home/xanta/tBot/botSpace'
[0.310s] Level 1:colcon.colcon_core.package_identification:_identify(.) by extensions ['ignore', 'ignore_ament_install']
[0.310s] Level 1:colcon.colcon_core.package_identification:_identify(.) by extension 'ignore'
[0.310s] Level 1:colcon.colcon_core.package_identification:_identify(.) by extension 'ignore_ament_install'
[0.310s] Level 1:colcon.colcon_core.package_identification:_identify(.) by extensions ['colcon_pkg']
[0.310s] Level 1:colcon.colcon_core.package_identification:_identify(.) by extension 'colcon_pkg'
[0.310s] Level 1:colcon.colcon_core.package_identification:_identify(.) by extensions ['colcon_meta']
[0.310s] Level 1:colcon.colcon_core.package_identification:_identify(.) by extension 'colcon_meta'
[0.310s] Level 1:colcon.colcon_core.package_identification:_identify(.) by extensions ['ros']
[0.310s] Level 1:colcon.colcon_core.package_identification:_identify(.) by extension 'ros'
[0.320s] Level 1:colcon.colcon_core.package_identification:_identify(.) by extensions ['cmake', 'python']
[0.320s] Level 1:colcon.colcon_core.package_identification:_identify(.) by extension 'cmake'
[0.320s] Level 1:colcon.colcon_core.package_identification:_identify(.) by extension 'python'
[0.320s] Level 1:colcon.colcon_core.package_identification:_identify(.) by extensions ['python_setup_py']
[0.320s] Level 1:colcon.colcon_core.package_identification:_identify(.) by extension 'python_setup_py'
[0.320s] Level 1:colcon.colcon_core.package_identification:_identify(build) by extensions ['ignore', 'ignore_ament_install']
[0.320s] Level 1:colcon.colcon_core.package_identification:_identify(build) by extension 'ignore'
[0.320s] Level 1:colcon.colcon_core.package_identification:_identify(build) ignored
[0.321s] Level 1:colcon.colcon_core.package_identification:_identify(install) by extensions ['ignore', 'ignore_ament_install']
[0.321s] Level 1:colcon.colcon_core.package_identification:_identify(install) by extension 'ignore'
[0.321s] Level 1:colcon.colcon_core.package_identification:_identify(install) ignored
[0.321s] Level 1:colcon.colcon_core.package_identification:_identify(log) by extensions ['ignore', 'ignore_ament_install']
[0.321s] Level 1:colcon.colcon_core.package_identification:_identify(log) by extension 'ignore'
[0.321s] Level 1:colcon.colcon_core.package_identification:_identify(log) ignored
[0.321s] Level 1:colcon.colcon_core.package_identification:_identify(src) by extensions ['ignore', 'ignore_ament_install']
[0.321s] Level 1:colcon.colcon_core.package_identification:_identify(src) by extension 'ignore'
[0.321s] Level 1:colcon.colcon_core.package_identification:_identify(src) by extension 'ignore_ament_install'
[0.321s] Level 1:colcon.colcon_core.package_identification:_identify(src) by extensions ['colcon_pkg']
[0.321s] Level 1:colcon.colcon_core.package_identification:_identify(src) by extension 'colcon_pkg'
[0.321s] Level 1:colcon.colcon_core.package_identification:_identify(src) by extensions ['colcon_meta']
[0.321s] Level 1:colcon.colcon_core.package_identification:_identify(src) by extension 'colcon_meta'
[0.321s] Level 1:colcon.colcon_core.package_identification:_identify(src) by extensions ['ros']
[0.321s] Level 1:colcon.colcon_core.package_identification:_identify(src) by extension 'ros'
[0.321s] Level 1:colcon.colcon_core.package_identification:_identify(src) by extensions ['cmake', 'python']
[0.321s] Level 1:colcon.colcon_core.package_identification:_identify(src) by extension 'cmake'
[0.321s] Level 1:colcon.colcon_core.package_identification:_identify(src) by extension 'python'
[0.321s] Level 1:colcon.colcon_core.package_identification:_identify(src) by extensions ['python_setup_py']
[0.321s] Level 1:colcon.colcon_core.package_identification:_identify(src) by extension 'python_setup_py'
[0.322s] Level 1:colcon.colcon_core.package_identification:_identify(src/custom_interface) by extensions ['ignore', 'ignore_ament_install']
[0.322s] Level 1:colcon.colcon_core.package_identification:_identify(src/custom_interface) by extension 'ignore'
[0.322s] Level 1:colcon.colcon_core.package_identification:_identify(src/custom_interface) by extension 'ignore_ament_install'
[0.322s] Level 1:colcon.colcon_core.package_identification:_identify(src/custom_interface) by extensions ['colcon_pkg']
[0.322s] Level 1:colcon.colcon_core.package_identification:_identify(src/custom_interface) by extension 'colcon_pkg'
[0.322s] Level 1:colcon.colcon_core.package_identification:_identify(src/custom_interface) by extensions ['colcon_meta']
[0.322s] Level 1:colcon.colcon_core.package_identification:_identify(src/custom_interface) by extension 'colcon_meta'
[0.322s] Level 1:colcon.colcon_core.package_identification:_identify(src/custom_interface) by extensions ['ros']
[0.322s] Level 1:colcon.colcon_core.package_identification:_identify(src/custom_interface) by extension 'ros'
[0.324s] DEBUG:colcon.colcon_core.package_identification:Package 'src/custom_interface' with type 'ros.ament_cmake' and name 'custom_interface'
[0.324s] Level 1:colcon.colcon_core.package_identification:_identify(src/diffdrive_arduino) by extensions ['ignore', 'ignore_ament_install']
[0.324s] Level 1:colcon.colcon_core.package_identification:_identify(src/diffdrive_arduino) by extension 'ignore'
[0.324s] Level 1:colcon.colcon_core.package_identification:_identify(src/diffdrive_arduino) by extension 'ignore_ament_install'
[0.324s] Level 1:colcon.colcon_core.package_identification:_identify(src/diffdrive_arduino) by extensions ['colcon_pkg']
[0.324s] Level 1:colcon.colcon_core.package_identification:_identify(src/diffdrive_arduino) by extension 'colcon_pkg'
[0.324s] Level 1:colcon.colcon_core.package_identification:_identify(src/diffdrive_arduino) by extensions ['colcon_meta']
[0.324s] Level 1:colcon.colcon_core.package_identification:_identify(src/diffdrive_arduino) by extension 'colcon_meta'
[0.324s] Level 1:colcon.colcon_core.package_identification:_identify(src/diffdrive_arduino) by extensions ['ros']
[0.324s] Level 1:colcon.colcon_core.package_identification:_identify(src/diffdrive_arduino) by extension 'ros'
[0.325s] DEBUG:colcon.colcon_core.package_identification:Package 'src/diffdrive_arduino' with type 'ros.ament_cmake' and name 'diffdrive_arduino'
[0.325s] Level 1:colcon.colcon_core.package_identification:_identify(src/serial) by extensions ['ignore', 'ignore_ament_install']
[0.325s] Level 1:colcon.colcon_core.package_identification:_identify(src/serial) by extension 'ignore'
[0.325s] Level 1:colcon.colcon_core.package_identification:_identify(src/serial) by extension 'ignore_ament_install'
[0.325s] Level 1:colcon.colcon_core.package_identification:_identify(src/serial) by extensions ['colcon_pkg']
[0.325s] Level 1:colcon.colcon_core.package_identification:_identify(src/serial) by extension 'colcon_pkg'
[0.325s] Level 1:colcon.colcon_core.package_identification:_identify(src/serial) by extensions ['colcon_meta']
[0.325s] Level 1:colcon.colcon_core.package_identification:_identify(src/serial) by extension 'colcon_meta'
[0.325s] Level 1:colcon.colcon_core.package_identification:_identify(src/serial) by extensions ['ros']
[0.325s] Level 1:colcon.colcon_core.package_identification:_identify(src/serial) by extension 'ros'
[0.326s] DEBUG:colcon.colcon_core.package_identification:Package 'src/serial' with type 'ros.ament_cmake' and name 'serial'
[0.326s] Level 1:colcon.colcon_core.package_identification:_identify(src/tbcontrol) by extensions ['ignore', 'ignore_ament_install']
[0.326s] Level 1:colcon.colcon_core.package_identification:_identify(src/tbcontrol) by extension 'ignore'
[0.326s] Level 1:colcon.colcon_core.package_identification:_identify(src/tbcontrol) by extension 'ignore_ament_install'
[0.326s] Level 1:colcon.colcon_core.package_identification:_identify(src/tbcontrol) by extensions ['colcon_pkg']
[0.326s] Level 1:colcon.colcon_core.package_identification:_identify(src/tbcontrol) by extension 'colcon_pkg'
[0.326s] Level 1:colcon.colcon_core.package_identification:_identify(src/tbcontrol) by extensions ['colcon_meta']
[0.326s] Level 1:colcon.colcon_core.package_identification:_identify(src/tbcontrol) by extension 'colcon_meta'
[0.326s] Level 1:colcon.colcon_core.package_identification:_identify(src/tbcontrol) by extensions ['ros']
[0.326s] Level 1:colcon.colcon_core.package_identification:_identify(src/tbcontrol) by extension 'ros'
[0.327s] DEBUG:colcon.colcon_core.package_identification:Package 'src/tbcontrol' with type 'ros.ament_python' and name 'tbcontrol'
[0.327s] Level 1:colcon.colcon_core.package_identification:_identify(src/tbmain) by extensions ['ignore', 'ignore_ament_install']
[0.327s] Level 1:colcon.colcon_core.package_identification:_identify(src/tbmain) by extension 'ignore'
[0.327s] Level 1:colcon.colcon_core.package_identification:_identify(src/tbmain) by extension 'ignore_ament_install'
[0.327s] Level 1:colcon.colcon_core.package_identification:_identify(src/tbmain) by extensions ['colcon_pkg']
[0.327s] Level 1:colcon.colcon_core.package_identification:_identify(src/tbmain) by extension 'colcon_pkg'
[0.327s] Level 1:colcon.colcon_core.package_identification:_identify(src/tbmain) by extensions ['colcon_meta']
[0.327s] Level 1:colcon.colcon_core.package_identification:_identify(src/tbmain) by extension 'colcon_meta'
[0.327s] Level 1:colcon.colcon_core.package_identification:_identify(src/tbmain) by extensions ['ros']
[0.327s] Level 1:colcon.colcon_core.package_identification:_identify(src/tbmain) by extension 'ros'
[0.327s] DEBUG:colcon.colcon_core.package_identification:Package 'src/tbmain' with type 'ros.ament_python' and name 'tbmain'
[0.327s] Level 1:colcon.colcon_core.package_discovery:discover_packages(recursive) using defaults
[0.327s] Level 1:colcon.colcon_core.package_discovery:discover_packages(ignore) discover
[0.327s] Level 1:colcon.colcon_core.package_discovery:discover_packages(ignore) using defaults
[0.327s] Level 1:colcon.colcon_core.package_discovery:discover_packages(path) discover
[0.327s] Level 1:colcon.colcon_core.package_discovery:discover_packages(path) using defaults
[0.378s] Level 1:colcon.colcon_core.package_discovery:discover_packages(prefix_path) check parameters
[0.378s] Level 1:colcon.colcon_core.package_discovery:discover_packages(prefix_path) discover
[0.381s] DEBUG:colcon.colcon_installed_package_information.package_discovery:Found 325 installed packages in /opt/ros/humble
[0.383s] Level 1:colcon.colcon_core.package_discovery:discover_packages(prefix_path) using defaults
[0.417s] Level 5:colcon.colcon_core.verb:set package 'custom_interface' build argument 'cmake_args' from command line to 'None'
[0.418s] Level 5:colcon.colcon_core.verb:set package 'custom_interface' build argument 'cmake_target' from command line to 'None'
[0.418s] Level 5:colcon.colcon_core.verb:set package 'custom_interface' build argument 'cmake_target_skip_unavailable' from command line to 'False'
[0.418s] Level 5:colcon.colcon_core.verb:set package 'custom_interface' build argument 'cmake_clean_cache' from command line to 'False'
[0.418s] Level 5:colcon.colcon_core.verb:set package 'custom_interface' build argument 'cmake_clean_first' from command line to 'False'
[0.418s] Level 5:colcon.colcon_core.verb:set package 'custom_interface' build argument 'cmake_force_configure' from command line to 'False'
[0.418s] Level 5:colcon.colcon_core.verb:set package 'custom_interface' build argument 'ament_cmake_args' from command line to 'None'
[0.418s] Level 5:colcon.colcon_core.verb:set package 'custom_interface' build argument 'catkin_cmake_args' from command line to 'None'
[0.418s] Level 5:colcon.colcon_core.verb:set package 'custom_interface' build argument 'catkin_skip_building_tests' from command line to 'False'
[0.418s] DEBUG:colcon.colcon_core.verb:Building package 'custom_interface' with the following arguments: {'ament_cmake_args': None, 'build_base': '/home/xanta/tBot/botSpace/build/custom_interface', 'catkin_cmake_args': None, 'catkin_skip_building_tests': False, 'cmake_args': None, 'cmake_clean_cache': False, 'cmake_clean_first': False, 'cmake_force_configure': False, 'cmake_target': None, 'cmake_target_skip_unavailable': False, 'install_base': '/home/xanta/tBot/botSpace/install/custom_interface', 'merge_install': False, 'path': '/home/xanta/tBot/botSpace/src/custom_interface', 'symlink_install': False, 'test_result_base': None}
[0.418s] Level 5:colcon.colcon_core.verb:set package 'serial' build argument 'cmake_args' from command line to 'None'
[0.418s] Level 5:colcon.colcon_core.verb:set package 'serial' build argument 'cmake_target' from command line to 'None'
[0.418s] Level 5:colcon.colcon_core.verb:set package 'serial' build argument 'cmake_target_skip_unavailable' from command line to 'False'
[0.418s] Level 5:colcon.colcon_core.verb:set package 'serial' build argument 'cmake_clean_cache' from command line to 'False'
[0.418s] Level 5:colcon.colcon_core.verb:set package 'serial' build argument 'cmake_clean_first' from command line to 'False'
[0.418s] Level 5:colcon.colcon_core.verb:set package 'serial' build argument 'cmake_force_configure' from command line to 'False'
[0.418s] Level 5:colcon.colcon_core.verb:set package 'serial' build argument 'ament_cmake_args' from command line to 'None'
[0.418s] Level 5:colcon.colcon_core.verb:set package 'serial' build argument 'catkin_cmake_args' from command line to 'None'
[0.418s] Level 5:colcon.colcon_core.verb:set package 'serial' build argument 'catkin_skip_building_tests' from command line to 'False'
[0.418s] DEBUG:colcon.colcon_core.verb:Building package 'serial' with the following arguments: {'ament_cmake_args': None, 'build_base': '/home/xanta/tBot/botSpace/build/serial', 'catkin_cmake_args': None, 'catkin_skip_building_tests': False, 'cmake_args': None, 'cmake_clean_cache': False, 'cmake_clean_first': False, 'cmake_force_configure': False, 'cmake_target': None, 'cmake_target_skip_unavailable': False, 'install_base': '/home/xanta/tBot/botSpace/install/serial', 'merge_install': False, 'path': '/home/xanta/tBot/botSpace/src/serial', 'symlink_install': False, 'test_result_base': None}
[0.418s] Level 5:colcon.colcon_core.verb:set package 'tbmain' build argument 'cmake_args' from command line to 'None'
[0.418s] Level 5:colcon.colcon_core.verb:set package 'tbmain' build argument 'cmake_target' from command line to 'None'
[0.418s] Level 5:colcon.colcon_core.verb:set package 'tbmain' build argument 'cmake_target_skip_unavailable' from command line to 'False'
[0.418s] Level 5:colcon.colcon_core.verb:set package 'tbmain' build argument 'cmake_clean_cache' from command line to 'False'
[0.418s] Level 5:colcon.colcon_core.verb:set package 'tbmain' build argument 'cmake_clean_first' from command line to 'False'
[0.418s] Level 5:colcon.colcon_core.verb:set package 'tbmain' build argument 'cmake_force_configure' from command line to 'False'
[0.419s] Level 5:colcon.colcon_core.verb:set package 'tbmain' build argument 'ament_cmake_args' from command line to 'None'
[0.419s] Level 5:colcon.colcon_core.verb:set package 'tbmain' build argument 'catkin_cmake_args' from command line to 'None'
[0.419s] Level 5:colcon.colcon_core.verb:set package 'tbmain' build argument 'catkin_skip_building_tests' from command line to 'False'
[0.419s] DEBUG:colcon.colcon_core.verb:Building package 'tbmain' with the following arguments: {'ament_cmake_args': None, 'build_base': '/home/xanta/tBot/botSpace/build/tbmain', 'catkin_cmake_args': None, 'catkin_skip_building_tests': False, 'cmake_args': None, 'cmake_clean_cache': False, 'cmake_clean_first': False, 'cmake_force_configure': False, 'cmake_target': None, 'cmake_target_skip_unavailable': False, 'install_base': '/home/xanta/tBot/botSpace/install/tbmain', 'merge_install': False, 'path': '/home/xanta/tBot/botSpace/src/tbmain', 'symlink_install': False, 'test_result_base': None}
[0.419s] Level 5:colcon.colcon_core.verb:set package 'diffdrive_arduino' build argument 'cmake_args' from command line to 'None'
[0.419s] Level 5:colcon.colcon_core.verb:set package 'diffdrive_arduino' build argument 'cmake_target' from command line to 'None'
[0.419s] Level 5:colcon.colcon_core.verb:set package 'diffdrive_arduino' build argument 'cmake_target_skip_unavailable' from command line to 'False'
[0.419s] Level 5:colcon.colcon_core.verb:set package 'diffdrive_arduino' build argument 'cmake_clean_cache' from command line to 'False'
[0.419s] Level 5:colcon.colcon_core.verb:set package 'diffdrive_arduino' build argument 'cmake_clean_first' from command line to 'False'
[0.419s] Level 5:colcon.colcon_core.verb:set package 'diffdrive_arduino' build argument 'cmake_force_configure' from command line to 'False'
[0.419s] Level 5:colcon.colcon_core.verb:set package 'diffdrive_arduino' build argument 'ament_cmake_args' from command line to 'None'
[0.419s] Level 5:colcon.colcon_core.verb:set package 'diffdrive_arduino' build argument 'catkin_cmake_args' from command line to 'None'
[0.419s] Level 5:colcon.colcon_core.verb:set package 'diffdrive_arduino' build argument 'catkin_skip_building_tests' from command line to 'False'
[0.419s] DEBUG:colcon.colcon_core.verb:Building package 'diffdrive_arduino' with the following arguments: {'ament_cmake_args': None, 'build_base': '/home/xanta/tBot/botSpace/build/diffdrive_arduino', 'catkin_cmake_args': None, 'catkin_skip_building_tests': False, 'cmake_args': None, 'cmake_clean_cache': False, 'cmake_clean_first': False, 'cmake_force_configure': False, 'cmake_target': None, 'cmake_target_skip_unavailable': False, 'install_base': '/home/xanta/tBot/botSpace/install/diffdrive_arduino', 'merge_install': False, 'path': '/home/xanta/tBot/botSpace/src/diffdrive_arduino', 'symlink_install': False, 'test_result_base': None}
[0.419s] Level 5:colcon.colcon_core.verb:set package 'tbcontrol' build argument 'cmake_args' from command line to 'None'
[0.419s] Level 5:colcon.colcon_core.verb:set package 'tbcontrol' build argument 'cmake_target' from command line to 'None'
[0.419s] Level 5:colcon.colcon_core.verb:set package 'tbcontrol' build argument 'cmake_target_skip_unavailable' from command line to 'False'
[0.419s] Level 5:colcon.colcon_core.verb:set package 'tbcontrol' build argument 'cmake_clean_cache' from command line to 'False'
[0.419s] Level 5:colcon.colcon_core.verb:set package 'tbcontrol' build argument 'cmake_clean_first' from command line to 'False'
[0.419s] Level 5:colcon.colcon_core.verb:set package 'tbcontrol' build argument 'cmake_force_configure' from command line to 'False'
[0.419s] Level 5:colcon.colcon_core.verb:set package 'tbcontrol' build argument 'ament_cmake_args' from command line to 'None'
[0.419s] Level 5:colcon.colcon_core.verb:set package 'tbcontrol' build argument 'catkin_cmake_args' from command line to 'None'
[0.419s] Level 5:colcon.colcon_core.verb:set package 'tbcontrol' build argument 'catkin_skip_building_tests' from command line to 'False'
[0.419s] DEBUG:colcon.colcon_core.verb:Building package 'tbcontrol' with the following arguments: {'ament_cmake_args': None, 'build_base': '/home/xanta/tBot/botSpace/build/tbcontrol', 'catkin_cmake_args': None, 'catkin_skip_building_tests': False, 'cmake_args': None, 'cmake_clean_cache': False, 'cmake_clean_first': False, 'cmake_force_configure': False, 'cmake_target': None, 'cmake_target_skip_unavailable': False, 'install_base': '/home/xanta/tBot/botSpace/install/tbcontrol', 'merge_install': False, 'path': '/home/xanta/tBot/botSpace/src/tbcontrol', 'symlink_install': False, 'test_result_base': None}
[0.419s] INFO:colcon.colcon_core.executor:Executing jobs using 'parallel' executor
[0.421s] DEBUG:colcon.colcon_parallel_executor.executor.parallel:run_until_complete
[0.421s] INFO:colcon.colcon_ros.task.ament_cmake.build:Building ROS package in '/home/xanta/tBot/botSpace/src/custom_interface' with build type 'ament_cmake'
[0.421s] INFO:colcon.colcon_cmake.task.cmake.build:Building CMake package in '/home/xanta/tBot/botSpace/src/custom_interface'
[0.425s] INFO:colcon.colcon_core.plugin_system:Skipping extension 'colcon_core.shell.bat': Not used on non-Windows systems
[0.425s] INFO:colcon.colcon_core.shell:Skip shell extension 'powershell' for command environment: Not usable outside of PowerShell
[0.425s] DEBUG:colcon.colcon_core.shell:Skip shell extension 'dsv' for command environment
[0.429s] INFO:colcon.colcon_ros.task.ament_cmake.build:Building ROS package in '/home/xanta/tBot/botSpace/src/serial' with build type 'ament_cmake'
[0.429s] INFO:colcon.colcon_cmake.task.cmake.build:Building CMake package in '/home/xanta/tBot/botSpace/src/serial'
[0.429s] INFO:colcon.colcon_core.shell:Skip shell extension 'powershell' for command environment: Not usable outside of PowerShell
[0.429s] DEBUG:colcon.colcon_core.shell:Skip shell extension 'dsv' for command environment
[0.432s] INFO:colcon.colcon_ros.task.ament_python.build:Building ROS package in '/home/xanta/tBot/botSpace/src/tbmain' with build type 'ament_python'
[0.432s] Level 1:colcon.colcon_core.shell:create_environment_hook('tbmain', 'ament_prefix_path')
[0.433s] INFO:colcon.colcon_core.shell:Creating environment hook '/home/xanta/tBot/botSpace/install/tbmain/share/tbmain/hook/ament_prefix_path.ps1'
[0.434s] INFO:colcon.colcon_core.shell:Creating environment descriptor '/home/xanta/tBot/botSpace/install/tbmain/share/tbmain/hook/ament_prefix_path.dsv'
[0.434s] INFO:colcon.colcon_core.shell:Creating environment hook '/home/xanta/tBot/botSpace/install/tbmain/share/tbmain/hook/ament_prefix_path.sh'
[0.435s] INFO:colcon.colcon_core.shell:Skip shell extension 'powershell' for command environment: Not usable outside of PowerShell
[0.435s] DEBUG:colcon.colcon_core.shell:Skip shell extension 'dsv' for command environment
[0.444s] DEBUG:colcon.colcon_core.event_handler.log_command:Invoking command in '/home/xanta/tBot/botSpace/build/custom_interface': CMAKE_PREFIX_PATH=/opt/ros/humble /usr/bin/cmake /home/xanta/tBot/botSpace/src/custom_interface -DCMAKE_INSTALL_PREFIX=/home/xanta/tBot/botSpace/install/custom_interface
[0.449s] DEBUG:colcon.colcon_core.event_handler.log_command:Invoking command in '/home/xanta/tBot/botSpace/build/serial': CMAKE_PREFIX_PATH=/opt/ros/humble /usr/bin/cmake /home/xanta/tBot/botSpace/src/serial -DCMAKE_INSTALL_PREFIX=/home/xanta/tBot/botSpace/install/serial
[0.719s] INFO:colcon.colcon_core.task.python.build:Building Python package in '/home/xanta/tBot/botSpace/src/tbmain'
[0.719s] INFO:colcon.colcon_core.shell:Skip shell extension 'powershell' for command environment: Not usable outside of PowerShell
[0.719s] DEBUG:colcon.colcon_core.shell:Skip shell extension 'dsv' for command environment
[0.750s] DEBUG:colcon.colcon_core.event_handler.log_command:Invoked command in '/home/xanta/tBot/botSpace/build/serial' returned '0': CMAKE_PREFIX_PATH=/opt/ros/humble /usr/bin/cmake /home/xanta/tBot/botSpace/src/serial -DCMAKE_INSTALL_PREFIX=/home/xanta/tBot/botSpace/install/serial
[0.752s] DEBUG:colcon.colcon_core.event_handler.log_command:Invoking command in '/home/xanta/tBot/botSpace/build/serial': CMAKE_PREFIX_PATH=/opt/ros/humble /usr/bin/cmake --build /home/xanta/tBot/botSpace/build/serial -- -j16 -l16
[0.894s] DEBUG:colcon.colcon_core.event_handler.log_command:Invoked command in '/home/xanta/tBot/botSpace/build/serial' returned '0': CMAKE_PREFIX_PATH=/opt/ros/humble /usr/bin/cmake --build /home/xanta/tBot/botSpace/build/serial -- -j16 -l16
[0.959s] DEBUG:colcon.colcon_core.event_handler.log_command:Invoking command in '/home/xanta/tBot/botSpace/build/serial': CMAKE_PREFIX_PATH=/opt/ros/humble /usr/bin/cmake --install /home/xanta/tBot/botSpace/build/serial
[0.991s] Level 1:colcon.colcon_core.environment:create_environment_scripts_only(serial)
[0.992s] DEBUG:colcon.colcon_core.event_handler.log_command:Invoked command in '/home/xanta/tBot/botSpace/build/serial' returned '0': CMAKE_PREFIX_PATH=/opt/ros/humble /usr/bin/cmake --install /home/xanta/tBot/botSpace/build/serial
[0.995s] Level 1:colcon.colcon_core.environment:checking '/home/xanta/tBot/botSpace/install/serial' for CMake module files
[0.996s] Level 1:colcon.colcon_core.environment:checking '/home/xanta/tBot/botSpace/install/serial' for CMake config files
[0.996s] Level 1:colcon.colcon_core.shell:create_environment_hook('serial', 'cmake_prefix_path')
[0.996s] INFO:colcon.colcon_core.shell:Creating environment hook '/home/xanta/tBot/botSpace/install/serial/share/serial/hook/cmake_prefix_path.ps1'
[0.997s] INFO:colcon.colcon_core.shell:Creating environment descriptor '/home/xanta/tBot/botSpace/install/serial/share/serial/hook/cmake_prefix_path.dsv'
[0.997s] INFO:colcon.colcon_core.shell:Creating environment hook '/home/xanta/tBot/botSpace/install/serial/share/serial/hook/cmake_prefix_path.sh'
[0.998s] Level 1:colcon.colcon_core.environment:checking '/home/xanta/tBot/botSpace/install/serial/lib'
[0.998s] Level 1:colcon.colcon_core.environment:checking '/home/xanta/tBot/botSpace/install/serial/bin'
[0.998s] Level 1:colcon.colcon_core.environment:checking '/home/xanta/tBot/botSpace/install/serial/lib/pkgconfig/serial.pc'
[0.998s] Level 1:colcon.colcon_core.environment:checking '/home/xanta/tBot/botSpace/install/serial/lib/python3.10/site-packages'
[0.999s] Level 1:colcon.colcon_core.environment:checking '/home/xanta/tBot/botSpace/install/serial/bin'
[0.999s] INFO:colcon.colcon_core.shell:Creating package script '/home/xanta/tBot/botSpace/install/serial/share/serial/package.ps1'
[1.000s] INFO:colcon.colcon_core.shell:Creating package descriptor '/home/xanta/tBot/botSpace/install/serial/share/serial/package.dsv'
[1.000s] INFO:colcon.colcon_core.shell:Creating package script '/home/xanta/tBot/botSpace/install/serial/share/serial/package.sh'
[1.001s] INFO:colcon.colcon_core.shell:Creating package script '/home/xanta/tBot/botSpace/install/serial/share/serial/package.bash'
[1.002s] INFO:colcon.colcon_core.shell:Creating package script '/home/xanta/tBot/botSpace/install/serial/share/serial/package.zsh'
[1.003s] Level 1:colcon.colcon_core.environment:create_file_with_runtime_dependencies(/home/xanta/tBot/botSpace/install/serial/share/colcon-core/packages/serial)
[1.056s] Level 1:colcon.colcon_core.environment:create_environment_scripts_only(serial)
[1.057s] Level 1:colcon.colcon_core.environment:checking '/home/xanta/tBot/botSpace/install/serial' for CMake module files
[1.057s] Level 1:colcon.colcon_core.environment:checking '/home/xanta/tBot/botSpace/install/serial' for CMake config files
[1.058s] Level 1:colcon.colcon_core.shell:create_environment_hook('serial', 'cmake_prefix_path')
[1.059s] INFO:colcon.colcon_core.shell:Creating environment hook '/home/xanta/tBot/botSpace/install/serial/share/serial/hook/cmake_prefix_path.ps1'
[1.060s] INFO:colcon.colcon_core.shell:Creating environment descriptor '/home/xanta/tBot/botSpace/install/serial/share/serial/hook/cmake_prefix_path.dsv'
[1.060s] INFO:colcon.colcon_core.shell:Creating environment hook '/home/xanta/tBot/botSpace/install/serial/share/serial/hook/cmake_prefix_path.sh'
[1.061s] Level 1:colcon.colcon_core.environment:checking '/home/xanta/tBot/botSpace/install/serial/lib'
[1.061s] Level 1:colcon.colcon_core.environment:checking '/home/xanta/tBot/botSpace/install/serial/bin'
[1.061s] Level 1:colcon.colcon_core.environment:checking '/home/xanta/tBot/botSpace/install/serial/lib/pkgconfig/serial.pc'
[1.061s] Level 1:colcon.colcon_core.environment:checking '/home/xanta/tBot/botSpace/install/serial/lib/python3.10/site-packages'
[1.061s] Level 1:colcon.colcon_core.environment:checking '/home/xanta/tBot/botSpace/install/serial/bin'
[1.062s] INFO:colcon.colcon_core.shell:Creating package script '/home/xanta/tBot/botSpace/install/serial/share/serial/package.ps1'
[1.062s] INFO:colcon.colcon_core.shell:Creating package descriptor '/home/xanta/tBot/botSpace/install/serial/share/serial/package.dsv'
[1.062s] INFO:colcon.colcon_core.shell:Creating package script '/home/xanta/tBot/botSpace/install/serial/share/serial/package.sh'
[1.063s] INFO:colcon.colcon_core.shell:Creating package script '/home/xanta/tBot/botSpace/install/serial/share/serial/package.bash'
[1.063s] INFO:colcon.colcon_core.shell:Creating package script '/home/xanta/tBot/botSpace/install/serial/share/serial/package.zsh'
[1.063s] Level 1:colcon.colcon_core.environment:create_file_with_runtime_dependencies(/home/xanta/tBot/botSpace/install/serial/share/colcon-core/packages/serial)
[1.063s] INFO:colcon.colcon_ros.task.ament_cmake.build:Building ROS package in '/home/xanta/tBot/botSpace/src/diffdrive_arduino' with build type 'ament_cmake'
[1.064s] INFO:colcon.colcon_cmake.task.cmake.build:Building CMake package in '/home/xanta/tBot/botSpace/src/diffdrive_arduino'
[1.064s] INFO:colcon.colcon_core.shell:Skip shell extension 'powershell' for command environment: Not usable outside of PowerShell
[1.064s] DEBUG:colcon.colcon_core.shell:Skip shell extension 'dsv' for command environment
[1.076s] DEBUG:colcon.colcon_core.event_handler.log_command:Invoking command in '/home/xanta/tBot/botSpace/build/diffdrive_arduino': AMENT_PREFIX_PATH=/home/xanta/tBot/botSpace/install/serial:${AMENT_PREFIX_PATH} CMAKE_PREFIX_PATH=/home/xanta/tBot/botSpace/install/serial:/opt/ros/humble LD_LIBRARY_PATH=/home/xanta/tBot/botSpace/install/serial/lib:${LD_LIBRARY_PATH} /usr/bin/cmake /home/xanta/tBot/botSpace/src/diffdrive_arduino -DCMAKE_INSTALL_PREFIX=/home/xanta/tBot/botSpace/install/diffdrive_arduino
[1.230s] DEBUG:colcon.colcon_core.event_handler.log_command:Invoking command in '/home/xanta/tBot/botSpace/build/tbmain': PYTHONPATH=/home/xanta/tBot/botSpace/build/tbmain/prefix_override:/home/xanta/tBot/botSpace/install/tbmain/lib/python3.10/site-packages:${PYTHONPATH} /usr/bin/python3 -W ignore:setup.py install is deprecated setup.py develop --uninstall --editable --build-directory /home/xanta/tBot/botSpace/build/tbmain/build
[1.601s] DEBUG:colcon.colcon_core.event_handler.log_command:Invoked command in '/home/xanta/tBot/botSpace/build/custom_interface' returned '0': CMAKE_PREFIX_PATH=/opt/ros/humble /usr/bin/cmake /home/xanta/tBot/botSpace/src/custom_interface -DCMAKE_INSTALL_PREFIX=/home/xanta/tBot/botSpace/install/custom_interface
[1.603s] DEBUG:colcon.colcon_core.event_handler.log_command:Invoking command in '/home/xanta/tBot/botSpace/build/custom_interface': CMAKE_PREFIX_PATH=/opt/ros/humble /usr/bin/cmake --build /home/xanta/tBot/botSpace/build/custom_interface -- -j16 -l16
[1.749s] DEBUG:colcon.colcon_core.event_handler.log_command:Invoked command in '/home/xanta/tBot/botSpace/build/tbmain' returned '0': PYTHONPATH=/home/xanta/tBot/botSpace/build/tbmain/prefix_override:/home/xanta/tBot/botSpace/install/tbmain/lib/python3.10/site-packages:${PYTHONPATH} /usr/bin/python3 -W ignore:setup.py install is deprecated setup.py develop --uninstall --editable --build-directory /home/xanta/tBot/botSpace/build/tbmain/build
[1.754s] DEBUG:colcon.colcon_core.event_handler.log_command:Invoking command in '/home/xanta/tBot/botSpace/src/tbmain': PYTHONPATH=/home/xanta/tBot/botSpace/build/tbmain/prefix_override:/home/xanta/tBot/botSpace/install/tbmain/lib/python3.10/site-packages:${PYTHONPATH} /usr/bin/python3 -W ignore:setup.py install is deprecated setup.py egg_info --egg-base ../../build/tbmain build --build-base /home/xanta/tBot/botSpace/build/tbmain/build install --record /home/xanta/tBot/botSpace/build/tbmain/install.log --single-version-externally-managed install_data --force
[2.022s] DEBUG:colcon.colcon_core.event_handler.log_command:Invoked command in '/home/xanta/tBot/botSpace/build/custom_interface' returned '0': CMAKE_PREFIX_PATH=/opt/ros/humble /usr/bin/cmake --build /home/xanta/tBot/botSpace/build/custom_interface -- -j16 -l16
[2.083s] Level 1:colcon.colcon_core.environment:checking '/home/xanta/tBot/botSpace/install/tbmain' for CMake module files
[2.084s] DEBUG:colcon.colcon_core.event_handler.log_command:Invoked command in '/home/xanta/tBot/botSpace/src/tbmain' returned '0': PYTHONPATH=/home/xanta/tBot/botSpace/build/tbmain/prefix_override:/home/xanta/tBot/botSpace/install/tbmain/lib/python3.10/site-packages:${PYTHONPATH} /usr/bin/python3 -W ignore:setup.py install is deprecated setup.py egg_info --egg-base ../../build/tbmain build --build-base /home/xanta/tBot/botSpace/build/tbmain/build install --record /home/xanta/tBot/botSpace/build/tbmain/install.log --single-version-externally-managed install_data --force
[2.084s] Level 1:colcon.colcon_core.environment:checking '/home/xanta/tBot/botSpace/install/tbmain' for CMake config files
[2.085s] Level 1:colcon.colcon_core.environment:checking '/home/xanta/tBot/botSpace/install/tbmain/lib'
[2.085s] Level 1:colcon.colcon_core.environment:checking '/home/xanta/tBot/botSpace/install/tbmain/bin'
[2.085s] Level 1:colcon.colcon_core.environment:checking '/home/xanta/tBot/botSpace/install/tbmain/lib/pkgconfig/tbmain.pc'
[2.085s] Level 1:colcon.colcon_core.environment:checking '/home/xanta/tBot/botSpace/install/tbmain/lib/python3.10/site-packages'
[2.085s] Level 1:colcon.colcon_core.shell:create_environment_hook('tbmain', 'pythonpath')
[2.086s] INFO:colcon.colcon_core.shell:Creating environment hook '/home/xanta/tBot/botSpace/install/tbmain/share/tbmain/hook/pythonpath.ps1'
[2.086s] INFO:colcon.colcon_core.shell:Creating environment descriptor '/home/xanta/tBot/botSpace/install/tbmain/share/tbmain/hook/pythonpath.dsv'
[2.087s] INFO:colcon.colcon_core.shell:Creating environment hook '/home/xanta/tBot/botSpace/install/tbmain/share/tbmain/hook/pythonpath.sh'
[2.087s] Level 1:colcon.colcon_core.environment:checking '/home/xanta/tBot/botSpace/install/tbmain/bin'
[2.087s] Level 1:colcon.colcon_core.environment:create_environment_scripts_only(tbmain)
[2.088s] INFO:colcon.colcon_core.shell:Creating package script '/home/xanta/tBot/botSpace/install/tbmain/share/tbmain/package.ps1'
[2.088s] INFO:colcon.colcon_core.shell:Creating package descriptor '/home/xanta/tBot/botSpace/install/tbmain/share/tbmain/package.dsv'
[2.089s] INFO:colcon.colcon_core.shell:Creating package script '/home/xanta/tBot/botSpace/install/tbmain/share/tbmain/package.sh'
[2.089s] INFO:colcon.colcon_core.shell:Creating package script '/home/xanta/tBot/botSpace/install/tbmain/share/tbmain/package.bash'
[2.089s] INFO:colcon.colcon_core.shell:Creating package script '/home/xanta/tBot/botSpace/install/tbmain/share/tbmain/package.zsh'
[2.089s] Level 1:colcon.colcon_core.environment:create_file_with_runtime_dependencies(/home/xanta/tBot/botSpace/install/tbmain/share/colcon-core/packages/tbmain)
[2.123s] DEBUG:colcon.colcon_core.event_handler.log_command:Invoking command in '/home/xanta/tBot/botSpace/build/custom_interface': CMAKE_PREFIX_PATH=/opt/ros/humble /usr/bin/cmake --install /home/xanta/tBot/botSpace/build/custom_interface
[2.204s] Level 1:colcon.colcon_core.environment:create_environment_scripts_only(custom_interface)
[2.204s] Level 1:colcon.colcon_core.environment:checking '/home/xanta/tBot/botSpace/install/custom_interface' for CMake module files
[2.205s] DEBUG:colcon.colcon_core.event_handler.log_command:Invoked command in '/home/xanta/tBot/botSpace/build/custom_interface' returned '0': CMAKE_PREFIX_PATH=/opt/ros/humble /usr/bin/cmake --install /home/xanta/tBot/botSpace/build/custom_interface
[2.205s] Level 1:colcon.colcon_core.environment:checking '/home/xanta/tBot/botSpace/install/custom_interface' for CMake config files
[2.206s] Level 1:colcon.colcon_core.shell:create_environment_hook('custom_interface', 'cmake_prefix_path')
[2.206s] INFO:colcon.colcon_core.shell:Creating environment hook '/home/xanta/tBot/botSpace/install/custom_interface/share/custom_interface/hook/cmake_prefix_path.ps1'
[2.207s] INFO:colcon.colcon_core.shell:Creating environment descriptor '/home/xanta/tBot/botSpace/install/custom_interface/share/custom_interface/hook/cmake_prefix_path.dsv'
[2.207s] INFO:colcon.colcon_core.shell:Creating environment hook '/home/xanta/tBot/botSpace/install/custom_interface/share/custom_interface/hook/cmake_prefix_path.sh'
[2.207s] Level 1:colcon.colcon_core.environment:checking '/home/xanta/tBot/botSpace/install/custom_interface/lib'
[2.207s] Level 1:colcon.colcon_core.shell:create_environment_hook('custom_interface', 'ld_library_path_lib')
[2.208s] INFO:colcon.colcon_core.shell:Creating environment hook '/home/xanta/tBot/botSpace/install/custom_interface/share/custom_interface/hook/ld_library_path_lib.ps1'
[2.208s] INFO:colcon.colcon_core.shell:Creating environment descriptor '/home/xanta/tBot/botSpace/install/custom_interface/share/custom_interface/hook/ld_library_path_lib.dsv'
[2.208s] INFO:colcon.colcon_core.shell:Creating environment hook '/home/xanta/tBot/botSpace/install/custom_interface/share/custom_interface/hook/ld_library_path_lib.sh'
[2.208s] Level 1:colcon.colcon_core.environment:checking '/home/xanta/tBot/botSpace/install/custom_interface/bin'
[2.208s] Level 1:colcon.colcon_core.environment:checking '/home/xanta/tBot/botSpace/install/custom_interface/lib/pkgconfig/custom_interface.pc'
[2.209s] Level 1:colcon.colcon_core.environment:checking '/home/xanta/tBot/botSpace/install/custom_interface/lib/python3.10/site-packages'
[2.209s] Level 1:colcon.colcon_core.environment:checking '/home/xanta/tBot/botSpace/install/custom_interface/bin'
[2.209s] INFO:colcon.colcon_core.shell:Creating package script '/home/xanta/tBot/botSpace/install/custom_interface/share/custom_interface/package.ps1'
[2.210s] INFO:colcon.colcon_core.shell:Creating package descriptor '/home/xanta/tBot/botSpace/install/custom_interface/share/custom_interface/package.dsv'
[2.210s] INFO:colcon.colcon_core.shell:Creating package script '/home/xanta/tBot/botSpace/install/custom_interface/share/custom_interface/package.sh'
[2.210s] INFO:colcon.colcon_core.shell:Creating package script '/home/xanta/tBot/botSpace/install/custom_interface/share/custom_interface/package.bash'
[2.211s] INFO:colcon.colcon_core.shell:Creating package script '/home/xanta/tBot/botSpace/install/custom_interface/share/custom_interface/package.zsh'
[2.211s] Level 1:colcon.colcon_core.environment:create_file_with_runtime_dependencies(/home/xanta/tBot/botSpace/install/custom_interface/share/colcon-core/packages/custom_interface)
[2.351s] Level 1:colcon.colcon_core.environment:create_environment_scripts_only(custom_interface)
[2.352s] Level 1:colcon.colcon_core.environment:checking '/home/xanta/tBot/botSpace/install/custom_interface' for CMake module files
[2.353s] Level 1:colcon.colcon_core.environment:checking '/home/xanta/tBot/botSpace/install/custom_interface' for CMake config files
[2.353s] Level 1:colcon.colcon_core.shell:create_environment_hook('custom_interface', 'cmake_prefix_path')
[2.353s] INFO:colcon.colcon_core.shell:Creating environment hook '/home/xanta/tBot/botSpace/install/custom_interface/share/custom_interface/hook/cmake_prefix_path.ps1'
[2.354s] INFO:colcon.colcon_core.shell:Creating environment descriptor '/home/xanta/tBot/botSpace/install/custom_interface/share/custom_interface/hook/cmake_prefix_path.dsv'
[2.354s] INFO:colcon.colcon_core.shell:Creating environment hook '/home/xanta/tBot/botSpace/install/custom_interface/share/custom_interface/hook/cmake_prefix_path.sh'
[2.355s] Level 1:colcon.colcon_core.environment:checking '/home/xanta/tBot/botSpace/install/custom_interface/lib'
[2.355s] Level 1:colcon.colcon_core.shell:create_environment_hook('custom_interface', 'ld_library_path_lib')
[2.355s] INFO:colcon.colcon_core.shell:Creating environment hook '/home/xanta/tBot/botSpace/install/custom_interface/share/custom_interface/hook/ld_library_path_lib.ps1'
[2.356s] INFO:colcon.colcon_core.shell:Creating environment descriptor '/home/xanta/tBot/botSpace/install/custom_interface/share/custom_interface/hook/ld_library_path_lib.dsv'
[2.356s] INFO:colcon.colcon_core.shell:Creating environment hook '/home/xanta/tBot/botSpace/install/custom_interface/share/custom_interface/hook/ld_library_path_lib.sh'
[2.356s] Level 1:colcon.colcon_core.environment:checking '/home/xanta/tBot/botSpace/install/custom_interface/bin'
[2.356s] Level 1:colcon.colcon_core.environment:checking '/home/xanta/tBot/botSpace/install/custom_interface/lib/pkgconfig/custom_interface.pc'
[2.356s] Level 1:colcon.colcon_core.environment:checking '/home/xanta/tBot/botSpace/install/custom_interface/lib/python3.10/site-packages'
[2.356s] Level 1:colcon.colcon_core.environment:checking '/home/xanta/tBot/botSpace/install/custom_interface/bin'
[2.357s] INFO:colcon.colcon_core.shell:Creating package script '/home/xanta/tBot/botSpace/install/custom_interface/share/custom_interface/package.ps1'
[2.357s] INFO:colcon.colcon_core.shell:Creating package descriptor '/home/xanta/tBot/botSpace/install/custom_interface/share/custom_interface/package.dsv'
[2.358s] INFO:colcon.colcon_core.shell:Creating package script '/home/xanta/tBot/botSpace/install/custom_interface/share/custom_interface/package.sh'
[2.358s] INFO:colcon.colcon_core.shell:Creating package script '/home/xanta/tBot/botSpace/install/custom_interface/share/custom_interface/package.bash'
[2.358s] INFO:colcon.colcon_core.shell:Creating package script '/home/xanta/tBot/botSpace/install/custom_interface/share/custom_interface/package.zsh'
[2.359s] Level 1:colcon.colcon_core.environment:create_file_with_runtime_dependencies(/home/xanta/tBot/botSpace/install/custom_interface/share/colcon-core/packages/custom_interface)
[2.359s] INFO:colcon.colcon_ros.task.ament_python.build:Building ROS package in '/home/xanta/tBot/botSpace/src/tbcontrol' with build type 'ament_python'
[2.359s] Level 1:colcon.colcon_core.shell:create_environment_hook('tbcontrol', 'ament_prefix_path')
[2.359s] INFO:colcon.colcon_core.shell:Creating environment hook '/home/xanta/tBot/botSpace/install/tbcontrol/share/tbcontrol/hook/ament_prefix_path.ps1'
[2.360s] INFO:colcon.colcon_core.shell:Creating environment descriptor '/home/xanta/tBot/botSpace/install/tbcontrol/share/tbcontrol/hook/ament_prefix_path.dsv'
[2.360s] INFO:colcon.colcon_core.shell:Creating environment hook '/home/xanta/tBot/botSpace/install/tbcontrol/share/tbcontrol/hook/ament_prefix_path.sh'
[2.361s] INFO:colcon.colcon_core.shell:Skip shell extension 'powershell' for command environment: Not usable outside of PowerShell
[2.361s] DEBUG:colcon.colcon_core.shell:Skip shell extension 'dsv' for command environment
[2.611s] INFO:colcon.colcon_core.task.python.build:Building Python package in '/home/xanta/tBot/botSpace/src/tbcontrol'
[2.611s] INFO:colcon.colcon_core.shell:Skip shell extension 'powershell' for command environment: Not usable outside of PowerShell
[2.611s] DEBUG:colcon.colcon_core.shell:Skip shell extension 'dsv' for command environment
[2.933s] DEBUG:colcon.colcon_core.event_handler.log_command:Invoking command in '/home/xanta/tBot/botSpace/build/tbcontrol': AMENT_PREFIX_PATH=/home/xanta/tBot/botSpace/install/custom_interface:${AMENT_PREFIX_PATH} CMAKE_PREFIX_PATH=/home/xanta/tBot/botSpace/install/custom_interface LD_LIBRARY_PATH=/home/xanta/tBot/botSpace/install/custom_interface/lib:${LD_LIBRARY_PATH} PYTHONPATH=/home/xanta/tBot/botSpace/build/tbcontrol/prefix_override:/home/xanta/tBot/botSpace/install/tbcontrol/lib/python3.10/site-packages:/home/xanta/tBot/botSpace/install/custom_interface/local/lib/python3.10/dist-packages:${PYTHONPATH} /usr/bin/python3 -W ignore:setup.py install is deprecated setup.py develop --uninstall --editable --build-directory /home/xanta/tBot/botSpace/build/tbcontrol/build
[3.301s] DEBUG:colcon.colcon_core.event_handler.log_command:Invoked command in '/home/xanta/tBot/botSpace/build/tbcontrol' returned '0': AMENT_PREFIX_PATH=/home/xanta/tBot/botSpace/install/custom_interface:${AMENT_PREFIX_PATH} CMAKE_PREFIX_PATH=/home/xanta/tBot/botSpace/install/custom_interface LD_LIBRARY_PATH=/home/xanta/tBot/botSpace/install/custom_interface/lib:${LD_LIBRARY_PATH} PYTHONPATH=/home/xanta/tBot/botSpace/build/tbcontrol/prefix_override:/home/xanta/tBot/botSpace/install/tbcontrol/lib/python3.10/site-packages:/home/xanta/tBot/botSpace/install/custom_interface/local/lib/python3.10/dist-packages:${PYTHONPATH} /usr/bin/python3 -W ignore:setup.py install is deprecated setup.py develop --uninstall --editable --build-directory /home/xanta/tBot/botSpace/build/tbcontrol/build
[3.304s] DEBUG:colcon.colcon_core.event_handler.log_command:Invoking command in '/home/xanta/tBot/botSpace/src/tbcontrol': AMENT_PREFIX_PATH=/home/xanta/tBot/botSpace/install/custom_interface:${AMENT_PREFIX_PATH} CMAKE_PREFIX_PATH=/home/xanta/tBot/botSpace/install/custom_interface LD_LIBRARY_PATH=/home/xanta/tBot/botSpace/install/custom_interface/lib:${LD_LIBRARY_PATH} PYTHONPATH=/home/xanta/tBot/botSpace/build/tbcontrol/prefix_override:/home/xanta/tBot/botSpace/install/tbcontrol/lib/python3.10/site-packages:/home/xanta/tBot/botSpace/install/custom_interface/local/lib/python3.10/dist-packages:${PYTHONPATH} /usr/bin/python3 -W ignore:setup.py install is deprecated setup.py egg_info --egg-base ../../build/tbcontrol build --build-base /home/xanta/tBot/botSpace/build/tbcontrol/build install --record /home/xanta/tBot/botSpace/build/tbcontrol/install.log --single-version-externally-managed install_data --force
[3.317s] DEBUG:colcon.colcon_core.event_handler.log_command:Invoked command in '/home/xanta/tBot/botSpace/build/diffdrive_arduino' returned '0': AMENT_PREFIX_PATH=/home/xanta/tBot/botSpace/install/serial:${AMENT_PREFIX_PATH} CMAKE_PREFIX_PATH=/home/xanta/tBot/botSpace/install/serial:/opt/ros/humble LD_LIBRARY_PATH=/home/xanta/tBot/botSpace/install/serial/lib:${LD_LIBRARY_PATH} /usr/bin/cmake /home/xanta/tBot/botSpace/src/diffdrive_arduino -DCMAKE_INSTALL_PREFIX=/home/xanta/tBot/botSpace/install/diffdrive_arduino
[3.318s] DEBUG:colcon.colcon_core.event_handler.log_command:Invoking command in '/home/xanta/tBot/botSpace/build/diffdrive_arduino': AMENT_PREFIX_PATH=/home/xanta/tBot/botSpace/install/serial:${AMENT_PREFIX_PATH} CMAKE_PREFIX_PATH=/home/xanta/tBot/botSpace/install/serial:/opt/ros/humble LD_LIBRARY_PATH=/home/xanta/tBot/botSpace/install/serial/lib:${LD_LIBRARY_PATH} /usr/bin/cmake --build /home/xanta/tBot/botSpace/build/diffdrive_arduino -- -j16 -l16
[3.412s] DEBUG:colcon.colcon_core.event_handler.log_command:Invoked command in '/home/xanta/tBot/botSpace/build/diffdrive_arduino' returned '0': AMENT_PREFIX_PATH=/home/xanta/tBot/botSpace/install/serial:${AMENT_PREFIX_PATH} CMAKE_PREFIX_PATH=/home/xanta/tBot/botSpace/install/serial:/opt/ros/humble LD_LIBRARY_PATH=/home/xanta/tBot/botSpace/install/serial/lib:${LD_LIBRARY_PATH} /usr/bin/cmake --build /home/xanta/tBot/botSpace/build/diffdrive_arduino -- -j16 -l16
[3.455s] DEBUG:colcon.colcon_core.event_handler.log_command:Invoking command in '/home/xanta/tBot/botSpace/build/diffdrive_arduino': AMENT_PREFIX_PATH=/home/xanta/tBot/botSpace/install/serial:${AMENT_PREFIX_PATH} CMAKE_PREFIX_PATH=/home/xanta/tBot/botSpace/install/serial:/opt/ros/humble LD_LIBRARY_PATH=/home/xanta/tBot/botSpace/install/serial/lib:${LD_LIBRARY_PATH} /usr/bin/cmake --install /home/xanta/tBot/botSpace/build/diffdrive_arduino
[3.482s] Level 1:colcon.colcon_core.environment:create_environment_scripts_only(diffdrive_arduino)
[3.482s] Level 1:colcon.colcon_core.environment:checking '/home/xanta/tBot/botSpace/install/diffdrive_arduino' for CMake module files
[3.483s] DEBUG:colcon.colcon_core.event_handler.log_command:Invoked command in '/home/xanta/tBot/botSpace/build/diffdrive_arduino' returned '0': AMENT_PREFIX_PATH=/home/xanta/tBot/botSpace/install/serial:${AMENT_PREFIX_PATH} CMAKE_PREFIX_PATH=/home/xanta/tBot/botSpace/install/serial:/opt/ros/humble LD_LIBRARY_PATH=/home/xanta/tBot/botSpace/install/serial/lib:${LD_LIBRARY_PATH} /usr/bin/cmake --install /home/xanta/tBot/botSpace/build/diffdrive_arduino
[3.484s] Level 1:colcon.colcon_core.environment:checking '/home/xanta/tBot/botSpace/install/diffdrive_arduino' for CMake config files
[3.484s] Level 1:colcon.colcon_core.shell:create_environment_hook('diffdrive_arduino', 'cmake_prefix_path')
[3.484s] INFO:colcon.colcon_core.shell:Creating environment hook '/home/xanta/tBot/botSpace/install/diffdrive_arduino/share/diffdrive_arduino/hook/cmake_prefix_path.ps1'
[3.485s] INFO:colcon.colcon_core.shell:Creating environment descriptor '/home/xanta/tBot/botSpace/install/diffdrive_arduino/share/diffdrive_arduino/hook/cmake_prefix_path.dsv'
[3.485s] INFO:colcon.colcon_core.shell:Creating environment hook '/home/xanta/tBot/botSpace/install/diffdrive_arduino/share/diffdrive_arduino/hook/cmake_prefix_path.sh'
[3.485s] Level 1:colcon.colcon_core.environment:checking '/home/xanta/tBot/botSpace/install/diffdrive_arduino/lib'
[3.485s] Level 1:colcon.colcon_core.shell:create_environment_hook('diffdrive_arduino', 'ld_library_path_lib')
[3.486s] INFO:colcon.colcon_core.shell:Creating environment hook '/home/xanta/tBot/botSpace/install/diffdrive_arduino/share/diffdrive_arduino/hook/ld_library_path_lib.ps1'
[3.486s] INFO:colcon.colcon_core.shell:Creating environment descriptor '/home/xanta/tBot/botSpace/install/diffdrive_arduino/share/diffdrive_arduino/hook/ld_library_path_lib.dsv'
[3.486s] INFO:colcon.colcon_core.shell:Creating environment hook '/home/xanta/tBot/botSpace/install/diffdrive_arduino/share/diffdrive_arduino/hook/ld_library_path_lib.sh'
[3.486s] Level 1:colcon.colcon_core.environment:checking '/home/xanta/tBot/botSpace/install/diffdrive_arduino/bin'
[3.486s] Level 1:colcon.colcon_core.environment:checking '/home/xanta/tBot/botSpace/install/diffdrive_arduino/lib/pkgconfig/diffdrive_arduino.pc'
[3.487s] Level 1:colcon.colcon_core.environment:checking '/home/xanta/tBot/botSpace/install/diffdrive_arduino/lib/python3.10/site-packages'
[3.487s] Level 1:colcon.colcon_core.environment:checking '/home/xanta/tBot/botSpace/install/diffdrive_arduino/bin'
[3.487s] INFO:colcon.colcon_core.shell:Creating package script '/home/xanta/tBot/botSpace/install/diffdrive_arduino/share/diffdrive_arduino/package.ps1'
[3.487s] INFO:colcon.colcon_core.shell:Creating package descriptor '/home/xanta/tBot/botSpace/install/diffdrive_arduino/share/diffdrive_arduino/package.dsv'
[3.488s] INFO:colcon.colcon_core.shell:Creating package script '/home/xanta/tBot/botSpace/install/diffdrive_arduino/share/diffdrive_arduino/package.sh'
[3.488s] INFO:colcon.colcon_core.shell:Creating package script '/home/xanta/tBot/botSpace/install/diffdrive_arduino/share/diffdrive_arduino/package.bash'
[3.488s] INFO:colcon.colcon_core.shell:Creating package script '/home/xanta/tBot/botSpace/install/diffdrive_arduino/share/diffdrive_arduino/package.zsh'
[3.489s] Level 1:colcon.colcon_core.environment:create_file_with_runtime_dependencies(/home/xanta/tBot/botSpace/install/diffdrive_arduino/share/colcon-core/packages/diffdrive_arduino)
[3.535s] Level 1:colcon.colcon_core.environment:create_environment_scripts_only(diffdrive_arduino)
[3.535s] Level 1:colcon.colcon_core.environment:checking '/home/xanta/tBot/botSpace/install/diffdrive_arduino' for CMake module files
[3.535s] Level 1:colcon.colcon_core.environment:checking '/home/xanta/tBot/botSpace/install/diffdrive_arduino' for CMake config files
[3.536s] Level 1:colcon.colcon_core.shell:create_environment_hook('diffdrive_arduino', 'cmake_prefix_path')
[3.536s] INFO:colcon.colcon_core.shell:Creating environment hook '/home/xanta/tBot/botSpace/install/diffdrive_arduino/share/diffdrive_arduino/hook/cmake_prefix_path.ps1'
[3.536s] INFO:colcon.colcon_core.shell:Creating environment descriptor '/home/xanta/tBot/botSpace/install/diffdrive_arduino/share/diffdrive_arduino/hook/cmake_prefix_path.dsv'
[3.537s] INFO:colcon.colcon_core.shell:Creating environment hook '/home/xanta/tBot/botSpace/install/diffdrive_arduino/share/diffdrive_arduino/hook/cmake_prefix_path.sh'
[3.537s] Level 1:colcon.colcon_core.environment:checking '/home/xanta/tBot/botSpace/install/diffdrive_arduino/lib'
[3.537s] Level 1:colcon.colcon_core.shell:create_environment_hook('diffdrive_arduino', 'ld_library_path_lib')
[3.538s] INFO:colcon.colcon_core.shell:Creating environment hook '/home/xanta/tBot/botSpace/install/diffdrive_arduino/share/diffdrive_arduino/hook/ld_library_path_lib.ps1'
[3.538s] INFO:colcon.colcon_core.shell:Creating environment descriptor '/home/xanta/tBot/botSpace/install/diffdrive_arduino/share/diffdrive_arduino/hook/ld_library_path_lib.dsv'
[3.538s] INFO:colcon.colcon_core.shell:Creating environment hook '/home/xanta/tBot/botSpace/install/diffdrive_arduino/share/diffdrive_arduino/hook/ld_library_path_lib.sh'
[3.538s] Level 1:colcon.colcon_core.environment:checking '/home/xanta/tBot/botSpace/install/diffdrive_arduino/bin'
[3.539s] Level 1:colcon.colcon_core.environment:checking '/home/xanta/tBot/botSpace/install/diffdrive_arduino/lib/pkgconfig/diffdrive_arduino.pc'
[3.539s] Level 1:colcon.colcon_core.environment:checking '/home/xanta/tBot/botSpace/install/diffdrive_arduino/lib/python3.10/site-packages'
[3.539s] Level 1:colcon.colcon_core.environment:checking '/home/xanta/tBot/botSpace/install/diffdrive_arduino/bin'
[3.539s] INFO:colcon.colcon_core.shell:Creating package script '/home/xanta/tBot/botSpace/install/diffdrive_arduino/share/diffdrive_arduino/package.ps1'
[3.540s] INFO:colcon.colcon_core.shell:Creating package descriptor '/home/xanta/tBot/botSpace/install/diffdrive_arduino/share/diffdrive_arduino/package.dsv'
[3.540s] INFO:colcon.colcon_core.shell:Creating package script '/home/xanta/tBot/botSpace/install/diffdrive_arduino/share/diffdrive_arduino/package.sh'
[3.541s] INFO:colcon.colcon_core.shell:Creating package script '/home/xanta/tBot/botSpace/install/diffdrive_arduino/share/diffdrive_arduino/package.bash'
[3.541s] INFO:colcon.colcon_core.shell:Creating package script '/home/xanta/tBot/botSpace/install/diffdrive_arduino/share/diffdrive_arduino/package.zsh'
[3.541s] Level 1:colcon.colcon_core.environment:create_file_with_runtime_dependencies(/home/xanta/tBot/botSpace/install/diffdrive_arduino/share/colcon-core/packages/diffdrive_arduino)
[3.566s] Level 1:colcon.colcon_core.environment:checking '/home/xanta/tBot/botSpace/install/tbcontrol' for CMake module files
[3.567s] DEBUG:colcon.colcon_core.event_handler.log_command:Invoked command in '/home/xanta/tBot/botSpace/src/tbcontrol' returned '0': AMENT_PREFIX_PATH=/home/xanta/tBot/botSpace/install/custom_interface:${AMENT_PREFIX_PATH} CMAKE_PREFIX_PATH=/home/xanta/tBot/botSpace/install/custom_interface LD_LIBRARY_PATH=/home/xanta/tBot/botSpace/install/custom_interface/lib:${LD_LIBRARY_PATH} PYTHONPATH=/home/xanta/tBot/botSpace/build/tbcontrol/prefix_override:/home/xanta/tBot/botSpace/install/tbcontrol/lib/python3.10/site-packages:/home/xanta/tBot/botSpace/install/custom_interface/local/lib/python3.10/dist-packages:${PYTHONPATH} /usr/bin/python3 -W ignore:setup.py install is deprecated setup.py egg_info --egg-base ../../build/tbcontrol build --build-base /home/xanta/tBot/botSpace/build/tbcontrol/build install --record /home/xanta/tBot/botSpace/build/tbcontrol/install.log --single-version-externally-managed install_data --force
[3.567s] Level 1:colcon.colcon_core.environment:checking '/home/xanta/tBot/botSpace/install/tbcontrol' for CMake config files
[3.568s] Level 1:colcon.colcon_core.environment:checking '/home/xanta/tBot/botSpace/install/tbcontrol/lib'
[3.568s] Level 1:colcon.colcon_core.environment:checking '/home/xanta/tBot/botSpace/install/tbcontrol/bin'
[3.568s] Level 1:colcon.colcon_core.environment:checking '/home/xanta/tBot/botSpace/install/tbcontrol/lib/pkgconfig/tbcontrol.pc'
[3.568s] Level 1:colcon.colcon_core.environment:checking '/home/xanta/tBot/botSpace/install/tbcontrol/lib/python3.10/site-packages'
[3.568s] Level 1:colcon.colcon_core.shell:create_environment_hook('tbcontrol', 'pythonpath')
[3.568s] INFO:colcon.colcon_core.shell:Creating environment hook '/home/xanta/tBot/botSpace/install/tbcontrol/share/tbcontrol/hook/pythonpath.ps1'
[3.568s] INFO:colcon.colcon_core.shell:Creating environment descriptor '/home/xanta/tBot/botSpace/install/tbcontrol/share/tbcontrol/hook/pythonpath.dsv'
[3.569s] INFO:colcon.colcon_core.shell:Creating environment hook '/home/xanta/tBot/botSpace/install/tbcontrol/share/tbcontrol/hook/pythonpath.sh'
[3.569s] Level 1:colcon.colcon_core.environment:checking '/home/xanta/tBot/botSpace/install/tbcontrol/bin'
[3.569s] Level 1:colcon.colcon_core.environment:create_environment_scripts_only(tbcontrol)
[3.569s] INFO:colcon.colcon_core.shell:Creating package script '/home/xanta/tBot/botSpace/install/tbcontrol/share/tbcontrol/package.ps1'
[3.570s] INFO:colcon.colcon_core.shell:Creating package descriptor '/home/xanta/tBot/botSpace/install/tbcontrol/share/tbcontrol/package.dsv'
[3.570s] INFO:colcon.colcon_core.shell:Creating package script '/home/xanta/tBot/botSpace/install/tbcontrol/share/tbcontrol/package.sh'
[3.570s] INFO:colcon.colcon_core.shell:Creating package script '/home/xanta/tBot/botSpace/install/tbcontrol/share/tbcontrol/package.bash'
[3.571s] INFO:colcon.colcon_core.shell:Creating package script '/home/xanta/tBot/botSpace/install/tbcontrol/share/tbcontrol/package.zsh'
[3.571s] Level 1:colcon.colcon_core.environment:create_file_with_runtime_dependencies(/home/xanta/tBot/botSpace/install/tbcontrol/share/colcon-core/packages/tbcontrol)
[3.571s] DEBUG:colcon.colcon_parallel_executor.executor.parallel:closing loop
[3.571s] DEBUG:colcon.colcon_parallel_executor.executor.parallel:loop closed
[3.571s] DEBUG:colcon.colcon_parallel_executor.executor.parallel:run_until_complete finished with '0'
[3.571s] DEBUG:colcon.colcon_core.event_reactor:joining thread
[3.577s] INFO:colcon.colcon_core.plugin_system:Skipping extension 'colcon_notification.desktop_notification.terminal_notifier': Not used on non-Darwin systems
[3.577s] INFO:colcon.colcon_core.plugin_system:Skipping extension 'colcon_notification.desktop_notification.win32': Not used on non-Windows systems
[3.577s] INFO:colcon.colcon_notification.desktop_notification:Sending desktop notification using 'notify2'
[3.595s] DEBUG:colcon.colcon_core.event_reactor:joined thread
[3.596s] INFO:colcon.colcon_core.shell:Creating prefix script '/home/xanta/tBot/botSpace/install/local_setup.ps1'
[3.597s] INFO:colcon.colcon_core.shell:Creating prefix util module '/home/xanta/tBot/botSpace/install/_local_setup_util_ps1.py'
[3.598s] INFO:colcon.colcon_core.shell:Creating prefix chain script '/home/xanta/tBot/botSpace/install/setup.ps1'
[3.599s] INFO:colcon.colcon_core.shell:Creating prefix script '/home/xanta/tBot/botSpace/install/local_setup.sh'
[3.600s] INFO:colcon.colcon_core.shell:Creating prefix util module '/home/xanta/tBot/botSpace/install/_local_setup_util_sh.py'
[3.600s] INFO:colcon.colcon_core.shell:Creating prefix chain script '/home/xanta/tBot/botSpace/install/setup.sh'
[3.601s] INFO:colcon.colcon_core.shell:Creating prefix script '/home/xanta/tBot/botSpace/install/local_setup.bash'
[3.601s] INFO:colcon.colcon_core.shell:Creating prefix chain script '/home/xanta/tBot/botSpace/install/setup.bash'
[3.602s] INFO:colcon.colcon_core.shell:Creating prefix script '/home/xanta/tBot/botSpace/install/local_setup.zsh'
[3.603s] INFO:colcon.colcon_core.shell:Creating prefix chain script '/home/xanta/tBot/botSpace/install/setup.zsh'
