[0.021s] Invoking command in '/home/xanta/tBot/botSpace/build/serial': CMAKE_PREFIX_PATH=/opt/ros/humble /usr/bin/cmake /home/xanta/tBot/botSpace/src/serial -DCMAKE_INSTALL_PREFIX=/home/xanta/tBot/botSpace/install/serial
[0.148s] -- The C compiler identification is GNU 11.4.0
[0.251s] -- The CXX compiler identification is GNU 11.4.0
[0.261s] -- Detecting C compiler ABI info
[0.370s] -- Detecting C compiler ABI info - done
[0.376s] -- Check for working C compiler: /usr/bin/cc - skipped
[0.376s] -- Detecting C compile features
[0.377s] -- Detecting C compile features - done
[0.380s] -- Detecting CXX compiler ABI info
[0.493s] -- Detecting CXX compiler ABI info - done
[0.500s] -- Check for working CXX compiler: /usr/bin/c++ - skipped
[0.501s] -- Detecting CXX compile features
[0.501s] -- Detecting CXX compile features - done
[0.505s] -- Found ament_cmake: 1.3.8 (/opt/ros/humble/share/ament_cmake/cmake)
[0.678s] -- Found Python3: /usr/bin/python3 (found version "3.10.12") found components: Interpreter 
[0.778s] -- Found ament_cmake_gtest: 1.3.8 (/opt/ros/humble/share/ament_cmake_gtest/cmake)
[0.790s] -- Found Boost: /usr/lib/x86_64-linux-gnu/cmake/Boost-1.74.0/BoostConfig.cmake (found version "1.74.0")  
[0.794s] -- Found gtest sources under '/opt/ros/humble/src/gtest_vendor': C++ tests using 'Google Test' will be built
[0.798s] -- Looking for pthread.h
[0.909s] -- Looking for pthread.h - found
[0.909s] -- Performing Test CMAKE_HAVE_LIBC_PTHREAD
[1.014s] -- Performing Test CMAKE_HAVE_LIBC_PTHREAD - Success
[1.015s] -- Found Threads: TRUE  
[1.094s] -- Configuring done
[1.107s] -- Generating done
[1.109s] -- Build files have been written to: /home/xanta/tBot/botSpace/build/serial
[1.119s] Invoked command in '/home/xanta/tBot/botSpace/build/serial' returned '0': CMAKE_PREFIX_PATH=/opt/ros/humble /usr/bin/cmake /home/xanta/tBot/botSpace/src/serial -DCMAKE_INSTALL_PREFIX=/home/xanta/tBot/botSpace/install/serial
[1.122s] Invoking command in '/home/xanta/tBot/botSpace/build/serial': CMAKE_PREFIX_PATH=/opt/ros/humble /usr/bin/cmake --build /home/xanta/tBot/botSpace/build/serial -- -j16 -l16
[1.196s] [ 21%] [32mBuilding CXX object CMakeFiles/serial.dir/src/impl/unix.cc.o[0m
[1.196s] [ 21%] [32mBuilding CXX object CMakeFiles/serial.dir/src/impl/list_ports/list_ports_linux.cc.o[0m
[1.196s] [ 21%] [32mBuilding CXX object gtest/CMakeFiles/gtest.dir/src/gtest-all.cc.o[0m
[1.199s] [ 28%] [32mBuilding CXX object CMakeFiles/serial.dir/src/serial.cc.o[0m
[1.203s] [ 35%] [32mBuilding CXX object gtest/CMakeFiles/gtest_main.dir/src/gtest_main.cc.o[0m
[2.019s] [ 42%] [32m[1mLinking CXX static library libserial.a[0m
[2.083s] [ 42%] Built target serial
[2.114s] [ 50%] [32mBuilding CXX object CMakeFiles/serial_example.dir/examples/serial_example.cc.o[0m
[2.449s] [ 57%] [32m[1mLinking CXX static library libgtest_main.a[0m
[2.455s] [ 64%] [32m[1mLinking CXX executable serial_example[0m
[2.493s] [ 64%] Built target gtest_main
[2.574s] [ 64%] Built target serial_example
[4.240s] [ 71%] [32m[1mLinking CXX static library libgtest.a[0m
[4.313s] [ 71%] Built target gtest
[4.340s] [ 85%] [32mBuilding CXX object tests/CMakeFiles/serial-test.dir/unix_serial_tests.cc.o[0m
[4.340s] [ 85%] [32mBuilding CXX object tests/CMakeFiles/serial-test-timer.dir/unit/unix_timer_tests.cc.o[0m
[5.007s] In file included from [01m[K/usr/include/boost/bind.hpp:30[m[K,
[5.007s]                  from [01m[K/home/xanta/tBot/botSpace/src/serial/tests/unix_serial_tests.cc:23[m[K:
[5.007s] [01m[K/usr/include/boost/bind.hpp:36:1:[m[K [01;36m[Knote: [m[K‘[01m[K#pragma message: The practice of declaring the Bind placeholders (_1, _2, ...) in the global namespace is deprecated. Please use <boost/bind/bind.hpp> + using namespace boost::placeholders, or define BOOST_BIND_GLOBAL_PLACEHOLDERS to retain the current behavior.[m[K’
[5.007s]    36 | [01;36m[KBOOST_PRAGMA_MESSAGE[m[K(
[5.007s]       | [01;36m[K^~~~~~~~~~~~~~~~~~~~[m[K
[5.069s] [ 92%] [32m[1mLinking CXX executable serial-test-timer[0m
[5.188s] [100%] [32m[1mLinking CXX executable serial-test[0m
[5.229s] [100%] Built target serial-test-timer
[5.345s] [100%] Built target serial-test
[5.360s] Invoked command in '/home/xanta/tBot/botSpace/build/serial' returned '0': CMAKE_PREFIX_PATH=/opt/ros/humble /usr/bin/cmake --build /home/xanta/tBot/botSpace/build/serial -- -j16 -l16
[5.397s] Invoking command in '/home/xanta/tBot/botSpace/build/serial': CMAKE_PREFIX_PATH=/opt/ros/humble /usr/bin/cmake --install /home/xanta/tBot/botSpace/build/serial
[5.405s] -- Install configuration: ""
[5.405s] -- Installing: /home/xanta/tBot/botSpace/install/serial/lib/libserial.a
[5.405s] -- Installing: /home/xanta/tBot/botSpace/install/serial/include/serial/serial.h
[5.405s] -- Installing: /home/xanta/tBot/botSpace/install/serial/include/serial/v8stdint.h
[5.406s] -- Installing: /home/xanta/tBot/botSpace/install/serial/share/serial/environment/library_path.sh
[5.406s] -- Installing: /home/xanta/tBot/botSpace/install/serial/share/serial/environment/library_path.dsv
[5.406s] -- Installing: /home/xanta/tBot/botSpace/install/serial/share/ament_index/resource_index/package_run_dependencies/serial
[5.406s] -- Installing: /home/xanta/tBot/botSpace/install/serial/share/ament_index/resource_index/parent_prefix_path/serial
[5.407s] -- Installing: /home/xanta/tBot/botSpace/install/serial/share/serial/environment/ament_prefix_path.sh
[5.407s] -- Installing: /home/xanta/tBot/botSpace/install/serial/share/serial/environment/ament_prefix_path.dsv
[5.407s] -- Installing: /home/xanta/tBot/botSpace/install/serial/share/serial/environment/path.sh
[5.407s] -- Installing: /home/xanta/tBot/botSpace/install/serial/share/serial/environment/path.dsv
[5.407s] -- Installing: /home/xanta/tBot/botSpace/install/serial/share/serial/local_setup.bash
[5.407s] -- Installing: /home/xanta/tBot/botSpace/install/serial/share/serial/local_setup.sh
[5.407s] -- Installing: /home/xanta/tBot/botSpace/install/serial/share/serial/local_setup.zsh
[5.408s] -- Installing: /home/xanta/tBot/botSpace/install/serial/share/serial/local_setup.dsv
[5.408s] -- Installing: /home/xanta/tBot/botSpace/install/serial/share/serial/package.dsv
[5.408s] -- Installing: /home/xanta/tBot/botSpace/install/serial/share/ament_index/resource_index/packages/serial
[5.408s] -- Installing: /home/xanta/tBot/botSpace/install/serial/share/serial/cmake/ament_cmake_export_include_directories-extras.cmake
[5.408s] -- Installing: /home/xanta/tBot/botSpace/install/serial/share/serial/cmake/ament_cmake_export_libraries-extras.cmake
[5.408s] -- Installing: /home/xanta/tBot/botSpace/install/serial/share/serial/cmake/serialConfig.cmake
[5.408s] -- Installing: /home/xanta/tBot/botSpace/install/serial/share/serial/cmake/serialConfig-version.cmake
[5.408s] -- Installing: /home/xanta/tBot/botSpace/install/serial/share/serial/package.xml
[5.411s] Invoked command in '/home/xanta/tBot/botSpace/build/serial' returned '0': CMAKE_PREFIX_PATH=/opt/ros/humble /usr/bin/cmake --install /home/xanta/tBot/botSpace/build/serial
