/home/xanta/tBot/botSpace/install/tbcontrol/lib/python3.10/site-packages/tbcontrol/rmcontrol.py
/home/xanta/tBot/botSpace/install/tbcontrol/lib/python3.10/site-packages/tbcontrol/controlClient.py
/home/xanta/tBot/botSpace/install/tbcontrol/lib/python3.10/site-packages/tbcontrol/controlServer.py
/home/xanta/tBot/botSpace/install/tbcontrol/lib/python3.10/site-packages/tbcontrol/__init__.py
/home/xanta/tBot/botSpace/install/tbcontrol/lib/python3.10/site-packages/tbcontrol/__pycache__/rmcontrol.cpython-310.pyc
/home/xanta/tBot/botSpace/install/tbcontrol/lib/python3.10/site-packages/tbcontrol/__pycache__/controlClient.cpython-310.pyc
/home/xanta/tBot/botSpace/install/tbcontrol/lib/python3.10/site-packages/tbcontrol/__pycache__/controlServer.cpython-310.pyc
/home/xanta/tBot/botSpace/install/tbcontrol/lib/python3.10/site-packages/tbcontrol/__pycache__/__init__.cpython-310.pyc
/home/xanta/tBot/botSpace/install/tbcontrol/share/ament_index/resource_index/packages/tbcontrol
/home/xanta/tBot/botSpace/install/tbcontrol/share/tbcontrol/package.xml
/home/xanta/tBot/botSpace/install/tbcontrol/lib/python3.10/site-packages/tbcontrol-0.0.0-py3.10.egg-info/top_level.txt
/home/xanta/tBot/botSpace/install/tbcontrol/lib/python3.10/site-packages/tbcontrol-0.0.0-py3.10.egg-info/entry_points.txt
/home/xanta/tBot/botSpace/install/tbcontrol/lib/python3.10/site-packages/tbcontrol-0.0.0-py3.10.egg-info/PKG-INFO
/home/xanta/tBot/botSpace/install/tbcontrol/lib/python3.10/site-packages/tbcontrol-0.0.0-py3.10.egg-info/requires.txt
/home/xanta/tBot/botSpace/install/tbcontrol/lib/python3.10/site-packages/tbcontrol-0.0.0-py3.10.egg-info/zip-safe
/home/xanta/tBot/botSpace/install/tbcontrol/lib/python3.10/site-packages/tbcontrol-0.0.0-py3.10.egg-info/dependency_links.txt
/home/xanta/tBot/botSpace/install/tbcontrol/lib/python3.10/site-packages/tbcontrol-0.0.0-py3.10.egg-info/SOURCES.txt
/home/xanta/tBot/botSpace/install/tbcontrol/lib/tbcontrol/client
/home/xanta/tBot/botSpace/install/tbcontrol/lib/tbcontrol/rmcontrol
/home/xanta/tBot/botSpace/install/tbcontrol/lib/tbcontrol/service
