[0.014s] Invoking command in '/home/xanta/tBot/botSpace/build/custom_interface': CMAKE_PREFIX_PATH=${CMAKE_PREFIX_PATH}:/home/xanta/tBot/botSpace/install/tbmain:/home/xanta/tBot/botSpace/install/tbcontrol:/opt/ros/humble /usr/bin/cmake --build /home/xanta/tBot/botSpace/build/custom_interface -- -j16 -l16
[0.072s] [  2%] Built target custom_interface__cpp
[0.075s] [ 12%] Built target custom_interface__rosidl_generator_c
[0.085s] [ 12%] Built target ament_cmake_python_symlink_custom_interface
[0.106s] [ 55%] Built target custom_interface__rosidl_typesupport_fastrtps_cpp
[0.106s] [ 55%] Built target custom_interface__rosidl_typesupport_introspection_c
[0.106s] [ 55%] Built target custom_interface__rosidl_typesupport_cpp
[0.106s] [ 57%] Built target custom_interface__rosidl_typesupport_introspection_cpp
[0.107s] [ 65%] Built target custom_interface__rosidl_typesupport_c
[0.110s] [ 76%] Built target custom_interface__rosidl_typesupport_fastrtps_c
[0.135s] [ 76%] Built target custom_interface
[0.161s] [ 78%] Built target custom_interface__py
[0.189s] [ 87%] Built target custom_interface__rosidl_generator_py
[0.217s] [100%] Built target custom_interface__rosidl_typesupport_c__pyext
[0.217s] [100%] Built target custom_interface__rosidl_typesupport_introspection_c__pyext
[0.217s] [100%] Built target custom_interface__rosidl_typesupport_fastrtps_c__pyext
[0.323s] running egg_info
[0.323s] writing custom_interface.egg-info/PKG-INFO
[0.324s] writing dependency_links to custom_interface.egg-info/dependency_links.txt
[0.324s] writing top-level names to custom_interface.egg-info/top_level.txt
[0.327s] reading manifest file 'custom_interface.egg-info/SOURCES.txt'
[0.328s] writing manifest file 'custom_interface.egg-info/SOURCES.txt'
[0.373s] [100%] Built target ament_cmake_python_build_custom_interface_egg
[0.389s] Invoked command in '/home/xanta/tBot/botSpace/build/custom_interface' returned '0': CMAKE_PREFIX_PATH=${CMAKE_PREFIX_PATH}:/home/xanta/tBot/botSpace/install/tbmain:/home/xanta/tBot/botSpace/install/tbcontrol:/opt/ros/humble /usr/bin/cmake --build /home/xanta/tBot/botSpace/build/custom_interface -- -j16 -l16
[0.506s] Invoking command in '/home/xanta/tBot/botSpace/build/custom_interface': CMAKE_PREFIX_PATH=${CMAKE_PREFIX_PATH}:/home/xanta/tBot/botSpace/install/tbmain:/home/xanta/tBot/botSpace/install/tbcontrol:/opt/ros/humble /usr/bin/cmake --install /home/xanta/tBot/botSpace/build/custom_interface
[0.514s] -- Install configuration: ""
[0.515s] -- Execute custom install script
[0.515s] -- Up-to-date symlink: /home/xanta/tBot/botSpace/install/custom_interface/share/ament_index/resource_index/rosidl_interfaces/custom_interface
[0.516s] -- Up-to-date symlink: /home/xanta/tBot/botSpace/install/custom_interface/include/custom_interface/custom_interface/msg/act.h
[0.516s] -- Up-to-date symlink: /home/xanta/tBot/botSpace/install/custom_interface/include/custom_interface/custom_interface/msg/detail/act__functions.h
[0.516s] -- Up-to-date symlink: /home/xanta/tBot/botSpace/install/custom_interface/include/custom_interface/custom_interface/msg/detail/act__struct.h
[0.516s] -- Up-to-date symlink: /home/xanta/tBot/botSpace/install/custom_interface/include/custom_interface/custom_interface/msg/detail/act__type_support.h
[0.516s] -- Up-to-date symlink: /home/xanta/tBot/botSpace/install/custom_interface/include/custom_interface/custom_interface/msg/rosidl_generator_c__visibility_control.h
[0.516s] -- Up-to-date symlink: /home/xanta/tBot/botSpace/install/custom_interface/include/custom_interface/custom_interface/srv/add_three_ints.h
[0.516s] -- Up-to-date symlink: /home/xanta/tBot/botSpace/install/custom_interface/include/custom_interface/custom_interface/srv/detail/add_three_ints__functions.h
[0.516s] -- Up-to-date symlink: /home/xanta/tBot/botSpace/install/custom_interface/include/custom_interface/custom_interface/srv/detail/add_three_ints__struct.h
[0.517s] -- Up-to-date symlink: /home/xanta/tBot/botSpace/install/custom_interface/include/custom_interface/custom_interface/srv/detail/add_three_ints__type_support.h
[0.517s] -- Up-to-date symlink: /home/xanta/tBot/botSpace/install/custom_interface/include/custom_interface/custom_interface/srv/detail/send_bot_command__functions.h
[0.517s] -- Up-to-date symlink: /home/xanta/tBot/botSpace/install/custom_interface/include/custom_interface/custom_interface/srv/detail/send_bot_command__struct.h
[0.517s] -- Up-to-date symlink: /home/xanta/tBot/botSpace/install/custom_interface/include/custom_interface/custom_interface/srv/detail/send_bot_command__type_support.h
[0.517s] -- Up-to-date symlink: /home/xanta/tBot/botSpace/install/custom_interface/include/custom_interface/custom_interface/srv/send_bot_command.h
[0.517s] -- Up-to-date symlink: /home/xanta/tBot/botSpace/install/custom_interface/share/custom_interface/environment/library_path.sh
[0.517s] -- Up-to-date symlink: /home/xanta/tBot/botSpace/install/custom_interface/share/custom_interface/environment/library_path.dsv
[0.518s] -- Up-to-date symlink: /home/xanta/tBot/botSpace/install/custom_interface/include/custom_interface/custom_interface/msg/detail/act__rosidl_typesupport_fastrtps_c.h
[0.518s] -- Up-to-date symlink: /home/xanta/tBot/botSpace/install/custom_interface/include/custom_interface/custom_interface/msg/rosidl_typesupport_fastrtps_c__visibility_control.h
[0.518s] -- Up-to-date symlink: /home/xanta/tBot/botSpace/install/custom_interface/include/custom_interface/custom_interface/srv/detail/add_three_ints__rosidl_typesupport_fastrtps_c.h
[0.518s] -- Up-to-date symlink: /home/xanta/tBot/botSpace/install/custom_interface/include/custom_interface/custom_interface/srv/detail/send_bot_command__rosidl_typesupport_fastrtps_c.h
[0.518s] -- Up-to-date symlink: /home/xanta/tBot/botSpace/install/custom_interface/include/custom_interface/custom_interface/msg/detail/act__rosidl_typesupport_introspection_c.h
[0.518s] -- Up-to-date symlink: /home/xanta/tBot/botSpace/install/custom_interface/include/custom_interface/custom_interface/msg/rosidl_typesupport_introspection_c__visibility_control.h
[0.519s] -- Up-to-date symlink: /home/xanta/tBot/botSpace/install/custom_interface/include/custom_interface/custom_interface/srv/detail/add_three_ints__rosidl_typesupport_introspection_c.h
[0.519s] -- Up-to-date symlink: /home/xanta/tBot/botSpace/install/custom_interface/include/custom_interface/custom_interface/srv/detail/send_bot_command__rosidl_typesupport_introspection_c.h
[0.519s] -- Up-to-date symlink: /home/xanta/tBot/botSpace/install/custom_interface/include/custom_interface/custom_interface/msg/act.hpp
[0.519s] -- Up-to-date symlink: /home/xanta/tBot/botSpace/install/custom_interface/include/custom_interface/custom_interface/msg/detail/act__builder.hpp
[0.519s] -- Up-to-date symlink: /home/xanta/tBot/botSpace/install/custom_interface/include/custom_interface/custom_interface/msg/detail/act__struct.hpp
[0.519s] -- Up-to-date symlink: /home/xanta/tBot/botSpace/install/custom_interface/include/custom_interface/custom_interface/msg/detail/act__traits.hpp
[0.520s] -- Up-to-date symlink: /home/xanta/tBot/botSpace/install/custom_interface/include/custom_interface/custom_interface/srv/add_three_ints.hpp
[0.520s] -- Up-to-date symlink: /home/xanta/tBot/botSpace/install/custom_interface/include/custom_interface/custom_interface/srv/detail/add_three_ints__builder.hpp
[0.520s] -- Up-to-date symlink: /home/xanta/tBot/botSpace/install/custom_interface/include/custom_interface/custom_interface/srv/detail/add_three_ints__struct.hpp
[0.520s] -- Up-to-date symlink: /home/xanta/tBot/botSpace/install/custom_interface/include/custom_interface/custom_interface/srv/detail/add_three_ints__traits.hpp
[0.520s] -- Up-to-date symlink: /home/xanta/tBot/botSpace/install/custom_interface/include/custom_interface/custom_interface/srv/detail/send_bot_command__builder.hpp
[0.520s] -- Up-to-date symlink: /home/xanta/tBot/botSpace/install/custom_interface/include/custom_interface/custom_interface/srv/detail/send_bot_command__struct.hpp
[0.520s] -- Up-to-date symlink: /home/xanta/tBot/botSpace/install/custom_interface/include/custom_interface/custom_interface/srv/detail/send_bot_command__traits.hpp
[0.520s] -- Up-to-date symlink: /home/xanta/tBot/botSpace/install/custom_interface/include/custom_interface/custom_interface/srv/send_bot_command.hpp
[0.521s] -- Up-to-date symlink: /home/xanta/tBot/botSpace/install/custom_interface/include/custom_interface/custom_interface/msg/detail/act__rosidl_typesupport_fastrtps_cpp.hpp
[0.521s] -- Up-to-date symlink: /home/xanta/tBot/botSpace/install/custom_interface/include/custom_interface/custom_interface/msg/rosidl_typesupport_fastrtps_cpp__visibility_control.h
[0.521s] -- Up-to-date symlink: /home/xanta/tBot/botSpace/install/custom_interface/include/custom_interface/custom_interface/srv/detail/add_three_ints__rosidl_typesupport_fastrtps_cpp.hpp
[0.521s] -- Up-to-date symlink: /home/xanta/tBot/botSpace/install/custom_interface/include/custom_interface/custom_interface/srv/detail/send_bot_command__rosidl_typesupport_fastrtps_cpp.hpp
[0.522s] -- Up-to-date symlink: /home/xanta/tBot/botSpace/install/custom_interface/include/custom_interface/custom_interface/msg/detail/act__rosidl_typesupport_introspection_cpp.hpp
[0.522s] -- Up-to-date symlink: /home/xanta/tBot/botSpace/install/custom_interface/include/custom_interface/custom_interface/srv/detail/add_three_ints__rosidl_typesupport_introspection_cpp.hpp
[0.522s] -- Up-to-date symlink: /home/xanta/tBot/botSpace/install/custom_interface/include/custom_interface/custom_interface/srv/detail/send_bot_command__rosidl_typesupport_introspection_cpp.hpp
[0.522s] -- Up-to-date symlink: /home/xanta/tBot/botSpace/install/custom_interface/share/custom_interface/environment/pythonpath.sh
[0.522s] -- Up-to-date symlink: /home/xanta/tBot/botSpace/install/custom_interface/share/custom_interface/environment/pythonpath.dsv
[0.522s] -- Up-to-date symlink: /home/xanta/tBot/botSpace/install/custom_interface/local/lib/python3.10/dist-packages/custom_interface-0.0.0-py3.10.egg-info/PKG-INFO
[0.522s] -- Up-to-date symlink: /home/xanta/tBot/botSpace/install/custom_interface/local/lib/python3.10/dist-packages/custom_interface-0.0.0-py3.10.egg-info/SOURCES.txt
[0.523s] -- Up-to-date symlink: /home/xanta/tBot/botSpace/install/custom_interface/local/lib/python3.10/dist-packages/custom_interface-0.0.0-py3.10.egg-info/dependency_links.txt
[0.523s] -- Up-to-date symlink: /home/xanta/tBot/botSpace/install/custom_interface/local/lib/python3.10/dist-packages/custom_interface-0.0.0-py3.10.egg-info/top_level.txt
[0.523s] -- Up-to-date symlink: /home/xanta/tBot/botSpace/install/custom_interface/local/lib/python3.10/dist-packages/custom_interface/__init__.py
[0.523s] -- Up-to-date symlink: /home/xanta/tBot/botSpace/install/custom_interface/local/lib/python3.10/dist-packages/custom_interface/_custom_interface_s.ep.rosidl_typesupport_c.c
[0.524s] -- Up-to-date symlink: /home/xanta/tBot/botSpace/install/custom_interface/local/lib/python3.10/dist-packages/custom_interface/_custom_interface_s.ep.rosidl_typesupport_fastrtps_c.c
[0.524s] -- Up-to-date symlink: /home/xanta/tBot/botSpace/install/custom_interface/local/lib/python3.10/dist-packages/custom_interface/_custom_interface_s.ep.rosidl_typesupport_introspection_c.c
[0.524s] -- Up-to-date symlink: /home/xanta/tBot/botSpace/install/custom_interface/local/lib/python3.10/dist-packages/custom_interface/custom_interface_s__rosidl_typesupport_c.cpython-310-x86_64-linux-gnu.so
[0.524s] -- Up-to-date symlink: /home/xanta/tBot/botSpace/install/custom_interface/local/lib/python3.10/dist-packages/custom_interface/custom_interface_s__rosidl_typesupport_fastrtps_c.cpython-310-x86_64-linux-gnu.so
[0.524s] -- Up-to-date symlink: /home/xanta/tBot/botSpace/install/custom_interface/local/lib/python3.10/dist-packages/custom_interface/custom_interface_s__rosidl_typesupport_introspection_c.cpython-310-x86_64-linux-gnu.so
[0.524s] -- Up-to-date symlink: /home/xanta/tBot/botSpace/install/custom_interface/local/lib/python3.10/dist-packages/custom_interface/libcustom_interface__rosidl_generator_py.so
[0.524s] -- Up-to-date symlink: /home/xanta/tBot/botSpace/install/custom_interface/local/lib/python3.10/dist-packages/custom_interface/msg/__init__.py
[0.524s] -- Up-to-date symlink: /home/xanta/tBot/botSpace/install/custom_interface/local/lib/python3.10/dist-packages/custom_interface/msg/_act.py
[0.524s] -- Up-to-date symlink: /home/xanta/tBot/botSpace/install/custom_interface/local/lib/python3.10/dist-packages/custom_interface/msg/_act_s.c
[0.524s] -- Up-to-date symlink: /home/xanta/tBot/botSpace/install/custom_interface/local/lib/python3.10/dist-packages/custom_interface/srv/__init__.py
[0.525s] -- Up-to-date symlink: /home/xanta/tBot/botSpace/install/custom_interface/local/lib/python3.10/dist-packages/custom_interface/srv/_add_three_ints.py
[0.525s] -- Up-to-date symlink: /home/xanta/tBot/botSpace/install/custom_interface/local/lib/python3.10/dist-packages/custom_interface/srv/_add_three_ints_s.c
[0.525s] -- Up-to-date symlink: /home/xanta/tBot/botSpace/install/custom_interface/local/lib/python3.10/dist-packages/custom_interface/srv/_send_bot_command.py
[0.525s] -- Up-to-date symlink: /home/xanta/tBot/botSpace/install/custom_interface/local/lib/python3.10/dist-packages/custom_interface/srv/_send_bot_command_s.c
[0.525s] -- Up-to-date symlink: /home/xanta/tBot/botSpace/install/custom_interface/local/lib/python3.10/dist-packages/custom_interface/custom_interface_s__rosidl_typesupport_fastrtps_c.cpython-310-x86_64-linux-gnu.so
[0.525s] -- Up-to-date symlink: /home/xanta/tBot/botSpace/install/custom_interface/local/lib/python3.10/dist-packages/custom_interface/custom_interface_s__rosidl_typesupport_introspection_c.cpython-310-x86_64-linux-gnu.so
[0.526s] -- Up-to-date symlink: /home/xanta/tBot/botSpace/install/custom_interface/local/lib/python3.10/dist-packages/custom_interface/custom_interface_s__rosidl_typesupport_c.cpython-310-x86_64-linux-gnu.so
[0.526s] -- Up-to-date symlink: /home/xanta/tBot/botSpace/install/custom_interface/share/custom_interface/msg/Act.idl
[0.526s] -- Up-to-date symlink: /home/xanta/tBot/botSpace/install/custom_interface/share/custom_interface/srv/AddThreeInts.idl
[0.526s] -- Up-to-date symlink: /home/xanta/tBot/botSpace/install/custom_interface/share/custom_interface/srv/SendBotCommand.idl
[0.526s] -- Up-to-date symlink: /home/xanta/tBot/botSpace/install/custom_interface/share/custom_interface/msg/Act.msg
[0.526s] -- Up-to-date symlink: /home/xanta/tBot/botSpace/install/custom_interface/share/custom_interface/srv/AddThreeInts.srv
[0.527s] -- Up-to-date symlink: /home/xanta/tBot/botSpace/install/custom_interface/share/custom_interface/srv/AddThreeInts_Request.msg
[0.527s] -- Up-to-date symlink: /home/xanta/tBot/botSpace/install/custom_interface/share/custom_interface/srv/AddThreeInts_Response.msg
[0.527s] -- Up-to-date symlink: /home/xanta/tBot/botSpace/install/custom_interface/share/custom_interface/srv/SendBotCommand.srv
[0.527s] -- Up-to-date symlink: /home/xanta/tBot/botSpace/install/custom_interface/share/custom_interface/srv/SendBotCommand_Request.msg
[0.527s] -- Up-to-date symlink: /home/xanta/tBot/botSpace/install/custom_interface/share/custom_interface/srv/SendBotCommand_Response.msg
[0.527s] -- Up-to-date symlink: /home/xanta/tBot/botSpace/install/custom_interface/share/ament_index/resource_index/package_run_dependencies/custom_interface
[0.527s] -- Up-to-date symlink: /home/xanta/tBot/botSpace/install/custom_interface/share/ament_index/resource_index/parent_prefix_path/custom_interface
[0.528s] -- Up-to-date symlink: /home/xanta/tBot/botSpace/install/custom_interface/share/custom_interface/environment/ament_prefix_path.sh
[0.528s] -- Up-to-date symlink: /home/xanta/tBot/botSpace/install/custom_interface/share/custom_interface/environment/ament_prefix_path.dsv
[0.528s] -- Up-to-date symlink: /home/xanta/tBot/botSpace/install/custom_interface/share/custom_interface/environment/path.sh
[0.528s] -- Up-to-date symlink: /home/xanta/tBot/botSpace/install/custom_interface/share/custom_interface/environment/path.dsv
[0.528s] -- Up-to-date symlink: /home/xanta/tBot/botSpace/install/custom_interface/share/custom_interface/local_setup.bash
[0.528s] -- Up-to-date symlink: /home/xanta/tBot/botSpace/install/custom_interface/share/custom_interface/local_setup.sh
[0.528s] -- Up-to-date symlink: /home/xanta/tBot/botSpace/install/custom_interface/share/custom_interface/local_setup.zsh
[0.528s] -- Up-to-date symlink: /home/xanta/tBot/botSpace/install/custom_interface/share/custom_interface/local_setup.dsv
[0.529s] -- Symlinking: /home/xanta/tBot/botSpace/install/custom_interface/share/custom_interface/package.dsv
[0.541s] -- Up-to-date symlink: /home/xanta/tBot/botSpace/install/custom_interface/share/ament_index/resource_index/packages/custom_interface
[0.541s] -- Up-to-date symlink: /home/xanta/tBot/botSpace/install/custom_interface/share/custom_interface/cmake/rosidl_cmake-extras.cmake
[0.541s] -- Up-to-date symlink: /home/xanta/tBot/botSpace/install/custom_interface/share/custom_interface/cmake/ament_cmake_export_include_directories-extras.cmake
[0.541s] -- Up-to-date symlink: /home/xanta/tBot/botSpace/install/custom_interface/share/custom_interface/cmake/ament_cmake_export_libraries-extras.cmake
[0.541s] -- Up-to-date symlink: /home/xanta/tBot/botSpace/install/custom_interface/share/custom_interface/cmake/ament_cmake_export_targets-extras.cmake
[0.541s] -- Up-to-date symlink: /home/xanta/tBot/botSpace/install/custom_interface/share/custom_interface/cmake/rosidl_cmake_export_typesupport_targets-extras.cmake
[0.541s] -- Up-to-date symlink: /home/xanta/tBot/botSpace/install/custom_interface/share/custom_interface/cmake/ament_cmake_export_dependencies-extras.cmake
[0.541s] -- Up-to-date symlink: /home/xanta/tBot/botSpace/install/custom_interface/share/custom_interface/cmake/rosidl_cmake_export_typesupport_libraries-extras.cmake
[0.541s] -- Up-to-date symlink: /home/xanta/tBot/botSpace/install/custom_interface/share/custom_interface/cmake/custom_interfaceConfig.cmake
[0.542s] -- Up-to-date symlink: /home/xanta/tBot/botSpace/install/custom_interface/share/custom_interface/cmake/custom_interfaceConfig-version.cmake
[0.542s] -- Up-to-date symlink: /home/xanta/tBot/botSpace/install/custom_interface/share/custom_interface/package.xml
[0.542s] -- Up-to-date: /home/xanta/tBot/botSpace/install/custom_interface/lib/libcustom_interface__rosidl_generator_c.so
[0.542s] -- Up-to-date: /home/xanta/tBot/botSpace/install/custom_interface/lib/libcustom_interface__rosidl_typesupport_fastrtps_c.so
[0.542s] -- Up-to-date: /home/xanta/tBot/botSpace/install/custom_interface/lib/libcustom_interface__rosidl_typesupport_introspection_c.so
[0.543s] -- Up-to-date: /home/xanta/tBot/botSpace/install/custom_interface/lib/libcustom_interface__rosidl_typesupport_c.so
[0.543s] -- Up-to-date: /home/xanta/tBot/botSpace/install/custom_interface/lib/libcustom_interface__rosidl_typesupport_fastrtps_cpp.so
[0.543s] -- Up-to-date: /home/xanta/tBot/botSpace/install/custom_interface/lib/libcustom_interface__rosidl_typesupport_introspection_cpp.so
[0.544s] -- Up-to-date: /home/xanta/tBot/botSpace/install/custom_interface/lib/libcustom_interface__rosidl_typesupport_cpp.so
[0.572s] Listing '/home/xanta/tBot/botSpace/install/custom_interface/local/lib/python3.10/dist-packages/custom_interface'...
[0.572s] Listing '/home/xanta/tBot/botSpace/install/custom_interface/local/lib/python3.10/dist-packages/custom_interface/msg'...
[0.573s] Listing '/home/xanta/tBot/botSpace/install/custom_interface/local/lib/python3.10/dist-packages/custom_interface/srv'...
[0.579s] -- Up-to-date: /home/xanta/tBot/botSpace/install/custom_interface/lib/libcustom_interface__rosidl_generator_py.so
[0.579s] -- Up-to-date: /home/xanta/tBot/botSpace/install/custom_interface/share/custom_interface/cmake/export_custom_interface__rosidl_generator_cExport.cmake
[0.579s] -- Up-to-date: /home/xanta/tBot/botSpace/install/custom_interface/share/custom_interface/cmake/export_custom_interface__rosidl_generator_cExport-noconfig.cmake
[0.579s] -- Up-to-date: /home/xanta/tBot/botSpace/install/custom_interface/share/custom_interface/cmake/export_custom_interface__rosidl_typesupport_fastrtps_cExport.cmake
[0.579s] -- Up-to-date: /home/xanta/tBot/botSpace/install/custom_interface/share/custom_interface/cmake/export_custom_interface__rosidl_typesupport_fastrtps_cExport-noconfig.cmake
[0.580s] -- Up-to-date: /home/xanta/tBot/botSpace/install/custom_interface/share/custom_interface/cmake/custom_interface__rosidl_typesupport_introspection_cExport.cmake
[0.580s] -- Up-to-date: /home/xanta/tBot/botSpace/install/custom_interface/share/custom_interface/cmake/custom_interface__rosidl_typesupport_introspection_cExport-noconfig.cmake
[0.580s] -- Up-to-date: /home/xanta/tBot/botSpace/install/custom_interface/share/custom_interface/cmake/custom_interface__rosidl_typesupport_cExport.cmake
[0.580s] -- Up-to-date: /home/xanta/tBot/botSpace/install/custom_interface/share/custom_interface/cmake/custom_interface__rosidl_typesupport_cExport-noconfig.cmake
[0.580s] -- Up-to-date: /home/xanta/tBot/botSpace/install/custom_interface/share/custom_interface/cmake/export_custom_interface__rosidl_generator_cppExport.cmake
[0.580s] -- Up-to-date: /home/xanta/tBot/botSpace/install/custom_interface/share/custom_interface/cmake/export_custom_interface__rosidl_typesupport_fastrtps_cppExport.cmake
[0.580s] -- Up-to-date: /home/xanta/tBot/botSpace/install/custom_interface/share/custom_interface/cmake/export_custom_interface__rosidl_typesupport_fastrtps_cppExport-noconfig.cmake
[0.580s] -- Up-to-date: /home/xanta/tBot/botSpace/install/custom_interface/share/custom_interface/cmake/custom_interface__rosidl_typesupport_introspection_cppExport.cmake
[0.580s] -- Up-to-date: /home/xanta/tBot/botSpace/install/custom_interface/share/custom_interface/cmake/custom_interface__rosidl_typesupport_introspection_cppExport-noconfig.cmake
[0.580s] -- Up-to-date: /home/xanta/tBot/botSpace/install/custom_interface/share/custom_interface/cmake/custom_interface__rosidl_typesupport_cppExport.cmake
[0.580s] -- Up-to-date: /home/xanta/tBot/botSpace/install/custom_interface/share/custom_interface/cmake/custom_interface__rosidl_typesupport_cppExport-noconfig.cmake
[0.580s] -- Up-to-date: /home/xanta/tBot/botSpace/install/custom_interface/share/custom_interface/cmake/export_custom_interface__rosidl_generator_pyExport.cmake
[0.581s] -- Up-to-date: /home/xanta/tBot/botSpace/install/custom_interface/share/custom_interface/cmake/export_custom_interface__rosidl_generator_pyExport-noconfig.cmake
[0.583s] Invoked command in '/home/xanta/tBot/botSpace/build/custom_interface' returned '0': CMAKE_PREFIX_PATH=${CMAKE_PREFIX_PATH}:/home/xanta/tBot/botSpace/install/tbmain:/home/xanta/tBot/botSpace/install/tbcontrol:/opt/ros/humble /usr/bin/cmake --install /home/xanta/tBot/botSpace/build/custom_interface
