[0.013s] Invoking command in '/home/xanta/tBot/botSpace/build/custom_interface': CMAKE_PREFIX_PATH=/opt/ros/humble /usr/bin/cmake --build /home/xanta/tBot/botSpace/build/custom_interface -- -j16 -l16
[0.064s] [35m[1mConsolidate compiler generated dependencies of target custom_interface__rosidl_generator_c[0m
[0.078s] [  2%] Built target custom_interface__cpp
[0.079s] [ 12%] Built target custom_interface__rosidl_generator_c
[0.092s] [ 12%] Built target ament_cmake_python_symlink_custom_interface
[0.092s] [35m[1mConsolidate compiler generated dependencies of target custom_interface__rosidl_typesupport_cpp[0m
[0.093s] [35m[1mConsolidate compiler generated dependencies of target custom_interface__rosidl_typesupport_introspection_cpp[0m
[0.093s] [35m[1mConsolidate compiler generated dependencies of target custom_interface__rosidl_typesupport_fastrtps_cpp[0m
[0.111s] [35m[1mConsolidate compiler generated dependencies of target custom_interface__rosidl_typesupport_c[0m
[0.111s] [35m[1mConsolidate compiler generated dependencies of target custom_interface__rosidl_typesupport_introspection_c[0m
[0.111s] [35m[1mConsolidate compiler generated dependencies of target custom_interface__rosidl_typesupport_fastrtps_c[0m
[0.119s] [ 44%] Built target custom_interface__rosidl_typesupport_introspection_cpp
[0.119s] [ 44%] Built target custom_interface__rosidl_typesupport_fastrtps_cpp
[0.119s] [ 44%] Built target custom_interface__rosidl_typesupport_cpp
[0.133s] [ 63%] Built target custom_interface__rosidl_typesupport_introspection_c
[0.133s] [ 65%] Built target custom_interface__rosidl_typesupport_c
[0.136s] [ 76%] Built target custom_interface__rosidl_typesupport_fastrtps_c
[0.167s] [ 76%] Built target custom_interface
[0.198s] [ 78%] Built target custom_interface__py
[0.213s] [35m[1mConsolidate compiler generated dependencies of target custom_interface__rosidl_generator_py[0m
[0.235s] [ 87%] Built target custom_interface__rosidl_generator_py
[0.250s] [35m[1mConsolidate compiler generated dependencies of target custom_interface__rosidl_typesupport_introspection_c__pyext[0m
[0.250s] [35m[1mConsolidate compiler generated dependencies of target custom_interface__rosidl_typesupport_fastrtps_c__pyext[0m
[0.251s] [35m[1mConsolidate compiler generated dependencies of target custom_interface__rosidl_typesupport_c__pyext[0m
[0.268s] [ 95%] Built target custom_interface__rosidl_typesupport_introspection_c__pyext
[0.268s] [ 95%] Built target custom_interface__rosidl_typesupport_fastrtps_c__pyext
[0.270s] [100%] Built target custom_interface__rosidl_typesupport_c__pyext
[0.307s] running egg_info
[0.307s] writing custom_interface.egg-info/PKG-INFO
[0.308s] writing dependency_links to custom_interface.egg-info/dependency_links.txt
[0.308s] writing top-level names to custom_interface.egg-info/top_level.txt
[0.310s] reading manifest file 'custom_interface.egg-info/SOURCES.txt'
[0.310s] writing manifest file 'custom_interface.egg-info/SOURCES.txt'
[0.362s] [100%] Built target ament_cmake_python_build_custom_interface_egg
[0.382s] Invoked command in '/home/xanta/tBot/botSpace/build/custom_interface' returned '0': CMAKE_PREFIX_PATH=/opt/ros/humble /usr/bin/cmake --build /home/xanta/tBot/botSpace/build/custom_interface -- -j16 -l16
[0.498s] Invoking command in '/home/xanta/tBot/botSpace/build/custom_interface': CMAKE_PREFIX_PATH=/opt/ros/humble /usr/bin/cmake --install /home/xanta/tBot/botSpace/build/custom_interface
[0.507s] -- Install configuration: ""
[0.507s] -- Execute custom install script
[0.507s] -- Up-to-date symlink: /home/xanta/tBot/botSpace/install/custom_interface/share/ament_index/resource_index/rosidl_interfaces/custom_interface
[0.508s] -- Up-to-date symlink: /home/xanta/tBot/botSpace/install/custom_interface/include/custom_interface/custom_interface/msg/act.h
[0.508s] -- Up-to-date symlink: /home/xanta/tBot/botSpace/install/custom_interface/include/custom_interface/custom_interface/msg/detail/act__functions.h
[0.508s] -- Up-to-date symlink: /home/xanta/tBot/botSpace/install/custom_interface/include/custom_interface/custom_interface/msg/detail/act__struct.h
[0.508s] -- Up-to-date symlink: /home/xanta/tBot/botSpace/install/custom_interface/include/custom_interface/custom_interface/msg/detail/act__type_support.h
[0.508s] -- Up-to-date symlink: /home/xanta/tBot/botSpace/install/custom_interface/include/custom_interface/custom_interface/msg/rosidl_generator_c__visibility_control.h
[0.508s] -- Up-to-date symlink: /home/xanta/tBot/botSpace/install/custom_interface/include/custom_interface/custom_interface/srv/add_three_ints.h
[0.509s] -- Up-to-date symlink: /home/xanta/tBot/botSpace/install/custom_interface/include/custom_interface/custom_interface/srv/detail/add_three_ints__functions.h
[0.509s] -- Up-to-date symlink: /home/xanta/tBot/botSpace/install/custom_interface/include/custom_interface/custom_interface/srv/detail/add_three_ints__struct.h
[0.509s] -- Up-to-date symlink: /home/xanta/tBot/botSpace/install/custom_interface/include/custom_interface/custom_interface/srv/detail/add_three_ints__type_support.h
[0.509s] -- Up-to-date symlink: /home/xanta/tBot/botSpace/install/custom_interface/include/custom_interface/custom_interface/srv/detail/send_bot_command__functions.h
[0.509s] -- Up-to-date symlink: /home/xanta/tBot/botSpace/install/custom_interface/include/custom_interface/custom_interface/srv/detail/send_bot_command__struct.h
[0.509s] -- Up-to-date symlink: /home/xanta/tBot/botSpace/install/custom_interface/include/custom_interface/custom_interface/srv/detail/send_bot_command__type_support.h
[0.509s] -- Up-to-date symlink: /home/xanta/tBot/botSpace/install/custom_interface/include/custom_interface/custom_interface/srv/send_bot_command.h
[0.509s] -- Up-to-date symlink: /home/xanta/tBot/botSpace/install/custom_interface/share/custom_interface/environment/library_path.sh
[0.509s] -- Up-to-date symlink: /home/xanta/tBot/botSpace/install/custom_interface/share/custom_interface/environment/library_path.dsv
[0.510s] -- Up-to-date symlink: /home/xanta/tBot/botSpace/install/custom_interface/include/custom_interface/custom_interface/msg/detail/act__rosidl_typesupport_fastrtps_c.h
[0.510s] -- Up-to-date symlink: /home/xanta/tBot/botSpace/install/custom_interface/include/custom_interface/custom_interface/msg/rosidl_typesupport_fastrtps_c__visibility_control.h
[0.510s] -- Up-to-date symlink: /home/xanta/tBot/botSpace/install/custom_interface/include/custom_interface/custom_interface/srv/detail/add_three_ints__rosidl_typesupport_fastrtps_c.h
[0.510s] -- Up-to-date symlink: /home/xanta/tBot/botSpace/install/custom_interface/include/custom_interface/custom_interface/srv/detail/send_bot_command__rosidl_typesupport_fastrtps_c.h
[0.510s] -- Up-to-date symlink: /home/xanta/tBot/botSpace/install/custom_interface/include/custom_interface/custom_interface/msg/detail/act__rosidl_typesupport_introspection_c.h
[0.510s] -- Up-to-date symlink: /home/xanta/tBot/botSpace/install/custom_interface/include/custom_interface/custom_interface/msg/rosidl_typesupport_introspection_c__visibility_control.h
[0.511s] -- Up-to-date symlink: /home/xanta/tBot/botSpace/install/custom_interface/include/custom_interface/custom_interface/srv/detail/add_three_ints__rosidl_typesupport_introspection_c.h
[0.511s] -- Up-to-date symlink: /home/xanta/tBot/botSpace/install/custom_interface/include/custom_interface/custom_interface/srv/detail/send_bot_command__rosidl_typesupport_introspection_c.h
[0.511s] -- Up-to-date symlink: /home/xanta/tBot/botSpace/install/custom_interface/include/custom_interface/custom_interface/msg/act.hpp
[0.511s] -- Up-to-date symlink: /home/xanta/tBot/botSpace/install/custom_interface/include/custom_interface/custom_interface/msg/detail/act__builder.hpp
[0.511s] -- Up-to-date symlink: /home/xanta/tBot/botSpace/install/custom_interface/include/custom_interface/custom_interface/msg/detail/act__struct.hpp
[0.511s] -- Up-to-date symlink: /home/xanta/tBot/botSpace/install/custom_interface/include/custom_interface/custom_interface/msg/detail/act__traits.hpp
[0.512s] -- Up-to-date symlink: /home/xanta/tBot/botSpace/install/custom_interface/include/custom_interface/custom_interface/srv/add_three_ints.hpp
[0.512s] -- Up-to-date symlink: /home/xanta/tBot/botSpace/install/custom_interface/include/custom_interface/custom_interface/srv/detail/add_three_ints__builder.hpp
[0.512s] -- Up-to-date symlink: /home/xanta/tBot/botSpace/install/custom_interface/include/custom_interface/custom_interface/srv/detail/add_three_ints__struct.hpp
[0.512s] -- Up-to-date symlink: /home/xanta/tBot/botSpace/install/custom_interface/include/custom_interface/custom_interface/srv/detail/add_three_ints__traits.hpp
[0.512s] -- Up-to-date symlink: /home/xanta/tBot/botSpace/install/custom_interface/include/custom_interface/custom_interface/srv/detail/send_bot_command__builder.hpp
[0.512s] -- Up-to-date symlink: /home/xanta/tBot/botSpace/install/custom_interface/include/custom_interface/custom_interface/srv/detail/send_bot_command__struct.hpp
[0.512s] -- Up-to-date symlink: /home/xanta/tBot/botSpace/install/custom_interface/include/custom_interface/custom_interface/srv/detail/send_bot_command__traits.hpp
[0.512s] -- Up-to-date symlink: /home/xanta/tBot/botSpace/install/custom_interface/include/custom_interface/custom_interface/srv/send_bot_command.hpp
[0.513s] -- Up-to-date symlink: /home/xanta/tBot/botSpace/install/custom_interface/include/custom_interface/custom_interface/msg/detail/act__rosidl_typesupport_fastrtps_cpp.hpp
[0.513s] -- Up-to-date symlink: /home/xanta/tBot/botSpace/install/custom_interface/include/custom_interface/custom_interface/msg/rosidl_typesupport_fastrtps_cpp__visibility_control.h
[0.513s] -- Up-to-date symlink: /home/xanta/tBot/botSpace/install/custom_interface/include/custom_interface/custom_interface/srv/detail/add_three_ints__rosidl_typesupport_fastrtps_cpp.hpp
[0.513s] -- Up-to-date symlink: /home/xanta/tBot/botSpace/install/custom_interface/include/custom_interface/custom_interface/srv/detail/send_bot_command__rosidl_typesupport_fastrtps_cpp.hpp
[0.514s] -- Up-to-date symlink: /home/xanta/tBot/botSpace/install/custom_interface/include/custom_interface/custom_interface/msg/detail/act__rosidl_typesupport_introspection_cpp.hpp
[0.514s] -- Up-to-date symlink: /home/xanta/tBot/botSpace/install/custom_interface/include/custom_interface/custom_interface/srv/detail/add_three_ints__rosidl_typesupport_introspection_cpp.hpp
[0.514s] -- Up-to-date symlink: /home/xanta/tBot/botSpace/install/custom_interface/include/custom_interface/custom_interface/srv/detail/send_bot_command__rosidl_typesupport_introspection_cpp.hpp
[0.514s] -- Up-to-date symlink: /home/xanta/tBot/botSpace/install/custom_interface/share/custom_interface/environment/pythonpath.sh
[0.514s] -- Up-to-date symlink: /home/xanta/tBot/botSpace/install/custom_interface/share/custom_interface/environment/pythonpath.dsv
[0.514s] -- Up-to-date symlink: /home/xanta/tBot/botSpace/install/custom_interface/local/lib/python3.10/dist-packages/custom_interface-0.0.0-py3.10.egg-info/PKG-INFO
[0.514s] -- Up-to-date symlink: /home/xanta/tBot/botSpace/install/custom_interface/local/lib/python3.10/dist-packages/custom_interface-0.0.0-py3.10.egg-info/SOURCES.txt
[0.514s] -- Up-to-date symlink: /home/xanta/tBot/botSpace/install/custom_interface/local/lib/python3.10/dist-packages/custom_interface-0.0.0-py3.10.egg-info/dependency_links.txt
[0.515s] -- Up-to-date symlink: /home/xanta/tBot/botSpace/install/custom_interface/local/lib/python3.10/dist-packages/custom_interface-0.0.0-py3.10.egg-info/top_level.txt
[0.515s] -- Up-to-date symlink: /home/xanta/tBot/botSpace/install/custom_interface/local/lib/python3.10/dist-packages/custom_interface/__init__.py
[0.515s] -- Up-to-date symlink: /home/xanta/tBot/botSpace/install/custom_interface/local/lib/python3.10/dist-packages/custom_interface/_custom_interface_s.ep.rosidl_typesupport_c.c
[0.515s] -- Up-to-date symlink: /home/xanta/tBot/botSpace/install/custom_interface/local/lib/python3.10/dist-packages/custom_interface/_custom_interface_s.ep.rosidl_typesupport_fastrtps_c.c
[0.516s] -- Up-to-date symlink: /home/xanta/tBot/botSpace/install/custom_interface/local/lib/python3.10/dist-packages/custom_interface/_custom_interface_s.ep.rosidl_typesupport_introspection_c.c
[0.516s] -- Up-to-date symlink: /home/xanta/tBot/botSpace/install/custom_interface/local/lib/python3.10/dist-packages/custom_interface/custom_interface_s__rosidl_typesupport_c.cpython-310-x86_64-linux-gnu.so
[0.516s] -- Up-to-date symlink: /home/xanta/tBot/botSpace/install/custom_interface/local/lib/python3.10/dist-packages/custom_interface/custom_interface_s__rosidl_typesupport_fastrtps_c.cpython-310-x86_64-linux-gnu.so
[0.516s] -- Up-to-date symlink: /home/xanta/tBot/botSpace/install/custom_interface/local/lib/python3.10/dist-packages/custom_interface/custom_interface_s__rosidl_typesupport_introspection_c.cpython-310-x86_64-linux-gnu.so
[0.516s] -- Up-to-date symlink: /home/xanta/tBot/botSpace/install/custom_interface/local/lib/python3.10/dist-packages/custom_interface/libcustom_interface__rosidl_generator_py.so
[0.516s] -- Up-to-date symlink: /home/xanta/tBot/botSpace/install/custom_interface/local/lib/python3.10/dist-packages/custom_interface/msg/__init__.py
[0.516s] -- Up-to-date symlink: /home/xanta/tBot/botSpace/install/custom_interface/local/lib/python3.10/dist-packages/custom_interface/msg/_act.py
[0.516s] -- Up-to-date symlink: /home/xanta/tBot/botSpace/install/custom_interface/local/lib/python3.10/dist-packages/custom_interface/msg/_act_s.c
[0.516s] -- Up-to-date symlink: /home/xanta/tBot/botSpace/install/custom_interface/local/lib/python3.10/dist-packages/custom_interface/srv/__init__.py
[0.516s] -- Up-to-date symlink: /home/xanta/tBot/botSpace/install/custom_interface/local/lib/python3.10/dist-packages/custom_interface/srv/_add_three_ints.py
[0.517s] -- Up-to-date symlink: /home/xanta/tBot/botSpace/install/custom_interface/local/lib/python3.10/dist-packages/custom_interface/srv/_add_three_ints_s.c
[0.517s] -- Up-to-date symlink: /home/xanta/tBot/botSpace/install/custom_interface/local/lib/python3.10/dist-packages/custom_interface/srv/_send_bot_command.py
[0.517s] -- Up-to-date symlink: /home/xanta/tBot/botSpace/install/custom_interface/local/lib/python3.10/dist-packages/custom_interface/srv/_send_bot_command_s.c
[0.517s] -- Up-to-date symlink: /home/xanta/tBot/botSpace/install/custom_interface/local/lib/python3.10/dist-packages/custom_interface/custom_interface_s__rosidl_typesupport_fastrtps_c.cpython-310-x86_64-linux-gnu.so
[0.517s] -- Up-to-date symlink: /home/xanta/tBot/botSpace/install/custom_interface/local/lib/python3.10/dist-packages/custom_interface/custom_interface_s__rosidl_typesupport_introspection_c.cpython-310-x86_64-linux-gnu.so
[0.517s] -- Up-to-date symlink: /home/xanta/tBot/botSpace/install/custom_interface/local/lib/python3.10/dist-packages/custom_interface/custom_interface_s__rosidl_typesupport_c.cpython-310-x86_64-linux-gnu.so
[0.518s] -- Up-to-date symlink: /home/xanta/tBot/botSpace/install/custom_interface/share/custom_interface/msg/Act.idl
[0.518s] -- Up-to-date symlink: /home/xanta/tBot/botSpace/install/custom_interface/share/custom_interface/srv/AddThreeInts.idl
[0.518s] -- Up-to-date symlink: /home/xanta/tBot/botSpace/install/custom_interface/share/custom_interface/srv/SendBotCommand.idl
[0.518s] -- Up-to-date symlink: /home/xanta/tBot/botSpace/install/custom_interface/share/custom_interface/msg/Act.msg
[0.518s] -- Up-to-date symlink: /home/xanta/tBot/botSpace/install/custom_interface/share/custom_interface/srv/AddThreeInts.srv
[0.518s] -- Up-to-date symlink: /home/xanta/tBot/botSpace/install/custom_interface/share/custom_interface/srv/AddThreeInts_Request.msg
[0.518s] -- Up-to-date symlink: /home/xanta/tBot/botSpace/install/custom_interface/share/custom_interface/srv/AddThreeInts_Response.msg
[0.519s] -- Up-to-date symlink: /home/xanta/tBot/botSpace/install/custom_interface/share/custom_interface/srv/SendBotCommand.srv
[0.519s] -- Up-to-date symlink: /home/xanta/tBot/botSpace/install/custom_interface/share/custom_interface/srv/SendBotCommand_Request.msg
[0.519s] -- Up-to-date symlink: /home/xanta/tBot/botSpace/install/custom_interface/share/custom_interface/srv/SendBotCommand_Response.msg
[0.519s] -- Up-to-date symlink: /home/xanta/tBot/botSpace/install/custom_interface/share/ament_index/resource_index/package_run_dependencies/custom_interface
[0.519s] -- Up-to-date symlink: /home/xanta/tBot/botSpace/install/custom_interface/share/ament_index/resource_index/parent_prefix_path/custom_interface
[0.519s] -- Up-to-date symlink: /home/xanta/tBot/botSpace/install/custom_interface/share/custom_interface/environment/ament_prefix_path.sh
[0.519s] -- Up-to-date symlink: /home/xanta/tBot/botSpace/install/custom_interface/share/custom_interface/environment/ament_prefix_path.dsv
[0.519s] -- Up-to-date symlink: /home/xanta/tBot/botSpace/install/custom_interface/share/custom_interface/environment/path.sh
[0.520s] -- Up-to-date symlink: /home/xanta/tBot/botSpace/install/custom_interface/share/custom_interface/environment/path.dsv
[0.520s] -- Up-to-date symlink: /home/xanta/tBot/botSpace/install/custom_interface/share/custom_interface/local_setup.bash
[0.520s] -- Up-to-date symlink: /home/xanta/tBot/botSpace/install/custom_interface/share/custom_interface/local_setup.sh
[0.520s] -- Up-to-date symlink: /home/xanta/tBot/botSpace/install/custom_interface/share/custom_interface/local_setup.zsh
[0.520s] -- Up-to-date symlink: /home/xanta/tBot/botSpace/install/custom_interface/share/custom_interface/local_setup.dsv
[0.520s] -- Symlinking: /home/xanta/tBot/botSpace/install/custom_interface/share/custom_interface/package.dsv
[0.533s] -- Up-to-date symlink: /home/xanta/tBot/botSpace/install/custom_interface/share/ament_index/resource_index/packages/custom_interface
[0.534s] -- Up-to-date symlink: /home/xanta/tBot/botSpace/install/custom_interface/share/custom_interface/cmake/rosidl_cmake-extras.cmake
[0.534s] -- Up-to-date symlink: /home/xanta/tBot/botSpace/install/custom_interface/share/custom_interface/cmake/ament_cmake_export_include_directories-extras.cmake
[0.534s] -- Up-to-date symlink: /home/xanta/tBot/botSpace/install/custom_interface/share/custom_interface/cmake/ament_cmake_export_libraries-extras.cmake
[0.534s] -- Up-to-date symlink: /home/xanta/tBot/botSpace/install/custom_interface/share/custom_interface/cmake/ament_cmake_export_targets-extras.cmake
[0.534s] -- Up-to-date symlink: /home/xanta/tBot/botSpace/install/custom_interface/share/custom_interface/cmake/rosidl_cmake_export_typesupport_targets-extras.cmake
[0.534s] -- Up-to-date symlink: /home/xanta/tBot/botSpace/install/custom_interface/share/custom_interface/cmake/ament_cmake_export_dependencies-extras.cmake
[0.535s] -- Up-to-date symlink: /home/xanta/tBot/botSpace/install/custom_interface/share/custom_interface/cmake/rosidl_cmake_export_typesupport_libraries-extras.cmake
[0.535s] -- Up-to-date symlink: /home/xanta/tBot/botSpace/install/custom_interface/share/custom_interface/cmake/custom_interfaceConfig.cmake
[0.535s] -- Up-to-date symlink: /home/xanta/tBot/botSpace/install/custom_interface/share/custom_interface/cmake/custom_interfaceConfig-version.cmake
[0.535s] -- Up-to-date symlink: /home/xanta/tBot/botSpace/install/custom_interface/share/custom_interface/package.xml
[0.535s] -- Up-to-date: /home/xanta/tBot/botSpace/install/custom_interface/lib/libcustom_interface__rosidl_generator_c.so
[0.535s] -- Up-to-date: /home/xanta/tBot/botSpace/install/custom_interface/lib/libcustom_interface__rosidl_typesupport_fastrtps_c.so
[0.535s] -- Up-to-date: /home/xanta/tBot/botSpace/install/custom_interface/lib/libcustom_interface__rosidl_typesupport_introspection_c.so
[0.536s] -- Up-to-date: /home/xanta/tBot/botSpace/install/custom_interface/lib/libcustom_interface__rosidl_typesupport_c.so
[0.536s] -- Up-to-date: /home/xanta/tBot/botSpace/install/custom_interface/lib/libcustom_interface__rosidl_typesupport_fastrtps_cpp.so
[0.536s] -- Up-to-date: /home/xanta/tBot/botSpace/install/custom_interface/lib/libcustom_interface__rosidl_typesupport_introspection_cpp.so
[0.537s] -- Up-to-date: /home/xanta/tBot/botSpace/install/custom_interface/lib/libcustom_interface__rosidl_typesupport_cpp.so
[0.564s] Listing '/home/xanta/tBot/botSpace/install/custom_interface/local/lib/python3.10/dist-packages/custom_interface'...
[0.564s] Listing '/home/xanta/tBot/botSpace/install/custom_interface/local/lib/python3.10/dist-packages/custom_interface/msg'...
[0.564s] Listing '/home/xanta/tBot/botSpace/install/custom_interface/local/lib/python3.10/dist-packages/custom_interface/srv'...
[0.570s] -- Up-to-date: /home/xanta/tBot/botSpace/install/custom_interface/lib/libcustom_interface__rosidl_generator_py.so
[0.571s] -- Up-to-date: /home/xanta/tBot/botSpace/install/custom_interface/share/custom_interface/cmake/export_custom_interface__rosidl_generator_cExport.cmake
[0.571s] -- Up-to-date: /home/xanta/tBot/botSpace/install/custom_interface/share/custom_interface/cmake/export_custom_interface__rosidl_generator_cExport-noconfig.cmake
[0.571s] -- Up-to-date: /home/xanta/tBot/botSpace/install/custom_interface/share/custom_interface/cmake/export_custom_interface__rosidl_typesupport_fastrtps_cExport.cmake
[0.571s] -- Up-to-date: /home/xanta/tBot/botSpace/install/custom_interface/share/custom_interface/cmake/export_custom_interface__rosidl_typesupport_fastrtps_cExport-noconfig.cmake
[0.571s] -- Up-to-date: /home/xanta/tBot/botSpace/install/custom_interface/share/custom_interface/cmake/custom_interface__rosidl_typesupport_introspection_cExport.cmake
[0.571s] -- Up-to-date: /home/xanta/tBot/botSpace/install/custom_interface/share/custom_interface/cmake/custom_interface__rosidl_typesupport_introspection_cExport-noconfig.cmake
[0.572s] -- Up-to-date: /home/xanta/tBot/botSpace/install/custom_interface/share/custom_interface/cmake/custom_interface__rosidl_typesupport_cExport.cmake
[0.572s] -- Up-to-date: /home/xanta/tBot/botSpace/install/custom_interface/share/custom_interface/cmake/custom_interface__rosidl_typesupport_cExport-noconfig.cmake
[0.572s] -- Up-to-date: /home/xanta/tBot/botSpace/install/custom_interface/share/custom_interface/cmake/export_custom_interface__rosidl_generator_cppExport.cmake
[0.572s] -- Up-to-date: /home/xanta/tBot/botSpace/install/custom_interface/share/custom_interface/cmake/export_custom_interface__rosidl_typesupport_fastrtps_cppExport.cmake
[0.572s] -- Up-to-date: /home/xanta/tBot/botSpace/install/custom_interface/share/custom_interface/cmake/export_custom_interface__rosidl_typesupport_fastrtps_cppExport-noconfig.cmake
[0.572s] -- Up-to-date: /home/xanta/tBot/botSpace/install/custom_interface/share/custom_interface/cmake/custom_interface__rosidl_typesupport_introspection_cppExport.cmake
[0.572s] -- Up-to-date: /home/xanta/tBot/botSpace/install/custom_interface/share/custom_interface/cmake/custom_interface__rosidl_typesupport_introspection_cppExport-noconfig.cmake
[0.572s] -- Up-to-date: /home/xanta/tBot/botSpace/install/custom_interface/share/custom_interface/cmake/custom_interface__rosidl_typesupport_cppExport.cmake
[0.572s] -- Up-to-date: /home/xanta/tBot/botSpace/install/custom_interface/share/custom_interface/cmake/custom_interface__rosidl_typesupport_cppExport-noconfig.cmake
[0.572s] -- Up-to-date: /home/xanta/tBot/botSpace/install/custom_interface/share/custom_interface/cmake/export_custom_interface__rosidl_generator_pyExport.cmake
[0.572s] -- Up-to-date: /home/xanta/tBot/botSpace/install/custom_interface/share/custom_interface/cmake/export_custom_interface__rosidl_generator_pyExport-noconfig.cmake
[0.575s] Invoked command in '/home/xanta/tBot/botSpace/build/custom_interface' returned '0': CMAKE_PREFIX_PATH=/opt/ros/humble /usr/bin/cmake --install /home/xanta/tBot/botSpace/build/custom_interface
