[  2%] Built target custom_interface__cpp
[ 12%] Built target custom_interface__rosidl_generator_c
[ 12%] Built target ament_cmake_python_symlink_custom_interface
[ 36%] Built target custom_interface__rosidl_typesupport_fastrtps_cpp
[ 36%] Built target custom_interface__rosidl_typesupport_introspection_cpp
[ 44%] Built target custom_interface__rosidl_typesupport_cpp
[ 63%] Built target custom_interface__rosidl_typesupport_introspection_c
[ 65%] Built target custom_interface__rosidl_typesupport_c
[ 76%] Built target custom_interface__rosidl_typesupport_fastrtps_c
[ 76%] Built target custom_interface
[ 78%] Built target custom_interface__py
[ 87%] Built target custom_interface__rosidl_generator_py
[100%] Built target custom_interface__rosidl_typesupport_introspection_c__pyext
[100%] Built target custom_interface__rosidl_typesupport_c__pyext
[100%] Built target custom_interface__rosidl_typesupport_fastrtps_c__pyext
running egg_info
writing custom_interface.egg-info/PKG-INFO
writing dependency_links to custom_interface.egg-info/dependency_links.txt
writing top-level names to custom_interface.egg-info/top_level.txt
reading manifest file 'custom_interface.egg-info/SOURCES.txt'
writing manifest file 'custom_interface.egg-info/SOURCES.txt'
[100%] Built target ament_cmake_python_build_custom_interface_egg
