running develop
running egg_info
creating tbmain.egg-info
writing tbmain.egg-info/PKG-INFO
writing dependency_links to tbmain.egg-info/dependency_links.txt
writing entry points to tbmain.egg-info/entry_points.txt
writing requirements to tbmain.egg-info/requires.txt
writing top-level names to tbmain.egg-info/top_level.txt
writing manifest file 'tbmain.egg-info/SOURCES.txt'
reading manifest file 'tbmain.egg-info/SOURCES.txt'
writing manifest file 'tbmain.egg-info/SOURCES.txt'
running build_ext
Creating /home/xanta/tBot/botSpace/install/tbmain/lib/python3.10/site-packages/tbmain.egg-link (link to .)

Installed /home/xanta/tBot/botSpace/build/tbmain
running symlink_data
creating /home/xanta/tBot/botSpace/install/tbmain/share/ament_index
creating /home/xanta/tBot/botSpace/install/tbmain/share/ament_index/resource_index
creating /home/xanta/tBot/botSpace/install/tbmain/share/ament_index/resource_index/packages
symbolically linking /home/xanta/tBot/botSpace/build/tbmain/resource/tbmain -> /home/xanta/tBot/botSpace/install/tbmain/share/ament_index/resource_index/packages
symbolically linking /home/xanta/tBot/botSpace/build/tbmain/package.xml -> /home/xanta/tBot/botSpace/install/tbmain/share/tbmain
