[0.104s] DEBUG:colcon:Command line arguments: ['/usr/bin/colcon', 'build', '--symlink-install']
[0.105s] DEBUG:colcon:Parsed command line arguments: Namespace(log_base=None, log_level=None, verb_name='build', build_base='build', install_base='install', merge_install=False, symlink_install=True, test_result_base=None, continue_on_error=False, executor='parallel', parallel_workers=16, event_handlers=None, ignore_user_meta=False, metas=['./colcon.meta'], base_paths=['.'], packages_ignore=None, packages_ignore_regex=None, paths=None, packages_up_to=None, packages_up_to_regex=None, packages_above=None, packages_above_and_dependencies=None, packages_above_depth=None, packages_select_by_dep=None, packages_skip_by_dep=None, packages_skip_up_to=None, packages_select_build_failed=False, packages_skip_build_finished=False, packages_select_test_failures=False, packages_skip_test_passed=False, packages_select=None, packages_skip=None, packages_select_regex=None, packages_skip_regex=None, packages_start=None, packages_end=None, allow_overriding=[], cmake_args=None, cmake_target=None, cmake_target_skip_unavailable=False, cmake_clean_cache=False, cmake_clean_first=False, cmake_force_configure=False, ament_cmake_args=None, catkin_cmake_args=None, catkin_skip_building_tests=False, verb_parser=<colcon_defaults.argument_parser.defaults.DefaultArgumentsDecorator object at 0x77bb1232c580>, verb_extension=<colcon_core.verb.build.BuildVerb object at 0x77bb1232c130>, main=<bound method BuildVerb.main of <colcon_core.verb.build.BuildVerb object at 0x77bb1232c130>>)
[0.294s] Level 1:colcon.colcon_core.package_discovery:discover_packages(colcon_meta) check parameters
[0.294s] Level 1:colcon.colcon_core.package_discovery:discover_packages(recursive) check parameters
[0.294s] Level 1:colcon.colcon_core.package_discovery:discover_packages(ignore) check parameters
[0.294s] Level 1:colcon.colcon_core.package_discovery:discover_packages(path) check parameters
[0.294s] Level 1:colcon.colcon_core.package_discovery:discover_packages(colcon_meta) discover
[0.294s] Level 1:colcon.colcon_core.package_discovery:discover_packages(recursive) discover
[0.294s] INFO:colcon.colcon_core.package_discovery:Crawling recursively for packages in '/home/xanta/tBot/botSpace'
[0.294s] Level 1:colcon.colcon_core.package_identification:_identify(.) by extensions ['ignore', 'ignore_ament_install']
[0.294s] Level 1:colcon.colcon_core.package_identification:_identify(.) by extension 'ignore'
[0.295s] Level 1:colcon.colcon_core.package_identification:_identify(.) by extension 'ignore_ament_install'
[0.295s] Level 1:colcon.colcon_core.package_identification:_identify(.) by extensions ['colcon_pkg']
[0.295s] Level 1:colcon.colcon_core.package_identification:_identify(.) by extension 'colcon_pkg'
[0.295s] Level 1:colcon.colcon_core.package_identification:_identify(.) by extensions ['colcon_meta']
[0.295s] Level 1:colcon.colcon_core.package_identification:_identify(.) by extension 'colcon_meta'
[0.295s] Level 1:colcon.colcon_core.package_identification:_identify(.) by extensions ['ros']
[0.295s] Level 1:colcon.colcon_core.package_identification:_identify(.) by extension 'ros'
[0.305s] Level 1:colcon.colcon_core.package_identification:_identify(.) by extensions ['cmake', 'python']
[0.305s] Level 1:colcon.colcon_core.package_identification:_identify(.) by extension 'cmake'
[0.305s] Level 1:colcon.colcon_core.package_identification:_identify(.) by extension 'python'
[0.305s] Level 1:colcon.colcon_core.package_identification:_identify(.) by extensions ['python_setup_py']
[0.305s] Level 1:colcon.colcon_core.package_identification:_identify(.) by extension 'python_setup_py'
[0.305s] Level 1:colcon.colcon_core.package_identification:_identify(build) by extensions ['ignore', 'ignore_ament_install']
[0.305s] Level 1:colcon.colcon_core.package_identification:_identify(build) by extension 'ignore'
[0.305s] Level 1:colcon.colcon_core.package_identification:_identify(build) ignored
[0.305s] Level 1:colcon.colcon_core.package_identification:_identify(install) by extensions ['ignore', 'ignore_ament_install']
[0.305s] Level 1:colcon.colcon_core.package_identification:_identify(install) by extension 'ignore'
[0.305s] Level 1:colcon.colcon_core.package_identification:_identify(install) ignored
[0.305s] Level 1:colcon.colcon_core.package_identification:_identify(log) by extensions ['ignore', 'ignore_ament_install']
[0.305s] Level 1:colcon.colcon_core.package_identification:_identify(log) by extension 'ignore'
[0.306s] Level 1:colcon.colcon_core.package_identification:_identify(log) ignored
[0.306s] Level 1:colcon.colcon_core.package_identification:_identify(src) by extensions ['ignore', 'ignore_ament_install']
[0.306s] Level 1:colcon.colcon_core.package_identification:_identify(src) by extension 'ignore'
[0.306s] Level 1:colcon.colcon_core.package_identification:_identify(src) by extension 'ignore_ament_install'
[0.306s] Level 1:colcon.colcon_core.package_identification:_identify(src) by extensions ['colcon_pkg']
[0.306s] Level 1:colcon.colcon_core.package_identification:_identify(src) by extension 'colcon_pkg'
[0.306s] Level 1:colcon.colcon_core.package_identification:_identify(src) by extensions ['colcon_meta']
[0.306s] Level 1:colcon.colcon_core.package_identification:_identify(src) by extension 'colcon_meta'
[0.306s] Level 1:colcon.colcon_core.package_identification:_identify(src) by extensions ['ros']
[0.306s] Level 1:colcon.colcon_core.package_identification:_identify(src) by extension 'ros'
[0.306s] Level 1:colcon.colcon_core.package_identification:_identify(src) by extensions ['cmake', 'python']
[0.306s] Level 1:colcon.colcon_core.package_identification:_identify(src) by extension 'cmake'
[0.306s] Level 1:colcon.colcon_core.package_identification:_identify(src) by extension 'python'
[0.306s] Level 1:colcon.colcon_core.package_identification:_identify(src) by extensions ['python_setup_py']
[0.306s] Level 1:colcon.colcon_core.package_identification:_identify(src) by extension 'python_setup_py'
[0.306s] Level 1:colcon.colcon_core.package_identification:_identify(src/custom_interface) by extensions ['ignore', 'ignore_ament_install']
[0.306s] Level 1:colcon.colcon_core.package_identification:_identify(src/custom_interface) by extension 'ignore'
[0.306s] Level 1:colcon.colcon_core.package_identification:_identify(src/custom_interface) by extension 'ignore_ament_install'
[0.306s] Level 1:colcon.colcon_core.package_identification:_identify(src/custom_interface) by extensions ['colcon_pkg']
[0.306s] Level 1:colcon.colcon_core.package_identification:_identify(src/custom_interface) by extension 'colcon_pkg'
[0.306s] Level 1:colcon.colcon_core.package_identification:_identify(src/custom_interface) by extensions ['colcon_meta']
[0.306s] Level 1:colcon.colcon_core.package_identification:_identify(src/custom_interface) by extension 'colcon_meta'
[0.306s] Level 1:colcon.colcon_core.package_identification:_identify(src/custom_interface) by extensions ['ros']
[0.307s] Level 1:colcon.colcon_core.package_identification:_identify(src/custom_interface) by extension 'ros'
[0.309s] DEBUG:colcon.colcon_core.package_identification:Package 'src/custom_interface' with type 'ros.ament_cmake' and name 'custom_interface'
[0.309s] Level 1:colcon.colcon_core.package_identification:_identify(src/tbcontrol) by extensions ['ignore', 'ignore_ament_install']
[0.309s] Level 1:colcon.colcon_core.package_identification:_identify(src/tbcontrol) by extension 'ignore'
[0.309s] Level 1:colcon.colcon_core.package_identification:_identify(src/tbcontrol) by extension 'ignore_ament_install'
[0.309s] Level 1:colcon.colcon_core.package_identification:_identify(src/tbcontrol) by extensions ['colcon_pkg']
[0.309s] Level 1:colcon.colcon_core.package_identification:_identify(src/tbcontrol) by extension 'colcon_pkg'
[0.309s] Level 1:colcon.colcon_core.package_identification:_identify(src/tbcontrol) by extensions ['colcon_meta']
[0.309s] Level 1:colcon.colcon_core.package_identification:_identify(src/tbcontrol) by extension 'colcon_meta'
[0.309s] Level 1:colcon.colcon_core.package_identification:_identify(src/tbcontrol) by extensions ['ros']
[0.309s] Level 1:colcon.colcon_core.package_identification:_identify(src/tbcontrol) by extension 'ros'
[0.310s] DEBUG:colcon.colcon_core.package_identification:Package 'src/tbcontrol' with type 'ros.ament_python' and name 'tbcontrol'
[0.310s] Level 1:colcon.colcon_core.package_identification:_identify(src/tbmain) by extensions ['ignore', 'ignore_ament_install']
[0.310s] Level 1:colcon.colcon_core.package_identification:_identify(src/tbmain) by extension 'ignore'
[0.310s] Level 1:colcon.colcon_core.package_identification:_identify(src/tbmain) by extension 'ignore_ament_install'
[0.310s] Level 1:colcon.colcon_core.package_identification:_identify(src/tbmain) by extensions ['colcon_pkg']
[0.310s] Level 1:colcon.colcon_core.package_identification:_identify(src/tbmain) by extension 'colcon_pkg'
[0.310s] Level 1:colcon.colcon_core.package_identification:_identify(src/tbmain) by extensions ['colcon_meta']
[0.310s] Level 1:colcon.colcon_core.package_identification:_identify(src/tbmain) by extension 'colcon_meta'
[0.310s] Level 1:colcon.colcon_core.package_identification:_identify(src/tbmain) by extensions ['ros']
[0.310s] Level 1:colcon.colcon_core.package_identification:_identify(src/tbmain) by extension 'ros'
[0.310s] DEBUG:colcon.colcon_core.package_identification:Package 'src/tbmain' with type 'ros.ament_python' and name 'tbmain'
[0.310s] Level 1:colcon.colcon_core.package_discovery:discover_packages(recursive) using defaults
[0.310s] Level 1:colcon.colcon_core.package_discovery:discover_packages(ignore) discover
[0.310s] Level 1:colcon.colcon_core.package_discovery:discover_packages(ignore) using defaults
[0.310s] Level 1:colcon.colcon_core.package_discovery:discover_packages(path) discover
[0.311s] Level 1:colcon.colcon_core.package_discovery:discover_packages(path) using defaults
[0.358s] Level 1:colcon.colcon_core.package_discovery:discover_packages(prefix_path) check parameters
[0.358s] Level 1:colcon.colcon_core.package_discovery:discover_packages(prefix_path) discover
[0.360s] DEBUG:colcon.colcon_installed_package_information.package_discovery:Found 3 installed packages in /home/xanta/tBot/botSpace/install
[0.362s] DEBUG:colcon.colcon_installed_package_information.package_discovery:Found 320 installed packages in /opt/ros/humble
[0.363s] Level 1:colcon.colcon_core.package_discovery:discover_packages(prefix_path) using defaults
[0.397s] Level 5:colcon.colcon_core.verb:set package 'custom_interface' build argument 'cmake_args' from command line to 'None'
[0.397s] Level 5:colcon.colcon_core.verb:set package 'custom_interface' build argument 'cmake_target' from command line to 'None'
[0.397s] Level 5:colcon.colcon_core.verb:set package 'custom_interface' build argument 'cmake_target_skip_unavailable' from command line to 'False'
[0.397s] Level 5:colcon.colcon_core.verb:set package 'custom_interface' build argument 'cmake_clean_cache' from command line to 'False'
[0.397s] Level 5:colcon.colcon_core.verb:set package 'custom_interface' build argument 'cmake_clean_first' from command line to 'False'
[0.397s] Level 5:colcon.colcon_core.verb:set package 'custom_interface' build argument 'cmake_force_configure' from command line to 'False'
[0.398s] Level 5:colcon.colcon_core.verb:set package 'custom_interface' build argument 'ament_cmake_args' from command line to 'None'
[0.398s] Level 5:colcon.colcon_core.verb:set package 'custom_interface' build argument 'catkin_cmake_args' from command line to 'None'
[0.398s] Level 5:colcon.colcon_core.verb:set package 'custom_interface' build argument 'catkin_skip_building_tests' from command line to 'False'
[0.398s] DEBUG:colcon.colcon_core.verb:Building package 'custom_interface' with the following arguments: {'ament_cmake_args': None, 'build_base': '/home/xanta/tBot/botSpace/build/custom_interface', 'catkin_cmake_args': None, 'catkin_skip_building_tests': False, 'cmake_args': None, 'cmake_clean_cache': False, 'cmake_clean_first': False, 'cmake_force_configure': False, 'cmake_target': None, 'cmake_target_skip_unavailable': False, 'install_base': '/home/xanta/tBot/botSpace/install/custom_interface', 'merge_install': False, 'path': '/home/xanta/tBot/botSpace/src/custom_interface', 'symlink_install': True, 'test_result_base': None}
[0.398s] Level 5:colcon.colcon_core.verb:set package 'tbmain' build argument 'cmake_args' from command line to 'None'
[0.398s] Level 5:colcon.colcon_core.verb:set package 'tbmain' build argument 'cmake_target' from command line to 'None'
[0.398s] Level 5:colcon.colcon_core.verb:set package 'tbmain' build argument 'cmake_target_skip_unavailable' from command line to 'False'
[0.398s] Level 5:colcon.colcon_core.verb:set package 'tbmain' build argument 'cmake_clean_cache' from command line to 'False'
[0.398s] Level 5:colcon.colcon_core.verb:set package 'tbmain' build argument 'cmake_clean_first' from command line to 'False'
[0.398s] Level 5:colcon.colcon_core.verb:set package 'tbmain' build argument 'cmake_force_configure' from command line to 'False'
[0.398s] Level 5:colcon.colcon_core.verb:set package 'tbmain' build argument 'ament_cmake_args' from command line to 'None'
[0.398s] Level 5:colcon.colcon_core.verb:set package 'tbmain' build argument 'catkin_cmake_args' from command line to 'None'
[0.398s] Level 5:colcon.colcon_core.verb:set package 'tbmain' build argument 'catkin_skip_building_tests' from command line to 'False'
[0.398s] DEBUG:colcon.colcon_core.verb:Building package 'tbmain' with the following arguments: {'ament_cmake_args': None, 'build_base': '/home/xanta/tBot/botSpace/build/tbmain', 'catkin_cmake_args': None, 'catkin_skip_building_tests': False, 'cmake_args': None, 'cmake_clean_cache': False, 'cmake_clean_first': False, 'cmake_force_configure': False, 'cmake_target': None, 'cmake_target_skip_unavailable': False, 'install_base': '/home/xanta/tBot/botSpace/install/tbmain', 'merge_install': False, 'path': '/home/xanta/tBot/botSpace/src/tbmain', 'symlink_install': True, 'test_result_base': None}
[0.398s] Level 5:colcon.colcon_core.verb:set package 'tbcontrol' build argument 'cmake_args' from command line to 'None'
[0.398s] Level 5:colcon.colcon_core.verb:set package 'tbcontrol' build argument 'cmake_target' from command line to 'None'
[0.398s] Level 5:colcon.colcon_core.verb:set package 'tbcontrol' build argument 'cmake_target_skip_unavailable' from command line to 'False'
[0.398s] Level 5:colcon.colcon_core.verb:set package 'tbcontrol' build argument 'cmake_clean_cache' from command line to 'False'
[0.398s] Level 5:colcon.colcon_core.verb:set package 'tbcontrol' build argument 'cmake_clean_first' from command line to 'False'
[0.398s] Level 5:colcon.colcon_core.verb:set package 'tbcontrol' build argument 'cmake_force_configure' from command line to 'False'
[0.398s] Level 5:colcon.colcon_core.verb:set package 'tbcontrol' build argument 'ament_cmake_args' from command line to 'None'
[0.398s] Level 5:colcon.colcon_core.verb:set package 'tbcontrol' build argument 'catkin_cmake_args' from command line to 'None'
[0.398s] Level 5:colcon.colcon_core.verb:set package 'tbcontrol' build argument 'catkin_skip_building_tests' from command line to 'False'
[0.399s] DEBUG:colcon.colcon_core.verb:Building package 'tbcontrol' with the following arguments: {'ament_cmake_args': None, 'build_base': '/home/xanta/tBot/botSpace/build/tbcontrol', 'catkin_cmake_args': None, 'catkin_skip_building_tests': False, 'cmake_args': None, 'cmake_clean_cache': False, 'cmake_clean_first': False, 'cmake_force_configure': False, 'cmake_target': None, 'cmake_target_skip_unavailable': False, 'install_base': '/home/xanta/tBot/botSpace/install/tbcontrol', 'merge_install': False, 'path': '/home/xanta/tBot/botSpace/src/tbcontrol', 'symlink_install': True, 'test_result_base': None}
[0.399s] INFO:colcon.colcon_core.executor:Executing jobs using 'parallel' executor
[0.401s] DEBUG:colcon.colcon_parallel_executor.executor.parallel:run_until_complete
[0.401s] INFO:colcon.colcon_ros.task.ament_cmake.build:Building ROS package in '/home/xanta/tBot/botSpace/src/custom_interface' with build type 'ament_cmake'
[0.401s] INFO:colcon.colcon_cmake.task.cmake.build:Building CMake package in '/home/xanta/tBot/botSpace/src/custom_interface'
[0.404s] INFO:colcon.colcon_core.plugin_system:Skipping extension 'colcon_core.shell.bat': Not used on non-Windows systems
[0.404s] INFO:colcon.colcon_core.shell:Skip shell extension 'powershell' for command environment: Not usable outside of PowerShell
[0.404s] DEBUG:colcon.colcon_core.shell:Skip shell extension 'dsv' for command environment
[0.408s] INFO:colcon.colcon_ros.task.ament_python.build:Building ROS package in '/home/xanta/tBot/botSpace/src/tbmain' with build type 'ament_python'
[0.408s] Level 1:colcon.colcon_core.shell:create_environment_hook('tbmain', 'ament_prefix_path')
[0.408s] INFO:colcon.colcon_core.shell:Creating environment hook '/home/xanta/tBot/botSpace/install/tbmain/share/tbmain/hook/ament_prefix_path.ps1'
[0.409s] INFO:colcon.colcon_core.shell:Creating environment descriptor '/home/xanta/tBot/botSpace/install/tbmain/share/tbmain/hook/ament_prefix_path.dsv'
[0.409s] INFO:colcon.colcon_core.shell:Creating environment hook '/home/xanta/tBot/botSpace/install/tbmain/share/tbmain/hook/ament_prefix_path.sh'
[0.410s] INFO:colcon.colcon_core.shell:Skip shell extension 'powershell' for command environment: Not usable outside of PowerShell
[0.410s] DEBUG:colcon.colcon_core.shell:Skip shell extension 'dsv' for command environment
[0.419s] DEBUG:colcon.colcon_core.event_handler.log_command:Invoking command in '/home/xanta/tBot/botSpace/build/custom_interface': CMAKE_PREFIX_PATH=${CMAKE_PREFIX_PATH}:/home/xanta/tBot/botSpace/install/tbmain:/home/xanta/tBot/botSpace/install/tbcontrol:/opt/ros/humble /usr/bin/cmake --build /home/xanta/tBot/botSpace/build/custom_interface -- -j16 -l16
[0.727s] INFO:colcon.colcon_core.task.python.build:Building Python package in '/home/xanta/tBot/botSpace/src/tbmain'
[0.728s] INFO:colcon.colcon_core.shell:Skip shell extension 'powershell' for command environment: Not usable outside of PowerShell
[0.728s] DEBUG:colcon.colcon_core.shell:Skip shell extension 'dsv' for command environment
[0.900s] DEBUG:colcon.colcon_core.event_handler.log_command:Invoked command in '/home/xanta/tBot/botSpace/build/custom_interface' returned '0': CMAKE_PREFIX_PATH=${CMAKE_PREFIX_PATH}:/home/xanta/tBot/botSpace/install/tbmain:/home/xanta/tBot/botSpace/install/tbcontrol:/opt/ros/humble /usr/bin/cmake --build /home/xanta/tBot/botSpace/build/custom_interface -- -j16 -l16
[1.060s] DEBUG:colcon.colcon_core.event_handler.log_command:Invoking command in '/home/xanta/tBot/botSpace/build/custom_interface': CMAKE_PREFIX_PATH=${CMAKE_PREFIX_PATH}:/home/xanta/tBot/botSpace/install/tbmain:/home/xanta/tBot/botSpace/install/tbcontrol:/opt/ros/humble /usr/bin/cmake --install /home/xanta/tBot/botSpace/build/custom_interface
[1.151s] Level 1:colcon.colcon_core.environment:create_environment_scripts_only(custom_interface)
[1.152s] DEBUG:colcon.colcon_core.event_handler.log_command:Invoked command in '/home/xanta/tBot/botSpace/build/custom_interface' returned '0': CMAKE_PREFIX_PATH=${CMAKE_PREFIX_PATH}:/home/xanta/tBot/botSpace/install/tbmain:/home/xanta/tBot/botSpace/install/tbcontrol:/opt/ros/humble /usr/bin/cmake --install /home/xanta/tBot/botSpace/build/custom_interface
[1.155s] Level 1:colcon.colcon_core.environment:checking '/home/xanta/tBot/botSpace/install/custom_interface' for CMake module files
[1.156s] Level 1:colcon.colcon_core.environment:checking '/home/xanta/tBot/botSpace/install/custom_interface' for CMake config files
[1.157s] Level 1:colcon.colcon_core.shell:create_environment_hook('custom_interface', 'cmake_prefix_path')
[1.157s] INFO:colcon.colcon_core.shell:Creating environment hook '/home/xanta/tBot/botSpace/install/custom_interface/share/custom_interface/hook/cmake_prefix_path.ps1'
[1.158s] INFO:colcon.colcon_core.shell:Creating environment descriptor '/home/xanta/tBot/botSpace/install/custom_interface/share/custom_interface/hook/cmake_prefix_path.dsv'
[1.158s] INFO:colcon.colcon_core.shell:Creating environment hook '/home/xanta/tBot/botSpace/install/custom_interface/share/custom_interface/hook/cmake_prefix_path.sh'
[1.159s] Level 1:colcon.colcon_core.environment:checking '/home/xanta/tBot/botSpace/install/custom_interface/lib'
[1.159s] Level 1:colcon.colcon_core.shell:create_environment_hook('custom_interface', 'ld_library_path_lib')
[1.160s] INFO:colcon.colcon_core.shell:Creating environment hook '/home/xanta/tBot/botSpace/install/custom_interface/share/custom_interface/hook/ld_library_path_lib.ps1'
[1.160s] INFO:colcon.colcon_core.shell:Creating environment descriptor '/home/xanta/tBot/botSpace/install/custom_interface/share/custom_interface/hook/ld_library_path_lib.dsv'
[1.160s] INFO:colcon.colcon_core.shell:Creating environment hook '/home/xanta/tBot/botSpace/install/custom_interface/share/custom_interface/hook/ld_library_path_lib.sh'
[1.161s] Level 1:colcon.colcon_core.environment:checking '/home/xanta/tBot/botSpace/install/custom_interface/bin'
[1.161s] Level 1:colcon.colcon_core.environment:checking '/home/xanta/tBot/botSpace/install/custom_interface/lib/pkgconfig/custom_interface.pc'
[1.161s] Level 1:colcon.colcon_core.environment:checking '/home/xanta/tBot/botSpace/install/custom_interface/lib/python3.10/site-packages'
[1.161s] Level 1:colcon.colcon_core.environment:checking '/home/xanta/tBot/botSpace/install/custom_interface/bin'
[1.162s] INFO:colcon.colcon_core.shell:Creating package script '/home/xanta/tBot/botSpace/install/custom_interface/share/custom_interface/package.ps1'
[1.163s] INFO:colcon.colcon_core.shell:Creating package descriptor '/home/xanta/tBot/botSpace/install/custom_interface/share/custom_interface/package.dsv'
[1.164s] INFO:colcon.colcon_core.shell:Creating package script '/home/xanta/tBot/botSpace/install/custom_interface/share/custom_interface/package.sh'
[1.165s] INFO:colcon.colcon_core.shell:Creating package script '/home/xanta/tBot/botSpace/install/custom_interface/share/custom_interface/package.bash'
[1.166s] INFO:colcon.colcon_core.shell:Creating package script '/home/xanta/tBot/botSpace/install/custom_interface/share/custom_interface/package.zsh'
[1.167s] Level 1:colcon.colcon_core.environment:create_file_with_runtime_dependencies(/home/xanta/tBot/botSpace/install/custom_interface/share/colcon-core/packages/custom_interface)
[1.212s] DEBUG:colcon.colcon_core.event_handler.log_command:Invoking command in '/home/xanta/tBot/botSpace/build/tbmain': PYTHONPATH=/home/xanta/tBot/botSpace/build/tbmain/prefix_override:/home/xanta/tBot/botSpace/install/tbmain/lib/python3.10/site-packages:${PYTHONPATH} /usr/bin/python3 -W ignore:setup.py install is deprecated setup.py develop --editable --build-directory /home/xanta/tBot/botSpace/build/tbmain/build --no-deps symlink_data
[1.312s] Level 1:colcon.colcon_core.environment:create_environment_scripts_only(custom_interface)
[1.312s] Level 1:colcon.colcon_core.environment:checking '/home/xanta/tBot/botSpace/install/custom_interface' for CMake module files
[1.313s] Level 1:colcon.colcon_core.environment:checking '/home/xanta/tBot/botSpace/install/custom_interface' for CMake config files
[1.314s] Level 1:colcon.colcon_core.shell:create_environment_hook('custom_interface', 'cmake_prefix_path')
[1.314s] INFO:colcon.colcon_core.shell:Creating environment hook '/home/xanta/tBot/botSpace/install/custom_interface/share/custom_interface/hook/cmake_prefix_path.ps1'
[1.315s] INFO:colcon.colcon_core.shell:Creating environment descriptor '/home/xanta/tBot/botSpace/install/custom_interface/share/custom_interface/hook/cmake_prefix_path.dsv'
[1.315s] INFO:colcon.colcon_core.shell:Creating environment hook '/home/xanta/tBot/botSpace/install/custom_interface/share/custom_interface/hook/cmake_prefix_path.sh'
[1.316s] Level 1:colcon.colcon_core.environment:checking '/home/xanta/tBot/botSpace/install/custom_interface/lib'
[1.316s] Level 1:colcon.colcon_core.shell:create_environment_hook('custom_interface', 'ld_library_path_lib')
[1.316s] INFO:colcon.colcon_core.shell:Creating environment hook '/home/xanta/tBot/botSpace/install/custom_interface/share/custom_interface/hook/ld_library_path_lib.ps1'
[1.316s] INFO:colcon.colcon_core.shell:Creating environment descriptor '/home/xanta/tBot/botSpace/install/custom_interface/share/custom_interface/hook/ld_library_path_lib.dsv'
[1.316s] INFO:colcon.colcon_core.shell:Creating environment hook '/home/xanta/tBot/botSpace/install/custom_interface/share/custom_interface/hook/ld_library_path_lib.sh'
[1.317s] Level 1:colcon.colcon_core.environment:checking '/home/xanta/tBot/botSpace/install/custom_interface/bin'
[1.317s] Level 1:colcon.colcon_core.environment:checking '/home/xanta/tBot/botSpace/install/custom_interface/lib/pkgconfig/custom_interface.pc'
[1.317s] Level 1:colcon.colcon_core.environment:checking '/home/xanta/tBot/botSpace/install/custom_interface/lib/python3.10/site-packages'
[1.317s] Level 1:colcon.colcon_core.environment:checking '/home/xanta/tBot/botSpace/install/custom_interface/bin'
[1.317s] INFO:colcon.colcon_core.shell:Creating package script '/home/xanta/tBot/botSpace/install/custom_interface/share/custom_interface/package.ps1'
[1.318s] INFO:colcon.colcon_core.shell:Creating package descriptor '/home/xanta/tBot/botSpace/install/custom_interface/share/custom_interface/package.dsv'
[1.318s] INFO:colcon.colcon_core.shell:Creating package script '/home/xanta/tBot/botSpace/install/custom_interface/share/custom_interface/package.sh'
[1.319s] INFO:colcon.colcon_core.shell:Creating package script '/home/xanta/tBot/botSpace/install/custom_interface/share/custom_interface/package.bash'
[1.319s] INFO:colcon.colcon_core.shell:Creating package script '/home/xanta/tBot/botSpace/install/custom_interface/share/custom_interface/package.zsh'
[1.319s] Level 1:colcon.colcon_core.environment:create_file_with_runtime_dependencies(/home/xanta/tBot/botSpace/install/custom_interface/share/colcon-core/packages/custom_interface)
[1.320s] INFO:colcon.colcon_ros.task.ament_python.build:Building ROS package in '/home/xanta/tBot/botSpace/src/tbcontrol' with build type 'ament_python'
[1.320s] Level 1:colcon.colcon_core.shell:create_environment_hook('tbcontrol', 'ament_prefix_path')
[1.320s] INFO:colcon.colcon_core.shell:Creating environment hook '/home/xanta/tBot/botSpace/install/tbcontrol/share/tbcontrol/hook/ament_prefix_path.ps1'
[1.321s] INFO:colcon.colcon_core.shell:Creating environment descriptor '/home/xanta/tBot/botSpace/install/tbcontrol/share/tbcontrol/hook/ament_prefix_path.dsv'
[1.321s] INFO:colcon.colcon_core.shell:Creating environment hook '/home/xanta/tBot/botSpace/install/tbcontrol/share/tbcontrol/hook/ament_prefix_path.sh'
[1.322s] INFO:colcon.colcon_core.shell:Skip shell extension 'powershell' for command environment: Not usable outside of PowerShell
[1.322s] DEBUG:colcon.colcon_core.shell:Skip shell extension 'dsv' for command environment
[1.586s] INFO:colcon.colcon_core.task.python.build:Building Python package in '/home/xanta/tBot/botSpace/src/tbcontrol'
[1.587s] INFO:colcon.colcon_core.shell:Skip shell extension 'powershell' for command environment: Not usable outside of PowerShell
[1.587s] DEBUG:colcon.colcon_core.shell:Skip shell extension 'dsv' for command environment
[1.678s] Level 1:colcon.colcon_core.shell:create_environment_hook('tbmain', 'pythonpath_develop')
[1.679s] INFO:colcon.colcon_core.shell:Creating environment hook '/home/xanta/tBot/botSpace/build/tbmain/share/tbmain/hook/pythonpath_develop.ps1'
[1.680s] DEBUG:colcon.colcon_core.event_handler.log_command:Invoked command in '/home/xanta/tBot/botSpace/build/tbmain' returned '0': PYTHONPATH=/home/xanta/tBot/botSpace/build/tbmain/prefix_override:/home/xanta/tBot/botSpace/install/tbmain/lib/python3.10/site-packages:${PYTHONPATH} /usr/bin/python3 -W ignore:setup.py install is deprecated setup.py develop --editable --build-directory /home/xanta/tBot/botSpace/build/tbmain/build --no-deps symlink_data
[1.680s] INFO:colcon.colcon_core.shell:Creating environment descriptor '/home/xanta/tBot/botSpace/build/tbmain/share/tbmain/hook/pythonpath_develop.dsv'
[1.680s] INFO:colcon.colcon_core.shell:Creating environment hook '/home/xanta/tBot/botSpace/build/tbmain/share/tbmain/hook/pythonpath_develop.sh'
[1.681s] Level 1:colcon.colcon_core.environment:checking '/home/xanta/tBot/botSpace/install/tbmain' for CMake module files
[1.681s] Level 1:colcon.colcon_core.environment:checking '/home/xanta/tBot/botSpace/install/tbmain' for CMake config files
[1.682s] Level 1:colcon.colcon_core.environment:checking '/home/xanta/tBot/botSpace/install/tbmain/lib'
[1.682s] Level 1:colcon.colcon_core.environment:checking '/home/xanta/tBot/botSpace/install/tbmain/bin'
[1.682s] Level 1:colcon.colcon_core.environment:checking '/home/xanta/tBot/botSpace/install/tbmain/lib/pkgconfig/tbmain.pc'
[1.682s] Level 1:colcon.colcon_core.environment:checking '/home/xanta/tBot/botSpace/install/tbmain/lib/python3.10/site-packages'
[1.682s] Level 1:colcon.colcon_core.shell:create_environment_hook('tbmain', 'pythonpath')
[1.683s] INFO:colcon.colcon_core.shell:Creating environment hook '/home/xanta/tBot/botSpace/install/tbmain/share/tbmain/hook/pythonpath.ps1'
[1.683s] INFO:colcon.colcon_core.shell:Creating environment descriptor '/home/xanta/tBot/botSpace/install/tbmain/share/tbmain/hook/pythonpath.dsv'
[1.683s] INFO:colcon.colcon_core.shell:Creating environment hook '/home/xanta/tBot/botSpace/install/tbmain/share/tbmain/hook/pythonpath.sh'
[1.684s] Level 1:colcon.colcon_core.environment:checking '/home/xanta/tBot/botSpace/install/tbmain/bin'
[1.684s] Level 1:colcon.colcon_core.environment:create_environment_scripts_only(tbmain)
[1.684s] INFO:colcon.colcon_core.shell:Creating package script '/home/xanta/tBot/botSpace/install/tbmain/share/tbmain/package.ps1'
[1.685s] INFO:colcon.colcon_core.shell:Creating package descriptor '/home/xanta/tBot/botSpace/install/tbmain/share/tbmain/package.dsv'
[1.685s] INFO:colcon.colcon_core.shell:Creating package script '/home/xanta/tBot/botSpace/install/tbmain/share/tbmain/package.sh'
[1.685s] INFO:colcon.colcon_core.shell:Creating package script '/home/xanta/tBot/botSpace/install/tbmain/share/tbmain/package.bash'
[1.686s] INFO:colcon.colcon_core.shell:Creating package script '/home/xanta/tBot/botSpace/install/tbmain/share/tbmain/package.zsh'
[1.686s] Level 1:colcon.colcon_core.environment:create_file_with_runtime_dependencies(/home/xanta/tBot/botSpace/install/tbmain/share/colcon-core/packages/tbmain)
[1.979s] DEBUG:colcon.colcon_core.event_handler.log_command:Invoking command in '/home/xanta/tBot/botSpace/build/tbcontrol': PYTHONPATH=/home/xanta/tBot/botSpace/build/tbcontrol/prefix_override:/home/xanta/tBot/botSpace/install/tbcontrol/lib/python3.10/site-packages:${PYTHONPATH} /usr/bin/python3 -W ignore:setup.py install is deprecated setup.py develop --editable --build-directory /home/xanta/tBot/botSpace/build/tbcontrol/build --no-deps symlink_data
[2.424s] Level 1:colcon.colcon_core.shell:create_environment_hook('tbcontrol', 'pythonpath_develop')
[2.425s] INFO:colcon.colcon_core.shell:Creating environment hook '/home/xanta/tBot/botSpace/build/tbcontrol/share/tbcontrol/hook/pythonpath_develop.ps1'
[2.426s] DEBUG:colcon.colcon_core.event_handler.log_command:Invoked command in '/home/xanta/tBot/botSpace/build/tbcontrol' returned '0': PYTHONPATH=/home/xanta/tBot/botSpace/build/tbcontrol/prefix_override:/home/xanta/tBot/botSpace/install/tbcontrol/lib/python3.10/site-packages:${PYTHONPATH} /usr/bin/python3 -W ignore:setup.py install is deprecated setup.py develop --editable --build-directory /home/xanta/tBot/botSpace/build/tbcontrol/build --no-deps symlink_data
[2.426s] INFO:colcon.colcon_core.shell:Creating environment descriptor '/home/xanta/tBot/botSpace/build/tbcontrol/share/tbcontrol/hook/pythonpath_develop.dsv'
[2.426s] INFO:colcon.colcon_core.shell:Creating environment hook '/home/xanta/tBot/botSpace/build/tbcontrol/share/tbcontrol/hook/pythonpath_develop.sh'
[2.427s] Level 1:colcon.colcon_core.environment:checking '/home/xanta/tBot/botSpace/install/tbcontrol' for CMake module files
[2.427s] Level 1:colcon.colcon_core.environment:checking '/home/xanta/tBot/botSpace/install/tbcontrol' for CMake config files
[2.428s] Level 1:colcon.colcon_core.environment:checking '/home/xanta/tBot/botSpace/install/tbcontrol/lib'
[2.428s] Level 1:colcon.colcon_core.environment:checking '/home/xanta/tBot/botSpace/install/tbcontrol/bin'
[2.428s] Level 1:colcon.colcon_core.environment:checking '/home/xanta/tBot/botSpace/install/tbcontrol/lib/pkgconfig/tbcontrol.pc'
[2.428s] Level 1:colcon.colcon_core.environment:checking '/home/xanta/tBot/botSpace/install/tbcontrol/lib/python3.10/site-packages'
[2.428s] Level 1:colcon.colcon_core.shell:create_environment_hook('tbcontrol', 'pythonpath')
[2.428s] INFO:colcon.colcon_core.shell:Creating environment hook '/home/xanta/tBot/botSpace/install/tbcontrol/share/tbcontrol/hook/pythonpath.ps1'
[2.429s] INFO:colcon.colcon_core.shell:Creating environment descriptor '/home/xanta/tBot/botSpace/install/tbcontrol/share/tbcontrol/hook/pythonpath.dsv'
[2.429s] INFO:colcon.colcon_core.shell:Creating environment hook '/home/xanta/tBot/botSpace/install/tbcontrol/share/tbcontrol/hook/pythonpath.sh'
[2.429s] Level 1:colcon.colcon_core.environment:checking '/home/xanta/tBot/botSpace/install/tbcontrol/bin'
[2.429s] Level 1:colcon.colcon_core.environment:create_environment_scripts_only(tbcontrol)
[2.430s] INFO:colcon.colcon_core.shell:Creating package script '/home/xanta/tBot/botSpace/install/tbcontrol/share/tbcontrol/package.ps1'
[2.430s] INFO:colcon.colcon_core.shell:Creating package descriptor '/home/xanta/tBot/botSpace/install/tbcontrol/share/tbcontrol/package.dsv'
[2.431s] INFO:colcon.colcon_core.shell:Creating package script '/home/xanta/tBot/botSpace/install/tbcontrol/share/tbcontrol/package.sh'
[2.431s] INFO:colcon.colcon_core.shell:Creating package script '/home/xanta/tBot/botSpace/install/tbcontrol/share/tbcontrol/package.bash'
[2.431s] INFO:colcon.colcon_core.shell:Creating package script '/home/xanta/tBot/botSpace/install/tbcontrol/share/tbcontrol/package.zsh'
[2.431s] Level 1:colcon.colcon_core.environment:create_file_with_runtime_dependencies(/home/xanta/tBot/botSpace/install/tbcontrol/share/colcon-core/packages/tbcontrol)
[2.432s] DEBUG:colcon.colcon_parallel_executor.executor.parallel:closing loop
[2.432s] DEBUG:colcon.colcon_parallel_executor.executor.parallel:loop closed
[2.432s] DEBUG:colcon.colcon_parallel_executor.executor.parallel:run_until_complete finished with '0'
[2.432s] DEBUG:colcon.colcon_core.event_reactor:joining thread
[2.439s] INFO:colcon.colcon_core.plugin_system:Skipping extension 'colcon_notification.desktop_notification.terminal_notifier': Not used on non-Darwin systems
[2.439s] INFO:colcon.colcon_core.plugin_system:Skipping extension 'colcon_notification.desktop_notification.win32': Not used on non-Windows systems
[2.439s] INFO:colcon.colcon_notification.desktop_notification:Sending desktop notification using 'notify2'
[2.460s] DEBUG:colcon.colcon_core.event_reactor:joined thread
[2.461s] INFO:colcon.colcon_core.shell:Creating prefix script '/home/xanta/tBot/botSpace/install/local_setup.ps1'
[2.463s] INFO:colcon.colcon_core.shell:Creating prefix util module '/home/xanta/tBot/botSpace/install/_local_setup_util_ps1.py'
[2.464s] INFO:colcon.colcon_core.shell:Creating prefix chain script '/home/xanta/tBot/botSpace/install/setup.ps1'
[2.465s] INFO:colcon.colcon_core.shell:Creating prefix script '/home/xanta/tBot/botSpace/install/local_setup.sh'
[2.466s] INFO:colcon.colcon_core.shell:Creating prefix util module '/home/xanta/tBot/botSpace/install/_local_setup_util_sh.py'
[2.467s] INFO:colcon.colcon_core.shell:Creating prefix chain script '/home/xanta/tBot/botSpace/install/setup.sh'
[2.468s] INFO:colcon.colcon_core.shell:Creating prefix script '/home/xanta/tBot/botSpace/install/local_setup.bash'
[2.468s] INFO:colcon.colcon_core.shell:Creating prefix chain script '/home/xanta/tBot/botSpace/install/setup.bash'
[2.469s] INFO:colcon.colcon_core.shell:Creating prefix script '/home/xanta/tBot/botSpace/install/local_setup.zsh'
[2.469s] INFO:colcon.colcon_core.shell:Creating prefix chain script '/home/xanta/tBot/botSpace/install/setup.zsh'
