[0.148s] DEBUG:colcon:Command line arguments: ['/usr/bin/colcon', 'build']
[0.149s] DEBUG:colcon:Parsed command line arguments: Namespace(log_base=None, log_level=None, verb_name='build', build_base='build', install_base='install', merge_install=False, symlink_install=False, test_result_base=None, continue_on_error=False, executor='parallel', parallel_workers=16, event_handlers=None, ignore_user_meta=False, metas=['./colcon.meta'], base_paths=['.'], packages_ignore=None, packages_ignore_regex=None, paths=None, packages_up_to=None, packages_up_to_regex=None, packages_above=None, packages_above_and_dependencies=None, packages_above_depth=None, packages_select_by_dep=None, packages_skip_by_dep=None, packages_skip_up_to=None, packages_select_build_failed=False, packages_skip_build_finished=False, packages_select_test_failures=False, packages_skip_test_passed=False, packages_select=None, packages_skip=None, packages_select_regex=None, packages_skip_regex=None, packages_start=None, packages_end=None, allow_overriding=[], cmake_args=None, cmake_target=None, cmake_target_skip_unavailable=False, cmake_clean_cache=False, cmake_clean_first=False, cmake_force_configure=False, ament_cmake_args=None, catkin_cmake_args=None, catkin_skip_building_tests=False, verb_parser=<colcon_defaults.argument_parser.defaults.DefaultArgumentsDecorator object at 0x7dcc1fb036a0>, verb_extension=<colcon_core.verb.build.BuildVerb object at 0x7dcc1fb03250>, main=<bound method BuildVerb.main of <colcon_core.verb.build.BuildVerb object at 0x7dcc1fb03250>>)
[0.314s] Level 1:colcon.colcon_core.package_discovery:discover_packages(colcon_meta) check parameters
[0.314s] Level 1:colcon.colcon_core.package_discovery:discover_packages(recursive) check parameters
[0.314s] Level 1:colcon.colcon_core.package_discovery:discover_packages(ignore) check parameters
[0.314s] Level 1:colcon.colcon_core.package_discovery:discover_packages(path) check parameters
[0.314s] Level 1:colcon.colcon_core.package_discovery:discover_packages(colcon_meta) discover
[0.314s] Level 1:colcon.colcon_core.package_discovery:discover_packages(recursive) discover
[0.315s] INFO:colcon.colcon_core.package_discovery:Crawling recursively for packages in '/home/xanta/tBot/botSpace'
[0.315s] Level 1:colcon.colcon_core.package_identification:_identify(.) by extensions ['ignore', 'ignore_ament_install']
[0.315s] Level 1:colcon.colcon_core.package_identification:_identify(.) by extension 'ignore'
[0.315s] Level 1:colcon.colcon_core.package_identification:_identify(.) by extension 'ignore_ament_install'
[0.315s] Level 1:colcon.colcon_core.package_identification:_identify(.) by extensions ['colcon_pkg']
[0.315s] Level 1:colcon.colcon_core.package_identification:_identify(.) by extension 'colcon_pkg'
[0.315s] Level 1:colcon.colcon_core.package_identification:_identify(.) by extensions ['colcon_meta']
[0.315s] Level 1:colcon.colcon_core.package_identification:_identify(.) by extension 'colcon_meta'
[0.315s] Level 1:colcon.colcon_core.package_identification:_identify(.) by extensions ['ros']
[0.315s] Level 1:colcon.colcon_core.package_identification:_identify(.) by extension 'ros'
[0.325s] Level 1:colcon.colcon_core.package_identification:_identify(.) by extensions ['cmake', 'python']
[0.325s] Level 1:colcon.colcon_core.package_identification:_identify(.) by extension 'cmake'
[0.325s] Level 1:colcon.colcon_core.package_identification:_identify(.) by extension 'python'
[0.325s] Level 1:colcon.colcon_core.package_identification:_identify(.) by extensions ['python_setup_py']
[0.326s] Level 1:colcon.colcon_core.package_identification:_identify(.) by extension 'python_setup_py'
[0.326s] Level 1:colcon.colcon_core.package_identification:_identify(build) by extensions ['ignore', 'ignore_ament_install']
[0.326s] Level 1:colcon.colcon_core.package_identification:_identify(build) by extension 'ignore'
[0.326s] Level 1:colcon.colcon_core.package_identification:_identify(build) ignored
[0.326s] Level 1:colcon.colcon_core.package_identification:_identify(install) by extensions ['ignore', 'ignore_ament_install']
[0.326s] Level 1:colcon.colcon_core.package_identification:_identify(install) by extension 'ignore'
[0.326s] Level 1:colcon.colcon_core.package_identification:_identify(install) ignored
[0.326s] Level 1:colcon.colcon_core.package_identification:_identify(log) by extensions ['ignore', 'ignore_ament_install']
[0.326s] Level 1:colcon.colcon_core.package_identification:_identify(log) by extension 'ignore'
[0.326s] Level 1:colcon.colcon_core.package_identification:_identify(log) ignored
[0.326s] Level 1:colcon.colcon_core.package_identification:_identify(src) by extensions ['ignore', 'ignore_ament_install']
[0.326s] Level 1:colcon.colcon_core.package_identification:_identify(src) by extension 'ignore'
[0.326s] Level 1:colcon.colcon_core.package_identification:_identify(src) by extension 'ignore_ament_install'
[0.326s] Level 1:colcon.colcon_core.package_identification:_identify(src) by extensions ['colcon_pkg']
[0.326s] Level 1:colcon.colcon_core.package_identification:_identify(src) by extension 'colcon_pkg'
[0.326s] Level 1:colcon.colcon_core.package_identification:_identify(src) by extensions ['colcon_meta']
[0.326s] Level 1:colcon.colcon_core.package_identification:_identify(src) by extension 'colcon_meta'
[0.327s] Level 1:colcon.colcon_core.package_identification:_identify(src) by extensions ['ros']
[0.327s] Level 1:colcon.colcon_core.package_identification:_identify(src) by extension 'ros'
[0.327s] Level 1:colcon.colcon_core.package_identification:_identify(src) by extensions ['cmake', 'python']
[0.327s] Level 1:colcon.colcon_core.package_identification:_identify(src) by extension 'cmake'
[0.327s] Level 1:colcon.colcon_core.package_identification:_identify(src) by extension 'python'
[0.327s] Level 1:colcon.colcon_core.package_identification:_identify(src) by extensions ['python_setup_py']
[0.327s] Level 1:colcon.colcon_core.package_identification:_identify(src) by extension 'python_setup_py'
[0.327s] Level 1:colcon.colcon_core.package_identification:_identify(src/custom_interface) by extensions ['ignore', 'ignore_ament_install']
[0.327s] Level 1:colcon.colcon_core.package_identification:_identify(src/custom_interface) by extension 'ignore'
[0.327s] Level 1:colcon.colcon_core.package_identification:_identify(src/custom_interface) by extension 'ignore_ament_install'
[0.327s] Level 1:colcon.colcon_core.package_identification:_identify(src/custom_interface) by extensions ['colcon_pkg']
[0.327s] Level 1:colcon.colcon_core.package_identification:_identify(src/custom_interface) by extension 'colcon_pkg'
[0.327s] Level 1:colcon.colcon_core.package_identification:_identify(src/custom_interface) by extensions ['colcon_meta']
[0.327s] Level 1:colcon.colcon_core.package_identification:_identify(src/custom_interface) by extension 'colcon_meta'
[0.327s] Level 1:colcon.colcon_core.package_identification:_identify(src/custom_interface) by extensions ['ros']
[0.327s] Level 1:colcon.colcon_core.package_identification:_identify(src/custom_interface) by extension 'ros'
[0.329s] DEBUG:colcon.colcon_core.package_identification:Package 'src/custom_interface' with type 'ros.ament_cmake' and name 'custom_interface'
[0.330s] Level 1:colcon.colcon_core.package_identification:_identify(src/tbcontrol) by extensions ['ignore', 'ignore_ament_install']
[0.330s] Level 1:colcon.colcon_core.package_identification:_identify(src/tbcontrol) by extension 'ignore'
[0.330s] Level 1:colcon.colcon_core.package_identification:_identify(src/tbcontrol) by extension 'ignore_ament_install'
[0.330s] Level 1:colcon.colcon_core.package_identification:_identify(src/tbcontrol) by extensions ['colcon_pkg']
[0.330s] Level 1:colcon.colcon_core.package_identification:_identify(src/tbcontrol) by extension 'colcon_pkg'
[0.330s] Level 1:colcon.colcon_core.package_identification:_identify(src/tbcontrol) by extensions ['colcon_meta']
[0.330s] Level 1:colcon.colcon_core.package_identification:_identify(src/tbcontrol) by extension 'colcon_meta'
[0.330s] Level 1:colcon.colcon_core.package_identification:_identify(src/tbcontrol) by extensions ['ros']
[0.330s] Level 1:colcon.colcon_core.package_identification:_identify(src/tbcontrol) by extension 'ros'
[0.331s] DEBUG:colcon.colcon_core.package_identification:Package 'src/tbcontrol' with type 'ros.ament_python' and name 'tbcontrol'
[0.331s] Level 1:colcon.colcon_core.package_discovery:discover_packages(recursive) using defaults
[0.331s] Level 1:colcon.colcon_core.package_discovery:discover_packages(ignore) discover
[0.331s] Level 1:colcon.colcon_core.package_discovery:discover_packages(ignore) using defaults
[0.331s] Level 1:colcon.colcon_core.package_discovery:discover_packages(path) discover
[0.331s] Level 1:colcon.colcon_core.package_discovery:discover_packages(path) using defaults
[0.351s] Level 1:colcon.colcon_core.package_discovery:discover_packages(prefix_path) check parameters
[0.351s] Level 1:colcon.colcon_core.package_discovery:discover_packages(prefix_path) discover
[0.354s] DEBUG:colcon.colcon_installed_package_information.package_discovery:Found 277 installed packages in /opt/ros/humble
[0.356s] Level 1:colcon.colcon_core.package_discovery:discover_packages(prefix_path) using defaults
[0.397s] Level 5:colcon.colcon_core.verb:set package 'custom_interface' build argument 'cmake_args' from command line to 'None'
[0.397s] Level 5:colcon.colcon_core.verb:set package 'custom_interface' build argument 'cmake_target' from command line to 'None'
[0.397s] Level 5:colcon.colcon_core.verb:set package 'custom_interface' build argument 'cmake_target_skip_unavailable' from command line to 'False'
[0.397s] Level 5:colcon.colcon_core.verb:set package 'custom_interface' build argument 'cmake_clean_cache' from command line to 'False'
[0.397s] Level 5:colcon.colcon_core.verb:set package 'custom_interface' build argument 'cmake_clean_first' from command line to 'False'
[0.397s] Level 5:colcon.colcon_core.verb:set package 'custom_interface' build argument 'cmake_force_configure' from command line to 'False'
[0.397s] Level 5:colcon.colcon_core.verb:set package 'custom_interface' build argument 'ament_cmake_args' from command line to 'None'
[0.397s] Level 5:colcon.colcon_core.verb:set package 'custom_interface' build argument 'catkin_cmake_args' from command line to 'None'
[0.397s] Level 5:colcon.colcon_core.verb:set package 'custom_interface' build argument 'catkin_skip_building_tests' from command line to 'False'
[0.397s] DEBUG:colcon.colcon_core.verb:Building package 'custom_interface' with the following arguments: {'ament_cmake_args': None, 'build_base': '/home/xanta/tBot/botSpace/build/custom_interface', 'catkin_cmake_args': None, 'catkin_skip_building_tests': False, 'cmake_args': None, 'cmake_clean_cache': False, 'cmake_clean_first': False, 'cmake_force_configure': False, 'cmake_target': None, 'cmake_target_skip_unavailable': False, 'install_base': '/home/xanta/tBot/botSpace/install/custom_interface', 'merge_install': False, 'path': '/home/xanta/tBot/botSpace/src/custom_interface', 'symlink_install': False, 'test_result_base': None}
[0.397s] Level 5:colcon.colcon_core.verb:set package 'tbcontrol' build argument 'cmake_args' from command line to 'None'
[0.397s] Level 5:colcon.colcon_core.verb:set package 'tbcontrol' build argument 'cmake_target' from command line to 'None'
[0.397s] Level 5:colcon.colcon_core.verb:set package 'tbcontrol' build argument 'cmake_target_skip_unavailable' from command line to 'False'
[0.397s] Level 5:colcon.colcon_core.verb:set package 'tbcontrol' build argument 'cmake_clean_cache' from command line to 'False'
[0.397s] Level 5:colcon.colcon_core.verb:set package 'tbcontrol' build argument 'cmake_clean_first' from command line to 'False'
[0.397s] Level 5:colcon.colcon_core.verb:set package 'tbcontrol' build argument 'cmake_force_configure' from command line to 'False'
[0.397s] Level 5:colcon.colcon_core.verb:set package 'tbcontrol' build argument 'ament_cmake_args' from command line to 'None'
[0.397s] Level 5:colcon.colcon_core.verb:set package 'tbcontrol' build argument 'catkin_cmake_args' from command line to 'None'
[0.397s] Level 5:colcon.colcon_core.verb:set package 'tbcontrol' build argument 'catkin_skip_building_tests' from command line to 'False'
[0.398s] DEBUG:colcon.colcon_core.verb:Building package 'tbcontrol' with the following arguments: {'ament_cmake_args': None, 'build_base': '/home/xanta/tBot/botSpace/build/tbcontrol', 'catkin_cmake_args': None, 'catkin_skip_building_tests': False, 'cmake_args': None, 'cmake_clean_cache': False, 'cmake_clean_first': False, 'cmake_force_configure': False, 'cmake_target': None, 'cmake_target_skip_unavailable': False, 'install_base': '/home/xanta/tBot/botSpace/install/tbcontrol', 'merge_install': False, 'path': '/home/xanta/tBot/botSpace/src/tbcontrol', 'symlink_install': False, 'test_result_base': None}
[0.398s] INFO:colcon.colcon_core.executor:Executing jobs using 'parallel' executor
[0.399s] DEBUG:colcon.colcon_parallel_executor.executor.parallel:run_until_complete
[0.399s] INFO:colcon.colcon_ros.task.ament_cmake.build:Building ROS package in '/home/xanta/tBot/botSpace/src/custom_interface' with build type 'ament_cmake'
[0.399s] INFO:colcon.colcon_cmake.task.cmake.build:Building CMake package in '/home/xanta/tBot/botSpace/src/custom_interface'
[0.402s] INFO:colcon.colcon_core.plugin_system:Skipping extension 'colcon_core.shell.bat': Not used on non-Windows systems
[0.402s] INFO:colcon.colcon_core.shell:Skip shell extension 'powershell' for command environment: Not usable outside of PowerShell
[0.402s] DEBUG:colcon.colcon_core.shell:Skip shell extension 'dsv' for command environment
[0.410s] DEBUG:colcon.colcon_core.event_handler.log_command:Invoking command in '/home/xanta/tBot/botSpace/build/custom_interface': CMAKE_PREFIX_PATH=/opt/ros/humble /usr/bin/cmake /home/xanta/tBot/botSpace/src/custom_interface -DCMAKE_INSTALL_PREFIX=/home/xanta/tBot/botSpace/install/custom_interface
[1.323s] DEBUG:colcon.colcon_core.event_handler.log_command:Invoked command in '/home/xanta/tBot/botSpace/build/custom_interface' returned '0': CMAKE_PREFIX_PATH=/opt/ros/humble /usr/bin/cmake /home/xanta/tBot/botSpace/src/custom_interface -DCMAKE_INSTALL_PREFIX=/home/xanta/tBot/botSpace/install/custom_interface
[1.325s] DEBUG:colcon.colcon_core.event_handler.log_command:Invoking command in '/home/xanta/tBot/botSpace/build/custom_interface': CMAKE_PREFIX_PATH=/opt/ros/humble /usr/bin/cmake --build /home/xanta/tBot/botSpace/build/custom_interface -- -j16 -l16
[1.630s] DEBUG:colcon.colcon_core.event_handler.log_command:Invoked command in '/home/xanta/tBot/botSpace/build/custom_interface' returned '0': CMAKE_PREFIX_PATH=/opt/ros/humble /usr/bin/cmake --build /home/xanta/tBot/botSpace/build/custom_interface -- -j16 -l16
[1.729s] DEBUG:colcon.colcon_core.event_handler.log_command:Invoking command in '/home/xanta/tBot/botSpace/build/custom_interface': CMAKE_PREFIX_PATH=/opt/ros/humble /usr/bin/cmake --install /home/xanta/tBot/botSpace/build/custom_interface
[1.809s] Level 1:colcon.colcon_core.environment:create_environment_scripts_only(custom_interface)
[1.810s] DEBUG:colcon.colcon_core.event_handler.log_command:Invoked command in '/home/xanta/tBot/botSpace/build/custom_interface' returned '0': CMAKE_PREFIX_PATH=/opt/ros/humble /usr/bin/cmake --install /home/xanta/tBot/botSpace/build/custom_interface
[1.813s] Level 1:colcon.colcon_core.environment:checking '/home/xanta/tBot/botSpace/install/custom_interface' for CMake module files
[1.813s] Level 1:colcon.colcon_core.environment:checking '/home/xanta/tBot/botSpace/install/custom_interface' for CMake config files
[1.814s] Level 1:colcon.colcon_core.shell:create_environment_hook('custom_interface', 'cmake_prefix_path')
[1.814s] INFO:colcon.colcon_core.shell:Creating environment hook '/home/xanta/tBot/botSpace/install/custom_interface/share/custom_interface/hook/cmake_prefix_path.ps1'
[1.815s] INFO:colcon.colcon_core.shell:Creating environment descriptor '/home/xanta/tBot/botSpace/install/custom_interface/share/custom_interface/hook/cmake_prefix_path.dsv'
[1.815s] INFO:colcon.colcon_core.shell:Creating environment hook '/home/xanta/tBot/botSpace/install/custom_interface/share/custom_interface/hook/cmake_prefix_path.sh'
[1.816s] Level 1:colcon.colcon_core.environment:checking '/home/xanta/tBot/botSpace/install/custom_interface/lib'
[1.816s] Level 1:colcon.colcon_core.shell:create_environment_hook('custom_interface', 'ld_library_path_lib')
[1.816s] INFO:colcon.colcon_core.shell:Creating environment hook '/home/xanta/tBot/botSpace/install/custom_interface/share/custom_interface/hook/ld_library_path_lib.ps1'
[1.816s] INFO:colcon.colcon_core.shell:Creating environment descriptor '/home/xanta/tBot/botSpace/install/custom_interface/share/custom_interface/hook/ld_library_path_lib.dsv'
[1.817s] INFO:colcon.colcon_core.shell:Creating environment hook '/home/xanta/tBot/botSpace/install/custom_interface/share/custom_interface/hook/ld_library_path_lib.sh'
[1.817s] Level 1:colcon.colcon_core.environment:checking '/home/xanta/tBot/botSpace/install/custom_interface/bin'
[1.817s] Level 1:colcon.colcon_core.environment:checking '/home/xanta/tBot/botSpace/install/custom_interface/lib/pkgconfig/custom_interface.pc'
[1.817s] Level 1:colcon.colcon_core.environment:checking '/home/xanta/tBot/botSpace/install/custom_interface/lib/python3.10/site-packages'
[1.817s] Level 1:colcon.colcon_core.environment:checking '/home/xanta/tBot/botSpace/install/custom_interface/bin'
[1.818s] INFO:colcon.colcon_core.shell:Creating package script '/home/xanta/tBot/botSpace/install/custom_interface/share/custom_interface/package.ps1'
[1.818s] INFO:colcon.colcon_core.shell:Creating package descriptor '/home/xanta/tBot/botSpace/install/custom_interface/share/custom_interface/package.dsv'
[1.819s] INFO:colcon.colcon_core.shell:Creating package script '/home/xanta/tBot/botSpace/install/custom_interface/share/custom_interface/package.sh'
[1.819s] INFO:colcon.colcon_core.shell:Creating package script '/home/xanta/tBot/botSpace/install/custom_interface/share/custom_interface/package.bash'
[1.820s] INFO:colcon.colcon_core.shell:Creating package script '/home/xanta/tBot/botSpace/install/custom_interface/share/custom_interface/package.zsh'
[1.821s] Level 1:colcon.colcon_core.environment:create_file_with_runtime_dependencies(/home/xanta/tBot/botSpace/install/custom_interface/share/colcon-core/packages/custom_interface)
[1.913s] Level 1:colcon.colcon_core.environment:create_environment_scripts_only(custom_interface)
[1.914s] Level 1:colcon.colcon_core.environment:checking '/home/xanta/tBot/botSpace/install/custom_interface' for CMake module files
[1.915s] Level 1:colcon.colcon_core.environment:checking '/home/xanta/tBot/botSpace/install/custom_interface' for CMake config files
[1.915s] Level 1:colcon.colcon_core.shell:create_environment_hook('custom_interface', 'cmake_prefix_path')
[1.915s] INFO:colcon.colcon_core.shell:Creating environment hook '/home/xanta/tBot/botSpace/install/custom_interface/share/custom_interface/hook/cmake_prefix_path.ps1'
[1.915s] INFO:colcon.colcon_core.shell:Creating environment descriptor '/home/xanta/tBot/botSpace/install/custom_interface/share/custom_interface/hook/cmake_prefix_path.dsv'
[1.916s] INFO:colcon.colcon_core.shell:Creating environment hook '/home/xanta/tBot/botSpace/install/custom_interface/share/custom_interface/hook/cmake_prefix_path.sh'
[1.916s] Level 1:colcon.colcon_core.environment:checking '/home/xanta/tBot/botSpace/install/custom_interface/lib'
[1.916s] Level 1:colcon.colcon_core.shell:create_environment_hook('custom_interface', 'ld_library_path_lib')
[1.916s] INFO:colcon.colcon_core.shell:Creating environment hook '/home/xanta/tBot/botSpace/install/custom_interface/share/custom_interface/hook/ld_library_path_lib.ps1'
[1.917s] INFO:colcon.colcon_core.shell:Creating environment descriptor '/home/xanta/tBot/botSpace/install/custom_interface/share/custom_interface/hook/ld_library_path_lib.dsv'
[1.917s] INFO:colcon.colcon_core.shell:Creating environment hook '/home/xanta/tBot/botSpace/install/custom_interface/share/custom_interface/hook/ld_library_path_lib.sh'
[1.917s] Level 1:colcon.colcon_core.environment:checking '/home/xanta/tBot/botSpace/install/custom_interface/bin'
[1.917s] Level 1:colcon.colcon_core.environment:checking '/home/xanta/tBot/botSpace/install/custom_interface/lib/pkgconfig/custom_interface.pc'
[1.917s] Level 1:colcon.colcon_core.environment:checking '/home/xanta/tBot/botSpace/install/custom_interface/lib/python3.10/site-packages'
[1.917s] Level 1:colcon.colcon_core.environment:checking '/home/xanta/tBot/botSpace/install/custom_interface/bin'
[1.918s] INFO:colcon.colcon_core.shell:Creating package script '/home/xanta/tBot/botSpace/install/custom_interface/share/custom_interface/package.ps1'
[1.918s] INFO:colcon.colcon_core.shell:Creating package descriptor '/home/xanta/tBot/botSpace/install/custom_interface/share/custom_interface/package.dsv'
[1.918s] INFO:colcon.colcon_core.shell:Creating package script '/home/xanta/tBot/botSpace/install/custom_interface/share/custom_interface/package.sh'
[1.919s] INFO:colcon.colcon_core.shell:Creating package script '/home/xanta/tBot/botSpace/install/custom_interface/share/custom_interface/package.bash'
[1.919s] INFO:colcon.colcon_core.shell:Creating package script '/home/xanta/tBot/botSpace/install/custom_interface/share/custom_interface/package.zsh'
[1.919s] Level 1:colcon.colcon_core.environment:create_file_with_runtime_dependencies(/home/xanta/tBot/botSpace/install/custom_interface/share/colcon-core/packages/custom_interface)
[1.920s] INFO:colcon.colcon_ros.task.ament_python.build:Building ROS package in '/home/xanta/tBot/botSpace/src/tbcontrol' with build type 'ament_python'
[1.920s] Level 1:colcon.colcon_core.shell:create_environment_hook('tbcontrol', 'ament_prefix_path')
[1.920s] INFO:colcon.colcon_core.shell:Creating environment hook '/home/xanta/tBot/botSpace/install/tbcontrol/share/tbcontrol/hook/ament_prefix_path.ps1'
[1.921s] INFO:colcon.colcon_core.shell:Creating environment descriptor '/home/xanta/tBot/botSpace/install/tbcontrol/share/tbcontrol/hook/ament_prefix_path.dsv'
[1.921s] INFO:colcon.colcon_core.shell:Creating environment hook '/home/xanta/tBot/botSpace/install/tbcontrol/share/tbcontrol/hook/ament_prefix_path.sh'
[1.922s] INFO:colcon.colcon_core.shell:Skip shell extension 'powershell' for command environment: Not usable outside of PowerShell
[1.922s] DEBUG:colcon.colcon_core.shell:Skip shell extension 'dsv' for command environment
[2.126s] INFO:colcon.colcon_core.task.python.build:Building Python package in '/home/xanta/tBot/botSpace/src/tbcontrol'
[2.126s] INFO:colcon.colcon_core.shell:Skip shell extension 'powershell' for command environment: Not usable outside of PowerShell
[2.126s] DEBUG:colcon.colcon_core.shell:Skip shell extension 'dsv' for command environment
[2.399s] DEBUG:colcon.colcon_core.event_handler.log_command:Invoking command in '/home/xanta/tBot/botSpace/build/tbcontrol': AMENT_PREFIX_PATH=/home/xanta/tBot/botSpace/install/custom_interface:${AMENT_PREFIX_PATH} CMAKE_PREFIX_PATH=/home/xanta/tBot/botSpace/install/custom_interface LD_LIBRARY_PATH=/home/xanta/tBot/botSpace/install/custom_interface/lib:${LD_LIBRARY_PATH} PYTHONPATH=/home/xanta/tBot/botSpace/build/tbcontrol/prefix_override:/home/xanta/tBot/botSpace/install/tbcontrol/lib/python3.10/site-packages:/home/xanta/tBot/botSpace/install/custom_interface/local/lib/python3.10/dist-packages:${PYTHONPATH} /usr/bin/python3 -W ignore:setup.py install is deprecated setup.py develop --uninstall --editable --build-directory /home/xanta/tBot/botSpace/build/tbcontrol/build
[2.733s] DEBUG:colcon.colcon_core.event_handler.log_command:Invoked command in '/home/xanta/tBot/botSpace/build/tbcontrol' returned '0': AMENT_PREFIX_PATH=/home/xanta/tBot/botSpace/install/custom_interface:${AMENT_PREFIX_PATH} CMAKE_PREFIX_PATH=/home/xanta/tBot/botSpace/install/custom_interface LD_LIBRARY_PATH=/home/xanta/tBot/botSpace/install/custom_interface/lib:${LD_LIBRARY_PATH} PYTHONPATH=/home/xanta/tBot/botSpace/build/tbcontrol/prefix_override:/home/xanta/tBot/botSpace/install/tbcontrol/lib/python3.10/site-packages:/home/xanta/tBot/botSpace/install/custom_interface/local/lib/python3.10/dist-packages:${PYTHONPATH} /usr/bin/python3 -W ignore:setup.py install is deprecated setup.py develop --uninstall --editable --build-directory /home/xanta/tBot/botSpace/build/tbcontrol/build
[2.734s] DEBUG:colcon.colcon_core.event_handler.log_command:Invoking command in '/home/xanta/tBot/botSpace/src/tbcontrol': AMENT_PREFIX_PATH=/home/xanta/tBot/botSpace/install/custom_interface:${AMENT_PREFIX_PATH} CMAKE_PREFIX_PATH=/home/xanta/tBot/botSpace/install/custom_interface LD_LIBRARY_PATH=/home/xanta/tBot/botSpace/install/custom_interface/lib:${LD_LIBRARY_PATH} PYTHONPATH=/home/xanta/tBot/botSpace/build/tbcontrol/prefix_override:/home/xanta/tBot/botSpace/install/tbcontrol/lib/python3.10/site-packages:/home/xanta/tBot/botSpace/install/custom_interface/local/lib/python3.10/dist-packages:${PYTHONPATH} /usr/bin/python3 -W ignore:setup.py install is deprecated setup.py egg_info --egg-base ../../build/tbcontrol build --build-base /home/xanta/tBot/botSpace/build/tbcontrol/build install --record /home/xanta/tBot/botSpace/build/tbcontrol/install.log --single-version-externally-managed install_data --force
[2.961s] Level 1:colcon.colcon_core.environment:checking '/home/xanta/tBot/botSpace/install/tbcontrol' for CMake module files
[2.961s] DEBUG:colcon.colcon_core.event_handler.log_command:Invoked command in '/home/xanta/tBot/botSpace/src/tbcontrol' returned '0': AMENT_PREFIX_PATH=/home/xanta/tBot/botSpace/install/custom_interface:${AMENT_PREFIX_PATH} CMAKE_PREFIX_PATH=/home/xanta/tBot/botSpace/install/custom_interface LD_LIBRARY_PATH=/home/xanta/tBot/botSpace/install/custom_interface/lib:${LD_LIBRARY_PATH} PYTHONPATH=/home/xanta/tBot/botSpace/build/tbcontrol/prefix_override:/home/xanta/tBot/botSpace/install/tbcontrol/lib/python3.10/site-packages:/home/xanta/tBot/botSpace/install/custom_interface/local/lib/python3.10/dist-packages:${PYTHONPATH} /usr/bin/python3 -W ignore:setup.py install is deprecated setup.py egg_info --egg-base ../../build/tbcontrol build --build-base /home/xanta/tBot/botSpace/build/tbcontrol/build install --record /home/xanta/tBot/botSpace/build/tbcontrol/install.log --single-version-externally-managed install_data --force
[2.962s] Level 1:colcon.colcon_core.environment:checking '/home/xanta/tBot/botSpace/install/tbcontrol' for CMake config files
[2.962s] Level 1:colcon.colcon_core.environment:checking '/home/xanta/tBot/botSpace/install/tbcontrol/lib'
[2.963s] Level 1:colcon.colcon_core.environment:checking '/home/xanta/tBot/botSpace/install/tbcontrol/bin'
[2.963s] Level 1:colcon.colcon_core.environment:checking '/home/xanta/tBot/botSpace/install/tbcontrol/lib/pkgconfig/tbcontrol.pc'
[2.963s] Level 1:colcon.colcon_core.environment:checking '/home/xanta/tBot/botSpace/install/tbcontrol/lib/python3.10/site-packages'
[2.963s] Level 1:colcon.colcon_core.shell:create_environment_hook('tbcontrol', 'pythonpath')
[2.963s] INFO:colcon.colcon_core.shell:Creating environment hook '/home/xanta/tBot/botSpace/install/tbcontrol/share/tbcontrol/hook/pythonpath.ps1'
[2.963s] INFO:colcon.colcon_core.shell:Creating environment descriptor '/home/xanta/tBot/botSpace/install/tbcontrol/share/tbcontrol/hook/pythonpath.dsv'
[2.964s] INFO:colcon.colcon_core.shell:Creating environment hook '/home/xanta/tBot/botSpace/install/tbcontrol/share/tbcontrol/hook/pythonpath.sh'
[2.964s] Level 1:colcon.colcon_core.environment:checking '/home/xanta/tBot/botSpace/install/tbcontrol/bin'
[2.964s] Level 1:colcon.colcon_core.environment:create_environment_scripts_only(tbcontrol)
[2.964s] INFO:colcon.colcon_core.shell:Creating package script '/home/xanta/tBot/botSpace/install/tbcontrol/share/tbcontrol/package.ps1'
[2.965s] INFO:colcon.colcon_core.shell:Creating package descriptor '/home/xanta/tBot/botSpace/install/tbcontrol/share/tbcontrol/package.dsv'
[2.965s] INFO:colcon.colcon_core.shell:Creating package script '/home/xanta/tBot/botSpace/install/tbcontrol/share/tbcontrol/package.sh'
[2.965s] INFO:colcon.colcon_core.shell:Creating package script '/home/xanta/tBot/botSpace/install/tbcontrol/share/tbcontrol/package.bash'
[2.965s] INFO:colcon.colcon_core.shell:Creating package script '/home/xanta/tBot/botSpace/install/tbcontrol/share/tbcontrol/package.zsh'
[2.966s] Level 1:colcon.colcon_core.environment:create_file_with_runtime_dependencies(/home/xanta/tBot/botSpace/install/tbcontrol/share/colcon-core/packages/tbcontrol)
[2.966s] DEBUG:colcon.colcon_parallel_executor.executor.parallel:closing loop
[2.966s] DEBUG:colcon.colcon_parallel_executor.executor.parallel:loop closed
[2.966s] DEBUG:colcon.colcon_parallel_executor.executor.parallel:run_until_complete finished with '0'
[2.966s] DEBUG:colcon.colcon_core.event_reactor:joining thread
[2.971s] INFO:colcon.colcon_core.plugin_system:Skipping extension 'colcon_notification.desktop_notification.terminal_notifier': Not used on non-Darwin systems
[2.971s] INFO:colcon.colcon_core.plugin_system:Skipping extension 'colcon_notification.desktop_notification.win32': Not used on non-Windows systems
[2.972s] INFO:colcon.colcon_notification.desktop_notification:Sending desktop notification using 'notify2'
[2.988s] DEBUG:colcon.colcon_core.event_reactor:joined thread
[2.988s] INFO:colcon.colcon_core.shell:Creating prefix script '/home/xanta/tBot/botSpace/install/local_setup.ps1'
[2.989s] INFO:colcon.colcon_core.shell:Creating prefix util module '/home/xanta/tBot/botSpace/install/_local_setup_util_ps1.py'
[2.990s] INFO:colcon.colcon_core.shell:Creating prefix chain script '/home/xanta/tBot/botSpace/install/setup.ps1'
[2.991s] INFO:colcon.colcon_core.shell:Creating prefix script '/home/xanta/tBot/botSpace/install/local_setup.sh'
[2.992s] INFO:colcon.colcon_core.shell:Creating prefix util module '/home/xanta/tBot/botSpace/install/_local_setup_util_sh.py'
[2.992s] INFO:colcon.colcon_core.shell:Creating prefix chain script '/home/xanta/tBot/botSpace/install/setup.sh'
[2.993s] INFO:colcon.colcon_core.shell:Creating prefix script '/home/xanta/tBot/botSpace/install/local_setup.bash'
[2.993s] INFO:colcon.colcon_core.shell:Creating prefix chain script '/home/xanta/tBot/botSpace/install/setup.bash'
[2.994s] INFO:colcon.colcon_core.shell:Creating prefix script '/home/xanta/tBot/botSpace/install/local_setup.zsh'
[2.994s] INFO:colcon.colcon_core.shell:Creating prefix chain script '/home/xanta/tBot/botSpace/install/setup.zsh'
