[0.757s] Invoking command in '/home/xanta/tBot/botSpace/build/tbmain': PYTHONPATH=/home/xanta/tBot/botSpace/build/tbmain/prefix_override:/home/xanta/tBot/botSpace/install/tbmain/lib/python3.10/site-packages:${PYTHONPATH} /usr/bin/python3 -W ignore:setup.py install is deprecated setup.py develop --editable --build-directory /home/xanta/tBot/botSpace/build/tbmain/build --no-deps symlink_data --force
[1.030s] running develop
[1.164s] running egg_info
[1.165s] writing tbmain.egg-info/PKG-INFO
[1.165s] writing dependency_links to tbmain.egg-info/dependency_links.txt
[1.165s] writing entry points to tbmain.egg-info/entry_points.txt
[1.165s] writing requirements to tbmain.egg-info/requires.txt
[1.165s] writing top-level names to tbmain.egg-info/top_level.txt
[1.167s] reading manifest file 'tbmain.egg-info/SOURCES.txt'
[1.168s] writing manifest file 'tbmain.egg-info/SOURCES.txt'
[1.170s] running build_ext
[1.170s] Creating /home/xanta/tBot/botSpace/install/tbmain/lib/python3.10/site-packages/tbmain.egg-link (link to .)
[1.172s] 
[1.172s] Installed /home/xanta/tBot/botSpace/build/tbmain
[1.172s] running symlink_data
[1.172s] symbolically linking /home/xanta/tBot/botSpace/build/tbmain/resource/tbmain -> /home/xanta/tBot/botSpace/install/tbmain/share/ament_index/resource_index/packages
[1.172s] symbolically linking /home/xanta/tBot/botSpace/build/tbmain/package.xml -> /home/xanta/tBot/botSpace/install/tbmain/share/tbmain
[1.173s] symbolically linking /home/xanta/tBot/botSpace/build/tbmain/launch/rsp.launch.py -> /home/xanta/tBot/botSpace/install/tbmain/share/tbmain
[1.173s] symbolically linking /home/xanta/tBot/botSpace/build/tbmain/launch/launch_sim.launch.py -> /home/xanta/tBot/botSpace/install/tbmain/share/tbmain
[1.173s] symbolically linking /home/xanta/tBot/botSpace/build/tbmain/description/inertial_macros.xacro -> /home/xanta/tBot/botSpace/install/tbmain/share/tbmain
[1.173s] symbolically linking /home/xanta/tBot/botSpace/build/tbmain/description/gazebo_control.xacro -> /home/xanta/tBot/botSpace/install/tbmain/share/tbmain
[1.173s] symbolically linking /home/xanta/tBot/botSpace/build/tbmain/description/ros2_control.xacro -> /home/xanta/tBot/botSpace/install/tbmain/share/tbmain
[1.173s] symbolically linking /home/xanta/tBot/botSpace/build/tbmain/description/robot.urdf.xacro -> /home/xanta/tBot/botSpace/install/tbmain/share/tbmain
[1.173s] symbolically linking /home/xanta/tBot/botSpace/build/tbmain/description/robot_core.xacro -> /home/xanta/tBot/botSpace/install/tbmain/share/tbmain
[1.173s] symbolically linking /home/xanta/tBot/botSpace/build/tbmain/description/lidar.xacro -> /home/xanta/tBot/botSpace/install/tbmain/share/tbmain
[1.173s] symbolically linking /home/xanta/tBot/botSpace/build/tbmain/config/my_controllers.yaml -> /home/xanta/tBot/botSpace/install/tbmain/share/tbmain
[1.173s] symbolically linking /home/xanta/tBot/botSpace/build/tbmain/config/gaz_ros2_ctl_use_sim.yaml -> /home/xanta/tBot/botSpace/install/tbmain/share/tbmain
[1.173s] symbolically linking /home/xanta/tBot/botSpace/build/tbmain/config/twist_mux.yaml -> /home/xanta/tBot/botSpace/install/tbmain/share/tbmain
[1.329s] Invoked command in '/home/xanta/tBot/botSpace/build/tbmain' returned '0': PYTHONPATH=/home/xanta/tBot/botSpace/build/tbmain/prefix_override:/home/xanta/tBot/botSpace/install/tbmain/lib/python3.10/site-packages:${PYTHONPATH} /usr/bin/python3 -W ignore:setup.py install is deprecated setup.py develop --editable --build-directory /home/xanta/tBot/botSpace/build/tbmain/build --no-deps symlink_data --force
