[0.961s] Invoking command in '/home/xanta/tBot/botSpace/src/tbmain': PYTHONPATH=/home/xanta/tBot/botSpace/build/tbmain/prefix_override:/home/xanta/tBot/botSpace/install/tbmain/lib/python3.10/site-packages:${PYTHONPATH} /usr/bin/python3 -W ignore:setup.py install is deprecated setup.py egg_info --egg-base ../../build/tbmain build --build-base /home/xanta/tBot/botSpace/build/tbmain/build install --record /home/xanta/tBot/botSpace/build/tbmain/install.log --single-version-externally-managed install_data
[1.196s] running egg_info
[1.196s] writing ../../build/tbmain/tbmain.egg-info/PKG-INFO
[1.197s] writing dependency_links to ../../build/tbmain/tbmain.egg-info/dependency_links.txt
[1.197s] writing entry points to ../../build/tbmain/tbmain.egg-info/entry_points.txt
[1.197s] writing requirements to ../../build/tbmain/tbmain.egg-info/requires.txt
[1.197s] writing top-level names to ../../build/tbmain/tbmain.egg-info/top_level.txt
[1.199s] reading manifest file '../../build/tbmain/tbmain.egg-info/SOURCES.txt'
[1.201s] writing manifest file '../../build/tbmain/tbmain.egg-info/SOURCES.txt'
[1.201s] running build
[1.201s] running build_py
[1.201s] running install
[1.201s] running install_lib
[1.203s] running install_data
[1.203s] copying launch/launch_robot.launch.py -> /home/xanta/tBot/botSpace/install/tbmain/share/tbmain
[1.204s] running install_egg_info
[1.206s] removing '/home/xanta/tBot/botSpace/install/tbmain/lib/python3.10/site-packages/tbmain-0.0.0-py3.10.egg-info' (and everything under it)
[1.206s] Copying ../../build/tbmain/tbmain.egg-info to /home/xanta/tBot/botSpace/install/tbmain/lib/python3.10/site-packages/tbmain-0.0.0-py3.10.egg-info
[1.207s] running install_scripts
[1.235s] writing list of installed files to '/home/xanta/tBot/botSpace/build/tbmain/install.log'
[1.364s] Invoked command in '/home/xanta/tBot/botSpace/src/tbmain' returned '0': PYTHONPATH=/home/xanta/tBot/botSpace/build/tbmain/prefix_override:/home/xanta/tBot/botSpace/install/tbmain/lib/python3.10/site-packages:${PYTHONPATH} /usr/bin/python3 -W ignore:setup.py install is deprecated setup.py egg_info --egg-base ../../build/tbmain build --build-base /home/xanta/tBot/botSpace/build/tbmain/build install --record /home/xanta/tBot/botSpace/build/tbmain/install.log --single-version-externally-managed install_data
