[0.013s] Invoking command in '/home/xanta/tBot/botSpace/build/custom_interface': CMAKE_PREFIX_PATH=/opt/ros/humble /usr/bin/cmake /home/xanta/tBot/botSpace/src/custom_interface -DAMENT_CMAKE_SYMLINK_INSTALL=1 -DCMAKE_INSTALL_PREFIX=/home/xanta/tBot/botSpace/install/custom_interface
[0.079s] -- The C compiler identification is GNU 11.4.0
[0.142s] -- The CXX compiler identification is GNU 11.4.0
[0.150s] -- Detecting C compiler ABI info
[0.238s] -- Detecting C compiler ABI info - done
[0.244s] -- Check for working C compiler: /usr/bin/cc - skipped
[0.244s] -- Detecting C compile features
[0.244s] -- Detecting C compile features - done
[0.247s] -- Detecting CXX compiler ABI info
[0.346s] -- Detecting CXX compiler ABI info - done
[0.352s] -- Check for working CXX compiler: /usr/bin/c++ - skipped
[0.353s] -- Detecting CXX compile features
[0.353s] -- Detecting CXX compile features - done
[0.355s] -- Found ament_cmake: 1.3.8 (/opt/ros/humble/share/ament_cmake/cmake)
[0.502s] -- Found Python3: /usr/bin/python3 (found version "3.10.12") found components: Interpreter 
[0.566s] -- Override CMake install command with custom implementation using symlinks instead of copying resources
[0.591s] -- Found rosidl_default_generators: 1.2.0 (/opt/ros/humble/share/rosidl_default_generators/cmake)
[0.593s] -- Using all available rosidl_typesupport_c: rosidl_typesupport_fastrtps_c;rosidl_typesupport_introspection_c
[0.598s] -- Found rosidl_adapter: 3.1.5 (/opt/ros/humble/share/rosidl_adapter/cmake)
[0.634s] -- Using all available rosidl_typesupport_cpp: rosidl_typesupport_fastrtps_cpp;rosidl_typesupport_introspection_cpp
[0.917s] -- Found ament_cmake_ros: 0.10.0 (/opt/ros/humble/share/ament_cmake_ros/cmake)
[1.099s] -- Using all available rosidl_typesupport_c: rosidl_typesupport_fastrtps_c;rosidl_typesupport_introspection_c
[1.329s] -- Using all available rosidl_typesupport_cpp: rosidl_typesupport_fastrtps_cpp;rosidl_typesupport_introspection_cpp
[1.352s] -- Found PythonInterp: /usr/bin/python3 (found suitable version "3.10.12", minimum required is "3.6") 
[1.352s] -- Found python_cmake_module: 0.10.0 (/opt/ros/humble/share/python_cmake_module/cmake)
[1.378s] -- Found PythonLibs: /usr/lib/x86_64-linux-gnu/libpython3.10.so (found suitable version "3.10.12", minimum required is "3.5") 
[1.378s] -- Using PYTHON_EXECUTABLE: /usr/bin/python3
[1.378s] -- Using PYTHON_INCLUDE_DIRS: /usr/include/python3.10
[1.378s] -- Using PYTHON_LIBRARIES: /usr/lib/x86_64-linux-gnu/libpython3.10.so
[1.398s] -- Found PythonExtra: .so  
[1.433s] -- Found ament_lint_auto: 0.12.10 (/opt/ros/humble/share/ament_lint_auto/cmake)
[1.450s] -- Added test 'lint_cmake' to check CMake code style
[1.452s] -- Added test 'xmllint' to check XML markup files
[1.455s] -- Configuring done
[1.488s] -- Generating done
[1.490s] -- Build files have been written to: /home/xanta/tBot/botSpace/build/custom_interface
[1.504s] Invoked command in '/home/xanta/tBot/botSpace/build/custom_interface' returned '0': CMAKE_PREFIX_PATH=/opt/ros/humble /usr/bin/cmake /home/xanta/tBot/botSpace/src/custom_interface -DAMENT_CMAKE_SYMLINK_INSTALL=1 -DCMAKE_INSTALL_PREFIX=/home/xanta/tBot/botSpace/install/custom_interface
[1.507s] Invoking command in '/home/xanta/tBot/botSpace/build/custom_interface': CMAKE_PREFIX_PATH=/opt/ros/humble /usr/bin/cmake --build /home/xanta/tBot/botSpace/build/custom_interface -- -j16 -l16
[1.559s] [  2%] [34m[1mGenerating C code for ROS interfaces[0m
[1.576s] [  4%] [34m[1mGenerating C++ code for ROS interfaces[0m
[1.588s] [  4%] Built target ament_cmake_python_symlink_custom_interface
[1.796s] running egg_info
[1.797s] creating custom_interface.egg-info
[1.797s] writing custom_interface.egg-info/PKG-INFO
[1.797s] writing dependency_links to custom_interface.egg-info/dependency_links.txt
[1.798s] writing top-level names to custom_interface.egg-info/top_level.txt
[1.798s] writing manifest file 'custom_interface.egg-info/SOURCES.txt'
[1.799s] reading manifest file 'custom_interface.egg-info/SOURCES.txt'
[1.800s] writing manifest file 'custom_interface.egg-info/SOURCES.txt'
[1.856s] [  4%] Built target ament_cmake_python_build_custom_interface_egg
[1.943s] [  8%] [32mBuilding C object CMakeFiles/custom_interface__rosidl_generator_c.dir/rosidl_generator_c/custom_interface/msg/detail/act__functions.c.o[0m
[1.944s] [  8%] [32mBuilding C object CMakeFiles/custom_interface__rosidl_generator_c.dir/rosidl_generator_c/custom_interface/srv/detail/add_three_ints__functions.c.o[0m
[1.945s] [ 10%] [32mBuilding C object CMakeFiles/custom_interface__rosidl_generator_c.dir/rosidl_generator_c/custom_interface/srv/detail/send_bot_command__functions.c.o[0m
[1.945s] [ 10%] Built target custom_interface__cpp
[1.962s] [ 14%] [34m[1mGenerating C++ type support dispatch for ROS interfaces[0m
[1.962s] [ 17%] [34m[1mGenerating C++ type support for eProsima Fast-RTPS[0m
[1.962s] [ 17%] [34m[1mGenerating C++ introspection for ROS interfaces[0m
[2.024s] [ 19%] [32m[1mLinking C shared library libcustom_interface__rosidl_generator_c.so[0m
[2.078s] [ 19%] Built target custom_interface__rosidl_generator_c
[2.093s] [ 23%] [34m[1mGenerating C type support dispatch for ROS interfaces[0m
[2.093s] [ 23%] [34m[1mGenerating C type support for eProsima Fast-RTPS[0m
[2.094s] [ 25%] [34m[1mGenerating C introspection for ROS interfaces[0m
[2.255s] [ 31%] [32mBuilding CXX object CMakeFiles/custom_interface__rosidl_typesupport_cpp.dir/rosidl_typesupport_cpp/custom_interface/srv/send_bot_command__type_support.cpp.o[0m
[2.255s] [ 31%] [32mBuilding CXX object CMakeFiles/custom_interface__rosidl_typesupport_cpp.dir/rosidl_typesupport_cpp/custom_interface/msg/act__type_support.cpp.o[0m
[2.255s] [ 31%] [32mBuilding CXX object CMakeFiles/custom_interface__rosidl_typesupport_cpp.dir/rosidl_typesupport_cpp/custom_interface/srv/add_three_ints__type_support.cpp.o[0m
[2.317s] [ 34%] [32mBuilding CXX object CMakeFiles/custom_interface__rosidl_typesupport_introspection_cpp.dir/rosidl_typesupport_introspection_cpp/custom_interface/srv/detail/send_bot_command__type_support.cpp.o[0m
[2.318s] [ 36%] [32mBuilding CXX object CMakeFiles/custom_interface__rosidl_typesupport_introspection_cpp.dir/rosidl_typesupport_introspection_cpp/custom_interface/msg/detail/act__type_support.cpp.o[0m
[2.318s] [ 38%] [32mBuilding CXX object CMakeFiles/custom_interface__rosidl_typesupport_introspection_cpp.dir/rosidl_typesupport_introspection_cpp/custom_interface/srv/detail/add_three_ints__type_support.cpp.o[0m
[2.353s] [ 42%] [32mBuilding CXX object CMakeFiles/custom_interface__rosidl_typesupport_fastrtps_cpp.dir/rosidl_typesupport_fastrtps_cpp/custom_interface/msg/detail/dds_fastrtps/act__type_support.cpp.o[0m
[2.354s] [ 42%] [32mBuilding CXX object CMakeFiles/custom_interface__rosidl_typesupport_fastrtps_cpp.dir/rosidl_typesupport_fastrtps_cpp/custom_interface/srv/detail/dds_fastrtps/add_three_ints__type_support.cpp.o[0m
[2.354s] [ 44%] [32mBuilding CXX object CMakeFiles/custom_interface__rosidl_typesupport_fastrtps_cpp.dir/rosidl_typesupport_fastrtps_cpp/custom_interface/srv/detail/dds_fastrtps/send_bot_command__type_support.cpp.o[0m
[2.459s] [ 46%] [32mBuilding CXX object CMakeFiles/custom_interface__rosidl_typesupport_c.dir/rosidl_typesupport_c/custom_interface/msg/act__type_support.cpp.o[0m
[2.462s] [ 51%] [32mBuilding CXX object CMakeFiles/custom_interface__rosidl_typesupport_c.dir/rosidl_typesupport_c/custom_interface/srv/send_bot_command__type_support.cpp.o[0m
[2.463s] [ 51%] [32mBuilding CXX object CMakeFiles/custom_interface__rosidl_typesupport_c.dir/rosidl_typesupport_c/custom_interface/srv/add_three_ints__type_support.cpp.o[0m
[2.537s] [ 53%] [32m[1mLinking CXX shared library libcustom_interface__rosidl_typesupport_c.so[0m
[2.611s] [ 57%] [32mBuilding C object CMakeFiles/custom_interface__rosidl_typesupport_introspection_c.dir/rosidl_typesupport_introspection_c/custom_interface/srv/detail/add_three_ints__type_support.c.o[0m
[2.611s] [ 57%] [32mBuilding C object CMakeFiles/custom_interface__rosidl_typesupport_introspection_c.dir/rosidl_typesupport_introspection_c/custom_interface/msg/detail/act__type_support.c.o[0m
[2.613s] [ 59%] [32mBuilding C object CMakeFiles/custom_interface__rosidl_typesupport_introspection_c.dir/rosidl_typesupport_introspection_c/custom_interface/srv/detail/send_bot_command__type_support.c.o[0m
[2.632s] [ 61%] [32mBuilding CXX object CMakeFiles/custom_interface__rosidl_typesupport_fastrtps_c.dir/rosidl_typesupport_fastrtps_c/custom_interface/msg/detail/act__type_support_c.cpp.o[0m
[2.634s] [ 63%] [32mBuilding CXX object CMakeFiles/custom_interface__rosidl_typesupport_fastrtps_c.dir/rosidl_typesupport_fastrtps_c/custom_interface/srv/detail/add_three_ints__type_support_c.cpp.o[0m
[2.637s] [ 65%] [32mBuilding CXX object CMakeFiles/custom_interface__rosidl_typesupport_fastrtps_c.dir/rosidl_typesupport_fastrtps_c/custom_interface/srv/detail/send_bot_command__type_support_c.cpp.o[0m
[2.660s] [ 65%] Built target custom_interface__rosidl_typesupport_c
[2.703s] [ 68%] [32m[1mLinking C shared library libcustom_interface__rosidl_typesupport_introspection_c.so[0m
[2.729s] [ 70%] [32m[1mLinking CXX shared library libcustom_interface__rosidl_typesupport_cpp.so[0m
[2.771s] [ 70%] Built target custom_interface__rosidl_typesupport_introspection_c
[2.824s] [ 70%] Built target custom_interface__rosidl_typesupport_cpp
[2.897s] [ 72%] [32m[1mLinking CXX shared library libcustom_interface__rosidl_typesupport_introspection_cpp.so[0m
[3.008s] [ 74%] [32m[1mLinking CXX shared library libcustom_interface__rosidl_typesupport_fastrtps_cpp.so[0m
[3.008s] [ 74%] Built target custom_interface__rosidl_typesupport_introspection_cpp
[3.064s] [ 76%] [32m[1mLinking CXX shared library libcustom_interface__rosidl_typesupport_fastrtps_c.so[0m
[3.121s] [ 76%] Built target custom_interface__rosidl_typesupport_fastrtps_cpp
[3.167s] [ 76%] Built target custom_interface__rosidl_typesupport_fastrtps_c
[3.189s] [ 76%] Built target custom_interface
[3.210s] [ 78%] [34m[1mGenerating Python code for ROS interfaces[0m
[3.653s] [ 78%] Built target custom_interface__py
[3.677s] [ 82%] [32mBuilding C object CMakeFiles/custom_interface__rosidl_generator_py.dir/rosidl_generator_py/custom_interface/msg/_act_s.c.o[0m
[3.677s] [ 82%] [32mBuilding C object CMakeFiles/custom_interface__rosidl_generator_py.dir/rosidl_generator_py/custom_interface/srv/_add_three_ints_s.c.o[0m
[3.677s] [ 85%] [32mBuilding C object CMakeFiles/custom_interface__rosidl_generator_py.dir/rosidl_generator_py/custom_interface/srv/_send_bot_command_s.c.o[0m
[3.772s] [ 87%] [32m[1mLinking C shared library rosidl_generator_py/custom_interface/libcustom_interface__rosidl_generator_py.so[0m
[3.820s] [ 87%] Built target custom_interface__rosidl_generator_py
[3.842s] [ 89%] [32mBuilding C object CMakeFiles/custom_interface__rosidl_typesupport_fastrtps_c__pyext.dir/rosidl_generator_py/custom_interface/_custom_interface_s.ep.rosidl_typesupport_fastrtps_c.c.o[0m
[3.843s] [ 91%] [32mBuilding C object CMakeFiles/custom_interface__rosidl_typesupport_c__pyext.dir/rosidl_generator_py/custom_interface/_custom_interface_s.ep.rosidl_typesupport_c.c.o[0m
[3.846s] [ 93%] [32mBuilding C object CMakeFiles/custom_interface__rosidl_typesupport_introspection_c__pyext.dir/rosidl_generator_py/custom_interface/_custom_interface_s.ep.rosidl_typesupport_introspection_c.c.o[0m
[3.938s] [ 95%] [32m[1mLinking C shared library rosidl_generator_py/custom_interface/custom_interface_s__rosidl_typesupport_c.cpython-310-x86_64-linux-gnu.so[0m
[3.939s] [ 97%] [32m[1mLinking C shared library rosidl_generator_py/custom_interface/custom_interface_s__rosidl_typesupport_introspection_c.cpython-310-x86_64-linux-gnu.so[0m
[3.943s] [100%] [32m[1mLinking C shared library rosidl_generator_py/custom_interface/custom_interface_s__rosidl_typesupport_fastrtps_c.cpython-310-x86_64-linux-gnu.so[0m
[3.977s] [100%] Built target custom_interface__rosidl_typesupport_introspection_c__pyext
[3.978s] [100%] Built target custom_interface__rosidl_typesupport_c__pyext
[3.981s] [100%] Built target custom_interface__rosidl_typesupport_fastrtps_c__pyext
[3.996s] Invoked command in '/home/xanta/tBot/botSpace/build/custom_interface' returned '0': CMAKE_PREFIX_PATH=/opt/ros/humble /usr/bin/cmake --build /home/xanta/tBot/botSpace/build/custom_interface -- -j16 -l16
[4.102s] Invoking command in '/home/xanta/tBot/botSpace/build/custom_interface': CMAKE_PREFIX_PATH=/opt/ros/humble /usr/bin/cmake --install /home/xanta/tBot/botSpace/build/custom_interface
[4.110s] -- Install configuration: ""
[4.110s] -- Execute custom install script
[4.111s] -- Symlinking: /home/xanta/tBot/botSpace/install/custom_interface/share/ament_index/resource_index/rosidl_interfaces/custom_interface
[4.121s] -- Symlinking: /home/xanta/tBot/botSpace/install/custom_interface/include/custom_interface/custom_interface/msg/act.h
[4.131s] -- Symlinking: /home/xanta/tBot/botSpace/install/custom_interface/include/custom_interface/custom_interface/msg/detail/act__functions.h
[4.140s] -- Symlinking: /home/xanta/tBot/botSpace/install/custom_interface/include/custom_interface/custom_interface/msg/detail/act__struct.h
[4.149s] -- Symlinking: /home/xanta/tBot/botSpace/install/custom_interface/include/custom_interface/custom_interface/msg/detail/act__type_support.h
[4.159s] -- Symlinking: /home/xanta/tBot/botSpace/install/custom_interface/include/custom_interface/custom_interface/msg/rosidl_generator_c__visibility_control.h
[4.169s] -- Symlinking: /home/xanta/tBot/botSpace/install/custom_interface/include/custom_interface/custom_interface/srv/add_three_ints.h
[4.179s] -- Symlinking: /home/xanta/tBot/botSpace/install/custom_interface/include/custom_interface/custom_interface/srv/detail/add_three_ints__functions.h
[4.190s] -- Symlinking: /home/xanta/tBot/botSpace/install/custom_interface/include/custom_interface/custom_interface/srv/detail/add_three_ints__struct.h
[4.202s] -- Symlinking: /home/xanta/tBot/botSpace/install/custom_interface/include/custom_interface/custom_interface/srv/detail/add_three_ints__type_support.h
[4.212s] -- Symlinking: /home/xanta/tBot/botSpace/install/custom_interface/include/custom_interface/custom_interface/srv/detail/send_bot_command__functions.h
[4.222s] -- Symlinking: /home/xanta/tBot/botSpace/install/custom_interface/include/custom_interface/custom_interface/srv/detail/send_bot_command__struct.h
[4.232s] -- Symlinking: /home/xanta/tBot/botSpace/install/custom_interface/include/custom_interface/custom_interface/srv/detail/send_bot_command__type_support.h
[4.243s] -- Symlinking: /home/xanta/tBot/botSpace/install/custom_interface/include/custom_interface/custom_interface/srv/send_bot_command.h
[4.255s] -- Symlinking: /home/xanta/tBot/botSpace/install/custom_interface/share/custom_interface/environment/library_path.sh
[4.265s] -- Symlinking: /home/xanta/tBot/botSpace/install/custom_interface/share/custom_interface/environment/library_path.dsv
[4.276s] -- Symlinking: /home/xanta/tBot/botSpace/install/custom_interface/include/custom_interface/custom_interface/msg/detail/act__rosidl_typesupport_fastrtps_c.h
[4.286s] -- Symlinking: /home/xanta/tBot/botSpace/install/custom_interface/include/custom_interface/custom_interface/msg/rosidl_typesupport_fastrtps_c__visibility_control.h
[4.296s] -- Symlinking: /home/xanta/tBot/botSpace/install/custom_interface/include/custom_interface/custom_interface/srv/detail/add_three_ints__rosidl_typesupport_fastrtps_c.h
[4.307s] -- Symlinking: /home/xanta/tBot/botSpace/install/custom_interface/include/custom_interface/custom_interface/srv/detail/send_bot_command__rosidl_typesupport_fastrtps_c.h
[4.319s] -- Symlinking: /home/xanta/tBot/botSpace/install/custom_interface/include/custom_interface/custom_interface/msg/detail/act__rosidl_typesupport_introspection_c.h
[4.328s] -- Symlinking: /home/xanta/tBot/botSpace/install/custom_interface/include/custom_interface/custom_interface/msg/rosidl_typesupport_introspection_c__visibility_control.h
[4.339s] -- Symlinking: /home/xanta/tBot/botSpace/install/custom_interface/include/custom_interface/custom_interface/srv/detail/add_three_ints__rosidl_typesupport_introspection_c.h
[4.350s] -- Symlinking: /home/xanta/tBot/botSpace/install/custom_interface/include/custom_interface/custom_interface/srv/detail/send_bot_command__rosidl_typesupport_introspection_c.h
[4.361s] -- Symlinking: /home/xanta/tBot/botSpace/install/custom_interface/include/custom_interface/custom_interface/msg/act.hpp
[4.371s] -- Symlinking: /home/xanta/tBot/botSpace/install/custom_interface/include/custom_interface/custom_interface/msg/detail/act__builder.hpp
[4.381s] -- Symlinking: /home/xanta/tBot/botSpace/install/custom_interface/include/custom_interface/custom_interface/msg/detail/act__struct.hpp
[4.391s] -- Symlinking: /home/xanta/tBot/botSpace/install/custom_interface/include/custom_interface/custom_interface/msg/detail/act__traits.hpp
[4.402s] -- Symlinking: /home/xanta/tBot/botSpace/install/custom_interface/include/custom_interface/custom_interface/srv/add_three_ints.hpp
[4.412s] -- Symlinking: /home/xanta/tBot/botSpace/install/custom_interface/include/custom_interface/custom_interface/srv/detail/add_three_ints__builder.hpp
[4.423s] -- Symlinking: /home/xanta/tBot/botSpace/install/custom_interface/include/custom_interface/custom_interface/srv/detail/add_three_ints__struct.hpp
[4.433s] -- Symlinking: /home/xanta/tBot/botSpace/install/custom_interface/include/custom_interface/custom_interface/srv/detail/add_three_ints__traits.hpp
[4.443s] -- Symlinking: /home/xanta/tBot/botSpace/install/custom_interface/include/custom_interface/custom_interface/srv/detail/send_bot_command__builder.hpp
[4.454s] -- Symlinking: /home/xanta/tBot/botSpace/install/custom_interface/include/custom_interface/custom_interface/srv/detail/send_bot_command__struct.hpp
[4.464s] -- Symlinking: /home/xanta/tBot/botSpace/install/custom_interface/include/custom_interface/custom_interface/srv/detail/send_bot_command__traits.hpp
[4.475s] -- Symlinking: /home/xanta/tBot/botSpace/install/custom_interface/include/custom_interface/custom_interface/srv/send_bot_command.hpp
[4.486s] -- Symlinking: /home/xanta/tBot/botSpace/install/custom_interface/include/custom_interface/custom_interface/msg/detail/act__rosidl_typesupport_fastrtps_cpp.hpp
[4.497s] -- Symlinking: /home/xanta/tBot/botSpace/install/custom_interface/include/custom_interface/custom_interface/msg/rosidl_typesupport_fastrtps_cpp__visibility_control.h
[4.508s] -- Symlinking: /home/xanta/tBot/botSpace/install/custom_interface/include/custom_interface/custom_interface/srv/detail/add_three_ints__rosidl_typesupport_fastrtps_cpp.hpp
[4.518s] -- Symlinking: /home/xanta/tBot/botSpace/install/custom_interface/include/custom_interface/custom_interface/srv/detail/send_bot_command__rosidl_typesupport_fastrtps_cpp.hpp
[4.529s] -- Symlinking: /home/xanta/tBot/botSpace/install/custom_interface/include/custom_interface/custom_interface/msg/detail/act__rosidl_typesupport_introspection_cpp.hpp
[4.540s] -- Symlinking: /home/xanta/tBot/botSpace/install/custom_interface/include/custom_interface/custom_interface/srv/detail/add_three_ints__rosidl_typesupport_introspection_cpp.hpp
[4.551s] -- Symlinking: /home/xanta/tBot/botSpace/install/custom_interface/include/custom_interface/custom_interface/srv/detail/send_bot_command__rosidl_typesupport_introspection_cpp.hpp
[4.561s] -- Symlinking: /home/xanta/tBot/botSpace/install/custom_interface/share/custom_interface/environment/pythonpath.sh
[4.572s] -- Symlinking: /home/xanta/tBot/botSpace/install/custom_interface/share/custom_interface/environment/pythonpath.dsv
[4.583s] -- Symlinking: /home/xanta/tBot/botSpace/install/custom_interface/local/lib/python3.10/dist-packages/custom_interface-0.0.0-py3.10.egg-info/PKG-INFO
[4.593s] -- Symlinking: /home/xanta/tBot/botSpace/install/custom_interface/local/lib/python3.10/dist-packages/custom_interface-0.0.0-py3.10.egg-info/SOURCES.txt
[4.604s] -- Symlinking: /home/xanta/tBot/botSpace/install/custom_interface/local/lib/python3.10/dist-packages/custom_interface-0.0.0-py3.10.egg-info/dependency_links.txt
[4.615s] -- Symlinking: /home/xanta/tBot/botSpace/install/custom_interface/local/lib/python3.10/dist-packages/custom_interface-0.0.0-py3.10.egg-info/top_level.txt
[4.628s] -- Symlinking: /home/xanta/tBot/botSpace/install/custom_interface/local/lib/python3.10/dist-packages/custom_interface/__init__.py
[4.637s] -- Symlinking: /home/xanta/tBot/botSpace/install/custom_interface/local/lib/python3.10/dist-packages/custom_interface/_custom_interface_s.ep.rosidl_typesupport_c.c
[4.649s] -- Symlinking: /home/xanta/tBot/botSpace/install/custom_interface/local/lib/python3.10/dist-packages/custom_interface/_custom_interface_s.ep.rosidl_typesupport_fastrtps_c.c
[4.659s] -- Symlinking: /home/xanta/tBot/botSpace/install/custom_interface/local/lib/python3.10/dist-packages/custom_interface/_custom_interface_s.ep.rosidl_typesupport_introspection_c.c
[4.669s] -- Symlinking: /home/xanta/tBot/botSpace/install/custom_interface/local/lib/python3.10/dist-packages/custom_interface/custom_interface_s__rosidl_typesupport_c.cpython-310-x86_64-linux-gnu.so
[4.679s] -- Symlinking: /home/xanta/tBot/botSpace/install/custom_interface/local/lib/python3.10/dist-packages/custom_interface/custom_interface_s__rosidl_typesupport_fastrtps_c.cpython-310-x86_64-linux-gnu.so
[4.689s] -- Symlinking: /home/xanta/tBot/botSpace/install/custom_interface/local/lib/python3.10/dist-packages/custom_interface/custom_interface_s__rosidl_typesupport_introspection_c.cpython-310-x86_64-linux-gnu.so
[4.699s] -- Symlinking: /home/xanta/tBot/botSpace/install/custom_interface/local/lib/python3.10/dist-packages/custom_interface/libcustom_interface__rosidl_generator_py.so
[4.710s] -- Symlinking: /home/xanta/tBot/botSpace/install/custom_interface/local/lib/python3.10/dist-packages/custom_interface/msg/__init__.py
[4.720s] -- Symlinking: /home/xanta/tBot/botSpace/install/custom_interface/local/lib/python3.10/dist-packages/custom_interface/msg/_act.py
[4.731s] -- Symlinking: /home/xanta/tBot/botSpace/install/custom_interface/local/lib/python3.10/dist-packages/custom_interface/msg/_act_s.c
[4.741s] -- Symlinking: /home/xanta/tBot/botSpace/install/custom_interface/local/lib/python3.10/dist-packages/custom_interface/srv/__init__.py
[4.751s] -- Symlinking: /home/xanta/tBot/botSpace/install/custom_interface/local/lib/python3.10/dist-packages/custom_interface/srv/_add_three_ints.py
[4.762s] -- Symlinking: /home/xanta/tBot/botSpace/install/custom_interface/local/lib/python3.10/dist-packages/custom_interface/srv/_add_three_ints_s.c
[4.772s] -- Symlinking: /home/xanta/tBot/botSpace/install/custom_interface/local/lib/python3.10/dist-packages/custom_interface/srv/_send_bot_command.py
[4.782s] -- Symlinking: /home/xanta/tBot/botSpace/install/custom_interface/local/lib/python3.10/dist-packages/custom_interface/srv/_send_bot_command_s.c
[4.793s] -- Up-to-date symlink: /home/xanta/tBot/botSpace/install/custom_interface/local/lib/python3.10/dist-packages/custom_interface/custom_interface_s__rosidl_typesupport_fastrtps_c.cpython-310-x86_64-linux-gnu.so
[4.794s] -- Up-to-date symlink: /home/xanta/tBot/botSpace/install/custom_interface/local/lib/python3.10/dist-packages/custom_interface/custom_interface_s__rosidl_typesupport_introspection_c.cpython-310-x86_64-linux-gnu.so
[4.794s] -- Up-to-date symlink: /home/xanta/tBot/botSpace/install/custom_interface/local/lib/python3.10/dist-packages/custom_interface/custom_interface_s__rosidl_typesupport_c.cpython-310-x86_64-linux-gnu.so
[4.794s] -- Symlinking: /home/xanta/tBot/botSpace/install/custom_interface/share/custom_interface/msg/Act.idl
[4.804s] -- Symlinking: /home/xanta/tBot/botSpace/install/custom_interface/share/custom_interface/srv/AddThreeInts.idl
[4.815s] -- Symlinking: /home/xanta/tBot/botSpace/install/custom_interface/share/custom_interface/srv/SendBotCommand.idl
[4.826s] -- Symlinking: /home/xanta/tBot/botSpace/install/custom_interface/share/custom_interface/msg/Act.msg
[4.837s] -- Symlinking: /home/xanta/tBot/botSpace/install/custom_interface/share/custom_interface/srv/AddThreeInts.srv
[4.847s] -- Symlinking: /home/xanta/tBot/botSpace/install/custom_interface/share/custom_interface/srv/AddThreeInts_Request.msg
[4.859s] -- Symlinking: /home/xanta/tBot/botSpace/install/custom_interface/share/custom_interface/srv/AddThreeInts_Response.msg
[4.869s] -- Symlinking: /home/xanta/tBot/botSpace/install/custom_interface/share/custom_interface/srv/SendBotCommand.srv
[4.880s] -- Symlinking: /home/xanta/tBot/botSpace/install/custom_interface/share/custom_interface/srv/SendBotCommand_Request.msg
[4.891s] -- Symlinking: /home/xanta/tBot/botSpace/install/custom_interface/share/custom_interface/srv/SendBotCommand_Response.msg
[4.902s] -- Symlinking: /home/xanta/tBot/botSpace/install/custom_interface/share/ament_index/resource_index/package_run_dependencies/custom_interface
[4.913s] -- Symlinking: /home/xanta/tBot/botSpace/install/custom_interface/share/ament_index/resource_index/parent_prefix_path/custom_interface
[4.923s] -- Symlinking: /home/xanta/tBot/botSpace/install/custom_interface/share/custom_interface/environment/ament_prefix_path.sh
[4.934s] -- Symlinking: /home/xanta/tBot/botSpace/install/custom_interface/share/custom_interface/environment/ament_prefix_path.dsv
[4.946s] -- Symlinking: /home/xanta/tBot/botSpace/install/custom_interface/share/custom_interface/environment/path.sh
[4.956s] -- Symlinking: /home/xanta/tBot/botSpace/install/custom_interface/share/custom_interface/environment/path.dsv
[4.967s] -- Symlinking: /home/xanta/tBot/botSpace/install/custom_interface/share/custom_interface/local_setup.bash
[4.978s] -- Symlinking: /home/xanta/tBot/botSpace/install/custom_interface/share/custom_interface/local_setup.sh
[4.988s] -- Symlinking: /home/xanta/tBot/botSpace/install/custom_interface/share/custom_interface/local_setup.zsh
[4.999s] -- Symlinking: /home/xanta/tBot/botSpace/install/custom_interface/share/custom_interface/local_setup.dsv
[5.009s] -- Symlinking: /home/xanta/tBot/botSpace/install/custom_interface/share/custom_interface/package.dsv
[5.020s] -- Symlinking: /home/xanta/tBot/botSpace/install/custom_interface/share/ament_index/resource_index/packages/custom_interface
[5.030s] -- Symlinking: /home/xanta/tBot/botSpace/install/custom_interface/share/custom_interface/cmake/rosidl_cmake-extras.cmake
[5.040s] -- Symlinking: /home/xanta/tBot/botSpace/install/custom_interface/share/custom_interface/cmake/ament_cmake_export_include_directories-extras.cmake
[5.052s] -- Symlinking: /home/xanta/tBot/botSpace/install/custom_interface/share/custom_interface/cmake/ament_cmake_export_libraries-extras.cmake
[5.063s] -- Symlinking: /home/xanta/tBot/botSpace/install/custom_interface/share/custom_interface/cmake/ament_cmake_export_targets-extras.cmake
[5.073s] -- Symlinking: /home/xanta/tBot/botSpace/install/custom_interface/share/custom_interface/cmake/rosidl_cmake_export_typesupport_targets-extras.cmake
[5.083s] -- Symlinking: /home/xanta/tBot/botSpace/install/custom_interface/share/custom_interface/cmake/ament_cmake_export_dependencies-extras.cmake
[5.093s] -- Symlinking: /home/xanta/tBot/botSpace/install/custom_interface/share/custom_interface/cmake/rosidl_cmake_export_typesupport_libraries-extras.cmake
[5.103s] -- Symlinking: /home/xanta/tBot/botSpace/install/custom_interface/share/custom_interface/cmake/custom_interfaceConfig.cmake
[5.113s] -- Symlinking: /home/xanta/tBot/botSpace/install/custom_interface/share/custom_interface/cmake/custom_interfaceConfig-version.cmake
[5.124s] -- Symlinking: /home/xanta/tBot/botSpace/install/custom_interface/share/custom_interface/package.xml
[5.134s] -- Installing: /home/xanta/tBot/botSpace/install/custom_interface/lib/libcustom_interface__rosidl_generator_c.so
[5.135s] -- Set runtime path of "/home/xanta/tBot/botSpace/install/custom_interface/lib/libcustom_interface__rosidl_generator_c.so" to ""
[5.135s] -- Installing: /home/xanta/tBot/botSpace/install/custom_interface/lib/libcustom_interface__rosidl_typesupport_fastrtps_c.so
[5.136s] -- Set runtime path of "/home/xanta/tBot/botSpace/install/custom_interface/lib/libcustom_interface__rosidl_typesupport_fastrtps_c.so" to ""
[5.136s] -- Installing: /home/xanta/tBot/botSpace/install/custom_interface/lib/libcustom_interface__rosidl_typesupport_introspection_c.so
[5.136s] -- Set runtime path of "/home/xanta/tBot/botSpace/install/custom_interface/lib/libcustom_interface__rosidl_typesupport_introspection_c.so" to ""
[5.136s] -- Installing: /home/xanta/tBot/botSpace/install/custom_interface/lib/libcustom_interface__rosidl_typesupport_c.so
[5.136s] -- Set runtime path of "/home/xanta/tBot/botSpace/install/custom_interface/lib/libcustom_interface__rosidl_typesupport_c.so" to ""
[5.136s] -- Installing: /home/xanta/tBot/botSpace/install/custom_interface/lib/libcustom_interface__rosidl_typesupport_fastrtps_cpp.so
[5.137s] -- Set runtime path of "/home/xanta/tBot/botSpace/install/custom_interface/lib/libcustom_interface__rosidl_typesupport_fastrtps_cpp.so" to ""
[5.137s] -- Installing: /home/xanta/tBot/botSpace/install/custom_interface/lib/libcustom_interface__rosidl_typesupport_introspection_cpp.so
[5.137s] -- Set runtime path of "/home/xanta/tBot/botSpace/install/custom_interface/lib/libcustom_interface__rosidl_typesupport_introspection_cpp.so" to ""
[5.137s] -- Installing: /home/xanta/tBot/botSpace/install/custom_interface/lib/libcustom_interface__rosidl_typesupport_cpp.so
[5.137s] -- Set runtime path of "/home/xanta/tBot/botSpace/install/custom_interface/lib/libcustom_interface__rosidl_typesupport_cpp.so" to ""
[5.167s] Listing '/home/xanta/tBot/botSpace/install/custom_interface/local/lib/python3.10/dist-packages/custom_interface'...
[5.167s] Compiling '/home/xanta/tBot/botSpace/install/custom_interface/local/lib/python3.10/dist-packages/custom_interface/__init__.py'...
[5.167s] Listing '/home/xanta/tBot/botSpace/install/custom_interface/local/lib/python3.10/dist-packages/custom_interface/msg'...
[5.167s] Compiling '/home/xanta/tBot/botSpace/install/custom_interface/local/lib/python3.10/dist-packages/custom_interface/msg/__init__.py'...
[5.167s] Compiling '/home/xanta/tBot/botSpace/install/custom_interface/local/lib/python3.10/dist-packages/custom_interface/msg/_act.py'...
[5.168s] Listing '/home/xanta/tBot/botSpace/install/custom_interface/local/lib/python3.10/dist-packages/custom_interface/srv'...
[5.168s] Compiling '/home/xanta/tBot/botSpace/install/custom_interface/local/lib/python3.10/dist-packages/custom_interface/srv/__init__.py'...
[5.168s] Compiling '/home/xanta/tBot/botSpace/install/custom_interface/local/lib/python3.10/dist-packages/custom_interface/srv/_add_three_ints.py'...
[5.168s] Compiling '/home/xanta/tBot/botSpace/install/custom_interface/local/lib/python3.10/dist-packages/custom_interface/srv/_send_bot_command.py'...
[5.172s] -- Installing: /home/xanta/tBot/botSpace/install/custom_interface/lib/libcustom_interface__rosidl_generator_py.so
[5.172s] -- Set runtime path of "/home/xanta/tBot/botSpace/install/custom_interface/lib/libcustom_interface__rosidl_generator_py.so" to ""
[5.173s] -- Installing: /home/xanta/tBot/botSpace/install/custom_interface/share/custom_interface/cmake/export_custom_interface__rosidl_generator_cExport.cmake
[5.173s] -- Installing: /home/xanta/tBot/botSpace/install/custom_interface/share/custom_interface/cmake/export_custom_interface__rosidl_generator_cExport-noconfig.cmake
[5.173s] -- Installing: /home/xanta/tBot/botSpace/install/custom_interface/share/custom_interface/cmake/export_custom_interface__rosidl_typesupport_fastrtps_cExport.cmake
[5.174s] -- Installing: /home/xanta/tBot/botSpace/install/custom_interface/share/custom_interface/cmake/export_custom_interface__rosidl_typesupport_fastrtps_cExport-noconfig.cmake
[5.174s] -- Installing: /home/xanta/tBot/botSpace/install/custom_interface/share/custom_interface/cmake/custom_interface__rosidl_typesupport_introspection_cExport.cmake
[5.174s] -- Installing: /home/xanta/tBot/botSpace/install/custom_interface/share/custom_interface/cmake/custom_interface__rosidl_typesupport_introspection_cExport-noconfig.cmake
[5.174s] -- Installing: /home/xanta/tBot/botSpace/install/custom_interface/share/custom_interface/cmake/custom_interface__rosidl_typesupport_cExport.cmake
[5.174s] -- Installing: /home/xanta/tBot/botSpace/install/custom_interface/share/custom_interface/cmake/custom_interface__rosidl_typesupport_cExport-noconfig.cmake
[5.174s] -- Installing: /home/xanta/tBot/botSpace/install/custom_interface/share/custom_interface/cmake/export_custom_interface__rosidl_generator_cppExport.cmake
[5.174s] -- Installing: /home/xanta/tBot/botSpace/install/custom_interface/share/custom_interface/cmake/export_custom_interface__rosidl_typesupport_fastrtps_cppExport.cmake
[5.175s] -- Installing: /home/xanta/tBot/botSpace/install/custom_interface/share/custom_interface/cmake/export_custom_interface__rosidl_typesupport_fastrtps_cppExport-noconfig.cmake
[5.175s] -- Installing: /home/xanta/tBot/botSpace/install/custom_interface/share/custom_interface/cmake/custom_interface__rosidl_typesupport_introspection_cppExport.cmake
[5.175s] -- Installing: /home/xanta/tBot/botSpace/install/custom_interface/share/custom_interface/cmake/custom_interface__rosidl_typesupport_introspection_cppExport-noconfig.cmake
[5.175s] -- Installing: /home/xanta/tBot/botSpace/install/custom_interface/share/custom_interface/cmake/custom_interface__rosidl_typesupport_cppExport.cmake
[5.175s] -- Installing: /home/xanta/tBot/botSpace/install/custom_interface/share/custom_interface/cmake/custom_interface__rosidl_typesupport_cppExport-noconfig.cmake
[5.175s] -- Installing: /home/xanta/tBot/botSpace/install/custom_interface/share/custom_interface/cmake/export_custom_interface__rosidl_generator_pyExport.cmake
[5.175s] -- Installing: /home/xanta/tBot/botSpace/install/custom_interface/share/custom_interface/cmake/export_custom_interface__rosidl_generator_pyExport-noconfig.cmake
[5.178s] Invoked command in '/home/xanta/tBot/botSpace/build/custom_interface' returned '0': CMAKE_PREFIX_PATH=/opt/ros/humble /usr/bin/cmake --install /home/xanta/tBot/botSpace/build/custom_interface
