[0.024s] Invoking command in '/home/xanta/tBot/botSpace/build/serial': CMAKE_PREFIX_PATH=${CMAKE_PREFIX_PATH}:/home/xanta/tBot/botSpace/install/tbmain:/home/xanta/tBot/botSpace/install/tbcontrol:/opt/ros/humble /usr/bin/cmake --build /home/xanta/tBot/botSpace/build/serial -- -j16 -l16
[0.098s] [ 28%] Built target serial
[0.098s] [ 57%] Built target gtest
[0.099s] [ 57%] Built target gtest_main
[0.150s] [ 71%] Built target serial_example
[0.157s] [ 85%] Built target serial-test-timer
[0.160s] [100%] Built target serial-test
[0.370s] Invoked command in '/home/xanta/tBot/botSpace/build/serial' returned '0': CMAKE_PREFIX_PATH=${CMAKE_PREFIX_PATH}:/home/xanta/tBot/botSpace/install/tbmain:/home/xanta/tBot/botSpace/install/tbcontrol:/opt/ros/humble /usr/bin/cmake --build /home/xanta/tBot/botSpace/build/serial -- -j16 -l16
[0.453s] Invoking command in '/home/xanta/tBot/botSpace/build/serial': CMAKE_PREFIX_PATH=${CMAKE_PREFIX_PATH}:/home/xanta/tBot/botSpace/install/tbmain:/home/xanta/tBot/botSpace/install/tbcontrol:/opt/ros/humble /usr/bin/cmake --install /home/xanta/tBot/botSpace/build/serial
[0.464s] -- Install configuration: ""
[0.464s] -- Execute custom install script
[0.464s] -- Up-to-date symlink: /home/xanta/tBot/botSpace/install/serial/lib/libserial.a
[0.464s] -- Up-to-date symlink: /home/xanta/tBot/botSpace/install/serial/include/serial/serial.h
[0.464s] -- Up-to-date symlink: /home/xanta/tBot/botSpace/install/serial/include/serial/v8stdint.h
[0.464s] -- Up-to-date symlink: /home/xanta/tBot/botSpace/install/serial/share/serial/environment/library_path.sh
[0.465s] -- Up-to-date symlink: /home/xanta/tBot/botSpace/install/serial/share/serial/environment/library_path.dsv
[0.465s] -- Up-to-date symlink: /home/xanta/tBot/botSpace/install/serial/share/ament_index/resource_index/package_run_dependencies/serial
[0.465s] -- Up-to-date symlink: /home/xanta/tBot/botSpace/install/serial/share/ament_index/resource_index/parent_prefix_path/serial
[0.465s] -- Up-to-date symlink: /home/xanta/tBot/botSpace/install/serial/share/serial/environment/ament_prefix_path.sh
[0.465s] -- Up-to-date symlink: /home/xanta/tBot/botSpace/install/serial/share/serial/environment/ament_prefix_path.dsv
[0.465s] -- Up-to-date symlink: /home/xanta/tBot/botSpace/install/serial/share/serial/environment/path.sh
[0.465s] -- Up-to-date symlink: /home/xanta/tBot/botSpace/install/serial/share/serial/environment/path.dsv
[0.466s] -- Up-to-date symlink: /home/xanta/tBot/botSpace/install/serial/share/serial/local_setup.bash
[0.466s] -- Up-to-date symlink: /home/xanta/tBot/botSpace/install/serial/share/serial/local_setup.sh
[0.466s] -- Up-to-date symlink: /home/xanta/tBot/botSpace/install/serial/share/serial/local_setup.zsh
[0.466s] -- Up-to-date symlink: /home/xanta/tBot/botSpace/install/serial/share/serial/local_setup.dsv
[0.466s] -- Symlinking: /home/xanta/tBot/botSpace/install/serial/share/serial/package.dsv
[0.481s] -- Up-to-date symlink: /home/xanta/tBot/botSpace/install/serial/share/ament_index/resource_index/packages/serial
[0.481s] -- Up-to-date symlink: /home/xanta/tBot/botSpace/install/serial/share/serial/cmake/ament_cmake_export_include_directories-extras.cmake
[0.481s] -- Up-to-date symlink: /home/xanta/tBot/botSpace/install/serial/share/serial/cmake/ament_cmake_export_libraries-extras.cmake
[0.481s] -- Up-to-date symlink: /home/xanta/tBot/botSpace/install/serial/share/serial/cmake/serialConfig.cmake
[0.481s] -- Up-to-date symlink: /home/xanta/tBot/botSpace/install/serial/share/serial/cmake/serialConfig-version.cmake
[0.481s] -- Up-to-date symlink: /home/xanta/tBot/botSpace/install/serial/share/serial/package.xml
[0.486s] Invoked command in '/home/xanta/tBot/botSpace/build/serial' returned '0': CMAKE_PREFIX_PATH=${CMAKE_PREFIX_PATH}:/home/xanta/tBot/botSpace/install/tbmain:/home/xanta/tBot/botSpace/install/tbcontrol:/opt/ros/humble /usr/bin/cmake --install /home/xanta/tBot/botSpace/build/serial
