[0.016s] Invoking command in '/home/xanta/tBot/botSpace/build/custom_interface': CMAKE_PREFIX_PATH=${CMAKE_PREFIX_PATH}:/home/xanta/tBot/botSpace/install/tbmain:/home/xanta/tBot/botSpace/install/tbcontrol:/opt/ros/humble /usr/bin/cmake --build /home/xanta/tBot/botSpace/build/custom_interface -- -j16 -l16
[0.074s] [  2%] Built target custom_interface__cpp
[0.075s] [ 12%] Built target custom_interface__rosidl_generator_c
[0.088s] [ 12%] Built target ament_cmake_python_symlink_custom_interface
[0.104s] [ 23%] Built target custom_interface__rosidl_typesupport_cpp
[0.105s] [ 76%] Built target custom_interface__rosidl_typesupport_introspection_cpp
[0.105s] [ 76%] Built target custom_interface__rosidl_typesupport_fastrtps_c
[0.105s] [ 76%] Built target custom_interface__rosidl_typesupport_fastrtps_cpp
[0.105s] [ 76%] Built target custom_interface__rosidl_typesupport_introspection_c
[0.105s] [ 76%] Built target custom_interface__rosidl_typesupport_c
[0.130s] [ 76%] Built target custom_interface
[0.155s] [ 78%] Built target custom_interface__py
[0.183s] [ 87%] Built target custom_interface__rosidl_generator_py
[0.210s] [ 97%] Built target custom_interface__rosidl_typesupport_c__pyext
[0.210s] [ 97%] Built target custom_interface__rosidl_typesupport_fastrtps_c__pyext
[0.210s] [100%] Built target custom_interface__rosidl_typesupport_introspection_c__pyext
[0.315s] running egg_info
[0.315s] writing custom_interface.egg-info/PKG-INFO
[0.315s] writing dependency_links to custom_interface.egg-info/dependency_links.txt
[0.316s] writing top-level names to custom_interface.egg-info/top_level.txt
[0.317s] reading manifest file 'custom_interface.egg-info/SOURCES.txt'
[0.318s] writing manifest file 'custom_interface.egg-info/SOURCES.txt'
[0.354s] [100%] Built target ament_cmake_python_build_custom_interface_egg
