[0.011s] Invoking command in '/home/xanta/tBot/botSpace/build/diffdrive_arduino': AMENT_PREFIX_PATH=/home/xanta/tBot/botSpace/install/serial:${AMENT_PREFIX_PATH} CMAKE_PREFIX_PATH=/home/xanta/tBot/botSpace/install/serial:/opt/ros/humble LD_LIBRARY_PATH=/home/xanta/tBot/botSpace/install/serial/lib:${LD_LIBRARY_PATH} /usr/bin/cmake /home/xanta/tBot/botSpace/src/diffdrive_arduino -DCMAKE_INSTALL_PREFIX=/home/xanta/tBot/botSpace/install/diffdrive_arduino
[0.029s] -- Found ament_cmake: 1.3.8 (/opt/ros/humble/share/ament_cmake/cmake)
[0.167s] -- Override CMake install command with custom implementation using symlinks instead of copying resources
[0.174s] -- Found serial: 1.2.1 (/home/xanta/tBot/botSpace/install/serial/share/serial/cmake)
[0.175s] -- Found hardware_interface: 2.40.0 (/opt/ros/humble/share/hardware_interface/cmake)
[0.204s] -- Found rosidl_generator_c: 3.1.5 (/opt/ros/humble/share/rosidl_generator_c/cmake)
[0.206s] -- Found rosidl_adapter: 3.1.5 (/opt/ros/humble/share/rosidl_adapter/cmake)
[0.212s] -- Found rosidl_generator_cpp: 3.1.5 (/opt/ros/humble/share/rosidl_generator_cpp/cmake)
[0.223s] -- Using all available rosidl_typesupport_c: rosidl_typesupport_fastrtps_c;rosidl_typesupport_introspection_c
[0.237s] -- Using all available rosidl_typesupport_cpp: rosidl_typesupport_fastrtps_cpp;rosidl_typesupport_introspection_cpp
[0.834s] -- Found rmw_implementation_cmake: 6.1.1 (/opt/ros/humble/share/rmw_implementation_cmake/cmake)
[0.836s] -- Found rmw_cyclonedds_cpp: 1.3.4 (/opt/ros/humble/share/rmw_cyclonedds_cpp/cmake)
[0.869s] -- Using RMW implementation 'rmw_cyclonedds_cpp' as default
[1.020s] -- Found controller_manager: 2.40.0 (/opt/ros/humble/share/controller_manager/cmake)
[2.180s] -- Configuring done
[2.242s] -- Generating done
[2.244s] -- Build files have been written to: /home/xanta/tBot/botSpace/build/diffdrive_arduino
[2.251s] Invoked command in '/home/xanta/tBot/botSpace/build/diffdrive_arduino' returned '0': AMENT_PREFIX_PATH=/home/xanta/tBot/botSpace/install/serial:${AMENT_PREFIX_PATH} CMAKE_PREFIX_PATH=/home/xanta/tBot/botSpace/install/serial:/opt/ros/humble LD_LIBRARY_PATH=/home/xanta/tBot/botSpace/install/serial/lib:${LD_LIBRARY_PATH} /usr/bin/cmake /home/xanta/tBot/botSpace/src/diffdrive_arduino -DCMAKE_INSTALL_PREFIX=/home/xanta/tBot/botSpace/install/diffdrive_arduino
[2.253s] Invoking command in '/home/xanta/tBot/botSpace/build/diffdrive_arduino': AMENT_PREFIX_PATH=/home/xanta/tBot/botSpace/install/serial:${AMENT_PREFIX_PATH} CMAKE_PREFIX_PATH=/home/xanta/tBot/botSpace/install/serial:/opt/ros/humble LD_LIBRARY_PATH=/home/xanta/tBot/botSpace/install/serial/lib:${LD_LIBRARY_PATH} /usr/bin/cmake --build /home/xanta/tBot/botSpace/build/diffdrive_arduino -- -j16 -l16
[2.303s] [35m[1mConsolidate compiler generated dependencies of target fake_robot[0m
[2.303s] [35m[1mConsolidate compiler generated dependencies of target diffdrive_arduino[0m
[2.332s] [100%] Built target fake_robot
[2.332s] [100%] Built target diffdrive_arduino
[2.347s] Invoked command in '/home/xanta/tBot/botSpace/build/diffdrive_arduino' returned '0': AMENT_PREFIX_PATH=/home/xanta/tBot/botSpace/install/serial:${AMENT_PREFIX_PATH} CMAKE_PREFIX_PATH=/home/xanta/tBot/botSpace/install/serial:/opt/ros/humble LD_LIBRARY_PATH=/home/xanta/tBot/botSpace/install/serial/lib:${LD_LIBRARY_PATH} /usr/bin/cmake --build /home/xanta/tBot/botSpace/build/diffdrive_arduino -- -j16 -l16
[2.390s] Invoking command in '/home/xanta/tBot/botSpace/build/diffdrive_arduino': AMENT_PREFIX_PATH=/home/xanta/tBot/botSpace/install/serial:${AMENT_PREFIX_PATH} CMAKE_PREFIX_PATH=/home/xanta/tBot/botSpace/install/serial:/opt/ros/humble LD_LIBRARY_PATH=/home/xanta/tBot/botSpace/install/serial/lib:${LD_LIBRARY_PATH} /usr/bin/cmake --install /home/xanta/tBot/botSpace/build/diffdrive_arduino
[2.397s] -- Install configuration: ""
[2.398s] -- Execute custom install script
[2.398s] -- Up-to-date symlink: /home/xanta/tBot/botSpace/install/diffdrive_arduino/share/diffdrive_arduino//robot_hardware.xml
[2.398s] -- Up-to-date symlink: /home/xanta/tBot/botSpace/install/diffdrive_arduino/share/diffdrive_arduino//fake_robot_hardware.xml
[2.398s] -- Up-to-date symlink: /home/xanta/tBot/botSpace/install/diffdrive_arduino/lib/libdiffdrive_arduino.so
[2.398s] -- Up-to-date symlink: /home/xanta/tBot/botSpace/install/diffdrive_arduino/lib/libfake_robot.so
[2.399s] -- Up-to-date symlink: /home/xanta/tBot/botSpace/install/diffdrive_arduino/share/diffdrive_arduino/controllers/robot_controller_example.yaml
[2.399s] -- Up-to-date symlink: /home/xanta/tBot/botSpace/install/diffdrive_arduino/share/diffdrive_arduino/fake_robot.launch.py
[2.399s] -- Up-to-date symlink: /home/xanta/tBot/botSpace/install/diffdrive_arduino/share/diffdrive_arduino/test_robot.launch.py
[2.399s] -- Up-to-date symlink: /home/xanta/tBot/botSpace/install/diffdrive_arduino/share/diffdrive_arduino/environment/library_path.sh
[2.399s] -- Up-to-date symlink: /home/xanta/tBot/botSpace/install/diffdrive_arduino/share/diffdrive_arduino/environment/library_path.dsv
[2.399s] -- Up-to-date symlink: /home/xanta/tBot/botSpace/install/diffdrive_arduino/share/ament_index/resource_index/package_run_dependencies/diffdrive_arduino
[2.399s] -- Up-to-date symlink: /home/xanta/tBot/botSpace/install/diffdrive_arduino/share/ament_index/resource_index/parent_prefix_path/diffdrive_arduino
[2.400s] -- Up-to-date symlink: /home/xanta/tBot/botSpace/install/diffdrive_arduino/share/diffdrive_arduino/environment/ament_prefix_path.sh
[2.400s] -- Up-to-date symlink: /home/xanta/tBot/botSpace/install/diffdrive_arduino/share/diffdrive_arduino/environment/ament_prefix_path.dsv
[2.400s] -- Up-to-date symlink: /home/xanta/tBot/botSpace/install/diffdrive_arduino/share/diffdrive_arduino/environment/path.sh
[2.400s] -- Up-to-date symlink: /home/xanta/tBot/botSpace/install/diffdrive_arduino/share/diffdrive_arduino/environment/path.dsv
[2.400s] -- Up-to-date symlink: /home/xanta/tBot/botSpace/install/diffdrive_arduino/share/diffdrive_arduino/local_setup.bash
[2.400s] -- Up-to-date symlink: /home/xanta/tBot/botSpace/install/diffdrive_arduino/share/diffdrive_arduino/local_setup.sh
[2.401s] -- Up-to-date symlink: /home/xanta/tBot/botSpace/install/diffdrive_arduino/share/diffdrive_arduino/local_setup.zsh
[2.401s] -- Up-to-date symlink: /home/xanta/tBot/botSpace/install/diffdrive_arduino/share/diffdrive_arduino/local_setup.dsv
[2.401s] -- Symlinking: /home/xanta/tBot/botSpace/install/diffdrive_arduino/share/diffdrive_arduino/package.dsv
[2.412s] -- Up-to-date symlink: /home/xanta/tBot/botSpace/install/diffdrive_arduino/share/ament_index/resource_index/packages/diffdrive_arduino
[2.412s] -- Up-to-date symlink: /home/xanta/tBot/botSpace/install/diffdrive_arduino/share/ament_index/resource_index/hardware_interface__pluginlib__plugin/diffdrive_arduino
[2.413s] -- Up-to-date symlink: /home/xanta/tBot/botSpace/install/diffdrive_arduino/share/diffdrive_arduino/cmake/ament_cmake_export_libraries-extras.cmake
[2.413s] -- Up-to-date symlink: /home/xanta/tBot/botSpace/install/diffdrive_arduino/share/diffdrive_arduino/cmake/ament_cmake_export_dependencies-extras.cmake
[2.413s] -- Up-to-date symlink: /home/xanta/tBot/botSpace/install/diffdrive_arduino/share/diffdrive_arduino/cmake/diffdrive_arduinoConfig.cmake
[2.413s] -- Up-to-date symlink: /home/xanta/tBot/botSpace/install/diffdrive_arduino/share/diffdrive_arduino/cmake/diffdrive_arduinoConfig-version.cmake
[2.414s] -- Up-to-date symlink: /home/xanta/tBot/botSpace/install/diffdrive_arduino/share/diffdrive_arduino/package.xml
[2.418s] Invoked command in '/home/xanta/tBot/botSpace/build/diffdrive_arduino' returned '0': AMENT_PREFIX_PATH=/home/xanta/tBot/botSpace/install/serial:${AMENT_PREFIX_PATH} CMAKE_PREFIX_PATH=/home/xanta/tBot/botSpace/install/serial:/opt/ros/humble LD_LIBRARY_PATH=/home/xanta/tBot/botSpace/install/serial/lib:${LD_LIBRARY_PATH} /usr/bin/cmake --install /home/xanta/tBot/botSpace/build/diffdrive_arduino
