[0.019s] Invoking command in '/home/xanta/tBot/botSpace/build/serial': CMAKE_PREFIX_PATH=/opt/ros/humble /usr/bin/cmake /home/xanta/tBot/botSpace/src/serial -DCMAKE_INSTALL_PREFIX=/home/xanta/tBot/botSpace/install/serial
[0.044s] -- Found ament_cmake: 1.3.8 (/opt/ros/humble/share/ament_cmake/cmake)
[0.179s] -- Override CMake install command with custom implementation using symlinks instead of copying resources
[0.194s] -- Found ament_cmake_gtest: 1.3.8 (/opt/ros/humble/share/ament_cmake_gtest/cmake)
[0.201s] -- Found gtest sources under '/opt/ros/humble/src/gtest_vendor': C++ tests using 'Google Test' will be built
[0.291s] -- Configuring done
[0.311s] -- Generating done
[0.314s] -- Build files have been written to: /home/xanta/tBot/botSpace/build/serial
[0.320s] Invoked command in '/home/xanta/tBot/botSpace/build/serial' returned '0': CMAKE_PREFIX_PATH=/opt/ros/humble /usr/bin/cmake /home/xanta/tBot/botSpace/src/serial -DCMAKE_INSTALL_PREFIX=/home/xanta/tBot/botSpace/install/serial
[0.323s] Invoking command in '/home/xanta/tBot/botSpace/build/serial': CMAKE_PREFIX_PATH=/opt/ros/humble /usr/bin/cmake --build /home/xanta/tBot/botSpace/build/serial -- -j16 -l16
[0.379s] [35m[1mConsolidate compiler generated dependencies of target gtest_main[0m
[0.379s] [35m[1mConsolidate compiler generated dependencies of target gtest[0m
[0.379s] [35m[1mConsolidate compiler generated dependencies of target serial[0m
[0.406s] [ 42%] Built target gtest
[0.406s] [ 42%] Built target gtest_main
[0.406s] [ 57%] Built target serial
[0.422s] [35m[1mConsolidate compiler generated dependencies of target serial_example[0m
[0.423s] [35m[1mConsolidate compiler generated dependencies of target serial-test-timer[0m
[0.423s] [35m[1mConsolidate compiler generated dependencies of target serial-test[0m
[0.442s] [ 85%] Built target serial-test-timer
[0.442s] [ 85%] Built target serial_example
[0.447s] [100%] Built target serial-test
[0.465s] Invoked command in '/home/xanta/tBot/botSpace/build/serial' returned '0': CMAKE_PREFIX_PATH=/opt/ros/humble /usr/bin/cmake --build /home/xanta/tBot/botSpace/build/serial -- -j16 -l16
[0.530s] Invoking command in '/home/xanta/tBot/botSpace/build/serial': CMAKE_PREFIX_PATH=/opt/ros/humble /usr/bin/cmake --install /home/xanta/tBot/botSpace/build/serial
[0.540s] -- Install configuration: ""
[0.540s] -- Execute custom install script
[0.540s] -- Up-to-date symlink: /home/xanta/tBot/botSpace/install/serial/lib/libserial.a
[0.540s] -- Up-to-date symlink: /home/xanta/tBot/botSpace/install/serial/include/serial/serial.h
[0.541s] -- Up-to-date symlink: /home/xanta/tBot/botSpace/install/serial/include/serial/v8stdint.h
[0.541s] -- Up-to-date symlink: /home/xanta/tBot/botSpace/install/serial/share/serial/environment/library_path.sh
[0.541s] -- Up-to-date symlink: /home/xanta/tBot/botSpace/install/serial/share/serial/environment/library_path.dsv
[0.541s] -- Up-to-date symlink: /home/xanta/tBot/botSpace/install/serial/share/ament_index/resource_index/package_run_dependencies/serial
[0.541s] -- Up-to-date symlink: /home/xanta/tBot/botSpace/install/serial/share/ament_index/resource_index/parent_prefix_path/serial
[0.541s] -- Up-to-date symlink: /home/xanta/tBot/botSpace/install/serial/share/serial/environment/ament_prefix_path.sh
[0.542s] -- Up-to-date symlink: /home/xanta/tBot/botSpace/install/serial/share/serial/environment/ament_prefix_path.dsv
[0.542s] -- Up-to-date symlink: /home/xanta/tBot/botSpace/install/serial/share/serial/environment/path.sh
[0.542s] -- Up-to-date symlink: /home/xanta/tBot/botSpace/install/serial/share/serial/environment/path.dsv
[0.542s] -- Up-to-date symlink: /home/xanta/tBot/botSpace/install/serial/share/serial/local_setup.bash
[0.542s] -- Up-to-date symlink: /home/xanta/tBot/botSpace/install/serial/share/serial/local_setup.sh
[0.542s] -- Up-to-date symlink: /home/xanta/tBot/botSpace/install/serial/share/serial/local_setup.zsh
[0.542s] -- Up-to-date symlink: /home/xanta/tBot/botSpace/install/serial/share/serial/local_setup.dsv
[0.542s] -- Symlinking: /home/xanta/tBot/botSpace/install/serial/share/serial/package.dsv
[0.557s] -- Up-to-date symlink: /home/xanta/tBot/botSpace/install/serial/share/ament_index/resource_index/packages/serial
[0.557s] -- Up-to-date symlink: /home/xanta/tBot/botSpace/install/serial/share/serial/cmake/ament_cmake_export_include_directories-extras.cmake
[0.557s] -- Up-to-date symlink: /home/xanta/tBot/botSpace/install/serial/share/serial/cmake/ament_cmake_export_libraries-extras.cmake
[0.557s] -- Up-to-date symlink: /home/xanta/tBot/botSpace/install/serial/share/serial/cmake/serialConfig.cmake
[0.557s] -- Up-to-date symlink: /home/xanta/tBot/botSpace/install/serial/share/serial/cmake/serialConfig-version.cmake
[0.558s] -- Up-to-date symlink: /home/xanta/tBot/botSpace/install/serial/share/serial/package.xml
[0.562s] Invoked command in '/home/xanta/tBot/botSpace/build/serial' returned '0': CMAKE_PREFIX_PATH=/opt/ros/humble /usr/bin/cmake --install /home/xanta/tBot/botSpace/build/serial
