[0.091s] DEBUG:colcon:Command line arguments: ['/usr/bin/colcon', 'build']
[0.091s] DEBUG:colcon:Parsed command line arguments: Namespace(log_base=None, log_level=None, verb_name='build', build_base='build', install_base='install', merge_install=False, symlink_install=False, test_result_base=None, continue_on_error=False, executor='parallel', parallel_workers=16, event_handlers=None, ignore_user_meta=False, metas=['./colcon.meta'], base_paths=['.'], packages_ignore=None, packages_ignore_regex=None, paths=None, packages_up_to=None, packages_up_to_regex=None, packages_above=None, packages_above_and_dependencies=None, packages_above_depth=None, packages_select_by_dep=None, packages_skip_by_dep=None, packages_skip_up_to=None, packages_select_build_failed=False, packages_skip_build_finished=False, packages_select_test_failures=False, packages_skip_test_passed=False, packages_select=None, packages_skip=None, packages_select_regex=None, packages_skip_regex=None, packages_start=None, packages_end=None, allow_overriding=[], cmake_args=None, cmake_target=None, cmake_target_skip_unavailable=False, cmake_clean_cache=False, cmake_clean_first=False, cmake_force_configure=False, ament_cmake_args=None, catkin_cmake_args=None, catkin_skip_building_tests=False, verb_parser=<colcon_defaults.argument_parser.defaults.DefaultArgumentsDecorator object at 0x792f03810340>, verb_extension=<colcon_core.verb.build.BuildVerb object at 0x792f037e3eb0>, main=<bound method BuildVerb.main of <colcon_core.verb.build.BuildVerb object at 0x792f037e3eb0>>)
[0.242s] Level 1:colcon.colcon_core.package_discovery:discover_packages(colcon_meta) check parameters
[0.243s] Level 1:colcon.colcon_core.package_discovery:discover_packages(recursive) check parameters
[0.243s] Level 1:colcon.colcon_core.package_discovery:discover_packages(ignore) check parameters
[0.243s] Level 1:colcon.colcon_core.package_discovery:discover_packages(path) check parameters
[0.243s] Level 1:colcon.colcon_core.package_discovery:discover_packages(colcon_meta) discover
[0.243s] Level 1:colcon.colcon_core.package_discovery:discover_packages(recursive) discover
[0.243s] INFO:colcon.colcon_core.package_discovery:Crawling recursively for packages in '/home/xanta/tBot/botSpace'
[0.243s] Level 1:colcon.colcon_core.package_identification:_identify(.) by extensions ['ignore', 'ignore_ament_install']
[0.243s] Level 1:colcon.colcon_core.package_identification:_identify(.) by extension 'ignore'
[0.243s] Level 1:colcon.colcon_core.package_identification:_identify(.) by extension 'ignore_ament_install'
[0.243s] Level 1:colcon.colcon_core.package_identification:_identify(.) by extensions ['colcon_pkg']
[0.243s] Level 1:colcon.colcon_core.package_identification:_identify(.) by extension 'colcon_pkg'
[0.243s] Level 1:colcon.colcon_core.package_identification:_identify(.) by extensions ['colcon_meta']
[0.243s] Level 1:colcon.colcon_core.package_identification:_identify(.) by extension 'colcon_meta'
[0.243s] Level 1:colcon.colcon_core.package_identification:_identify(.) by extensions ['ros']
[0.243s] Level 1:colcon.colcon_core.package_identification:_identify(.) by extension 'ros'
[0.254s] Level 1:colcon.colcon_core.package_identification:_identify(.) by extensions ['cmake', 'python']
[0.254s] Level 1:colcon.colcon_core.package_identification:_identify(.) by extension 'cmake'
[0.254s] Level 1:colcon.colcon_core.package_identification:_identify(.) by extension 'python'
[0.254s] Level 1:colcon.colcon_core.package_identification:_identify(.) by extensions ['python_setup_py']
[0.254s] Level 1:colcon.colcon_core.package_identification:_identify(.) by extension 'python_setup_py'
[0.254s] Level 1:colcon.colcon_core.package_identification:_identify(build) by extensions ['ignore', 'ignore_ament_install']
[0.254s] Level 1:colcon.colcon_core.package_identification:_identify(build) by extension 'ignore'
[0.254s] Level 1:colcon.colcon_core.package_identification:_identify(build) ignored
[0.255s] Level 1:colcon.colcon_core.package_identification:_identify(install) by extensions ['ignore', 'ignore_ament_install']
[0.255s] Level 1:colcon.colcon_core.package_identification:_identify(install) by extension 'ignore'
[0.255s] Level 1:colcon.colcon_core.package_identification:_identify(install) ignored
[0.255s] Level 1:colcon.colcon_core.package_identification:_identify(log) by extensions ['ignore', 'ignore_ament_install']
[0.255s] Level 1:colcon.colcon_core.package_identification:_identify(log) by extension 'ignore'
[0.255s] Level 1:colcon.colcon_core.package_identification:_identify(log) ignored
[0.255s] Level 1:colcon.colcon_core.package_identification:_identify(src) by extensions ['ignore', 'ignore_ament_install']
[0.255s] Level 1:colcon.colcon_core.package_identification:_identify(src) by extension 'ignore'
[0.255s] Level 1:colcon.colcon_core.package_identification:_identify(src) by extension 'ignore_ament_install'
[0.255s] Level 1:colcon.colcon_core.package_identification:_identify(src) by extensions ['colcon_pkg']
[0.255s] Level 1:colcon.colcon_core.package_identification:_identify(src) by extension 'colcon_pkg'
[0.255s] Level 1:colcon.colcon_core.package_identification:_identify(src) by extensions ['colcon_meta']
[0.255s] Level 1:colcon.colcon_core.package_identification:_identify(src) by extension 'colcon_meta'
[0.255s] Level 1:colcon.colcon_core.package_identification:_identify(src) by extensions ['ros']
[0.255s] Level 1:colcon.colcon_core.package_identification:_identify(src) by extension 'ros'
[0.255s] Level 1:colcon.colcon_core.package_identification:_identify(src) by extensions ['cmake', 'python']
[0.255s] Level 1:colcon.colcon_core.package_identification:_identify(src) by extension 'cmake'
[0.255s] Level 1:colcon.colcon_core.package_identification:_identify(src) by extension 'python'
[0.255s] Level 1:colcon.colcon_core.package_identification:_identify(src) by extensions ['python_setup_py']
[0.255s] Level 1:colcon.colcon_core.package_identification:_identify(src) by extension 'python_setup_py'
[0.256s] Level 1:colcon.colcon_core.package_identification:_identify(src/custom_interface) by extensions ['ignore', 'ignore_ament_install']
[0.256s] Level 1:colcon.colcon_core.package_identification:_identify(src/custom_interface) by extension 'ignore'
[0.256s] Level 1:colcon.colcon_core.package_identification:_identify(src/custom_interface) by extension 'ignore_ament_install'
[0.256s] Level 1:colcon.colcon_core.package_identification:_identify(src/custom_interface) by extensions ['colcon_pkg']
[0.256s] Level 1:colcon.colcon_core.package_identification:_identify(src/custom_interface) by extension 'colcon_pkg'
[0.256s] Level 1:colcon.colcon_core.package_identification:_identify(src/custom_interface) by extensions ['colcon_meta']
[0.256s] Level 1:colcon.colcon_core.package_identification:_identify(src/custom_interface) by extension 'colcon_meta'
[0.256s] Level 1:colcon.colcon_core.package_identification:_identify(src/custom_interface) by extensions ['ros']
[0.256s] Level 1:colcon.colcon_core.package_identification:_identify(src/custom_interface) by extension 'ros'
[0.258s] DEBUG:colcon.colcon_core.package_identification:Package 'src/custom_interface' with type 'ros.ament_cmake' and name 'custom_interface'
[0.258s] Level 1:colcon.colcon_core.package_identification:_identify(src/diffdrive_arduino) by extensions ['ignore', 'ignore_ament_install']
[0.258s] Level 1:colcon.colcon_core.package_identification:_identify(src/diffdrive_arduino) by extension 'ignore'
[0.258s] Level 1:colcon.colcon_core.package_identification:_identify(src/diffdrive_arduino) by extension 'ignore_ament_install'
[0.258s] Level 1:colcon.colcon_core.package_identification:_identify(src/diffdrive_arduino) by extensions ['colcon_pkg']
[0.258s] Level 1:colcon.colcon_core.package_identification:_identify(src/diffdrive_arduino) by extension 'colcon_pkg'
[0.259s] Level 1:colcon.colcon_core.package_identification:_identify(src/diffdrive_arduino) by extensions ['colcon_meta']
[0.259s] Level 1:colcon.colcon_core.package_identification:_identify(src/diffdrive_arduino) by extension 'colcon_meta'
[0.259s] Level 1:colcon.colcon_core.package_identification:_identify(src/diffdrive_arduino) by extensions ['ros']
[0.259s] Level 1:colcon.colcon_core.package_identification:_identify(src/diffdrive_arduino) by extension 'ros'
[0.259s] DEBUG:colcon.colcon_core.package_identification:Package 'src/diffdrive_arduino' with type 'ros.ament_cmake' and name 'diffdrive_arduino'
[0.259s] Level 1:colcon.colcon_core.package_identification:_identify(src/serial) by extensions ['ignore', 'ignore_ament_install']
[0.259s] Level 1:colcon.colcon_core.package_identification:_identify(src/serial) by extension 'ignore'
[0.259s] Level 1:colcon.colcon_core.package_identification:_identify(src/serial) by extension 'ignore_ament_install'
[0.260s] Level 1:colcon.colcon_core.package_identification:_identify(src/serial) by extensions ['colcon_pkg']
[0.260s] Level 1:colcon.colcon_core.package_identification:_identify(src/serial) by extension 'colcon_pkg'
[0.260s] Level 1:colcon.colcon_core.package_identification:_identify(src/serial) by extensions ['colcon_meta']
[0.260s] Level 1:colcon.colcon_core.package_identification:_identify(src/serial) by extension 'colcon_meta'
[0.260s] Level 1:colcon.colcon_core.package_identification:_identify(src/serial) by extensions ['ros']
[0.260s] Level 1:colcon.colcon_core.package_identification:_identify(src/serial) by extension 'ros'
[0.260s] DEBUG:colcon.colcon_core.package_identification:Package 'src/serial' with type 'ros.ament_cmake' and name 'serial'
[0.260s] Level 1:colcon.colcon_core.package_identification:_identify(src/tbcontrol) by extensions ['ignore', 'ignore_ament_install']
[0.260s] Level 1:colcon.colcon_core.package_identification:_identify(src/tbcontrol) by extension 'ignore'
[0.260s] Level 1:colcon.colcon_core.package_identification:_identify(src/tbcontrol) by extension 'ignore_ament_install'
[0.260s] Level 1:colcon.colcon_core.package_identification:_identify(src/tbcontrol) by extensions ['colcon_pkg']
[0.260s] Level 1:colcon.colcon_core.package_identification:_identify(src/tbcontrol) by extension 'colcon_pkg'
[0.260s] Level 1:colcon.colcon_core.package_identification:_identify(src/tbcontrol) by extensions ['colcon_meta']
[0.260s] Level 1:colcon.colcon_core.package_identification:_identify(src/tbcontrol) by extension 'colcon_meta'
[0.260s] Level 1:colcon.colcon_core.package_identification:_identify(src/tbcontrol) by extensions ['ros']
[0.260s] Level 1:colcon.colcon_core.package_identification:_identify(src/tbcontrol) by extension 'ros'
[0.261s] DEBUG:colcon.colcon_core.package_identification:Package 'src/tbcontrol' with type 'ros.ament_python' and name 'tbcontrol'
[0.261s] Level 1:colcon.colcon_core.package_identification:_identify(src/tbmain) by extensions ['ignore', 'ignore_ament_install']
[0.261s] Level 1:colcon.colcon_core.package_identification:_identify(src/tbmain) by extension 'ignore'
[0.261s] Level 1:colcon.colcon_core.package_identification:_identify(src/tbmain) by extension 'ignore_ament_install'
[0.261s] Level 1:colcon.colcon_core.package_identification:_identify(src/tbmain) by extensions ['colcon_pkg']
[0.261s] Level 1:colcon.colcon_core.package_identification:_identify(src/tbmain) by extension 'colcon_pkg'
[0.261s] Level 1:colcon.colcon_core.package_identification:_identify(src/tbmain) by extensions ['colcon_meta']
[0.261s] Level 1:colcon.colcon_core.package_identification:_identify(src/tbmain) by extension 'colcon_meta'
[0.261s] Level 1:colcon.colcon_core.package_identification:_identify(src/tbmain) by extensions ['ros']
[0.261s] Level 1:colcon.colcon_core.package_identification:_identify(src/tbmain) by extension 'ros'
[0.262s] DEBUG:colcon.colcon_core.package_identification:Package 'src/tbmain' with type 'ros.ament_python' and name 'tbmain'
[0.262s] Level 1:colcon.colcon_core.package_discovery:discover_packages(recursive) using defaults
[0.262s] Level 1:colcon.colcon_core.package_discovery:discover_packages(ignore) discover
[0.262s] Level 1:colcon.colcon_core.package_discovery:discover_packages(ignore) using defaults
[0.262s] Level 1:colcon.colcon_core.package_discovery:discover_packages(path) discover
[0.262s] Level 1:colcon.colcon_core.package_discovery:discover_packages(path) using defaults
[0.307s] Level 1:colcon.colcon_core.package_discovery:discover_packages(prefix_path) check parameters
[0.307s] Level 1:colcon.colcon_core.package_discovery:discover_packages(prefix_path) discover
[0.308s] DEBUG:colcon.colcon_installed_package_information.package_discovery:Found 5 installed packages in /home/xanta/tBot/botSpace/install
[0.310s] DEBUG:colcon.colcon_installed_package_information.package_discovery:Found 325 installed packages in /opt/ros/humble
[0.311s] Level 1:colcon.colcon_core.package_discovery:discover_packages(prefix_path) using defaults
[0.346s] Level 5:colcon.colcon_core.verb:set package 'custom_interface' build argument 'cmake_args' from command line to 'None'
[0.346s] Level 5:colcon.colcon_core.verb:set package 'custom_interface' build argument 'cmake_target' from command line to 'None'
[0.346s] Level 5:colcon.colcon_core.verb:set package 'custom_interface' build argument 'cmake_target_skip_unavailable' from command line to 'False'
[0.346s] Level 5:colcon.colcon_core.verb:set package 'custom_interface' build argument 'cmake_clean_cache' from command line to 'False'
[0.346s] Level 5:colcon.colcon_core.verb:set package 'custom_interface' build argument 'cmake_clean_first' from command line to 'False'
[0.346s] Level 5:colcon.colcon_core.verb:set package 'custom_interface' build argument 'cmake_force_configure' from command line to 'False'
[0.346s] Level 5:colcon.colcon_core.verb:set package 'custom_interface' build argument 'ament_cmake_args' from command line to 'None'
[0.346s] Level 5:colcon.colcon_core.verb:set package 'custom_interface' build argument 'catkin_cmake_args' from command line to 'None'
[0.346s] Level 5:colcon.colcon_core.verb:set package 'custom_interface' build argument 'catkin_skip_building_tests' from command line to 'False'
[0.346s] DEBUG:colcon.colcon_core.verb:Building package 'custom_interface' with the following arguments: {'ament_cmake_args': None, 'build_base': '/home/xanta/tBot/botSpace/build/custom_interface', 'catkin_cmake_args': None, 'catkin_skip_building_tests': False, 'cmake_args': None, 'cmake_clean_cache': False, 'cmake_clean_first': False, 'cmake_force_configure': False, 'cmake_target': None, 'cmake_target_skip_unavailable': False, 'install_base': '/home/xanta/tBot/botSpace/install/custom_interface', 'merge_install': False, 'path': '/home/xanta/tBot/botSpace/src/custom_interface', 'symlink_install': False, 'test_result_base': None}
[0.346s] Level 5:colcon.colcon_core.verb:set package 'serial' build argument 'cmake_args' from command line to 'None'
[0.346s] Level 5:colcon.colcon_core.verb:set package 'serial' build argument 'cmake_target' from command line to 'None'
[0.346s] Level 5:colcon.colcon_core.verb:set package 'serial' build argument 'cmake_target_skip_unavailable' from command line to 'False'
[0.346s] Level 5:colcon.colcon_core.verb:set package 'serial' build argument 'cmake_clean_cache' from command line to 'False'
[0.346s] Level 5:colcon.colcon_core.verb:set package 'serial' build argument 'cmake_clean_first' from command line to 'False'
[0.346s] Level 5:colcon.colcon_core.verb:set package 'serial' build argument 'cmake_force_configure' from command line to 'False'
[0.346s] Level 5:colcon.colcon_core.verb:set package 'serial' build argument 'ament_cmake_args' from command line to 'None'
[0.347s] Level 5:colcon.colcon_core.verb:set package 'serial' build argument 'catkin_cmake_args' from command line to 'None'
[0.347s] Level 5:colcon.colcon_core.verb:set package 'serial' build argument 'catkin_skip_building_tests' from command line to 'False'
[0.347s] DEBUG:colcon.colcon_core.verb:Building package 'serial' with the following arguments: {'ament_cmake_args': None, 'build_base': '/home/xanta/tBot/botSpace/build/serial', 'catkin_cmake_args': None, 'catkin_skip_building_tests': False, 'cmake_args': None, 'cmake_clean_cache': False, 'cmake_clean_first': False, 'cmake_force_configure': False, 'cmake_target': None, 'cmake_target_skip_unavailable': False, 'install_base': '/home/xanta/tBot/botSpace/install/serial', 'merge_install': False, 'path': '/home/xanta/tBot/botSpace/src/serial', 'symlink_install': False, 'test_result_base': None}
[0.347s] Level 5:colcon.colcon_core.verb:set package 'tbmain' build argument 'cmake_args' from command line to 'None'
[0.347s] Level 5:colcon.colcon_core.verb:set package 'tbmain' build argument 'cmake_target' from command line to 'None'
[0.347s] Level 5:colcon.colcon_core.verb:set package 'tbmain' build argument 'cmake_target_skip_unavailable' from command line to 'False'
[0.347s] Level 5:colcon.colcon_core.verb:set package 'tbmain' build argument 'cmake_clean_cache' from command line to 'False'
[0.347s] Level 5:colcon.colcon_core.verb:set package 'tbmain' build argument 'cmake_clean_first' from command line to 'False'
[0.347s] Level 5:colcon.colcon_core.verb:set package 'tbmain' build argument 'cmake_force_configure' from command line to 'False'
[0.347s] Level 5:colcon.colcon_core.verb:set package 'tbmain' build argument 'ament_cmake_args' from command line to 'None'
[0.347s] Level 5:colcon.colcon_core.verb:set package 'tbmain' build argument 'catkin_cmake_args' from command line to 'None'
[0.347s] Level 5:colcon.colcon_core.verb:set package 'tbmain' build argument 'catkin_skip_building_tests' from command line to 'False'
[0.347s] DEBUG:colcon.colcon_core.verb:Building package 'tbmain' with the following arguments: {'ament_cmake_args': None, 'build_base': '/home/xanta/tBot/botSpace/build/tbmain', 'catkin_cmake_args': None, 'catkin_skip_building_tests': False, 'cmake_args': None, 'cmake_clean_cache': False, 'cmake_clean_first': False, 'cmake_force_configure': False, 'cmake_target': None, 'cmake_target_skip_unavailable': False, 'install_base': '/home/xanta/tBot/botSpace/install/tbmain', 'merge_install': False, 'path': '/home/xanta/tBot/botSpace/src/tbmain', 'symlink_install': False, 'test_result_base': None}
[0.347s] Level 5:colcon.colcon_core.verb:set package 'diffdrive_arduino' build argument 'cmake_args' from command line to 'None'
[0.347s] Level 5:colcon.colcon_core.verb:set package 'diffdrive_arduino' build argument 'cmake_target' from command line to 'None'
[0.347s] Level 5:colcon.colcon_core.verb:set package 'diffdrive_arduino' build argument 'cmake_target_skip_unavailable' from command line to 'False'
[0.347s] Level 5:colcon.colcon_core.verb:set package 'diffdrive_arduino' build argument 'cmake_clean_cache' from command line to 'False'
[0.347s] Level 5:colcon.colcon_core.verb:set package 'diffdrive_arduino' build argument 'cmake_clean_first' from command line to 'False'
[0.347s] Level 5:colcon.colcon_core.verb:set package 'diffdrive_arduino' build argument 'cmake_force_configure' from command line to 'False'
[0.347s] Level 5:colcon.colcon_core.verb:set package 'diffdrive_arduino' build argument 'ament_cmake_args' from command line to 'None'
[0.347s] Level 5:colcon.colcon_core.verb:set package 'diffdrive_arduino' build argument 'catkin_cmake_args' from command line to 'None'
[0.347s] Level 5:colcon.colcon_core.verb:set package 'diffdrive_arduino' build argument 'catkin_skip_building_tests' from command line to 'False'
[0.347s] DEBUG:colcon.colcon_core.verb:Building package 'diffdrive_arduino' with the following arguments: {'ament_cmake_args': None, 'build_base': '/home/xanta/tBot/botSpace/build/diffdrive_arduino', 'catkin_cmake_args': None, 'catkin_skip_building_tests': False, 'cmake_args': None, 'cmake_clean_cache': False, 'cmake_clean_first': False, 'cmake_force_configure': False, 'cmake_target': None, 'cmake_target_skip_unavailable': False, 'install_base': '/home/xanta/tBot/botSpace/install/diffdrive_arduino', 'merge_install': False, 'path': '/home/xanta/tBot/botSpace/src/diffdrive_arduino', 'symlink_install': False, 'test_result_base': None}
[0.348s] Level 5:colcon.colcon_core.verb:set package 'tbcontrol' build argument 'cmake_args' from command line to 'None'
[0.348s] Level 5:colcon.colcon_core.verb:set package 'tbcontrol' build argument 'cmake_target' from command line to 'None'
[0.348s] Level 5:colcon.colcon_core.verb:set package 'tbcontrol' build argument 'cmake_target_skip_unavailable' from command line to 'False'
[0.348s] Level 5:colcon.colcon_core.verb:set package 'tbcontrol' build argument 'cmake_clean_cache' from command line to 'False'
[0.348s] Level 5:colcon.colcon_core.verb:set package 'tbcontrol' build argument 'cmake_clean_first' from command line to 'False'
[0.348s] Level 5:colcon.colcon_core.verb:set package 'tbcontrol' build argument 'cmake_force_configure' from command line to 'False'
[0.348s] Level 5:colcon.colcon_core.verb:set package 'tbcontrol' build argument 'ament_cmake_args' from command line to 'None'
[0.348s] Level 5:colcon.colcon_core.verb:set package 'tbcontrol' build argument 'catkin_cmake_args' from command line to 'None'
[0.348s] Level 5:colcon.colcon_core.verb:set package 'tbcontrol' build argument 'catkin_skip_building_tests' from command line to 'False'
[0.348s] DEBUG:colcon.colcon_core.verb:Building package 'tbcontrol' with the following arguments: {'ament_cmake_args': None, 'build_base': '/home/xanta/tBot/botSpace/build/tbcontrol', 'catkin_cmake_args': None, 'catkin_skip_building_tests': False, 'cmake_args': None, 'cmake_clean_cache': False, 'cmake_clean_first': False, 'cmake_force_configure': False, 'cmake_target': None, 'cmake_target_skip_unavailable': False, 'install_base': '/home/xanta/tBot/botSpace/install/tbcontrol', 'merge_install': False, 'path': '/home/xanta/tBot/botSpace/src/tbcontrol', 'symlink_install': False, 'test_result_base': None}
[0.348s] INFO:colcon.colcon_core.executor:Executing jobs using 'parallel' executor
[0.350s] DEBUG:colcon.colcon_parallel_executor.executor.parallel:run_until_complete
[0.350s] INFO:colcon.colcon_ros.task.ament_cmake.build:Building ROS package in '/home/xanta/tBot/botSpace/src/custom_interface' with build type 'ament_cmake'
[0.350s] INFO:colcon.colcon_cmake.task.cmake.build:Building CMake package in '/home/xanta/tBot/botSpace/src/custom_interface'
[0.352s] INFO:colcon.colcon_core.plugin_system:Skipping extension 'colcon_core.shell.bat': Not used on non-Windows systems
[0.352s] INFO:colcon.colcon_core.shell:Skip shell extension 'powershell' for command environment: Not usable outside of PowerShell
[0.352s] DEBUG:colcon.colcon_core.shell:Skip shell extension 'dsv' for command environment
[0.356s] INFO:colcon.colcon_ros.task.ament_cmake.build:Building ROS package in '/home/xanta/tBot/botSpace/src/serial' with build type 'ament_cmake'
[0.356s] INFO:colcon.colcon_cmake.task.cmake.build:Building CMake package in '/home/xanta/tBot/botSpace/src/serial'
[0.356s] INFO:colcon.colcon_core.shell:Skip shell extension 'powershell' for command environment: Not usable outside of PowerShell
[0.356s] DEBUG:colcon.colcon_core.shell:Skip shell extension 'dsv' for command environment
[0.362s] INFO:colcon.colcon_ros.task.ament_python.build:Building ROS package in '/home/xanta/tBot/botSpace/src/tbmain' with build type 'ament_python'
[0.363s] Level 1:colcon.colcon_core.shell:create_environment_hook('tbmain', 'ament_prefix_path')
[0.363s] INFO:colcon.colcon_core.shell:Creating environment hook '/home/xanta/tBot/botSpace/install/tbmain/share/tbmain/hook/ament_prefix_path.ps1'
[0.364s] INFO:colcon.colcon_core.shell:Creating environment descriptor '/home/xanta/tBot/botSpace/install/tbmain/share/tbmain/hook/ament_prefix_path.dsv'
[0.365s] INFO:colcon.colcon_core.shell:Creating environment hook '/home/xanta/tBot/botSpace/install/tbmain/share/tbmain/hook/ament_prefix_path.sh'
[0.366s] INFO:colcon.colcon_core.shell:Skip shell extension 'powershell' for command environment: Not usable outside of PowerShell
[0.366s] DEBUG:colcon.colcon_core.shell:Skip shell extension 'dsv' for command environment
[0.378s] DEBUG:colcon.colcon_core.event_handler.log_command:Invoking command in '/home/xanta/tBot/botSpace/build/custom_interface': CMAKE_PREFIX_PATH=${CMAKE_PREFIX_PATH}:/home/xanta/tBot/botSpace/install/tbmain:/home/xanta/tBot/botSpace/install/tbcontrol:/opt/ros/humble /usr/bin/cmake --build /home/xanta/tBot/botSpace/build/custom_interface -- -j16 -l16
[0.383s] DEBUG:colcon.colcon_core.event_handler.log_command:Invoking command in '/home/xanta/tBot/botSpace/build/serial': CMAKE_PREFIX_PATH=${CMAKE_PREFIX_PATH}:/home/xanta/tBot/botSpace/install/tbmain:/home/xanta/tBot/botSpace/install/tbcontrol:/opt/ros/humble /usr/bin/cmake --build /home/xanta/tBot/botSpace/build/serial -- -j16 -l16
[0.711s] INFO:colcon.colcon_core.task.python.build:Building Python package in '/home/xanta/tBot/botSpace/src/tbmain'
[0.712s] INFO:colcon.colcon_core.shell:Skip shell extension 'powershell' for command environment: Not usable outside of PowerShell
[0.712s] DEBUG:colcon.colcon_core.shell:Skip shell extension 'dsv' for command environment
[0.719s] DEBUG:colcon.colcon_core.event_handler.log_command:Invoked command in '/home/xanta/tBot/botSpace/build/serial' returned '0': CMAKE_PREFIX_PATH=${CMAKE_PREFIX_PATH}:/home/xanta/tBot/botSpace/install/tbmain:/home/xanta/tBot/botSpace/install/tbcontrol:/opt/ros/humble /usr/bin/cmake --build /home/xanta/tBot/botSpace/build/serial -- -j16 -l16
[0.793s] DEBUG:colcon.colcon_core.event_handler.log_command:Invoking command in '/home/xanta/tBot/botSpace/build/serial': CMAKE_PREFIX_PATH=${CMAKE_PREFIX_PATH}:/home/xanta/tBot/botSpace/install/tbmain:/home/xanta/tBot/botSpace/install/tbcontrol:/opt/ros/humble /usr/bin/cmake --install /home/xanta/tBot/botSpace/build/serial
[0.827s] Level 1:colcon.colcon_core.environment:create_environment_scripts_only(serial)
[0.828s] DEBUG:colcon.colcon_core.event_handler.log_command:Invoked command in '/home/xanta/tBot/botSpace/build/serial' returned '0': CMAKE_PREFIX_PATH=${CMAKE_PREFIX_PATH}:/home/xanta/tBot/botSpace/install/tbmain:/home/xanta/tBot/botSpace/install/tbcontrol:/opt/ros/humble /usr/bin/cmake --install /home/xanta/tBot/botSpace/build/serial
[0.831s] Level 1:colcon.colcon_core.environment:checking '/home/xanta/tBot/botSpace/install/serial' for CMake module files
[0.831s] Level 1:colcon.colcon_core.environment:checking '/home/xanta/tBot/botSpace/install/serial' for CMake config files
[0.831s] Level 1:colcon.colcon_core.shell:create_environment_hook('serial', 'cmake_prefix_path')
[0.832s] INFO:colcon.colcon_core.shell:Creating environment hook '/home/xanta/tBot/botSpace/install/serial/share/serial/hook/cmake_prefix_path.ps1'
[0.832s] INFO:colcon.colcon_core.shell:Creating environment descriptor '/home/xanta/tBot/botSpace/install/serial/share/serial/hook/cmake_prefix_path.dsv'
[0.833s] INFO:colcon.colcon_core.shell:Creating environment hook '/home/xanta/tBot/botSpace/install/serial/share/serial/hook/cmake_prefix_path.sh'
[0.834s] Level 1:colcon.colcon_core.environment:checking '/home/xanta/tBot/botSpace/install/serial/lib'
[0.834s] Level 1:colcon.colcon_core.environment:checking '/home/xanta/tBot/botSpace/install/serial/bin'
[0.834s] Level 1:colcon.colcon_core.environment:checking '/home/xanta/tBot/botSpace/install/serial/lib/pkgconfig/serial.pc'
[0.834s] Level 1:colcon.colcon_core.environment:checking '/home/xanta/tBot/botSpace/install/serial/lib/python3.10/site-packages'
[0.834s] Level 1:colcon.colcon_core.environment:checking '/home/xanta/tBot/botSpace/install/serial/bin'
[0.834s] INFO:colcon.colcon_core.shell:Creating package script '/home/xanta/tBot/botSpace/install/serial/share/serial/package.ps1'
[0.835s] INFO:colcon.colcon_core.shell:Creating package descriptor '/home/xanta/tBot/botSpace/install/serial/share/serial/package.dsv'
[0.836s] INFO:colcon.colcon_core.shell:Creating package script '/home/xanta/tBot/botSpace/install/serial/share/serial/package.sh'
[0.836s] INFO:colcon.colcon_core.shell:Creating package script '/home/xanta/tBot/botSpace/install/serial/share/serial/package.bash'
[0.837s] INFO:colcon.colcon_core.shell:Creating package script '/home/xanta/tBot/botSpace/install/serial/share/serial/package.zsh'
[0.837s] Level 1:colcon.colcon_core.environment:create_file_with_runtime_dependencies(/home/xanta/tBot/botSpace/install/serial/share/colcon-core/packages/serial)
[0.850s] DEBUG:colcon.colcon_core.event_handler.log_command:Invoked command in '/home/xanta/tBot/botSpace/build/custom_interface' returned '0': CMAKE_PREFIX_PATH=${CMAKE_PREFIX_PATH}:/home/xanta/tBot/botSpace/install/tbmain:/home/xanta/tBot/botSpace/install/tbcontrol:/opt/ros/humble /usr/bin/cmake --build /home/xanta/tBot/botSpace/build/custom_interface -- -j16 -l16
[0.891s] Level 1:colcon.colcon_core.environment:create_environment_scripts_only(serial)
[0.892s] Level 1:colcon.colcon_core.environment:checking '/home/xanta/tBot/botSpace/install/serial' for CMake module files
[0.892s] Level 1:colcon.colcon_core.environment:checking '/home/xanta/tBot/botSpace/install/serial' for CMake config files
[0.892s] Level 1:colcon.colcon_core.shell:create_environment_hook('serial', 'cmake_prefix_path')
[0.893s] INFO:colcon.colcon_core.shell:Creating environment hook '/home/xanta/tBot/botSpace/install/serial/share/serial/hook/cmake_prefix_path.ps1'
[0.893s] INFO:colcon.colcon_core.shell:Creating environment descriptor '/home/xanta/tBot/botSpace/install/serial/share/serial/hook/cmake_prefix_path.dsv'
[0.893s] INFO:colcon.colcon_core.shell:Creating environment hook '/home/xanta/tBot/botSpace/install/serial/share/serial/hook/cmake_prefix_path.sh'
[0.894s] Level 1:colcon.colcon_core.environment:checking '/home/xanta/tBot/botSpace/install/serial/lib'
[0.894s] Level 1:colcon.colcon_core.environment:checking '/home/xanta/tBot/botSpace/install/serial/bin'
[0.894s] Level 1:colcon.colcon_core.environment:checking '/home/xanta/tBot/botSpace/install/serial/lib/pkgconfig/serial.pc'
[0.894s] Level 1:colcon.colcon_core.environment:checking '/home/xanta/tBot/botSpace/install/serial/lib/python3.10/site-packages'
[0.894s] Level 1:colcon.colcon_core.environment:checking '/home/xanta/tBot/botSpace/install/serial/bin'
[0.895s] INFO:colcon.colcon_core.shell:Creating package script '/home/xanta/tBot/botSpace/install/serial/share/serial/package.ps1'
[0.895s] INFO:colcon.colcon_core.shell:Creating package descriptor '/home/xanta/tBot/botSpace/install/serial/share/serial/package.dsv'
[0.896s] INFO:colcon.colcon_core.shell:Creating package script '/home/xanta/tBot/botSpace/install/serial/share/serial/package.sh'
[0.896s] INFO:colcon.colcon_core.shell:Creating package script '/home/xanta/tBot/botSpace/install/serial/share/serial/package.bash'
[0.896s] INFO:colcon.colcon_core.shell:Creating package script '/home/xanta/tBot/botSpace/install/serial/share/serial/package.zsh'
[0.897s] Level 1:colcon.colcon_core.environment:create_file_with_runtime_dependencies(/home/xanta/tBot/botSpace/install/serial/share/colcon-core/packages/serial)
[0.897s] INFO:colcon.colcon_ros.task.ament_cmake.build:Building ROS package in '/home/xanta/tBot/botSpace/src/diffdrive_arduino' with build type 'ament_cmake'
[0.897s] INFO:colcon.colcon_cmake.task.cmake.build:Building CMake package in '/home/xanta/tBot/botSpace/src/diffdrive_arduino'
[0.897s] INFO:colcon.colcon_core.shell:Skip shell extension 'powershell' for command environment: Not usable outside of PowerShell
[0.897s] DEBUG:colcon.colcon_core.shell:Skip shell extension 'dsv' for command environment
[0.911s] DEBUG:colcon.colcon_core.event_handler.log_command:Invoking command in '/home/xanta/tBot/botSpace/build/diffdrive_arduino': CMAKE_PREFIX_PATH=/home/xanta/tBot/botSpace/install/serial:/home/xanta/tBot/botSpace/install/diffdrive_arduino:/home/xanta/tBot/botSpace/install/custom_interface:/home/xanta/tBot/botSpace/install/tbmain:/home/xanta/tBot/botSpace/install/tbcontrol:/opt/ros/humble /usr/bin/cmake --build /home/xanta/tBot/botSpace/build/diffdrive_arduino -- -j16 -l16
[1.000s] DEBUG:colcon.colcon_core.event_handler.log_command:Invoking command in '/home/xanta/tBot/botSpace/build/custom_interface': CMAKE_PREFIX_PATH=${CMAKE_PREFIX_PATH}:/home/xanta/tBot/botSpace/install/tbmain:/home/xanta/tBot/botSpace/install/tbcontrol:/opt/ros/humble /usr/bin/cmake --install /home/xanta/tBot/botSpace/build/custom_interface
[1.014s] DEBUG:colcon.colcon_core.event_handler.log_command:Invoked command in '/home/xanta/tBot/botSpace/build/diffdrive_arduino' returned '0': CMAKE_PREFIX_PATH=/home/xanta/tBot/botSpace/install/serial:/home/xanta/tBot/botSpace/install/diffdrive_arduino:/home/xanta/tBot/botSpace/install/custom_interface:/home/xanta/tBot/botSpace/install/tbmain:/home/xanta/tBot/botSpace/install/tbcontrol:/opt/ros/humble /usr/bin/cmake --build /home/xanta/tBot/botSpace/build/diffdrive_arduino -- -j16 -l16
[1.063s] DEBUG:colcon.colcon_core.event_handler.log_command:Invoking command in '/home/xanta/tBot/botSpace/build/diffdrive_arduino': CMAKE_PREFIX_PATH=/home/xanta/tBot/botSpace/install/serial:/home/xanta/tBot/botSpace/install/diffdrive_arduino:/home/xanta/tBot/botSpace/install/custom_interface:/home/xanta/tBot/botSpace/install/tbmain:/home/xanta/tBot/botSpace/install/tbcontrol:/opt/ros/humble /usr/bin/cmake --install /home/xanta/tBot/botSpace/build/diffdrive_arduino
[1.100s] Level 1:colcon.colcon_core.environment:create_environment_scripts_only(diffdrive_arduino)
[1.100s] Level 1:colcon.colcon_core.environment:checking '/home/xanta/tBot/botSpace/install/diffdrive_arduino' for CMake module files
[1.101s] DEBUG:colcon.colcon_core.event_handler.log_command:Invoked command in '/home/xanta/tBot/botSpace/build/diffdrive_arduino' returned '0': CMAKE_PREFIX_PATH=/home/xanta/tBot/botSpace/install/serial:/home/xanta/tBot/botSpace/install/diffdrive_arduino:/home/xanta/tBot/botSpace/install/custom_interface:/home/xanta/tBot/botSpace/install/tbmain:/home/xanta/tBot/botSpace/install/tbcontrol:/opt/ros/humble /usr/bin/cmake --install /home/xanta/tBot/botSpace/build/diffdrive_arduino
[1.101s] Level 1:colcon.colcon_core.environment:checking '/home/xanta/tBot/botSpace/install/diffdrive_arduino' for CMake config files
[1.102s] Level 1:colcon.colcon_core.shell:create_environment_hook('diffdrive_arduino', 'cmake_prefix_path')
[1.102s] INFO:colcon.colcon_core.shell:Creating environment hook '/home/xanta/tBot/botSpace/install/diffdrive_arduino/share/diffdrive_arduino/hook/cmake_prefix_path.ps1'
[1.103s] INFO:colcon.colcon_core.shell:Creating environment descriptor '/home/xanta/tBot/botSpace/install/diffdrive_arduino/share/diffdrive_arduino/hook/cmake_prefix_path.dsv'
[1.103s] INFO:colcon.colcon_core.shell:Creating environment hook '/home/xanta/tBot/botSpace/install/diffdrive_arduino/share/diffdrive_arduino/hook/cmake_prefix_path.sh'
[1.103s] Level 1:colcon.colcon_core.environment:checking '/home/xanta/tBot/botSpace/install/diffdrive_arduino/lib'
[1.103s] Level 1:colcon.colcon_core.shell:create_environment_hook('diffdrive_arduino', 'ld_library_path_lib')
[1.104s] INFO:colcon.colcon_core.shell:Creating environment hook '/home/xanta/tBot/botSpace/install/diffdrive_arduino/share/diffdrive_arduino/hook/ld_library_path_lib.ps1'
[1.104s] INFO:colcon.colcon_core.shell:Creating environment descriptor '/home/xanta/tBot/botSpace/install/diffdrive_arduino/share/diffdrive_arduino/hook/ld_library_path_lib.dsv'
[1.104s] INFO:colcon.colcon_core.shell:Creating environment hook '/home/xanta/tBot/botSpace/install/diffdrive_arduino/share/diffdrive_arduino/hook/ld_library_path_lib.sh'
[1.104s] Level 1:colcon.colcon_core.environment:checking '/home/xanta/tBot/botSpace/install/diffdrive_arduino/bin'
[1.105s] Level 1:colcon.colcon_core.environment:checking '/home/xanta/tBot/botSpace/install/diffdrive_arduino/lib/pkgconfig/diffdrive_arduino.pc'
[1.105s] Level 1:colcon.colcon_core.environment:checking '/home/xanta/tBot/botSpace/install/diffdrive_arduino/lib/python3.10/site-packages'
[1.105s] Level 1:colcon.colcon_core.environment:checking '/home/xanta/tBot/botSpace/install/diffdrive_arduino/bin'
[1.105s] INFO:colcon.colcon_core.shell:Creating package script '/home/xanta/tBot/botSpace/install/diffdrive_arduino/share/diffdrive_arduino/package.ps1'
[1.106s] INFO:colcon.colcon_core.shell:Creating package descriptor '/home/xanta/tBot/botSpace/install/diffdrive_arduino/share/diffdrive_arduino/package.dsv'
[1.106s] INFO:colcon.colcon_core.shell:Creating package script '/home/xanta/tBot/botSpace/install/diffdrive_arduino/share/diffdrive_arduino/package.sh'
[1.106s] INFO:colcon.colcon_core.shell:Creating package script '/home/xanta/tBot/botSpace/install/diffdrive_arduino/share/diffdrive_arduino/package.bash'
[1.107s] INFO:colcon.colcon_core.shell:Creating package script '/home/xanta/tBot/botSpace/install/diffdrive_arduino/share/diffdrive_arduino/package.zsh'
[1.107s] Level 1:colcon.colcon_core.environment:create_file_with_runtime_dependencies(/home/xanta/tBot/botSpace/install/diffdrive_arduino/share/colcon-core/packages/diffdrive_arduino)
[1.109s] Level 1:colcon.colcon_core.environment:create_environment_scripts_only(custom_interface)
[1.110s] Level 1:colcon.colcon_core.environment:checking '/home/xanta/tBot/botSpace/install/custom_interface' for CMake module files
[1.110s] DEBUG:colcon.colcon_core.event_handler.log_command:Invoked command in '/home/xanta/tBot/botSpace/build/custom_interface' returned '0': CMAKE_PREFIX_PATH=${CMAKE_PREFIX_PATH}:/home/xanta/tBot/botSpace/install/tbmain:/home/xanta/tBot/botSpace/install/tbcontrol:/opt/ros/humble /usr/bin/cmake --install /home/xanta/tBot/botSpace/build/custom_interface
[1.111s] Level 1:colcon.colcon_core.environment:checking '/home/xanta/tBot/botSpace/install/custom_interface' for CMake config files
[1.111s] Level 1:colcon.colcon_core.shell:create_environment_hook('custom_interface', 'cmake_prefix_path')
[1.112s] INFO:colcon.colcon_core.shell:Creating environment hook '/home/xanta/tBot/botSpace/install/custom_interface/share/custom_interface/hook/cmake_prefix_path.ps1'
[1.112s] INFO:colcon.colcon_core.shell:Creating environment descriptor '/home/xanta/tBot/botSpace/install/custom_interface/share/custom_interface/hook/cmake_prefix_path.dsv'
[1.112s] INFO:colcon.colcon_core.shell:Creating environment hook '/home/xanta/tBot/botSpace/install/custom_interface/share/custom_interface/hook/cmake_prefix_path.sh'
[1.113s] Level 1:colcon.colcon_core.environment:checking '/home/xanta/tBot/botSpace/install/custom_interface/lib'
[1.113s] Level 1:colcon.colcon_core.shell:create_environment_hook('custom_interface', 'ld_library_path_lib')
[1.113s] INFO:colcon.colcon_core.shell:Creating environment hook '/home/xanta/tBot/botSpace/install/custom_interface/share/custom_interface/hook/ld_library_path_lib.ps1'
[1.114s] INFO:colcon.colcon_core.shell:Creating environment descriptor '/home/xanta/tBot/botSpace/install/custom_interface/share/custom_interface/hook/ld_library_path_lib.dsv'
[1.114s] INFO:colcon.colcon_core.shell:Creating environment hook '/home/xanta/tBot/botSpace/install/custom_interface/share/custom_interface/hook/ld_library_path_lib.sh'
[1.115s] Level 1:colcon.colcon_core.environment:checking '/home/xanta/tBot/botSpace/install/custom_interface/bin'
[1.115s] Level 1:colcon.colcon_core.environment:checking '/home/xanta/tBot/botSpace/install/custom_interface/lib/pkgconfig/custom_interface.pc'
[1.115s] Level 1:colcon.colcon_core.environment:checking '/home/xanta/tBot/botSpace/install/custom_interface/lib/python3.10/site-packages'
[1.115s] Level 1:colcon.colcon_core.environment:checking '/home/xanta/tBot/botSpace/install/custom_interface/bin'
[1.116s] INFO:colcon.colcon_core.shell:Creating package script '/home/xanta/tBot/botSpace/install/custom_interface/share/custom_interface/package.ps1'
[1.116s] INFO:colcon.colcon_core.shell:Creating package descriptor '/home/xanta/tBot/botSpace/install/custom_interface/share/custom_interface/package.dsv'
[1.117s] INFO:colcon.colcon_core.shell:Creating package script '/home/xanta/tBot/botSpace/install/custom_interface/share/custom_interface/package.sh'
[1.117s] INFO:colcon.colcon_core.shell:Creating package script '/home/xanta/tBot/botSpace/install/custom_interface/share/custom_interface/package.bash'
[1.117s] INFO:colcon.colcon_core.shell:Creating package script '/home/xanta/tBot/botSpace/install/custom_interface/share/custom_interface/package.zsh'
[1.118s] Level 1:colcon.colcon_core.environment:create_file_with_runtime_dependencies(/home/xanta/tBot/botSpace/install/custom_interface/share/colcon-core/packages/custom_interface)
[1.164s] Level 1:colcon.colcon_core.environment:create_environment_scripts_only(diffdrive_arduino)
[1.164s] Level 1:colcon.colcon_core.environment:checking '/home/xanta/tBot/botSpace/install/diffdrive_arduino' for CMake module files
[1.165s] Level 1:colcon.colcon_core.environment:checking '/home/xanta/tBot/botSpace/install/diffdrive_arduino' for CMake config files
[1.165s] Level 1:colcon.colcon_core.shell:create_environment_hook('diffdrive_arduino', 'cmake_prefix_path')
[1.165s] INFO:colcon.colcon_core.shell:Creating environment hook '/home/xanta/tBot/botSpace/install/diffdrive_arduino/share/diffdrive_arduino/hook/cmake_prefix_path.ps1'
[1.166s] INFO:colcon.colcon_core.shell:Creating environment descriptor '/home/xanta/tBot/botSpace/install/diffdrive_arduino/share/diffdrive_arduino/hook/cmake_prefix_path.dsv'
[1.167s] INFO:colcon.colcon_core.shell:Creating environment hook '/home/xanta/tBot/botSpace/install/diffdrive_arduino/share/diffdrive_arduino/hook/cmake_prefix_path.sh'
[1.167s] Level 1:colcon.colcon_core.environment:checking '/home/xanta/tBot/botSpace/install/diffdrive_arduino/lib'
[1.167s] Level 1:colcon.colcon_core.shell:create_environment_hook('diffdrive_arduino', 'ld_library_path_lib')
[1.168s] INFO:colcon.colcon_core.shell:Creating environment hook '/home/xanta/tBot/botSpace/install/diffdrive_arduino/share/diffdrive_arduino/hook/ld_library_path_lib.ps1'
[1.168s] INFO:colcon.colcon_core.shell:Creating environment descriptor '/home/xanta/tBot/botSpace/install/diffdrive_arduino/share/diffdrive_arduino/hook/ld_library_path_lib.dsv'
[1.169s] INFO:colcon.colcon_core.shell:Creating environment hook '/home/xanta/tBot/botSpace/install/diffdrive_arduino/share/diffdrive_arduino/hook/ld_library_path_lib.sh'
[1.170s] Level 1:colcon.colcon_core.environment:checking '/home/xanta/tBot/botSpace/install/diffdrive_arduino/bin'
[1.170s] Level 1:colcon.colcon_core.environment:checking '/home/xanta/tBot/botSpace/install/diffdrive_arduino/lib/pkgconfig/diffdrive_arduino.pc'
[1.170s] Level 1:colcon.colcon_core.environment:checking '/home/xanta/tBot/botSpace/install/diffdrive_arduino/lib/python3.10/site-packages'
[1.170s] Level 1:colcon.colcon_core.environment:checking '/home/xanta/tBot/botSpace/install/diffdrive_arduino/bin'
[1.170s] INFO:colcon.colcon_core.shell:Creating package script '/home/xanta/tBot/botSpace/install/diffdrive_arduino/share/diffdrive_arduino/package.ps1'
[1.171s] INFO:colcon.colcon_core.shell:Creating package descriptor '/home/xanta/tBot/botSpace/install/diffdrive_arduino/share/diffdrive_arduino/package.dsv'
[1.171s] INFO:colcon.colcon_core.shell:Creating package script '/home/xanta/tBot/botSpace/install/diffdrive_arduino/share/diffdrive_arduino/package.sh'
[1.172s] INFO:colcon.colcon_core.shell:Creating package script '/home/xanta/tBot/botSpace/install/diffdrive_arduino/share/diffdrive_arduino/package.bash'
[1.172s] INFO:colcon.colcon_core.shell:Creating package script '/home/xanta/tBot/botSpace/install/diffdrive_arduino/share/diffdrive_arduino/package.zsh'
[1.172s] Level 1:colcon.colcon_core.environment:create_file_with_runtime_dependencies(/home/xanta/tBot/botSpace/install/diffdrive_arduino/share/colcon-core/packages/diffdrive_arduino)
[1.221s] DEBUG:colcon.colcon_core.event_handler.log_command:Invoking command in '/home/xanta/tBot/botSpace/src/tbmain': PYTHONPATH=/home/xanta/tBot/botSpace/build/tbmain/prefix_override:/home/xanta/tBot/botSpace/install/tbmain/lib/python3.10/site-packages:${PYTHONPATH} /usr/bin/python3 -W ignore:setup.py install is deprecated setup.py egg_info --egg-base ../../build/tbmain build --build-base /home/xanta/tBot/botSpace/build/tbmain/build install --record /home/xanta/tBot/botSpace/build/tbmain/install.log --single-version-externally-managed install_data
[1.292s] Level 1:colcon.colcon_core.environment:create_environment_scripts_only(custom_interface)
[1.293s] Level 1:colcon.colcon_core.environment:checking '/home/xanta/tBot/botSpace/install/custom_interface' for CMake module files
[1.293s] Level 1:colcon.colcon_core.environment:checking '/home/xanta/tBot/botSpace/install/custom_interface' for CMake config files
[1.294s] Level 1:colcon.colcon_core.shell:create_environment_hook('custom_interface', 'cmake_prefix_path')
[1.294s] INFO:colcon.colcon_core.shell:Creating environment hook '/home/xanta/tBot/botSpace/install/custom_interface/share/custom_interface/hook/cmake_prefix_path.ps1'
[1.295s] INFO:colcon.colcon_core.shell:Creating environment descriptor '/home/xanta/tBot/botSpace/install/custom_interface/share/custom_interface/hook/cmake_prefix_path.dsv'
[1.296s] INFO:colcon.colcon_core.shell:Creating environment hook '/home/xanta/tBot/botSpace/install/custom_interface/share/custom_interface/hook/cmake_prefix_path.sh'
[1.297s] Level 1:colcon.colcon_core.environment:checking '/home/xanta/tBot/botSpace/install/custom_interface/lib'
[1.297s] Level 1:colcon.colcon_core.shell:create_environment_hook('custom_interface', 'ld_library_path_lib')
[1.297s] INFO:colcon.colcon_core.shell:Creating environment hook '/home/xanta/tBot/botSpace/install/custom_interface/share/custom_interface/hook/ld_library_path_lib.ps1'
[1.298s] INFO:colcon.colcon_core.shell:Creating environment descriptor '/home/xanta/tBot/botSpace/install/custom_interface/share/custom_interface/hook/ld_library_path_lib.dsv'
[1.298s] INFO:colcon.colcon_core.shell:Creating environment hook '/home/xanta/tBot/botSpace/install/custom_interface/share/custom_interface/hook/ld_library_path_lib.sh'
[1.298s] Level 1:colcon.colcon_core.environment:checking '/home/xanta/tBot/botSpace/install/custom_interface/bin'
[1.298s] Level 1:colcon.colcon_core.environment:checking '/home/xanta/tBot/botSpace/install/custom_interface/lib/pkgconfig/custom_interface.pc'
[1.299s] Level 1:colcon.colcon_core.environment:checking '/home/xanta/tBot/botSpace/install/custom_interface/lib/python3.10/site-packages'
[1.299s] Level 1:colcon.colcon_core.environment:checking '/home/xanta/tBot/botSpace/install/custom_interface/bin'
[1.300s] INFO:colcon.colcon_core.shell:Creating package script '/home/xanta/tBot/botSpace/install/custom_interface/share/custom_interface/package.ps1'
[1.300s] INFO:colcon.colcon_core.shell:Creating package descriptor '/home/xanta/tBot/botSpace/install/custom_interface/share/custom_interface/package.dsv'
[1.301s] INFO:colcon.colcon_core.shell:Creating package script '/home/xanta/tBot/botSpace/install/custom_interface/share/custom_interface/package.sh'
[1.301s] INFO:colcon.colcon_core.shell:Creating package script '/home/xanta/tBot/botSpace/install/custom_interface/share/custom_interface/package.bash'
[1.302s] INFO:colcon.colcon_core.shell:Creating package script '/home/xanta/tBot/botSpace/install/custom_interface/share/custom_interface/package.zsh'
[1.302s] Level 1:colcon.colcon_core.environment:create_file_with_runtime_dependencies(/home/xanta/tBot/botSpace/install/custom_interface/share/colcon-core/packages/custom_interface)
[1.303s] INFO:colcon.colcon_ros.task.ament_python.build:Building ROS package in '/home/xanta/tBot/botSpace/src/tbcontrol' with build type 'ament_python'
[1.303s] Level 1:colcon.colcon_core.shell:create_environment_hook('tbcontrol', 'ament_prefix_path')
[1.304s] INFO:colcon.colcon_core.shell:Creating environment hook '/home/xanta/tBot/botSpace/install/tbcontrol/share/tbcontrol/hook/ament_prefix_path.ps1'
[1.305s] INFO:colcon.colcon_core.shell:Creating environment descriptor '/home/xanta/tBot/botSpace/install/tbcontrol/share/tbcontrol/hook/ament_prefix_path.dsv'
[1.306s] INFO:colcon.colcon_core.shell:Creating environment hook '/home/xanta/tBot/botSpace/install/tbcontrol/share/tbcontrol/hook/ament_prefix_path.sh'
[1.307s] INFO:colcon.colcon_core.shell:Skip shell extension 'powershell' for command environment: Not usable outside of PowerShell
[1.307s] DEBUG:colcon.colcon_core.shell:Skip shell extension 'dsv' for command environment
[1.695s] INFO:colcon.colcon_core.task.python.build:Building Python package in '/home/xanta/tBot/botSpace/src/tbcontrol'
[1.696s] INFO:colcon.colcon_core.shell:Skip shell extension 'powershell' for command environment: Not usable outside of PowerShell
[1.697s] DEBUG:colcon.colcon_core.shell:Skip shell extension 'dsv' for command environment
[1.704s] Level 1:colcon.colcon_core.environment:checking '/home/xanta/tBot/botSpace/install/tbmain' for CMake module files
[1.705s] DEBUG:colcon.colcon_core.event_handler.log_command:Invoked command in '/home/xanta/tBot/botSpace/src/tbmain' returned '0': PYTHONPATH=/home/xanta/tBot/botSpace/build/tbmain/prefix_override:/home/xanta/tBot/botSpace/install/tbmain/lib/python3.10/site-packages:${PYTHONPATH} /usr/bin/python3 -W ignore:setup.py install is deprecated setup.py egg_info --egg-base ../../build/tbmain build --build-base /home/xanta/tBot/botSpace/build/tbmain/build install --record /home/xanta/tBot/botSpace/build/tbmain/install.log --single-version-externally-managed install_data
[1.706s] Level 1:colcon.colcon_core.environment:checking '/home/xanta/tBot/botSpace/install/tbmain' for CMake config files
[1.707s] Level 1:colcon.colcon_core.environment:checking '/home/xanta/tBot/botSpace/install/tbmain/lib'
[1.707s] Level 1:colcon.colcon_core.environment:checking '/home/xanta/tBot/botSpace/install/tbmain/bin'
[1.707s] Level 1:colcon.colcon_core.environment:checking '/home/xanta/tBot/botSpace/install/tbmain/lib/pkgconfig/tbmain.pc'
[1.708s] Level 1:colcon.colcon_core.environment:checking '/home/xanta/tBot/botSpace/install/tbmain/lib/python3.10/site-packages'
[1.708s] Level 1:colcon.colcon_core.shell:create_environment_hook('tbmain', 'pythonpath')
[1.708s] INFO:colcon.colcon_core.shell:Creating environment hook '/home/xanta/tBot/botSpace/install/tbmain/share/tbmain/hook/pythonpath.ps1'
[1.709s] INFO:colcon.colcon_core.shell:Creating environment descriptor '/home/xanta/tBot/botSpace/install/tbmain/share/tbmain/hook/pythonpath.dsv'
[1.709s] INFO:colcon.colcon_core.shell:Creating environment hook '/home/xanta/tBot/botSpace/install/tbmain/share/tbmain/hook/pythonpath.sh'
[1.710s] Level 1:colcon.colcon_core.environment:checking '/home/xanta/tBot/botSpace/install/tbmain/bin'
[1.710s] Level 1:colcon.colcon_core.environment:create_environment_scripts_only(tbmain)
[1.711s] INFO:colcon.colcon_core.shell:Creating package script '/home/xanta/tBot/botSpace/install/tbmain/share/tbmain/package.ps1'
[1.713s] INFO:colcon.colcon_core.shell:Creating package descriptor '/home/xanta/tBot/botSpace/install/tbmain/share/tbmain/package.dsv'
[1.714s] INFO:colcon.colcon_core.shell:Creating package script '/home/xanta/tBot/botSpace/install/tbmain/share/tbmain/package.sh'
[1.715s] INFO:colcon.colcon_core.shell:Creating package script '/home/xanta/tBot/botSpace/install/tbmain/share/tbmain/package.bash'
[1.715s] INFO:colcon.colcon_core.shell:Creating package script '/home/xanta/tBot/botSpace/install/tbmain/share/tbmain/package.zsh'
[1.715s] Level 1:colcon.colcon_core.environment:create_file_with_runtime_dependencies(/home/xanta/tBot/botSpace/install/tbmain/share/colcon-core/packages/tbmain)
[2.143s] DEBUG:colcon.colcon_core.event_handler.log_command:Invoking command in '/home/xanta/tBot/botSpace/src/tbcontrol': CMAKE_PREFIX_PATH=/home/xanta/tBot/botSpace/install/custom_interface:/home/xanta/tBot/botSpace/install/diffdrive_arduino:/home/xanta/tBot/botSpace/install/serial LD_LIBRARY_PATH=/home/xanta/tBot/botSpace/install/custom_interface/lib:/home/xanta/tBot/botSpace/install/diffdrive_arduino/lib:/home/xanta/tBot/botSpace/install/serial/lib:/usr/lib/x86_64-linux-gnu/gazebo-11/plugins:/opt/ros/humble/opt/rviz_ogre_vendor/lib:/opt/ros/humble/lib/x86_64-linux-gnu:/opt/ros/humble/lib PYTHONPATH=/home/xanta/tBot/botSpace/build/tbcontrol/prefix_override:/home/xanta/tBot/botSpace/install/tbcontrol/lib/python3.10/site-packages:${PYTHONPATH} /usr/bin/python3 -W ignore:setup.py install is deprecated setup.py egg_info --egg-base ../../build/tbcontrol build --build-base /home/xanta/tBot/botSpace/build/tbcontrol/build install --record /home/xanta/tBot/botSpace/build/tbcontrol/install.log --single-version-externally-managed install_data
[2.444s] Level 1:colcon.colcon_core.environment:checking '/home/xanta/tBot/botSpace/install/tbcontrol' for CMake module files
[2.445s] DEBUG:colcon.colcon_core.event_handler.log_command:Invoked command in '/home/xanta/tBot/botSpace/src/tbcontrol' returned '0': CMAKE_PREFIX_PATH=/home/xanta/tBot/botSpace/install/custom_interface:/home/xanta/tBot/botSpace/install/diffdrive_arduino:/home/xanta/tBot/botSpace/install/serial LD_LIBRARY_PATH=/home/xanta/tBot/botSpace/install/custom_interface/lib:/home/xanta/tBot/botSpace/install/diffdrive_arduino/lib:/home/xanta/tBot/botSpace/install/serial/lib:/usr/lib/x86_64-linux-gnu/gazebo-11/plugins:/opt/ros/humble/opt/rviz_ogre_vendor/lib:/opt/ros/humble/lib/x86_64-linux-gnu:/opt/ros/humble/lib PYTHONPATH=/home/xanta/tBot/botSpace/build/tbcontrol/prefix_override:/home/xanta/tBot/botSpace/install/tbcontrol/lib/python3.10/site-packages:${PYTHONPATH} /usr/bin/python3 -W ignore:setup.py install is deprecated setup.py egg_info --egg-base ../../build/tbcontrol build --build-base /home/xanta/tBot/botSpace/build/tbcontrol/build install --record /home/xanta/tBot/botSpace/build/tbcontrol/install.log --single-version-externally-managed install_data
[2.446s] Level 1:colcon.colcon_core.environment:checking '/home/xanta/tBot/botSpace/install/tbcontrol' for CMake config files
[2.447s] Level 1:colcon.colcon_core.environment:checking '/home/xanta/tBot/botSpace/install/tbcontrol/lib'
[2.447s] Level 1:colcon.colcon_core.environment:checking '/home/xanta/tBot/botSpace/install/tbcontrol/bin'
[2.447s] Level 1:colcon.colcon_core.environment:checking '/home/xanta/tBot/botSpace/install/tbcontrol/lib/pkgconfig/tbcontrol.pc'
[2.447s] Level 1:colcon.colcon_core.environment:checking '/home/xanta/tBot/botSpace/install/tbcontrol/lib/python3.10/site-packages'
[2.447s] Level 1:colcon.colcon_core.shell:create_environment_hook('tbcontrol', 'pythonpath')
[2.448s] INFO:colcon.colcon_core.shell:Creating environment hook '/home/xanta/tBot/botSpace/install/tbcontrol/share/tbcontrol/hook/pythonpath.ps1'
[2.448s] INFO:colcon.colcon_core.shell:Creating environment descriptor '/home/xanta/tBot/botSpace/install/tbcontrol/share/tbcontrol/hook/pythonpath.dsv'
[2.448s] INFO:colcon.colcon_core.shell:Creating environment hook '/home/xanta/tBot/botSpace/install/tbcontrol/share/tbcontrol/hook/pythonpath.sh'
[2.449s] Level 1:colcon.colcon_core.environment:checking '/home/xanta/tBot/botSpace/install/tbcontrol/bin'
[2.449s] Level 1:colcon.colcon_core.environment:create_environment_scripts_only(tbcontrol)
[2.449s] INFO:colcon.colcon_core.shell:Creating package script '/home/xanta/tBot/botSpace/install/tbcontrol/share/tbcontrol/package.ps1'
[2.449s] INFO:colcon.colcon_core.shell:Creating package descriptor '/home/xanta/tBot/botSpace/install/tbcontrol/share/tbcontrol/package.dsv'
[2.450s] INFO:colcon.colcon_core.shell:Creating package script '/home/xanta/tBot/botSpace/install/tbcontrol/share/tbcontrol/package.sh'
[2.450s] INFO:colcon.colcon_core.shell:Creating package script '/home/xanta/tBot/botSpace/install/tbcontrol/share/tbcontrol/package.bash'
[2.450s] INFO:colcon.colcon_core.shell:Creating package script '/home/xanta/tBot/botSpace/install/tbcontrol/share/tbcontrol/package.zsh'
[2.451s] Level 1:colcon.colcon_core.environment:create_file_with_runtime_dependencies(/home/xanta/tBot/botSpace/install/tbcontrol/share/colcon-core/packages/tbcontrol)
[2.451s] DEBUG:colcon.colcon_parallel_executor.executor.parallel:closing loop
[2.451s] DEBUG:colcon.colcon_parallel_executor.executor.parallel:loop closed
[2.451s] DEBUG:colcon.colcon_parallel_executor.executor.parallel:run_until_complete finished with '0'
[2.451s] DEBUG:colcon.colcon_core.event_reactor:joining thread
[2.458s] INFO:colcon.colcon_core.plugin_system:Skipping extension 'colcon_notification.desktop_notification.terminal_notifier': Not used on non-Darwin systems
[2.458s] INFO:colcon.colcon_core.plugin_system:Skipping extension 'colcon_notification.desktop_notification.win32': Not used on non-Windows systems
[2.458s] INFO:colcon.colcon_notification.desktop_notification:Sending desktop notification using 'notify2'
[2.474s] DEBUG:colcon.colcon_core.event_reactor:joined thread
[2.475s] INFO:colcon.colcon_core.shell:Creating prefix script '/home/xanta/tBot/botSpace/install/local_setup.ps1'
[2.476s] INFO:colcon.colcon_core.shell:Creating prefix util module '/home/xanta/tBot/botSpace/install/_local_setup_util_ps1.py'
[2.477s] INFO:colcon.colcon_core.shell:Creating prefix chain script '/home/xanta/tBot/botSpace/install/setup.ps1'
[2.478s] INFO:colcon.colcon_core.shell:Creating prefix script '/home/xanta/tBot/botSpace/install/local_setup.sh'
[2.479s] INFO:colcon.colcon_core.shell:Creating prefix util module '/home/xanta/tBot/botSpace/install/_local_setup_util_sh.py'
[2.479s] INFO:colcon.colcon_core.shell:Creating prefix chain script '/home/xanta/tBot/botSpace/install/setup.sh'
[2.480s] INFO:colcon.colcon_core.shell:Creating prefix script '/home/xanta/tBot/botSpace/install/local_setup.bash'
[2.481s] INFO:colcon.colcon_core.shell:Creating prefix chain script '/home/xanta/tBot/botSpace/install/setup.bash'
[2.482s] INFO:colcon.colcon_core.shell:Creating prefix script '/home/xanta/tBot/botSpace/install/local_setup.zsh'
[2.482s] INFO:colcon.colcon_core.shell:Creating prefix chain script '/home/xanta/tBot/botSpace/install/setup.zsh'
