[0.018s] Invoking command in '/home/xanta/tBot/botSpace/build/serial': CMAKE_PREFIX_PATH=/opt/ros/humble /usr/bin/cmake /home/xanta/tBot/botSpace/src/serial -DAMENT_CMAKE_SYMLINK_INSTALL=1 -DCMAKE_INSTALL_PREFIX=/home/xanta/tBot/botSpace/install/serial
[0.033s] -- Found ament_cmake: 1.3.8 (/opt/ros/humble/share/ament_cmake/cmake)
[0.169s] -- Override CMake install command with custom implementation using symlinks instead of copying resources
[0.177s] -- Found ament_cmake_gtest: 1.3.8 (/opt/ros/humble/share/ament_cmake_gtest/cmake)
[0.181s] -- Found gtest sources under '/opt/ros/humble/src/gtest_vendor': C++ tests using 'Google Test' will be built
[0.265s] -- Configuring done
[0.277s] -- Generating done
[0.279s] -- Build files have been written to: /home/xanta/tBot/botSpace/build/serial
[0.319s] Invoked command in '/home/xanta/tBot/botSpace/build/serial' returned '0': CMAKE_PREFIX_PATH=/opt/ros/humble /usr/bin/cmake /home/xanta/tBot/botSpace/src/serial -DAMENT_CMAKE_SYMLINK_INSTALL=1 -DCMAKE_INSTALL_PREFIX=/home/xanta/tBot/botSpace/install/serial
[0.321s] Invoking command in '/home/xanta/tBot/botSpace/build/serial': CMAKE_PREFIX_PATH=/opt/ros/humble /usr/bin/cmake --build /home/xanta/tBot/botSpace/build/serial -- -j16 -l16
[0.380s] [35m[1mConsolidate compiler generated dependencies of target gtest[0m
[0.380s] [35m[1mConsolidate compiler generated dependencies of target gtest_main[0m
[0.380s] [35m[1mConsolidate compiler generated dependencies of target serial[0m
[0.405s] [ 42%] Built target gtest_main
[0.405s] [ 50%] Built target serial
[0.405s] [ 57%] Built target gtest
[0.422s] [35m[1mConsolidate compiler generated dependencies of target serial_example[0m
[0.422s] [35m[1mConsolidate compiler generated dependencies of target serial-test[0m
[0.422s] [35m[1mConsolidate compiler generated dependencies of target serial-test-timer[0m
[0.443s] [ 85%] Built target serial_example
[0.443s] [ 85%] Built target serial-test
[0.443s] [100%] Built target serial-test-timer
[0.461s] Invoked command in '/home/xanta/tBot/botSpace/build/serial' returned '0': CMAKE_PREFIX_PATH=/opt/ros/humble /usr/bin/cmake --build /home/xanta/tBot/botSpace/build/serial -- -j16 -l16
[0.527s] Invoking command in '/home/xanta/tBot/botSpace/build/serial': CMAKE_PREFIX_PATH=/opt/ros/humble /usr/bin/cmake --install /home/xanta/tBot/botSpace/build/serial
[0.538s] -- Install configuration: ""
[0.538s] -- Execute custom install script
[0.538s] -- Symlinking: /home/xanta/tBot/botSpace/install/serial/lib/libserial.a
[0.552s] -- Symlinking: /home/xanta/tBot/botSpace/install/serial/include/serial/serial.h
[0.566s] -- Symlinking: /home/xanta/tBot/botSpace/install/serial/include/serial/v8stdint.h
[0.580s] -- Symlinking: /home/xanta/tBot/botSpace/install/serial/share/serial/environment/library_path.sh
[0.594s] -- Symlinking: /home/xanta/tBot/botSpace/install/serial/share/serial/environment/library_path.dsv
[0.608s] -- Symlinking: /home/xanta/tBot/botSpace/install/serial/share/ament_index/resource_index/package_run_dependencies/serial
[0.623s] -- Symlinking: /home/xanta/tBot/botSpace/install/serial/share/ament_index/resource_index/parent_prefix_path/serial
[0.638s] -- Symlinking: /home/xanta/tBot/botSpace/install/serial/share/serial/environment/ament_prefix_path.sh
[0.653s] -- Symlinking: /home/xanta/tBot/botSpace/install/serial/share/serial/environment/ament_prefix_path.dsv
[0.667s] -- Symlinking: /home/xanta/tBot/botSpace/install/serial/share/serial/environment/path.sh
[0.682s] -- Symlinking: /home/xanta/tBot/botSpace/install/serial/share/serial/environment/path.dsv
[0.695s] -- Symlinking: /home/xanta/tBot/botSpace/install/serial/share/serial/local_setup.bash
[0.709s] -- Symlinking: /home/xanta/tBot/botSpace/install/serial/share/serial/local_setup.sh
[0.724s] -- Symlinking: /home/xanta/tBot/botSpace/install/serial/share/serial/local_setup.zsh
[0.739s] -- Symlinking: /home/xanta/tBot/botSpace/install/serial/share/serial/local_setup.dsv
[0.754s] -- Symlinking: /home/xanta/tBot/botSpace/install/serial/share/serial/package.dsv
[0.768s] -- Symlinking: /home/xanta/tBot/botSpace/install/serial/share/ament_index/resource_index/packages/serial
[0.783s] -- Symlinking: /home/xanta/tBot/botSpace/install/serial/share/serial/cmake/ament_cmake_export_include_directories-extras.cmake
[0.798s] -- Symlinking: /home/xanta/tBot/botSpace/install/serial/share/serial/cmake/ament_cmake_export_libraries-extras.cmake
[0.812s] -- Symlinking: /home/xanta/tBot/botSpace/install/serial/share/serial/cmake/serialConfig.cmake
[0.827s] -- Symlinking: /home/xanta/tBot/botSpace/install/serial/share/serial/cmake/serialConfig-version.cmake
[0.842s] -- Symlinking: /home/xanta/tBot/botSpace/install/serial/share/serial/package.xml
[0.861s] Invoked command in '/home/xanta/tBot/botSpace/build/serial' returned '0': CMAKE_PREFIX_PATH=/opt/ros/humble /usr/bin/cmake --install /home/xanta/tBot/botSpace/build/serial
