[0.880s] Invoking command in '/home/xanta/tBot/botSpace/src/tbmain': PYTHONPATH=/home/xanta/tBot/botSpace/build/tbmain/prefix_override:/home/xanta/tBot/botSpace/install/tbmain/lib/python3.10/site-packages:${PYTHONPATH} /usr/bin/python3 -W ignore:setup.py install is deprecated setup.py egg_info --egg-base ../../build/tbmain build --build-base /home/xanta/tBot/botSpace/build/tbmain/build install --record /home/xanta/tBot/botSpace/build/tbmain/install.log --single-version-externally-managed install_data
[1.142s] running egg_info
[1.143s] writing ../../build/tbmain/tbmain.egg-info/PKG-INFO
[1.143s] writing dependency_links to ../../build/tbmain/tbmain.egg-info/dependency_links.txt
[1.143s] writing entry points to ../../build/tbmain/tbmain.egg-info/entry_points.txt
[1.144s] writing requirements to ../../build/tbmain/tbmain.egg-info/requires.txt
[1.144s] writing top-level names to ../../build/tbmain/tbmain.egg-info/top_level.txt
[1.147s] reading manifest file '../../build/tbmain/tbmain.egg-info/SOURCES.txt'
[1.148s] writing manifest file '../../build/tbmain/tbmain.egg-info/SOURCES.txt'
[1.148s] running build
[1.148s] running build_py
[1.148s] running install
[1.149s] running install_lib
[1.151s] running install_data
[1.151s] copying launch/launch_robot.launch.py -> /home/xanta/tBot/botSpace/install/tbmain/share/tbmain
[1.152s] running install_egg_info
[1.155s] removing '/home/xanta/tBot/botSpace/install/tbmain/lib/python3.10/site-packages/tbmain-0.0.0-py3.10.egg-info' (and everything under it)
[1.155s] Copying ../../build/tbmain/tbmain.egg-info to /home/xanta/tBot/botSpace/install/tbmain/lib/python3.10/site-packages/tbmain-0.0.0-py3.10.egg-info
[1.156s] running install_scripts
[1.185s] writing list of installed files to '/home/xanta/tBot/botSpace/build/tbmain/install.log'
[1.322s] Invoked command in '/home/xanta/tBot/botSpace/src/tbmain' returned '0': PYTHONPATH=/home/xanta/tBot/botSpace/build/tbmain/prefix_override:/home/xanta/tBot/botSpace/install/tbmain/lib/python3.10/site-packages:${PYTHONPATH} /usr/bin/python3 -W ignore:setup.py install is deprecated setup.py egg_info --egg-base ../../build/tbmain build --build-base /home/xanta/tBot/botSpace/build/tbmain/build install --record /home/xanta/tBot/botSpace/build/tbmain/install.log --single-version-externally-managed install_data
