[0.019s] Invoking command in '/home/xanta/tBot/botSpace/build/custom_interface': CMAKE_PREFIX_PATH=${CMAKE_PREFIX_PATH}:/home/xanta/tBot/botSpace/install/tbmain:/home/xanta/tBot/botSpace/install/tbcontrol:/opt/ros/humble /usr/bin/cmake --build /home/xanta/tBot/botSpace/build/custom_interface -- -j16 -l16
[0.092s] [  2%] Built target custom_interface__cpp
[0.099s] [ 12%] Built target custom_interface__rosidl_generator_c
[0.109s] [ 12%] Built target ament_cmake_python_symlink_custom_interface
[0.138s] [ 34%] Built target custom_interface__rosidl_typesupport_introspection_cpp
[0.138s] [ 34%] Built target custom_interface__rosidl_typesupport_cpp
[0.147s] [ 44%] Built target custom_interface__rosidl_typesupport_fastrtps_cpp
[0.148s] [ 76%] Built target custom_interface__rosidl_typesupport_introspection_c
[0.148s] [ 76%] Built target custom_interface__rosidl_typesupport_fastrtps_c
[0.148s] [ 76%] Built target custom_interface__rosidl_typesupport_c
[0.181s] [ 76%] Built target custom_interface
[0.214s] [ 78%] Built target custom_interface__py
[0.250s] [ 87%] Built target custom_interface__rosidl_generator_py
[0.286s] [100%] Built target custom_interface__rosidl_typesupport_c__pyext
[0.287s] [100%] Built target custom_interface__rosidl_typesupport_fastrtps_c__pyext
[0.287s] [100%] Built target custom_interface__rosidl_typesupport_introspection_c__pyext
[0.391s] running egg_info
[0.392s] writing custom_interface.egg-info/PKG-INFO
[0.392s] writing dependency_links to custom_interface.egg-info/dependency_links.txt
[0.392s] writing top-level names to custom_interface.egg-info/top_level.txt
[0.396s] reading manifest file 'custom_interface.egg-info/SOURCES.txt'
[0.397s] writing manifest file 'custom_interface.egg-info/SOURCES.txt'
[0.506s] [100%] Built target ament_cmake_python_build_custom_interface_egg
[0.526s] Invoked command in '/home/xanta/tBot/botSpace/build/custom_interface' returned '0': CMAKE_PREFIX_PATH=${CMAKE_PREFIX_PATH}:/home/xanta/tBot/botSpace/install/tbmain:/home/xanta/tBot/botSpace/install/tbcontrol:/opt/ros/humble /usr/bin/cmake --build /home/xanta/tBot/botSpace/build/custom_interface -- -j16 -l16
[0.673s] Invoking command in '/home/xanta/tBot/botSpace/build/custom_interface': CMAKE_PREFIX_PATH=${CMAKE_PREFIX_PATH}:/home/xanta/tBot/botSpace/install/tbmain:/home/xanta/tBot/botSpace/install/tbcontrol:/opt/ros/humble /usr/bin/cmake --install /home/xanta/tBot/botSpace/build/custom_interface
[0.684s] -- Install configuration: ""
[0.684s] -- Execute custom install script
[0.684s] -- Up-to-date symlink: /home/xanta/tBot/botSpace/install/custom_interface/share/ament_index/resource_index/rosidl_interfaces/custom_interface
[0.685s] -- Up-to-date symlink: /home/xanta/tBot/botSpace/install/custom_interface/include/custom_interface/custom_interface/msg/act.h
[0.685s] -- Up-to-date symlink: /home/xanta/tBot/botSpace/install/custom_interface/include/custom_interface/custom_interface/msg/detail/act__functions.h
[0.685s] -- Up-to-date symlink: /home/xanta/tBot/botSpace/install/custom_interface/include/custom_interface/custom_interface/msg/detail/act__struct.h
[0.685s] -- Up-to-date symlink: /home/xanta/tBot/botSpace/install/custom_interface/include/custom_interface/custom_interface/msg/detail/act__type_support.h
[0.686s] -- Up-to-date symlink: /home/xanta/tBot/botSpace/install/custom_interface/include/custom_interface/custom_interface/msg/rosidl_generator_c__visibility_control.h
[0.686s] -- Up-to-date symlink: /home/xanta/tBot/botSpace/install/custom_interface/include/custom_interface/custom_interface/srv/add_three_ints.h
[0.686s] -- Up-to-date symlink: /home/xanta/tBot/botSpace/install/custom_interface/include/custom_interface/custom_interface/srv/detail/add_three_ints__functions.h
[0.686s] -- Up-to-date symlink: /home/xanta/tBot/botSpace/install/custom_interface/include/custom_interface/custom_interface/srv/detail/add_three_ints__struct.h
[0.686s] -- Up-to-date symlink: /home/xanta/tBot/botSpace/install/custom_interface/include/custom_interface/custom_interface/srv/detail/add_three_ints__type_support.h
[0.686s] -- Up-to-date symlink: /home/xanta/tBot/botSpace/install/custom_interface/include/custom_interface/custom_interface/srv/detail/send_bot_command__functions.h
[0.687s] -- Up-to-date symlink: /home/xanta/tBot/botSpace/install/custom_interface/include/custom_interface/custom_interface/srv/detail/send_bot_command__struct.h
[0.687s] -- Up-to-date symlink: /home/xanta/tBot/botSpace/install/custom_interface/include/custom_interface/custom_interface/srv/detail/send_bot_command__type_support.h
[0.687s] -- Up-to-date symlink: /home/xanta/tBot/botSpace/install/custom_interface/include/custom_interface/custom_interface/srv/send_bot_command.h
[0.687s] -- Up-to-date symlink: /home/xanta/tBot/botSpace/install/custom_interface/share/custom_interface/environment/library_path.sh
[0.687s] -- Up-to-date symlink: /home/xanta/tBot/botSpace/install/custom_interface/share/custom_interface/environment/library_path.dsv
[0.687s] -- Up-to-date symlink: /home/xanta/tBot/botSpace/install/custom_interface/include/custom_interface/custom_interface/msg/detail/act__rosidl_typesupport_fastrtps_c.h
[0.687s] -- Up-to-date symlink: /home/xanta/tBot/botSpace/install/custom_interface/include/custom_interface/custom_interface/msg/rosidl_typesupport_fastrtps_c__visibility_control.h
[0.687s] -- Up-to-date symlink: /home/xanta/tBot/botSpace/install/custom_interface/include/custom_interface/custom_interface/srv/detail/add_three_ints__rosidl_typesupport_fastrtps_c.h
[0.688s] -- Up-to-date symlink: /home/xanta/tBot/botSpace/install/custom_interface/include/custom_interface/custom_interface/srv/detail/send_bot_command__rosidl_typesupport_fastrtps_c.h
[0.688s] -- Up-to-date symlink: /home/xanta/tBot/botSpace/install/custom_interface/include/custom_interface/custom_interface/msg/detail/act__rosidl_typesupport_introspection_c.h
[0.688s] -- Up-to-date symlink: /home/xanta/tBot/botSpace/install/custom_interface/include/custom_interface/custom_interface/msg/rosidl_typesupport_introspection_c__visibility_control.h
[0.688s] -- Up-to-date symlink: /home/xanta/tBot/botSpace/install/custom_interface/include/custom_interface/custom_interface/srv/detail/add_three_ints__rosidl_typesupport_introspection_c.h
[0.688s] -- Up-to-date symlink: /home/xanta/tBot/botSpace/install/custom_interface/include/custom_interface/custom_interface/srv/detail/send_bot_command__rosidl_typesupport_introspection_c.h
[0.688s] -- Up-to-date symlink: /home/xanta/tBot/botSpace/install/custom_interface/include/custom_interface/custom_interface/msg/act.hpp
[0.689s] -- Up-to-date symlink: /home/xanta/tBot/botSpace/install/custom_interface/include/custom_interface/custom_interface/msg/detail/act__builder.hpp
[0.689s] -- Up-to-date symlink: /home/xanta/tBot/botSpace/install/custom_interface/include/custom_interface/custom_interface/msg/detail/act__struct.hpp
[0.689s] -- Up-to-date symlink: /home/xanta/tBot/botSpace/install/custom_interface/include/custom_interface/custom_interface/msg/detail/act__traits.hpp
[0.689s] -- Up-to-date symlink: /home/xanta/tBot/botSpace/install/custom_interface/include/custom_interface/custom_interface/srv/add_three_ints.hpp
[0.689s] -- Up-to-date symlink: /home/xanta/tBot/botSpace/install/custom_interface/include/custom_interface/custom_interface/srv/detail/add_three_ints__builder.hpp
[0.689s] -- Up-to-date symlink: /home/xanta/tBot/botSpace/install/custom_interface/include/custom_interface/custom_interface/srv/detail/add_three_ints__struct.hpp
[0.689s] -- Up-to-date symlink: /home/xanta/tBot/botSpace/install/custom_interface/include/custom_interface/custom_interface/srv/detail/add_three_ints__traits.hpp
[0.689s] -- Up-to-date symlink: /home/xanta/tBot/botSpace/install/custom_interface/include/custom_interface/custom_interface/srv/detail/send_bot_command__builder.hpp
[0.689s] -- Up-to-date symlink: /home/xanta/tBot/botSpace/install/custom_interface/include/custom_interface/custom_interface/srv/detail/send_bot_command__struct.hpp
[0.690s] -- Up-to-date symlink: /home/xanta/tBot/botSpace/install/custom_interface/include/custom_interface/custom_interface/srv/detail/send_bot_command__traits.hpp
[0.690s] -- Up-to-date symlink: /home/xanta/tBot/botSpace/install/custom_interface/include/custom_interface/custom_interface/srv/send_bot_command.hpp
[0.690s] -- Up-to-date symlink: /home/xanta/tBot/botSpace/install/custom_interface/include/custom_interface/custom_interface/msg/detail/act__rosidl_typesupport_fastrtps_cpp.hpp
[0.690s] -- Up-to-date symlink: /home/xanta/tBot/botSpace/install/custom_interface/include/custom_interface/custom_interface/msg/rosidl_typesupport_fastrtps_cpp__visibility_control.h
[0.691s] -- Up-to-date symlink: /home/xanta/tBot/botSpace/install/custom_interface/include/custom_interface/custom_interface/srv/detail/add_three_ints__rosidl_typesupport_fastrtps_cpp.hpp
[0.691s] -- Up-to-date symlink: /home/xanta/tBot/botSpace/install/custom_interface/include/custom_interface/custom_interface/srv/detail/send_bot_command__rosidl_typesupport_fastrtps_cpp.hpp
[0.691s] -- Up-to-date symlink: /home/xanta/tBot/botSpace/install/custom_interface/include/custom_interface/custom_interface/msg/detail/act__rosidl_typesupport_introspection_cpp.hpp
[0.691s] -- Up-to-date symlink: /home/xanta/tBot/botSpace/install/custom_interface/include/custom_interface/custom_interface/srv/detail/add_three_ints__rosidl_typesupport_introspection_cpp.hpp
[0.691s] -- Up-to-date symlink: /home/xanta/tBot/botSpace/install/custom_interface/include/custom_interface/custom_interface/srv/detail/send_bot_command__rosidl_typesupport_introspection_cpp.hpp
[0.691s] -- Up-to-date symlink: /home/xanta/tBot/botSpace/install/custom_interface/share/custom_interface/environment/pythonpath.sh
[0.692s] -- Up-to-date symlink: /home/xanta/tBot/botSpace/install/custom_interface/share/custom_interface/environment/pythonpath.dsv
[0.692s] -- Up-to-date symlink: /home/xanta/tBot/botSpace/install/custom_interface/local/lib/python3.10/dist-packages/custom_interface-0.0.0-py3.10.egg-info/PKG-INFO
[0.692s] -- Up-to-date symlink: /home/xanta/tBot/botSpace/install/custom_interface/local/lib/python3.10/dist-packages/custom_interface-0.0.0-py3.10.egg-info/SOURCES.txt
[0.692s] -- Up-to-date symlink: /home/xanta/tBot/botSpace/install/custom_interface/local/lib/python3.10/dist-packages/custom_interface-0.0.0-py3.10.egg-info/dependency_links.txt
[0.692s] -- Up-to-date symlink: /home/xanta/tBot/botSpace/install/custom_interface/local/lib/python3.10/dist-packages/custom_interface-0.0.0-py3.10.egg-info/top_level.txt
[0.693s] -- Up-to-date symlink: /home/xanta/tBot/botSpace/install/custom_interface/local/lib/python3.10/dist-packages/custom_interface/__init__.py
[0.693s] -- Up-to-date symlink: /home/xanta/tBot/botSpace/install/custom_interface/local/lib/python3.10/dist-packages/custom_interface/_custom_interface_s.ep.rosidl_typesupport_c.c
[0.693s] -- Up-to-date symlink: /home/xanta/tBot/botSpace/install/custom_interface/local/lib/python3.10/dist-packages/custom_interface/_custom_interface_s.ep.rosidl_typesupport_fastrtps_c.c
[0.693s] -- Up-to-date symlink: /home/xanta/tBot/botSpace/install/custom_interface/local/lib/python3.10/dist-packages/custom_interface/_custom_interface_s.ep.rosidl_typesupport_introspection_c.c
[0.693s] -- Up-to-date symlink: /home/xanta/tBot/botSpace/install/custom_interface/local/lib/python3.10/dist-packages/custom_interface/custom_interface_s__rosidl_typesupport_c.cpython-310-x86_64-linux-gnu.so
[0.693s] -- Up-to-date symlink: /home/xanta/tBot/botSpace/install/custom_interface/local/lib/python3.10/dist-packages/custom_interface/custom_interface_s__rosidl_typesupport_fastrtps_c.cpython-310-x86_64-linux-gnu.so
[0.693s] -- Up-to-date symlink: /home/xanta/tBot/botSpace/install/custom_interface/local/lib/python3.10/dist-packages/custom_interface/custom_interface_s__rosidl_typesupport_introspection_c.cpython-310-x86_64-linux-gnu.so
[0.694s] -- Up-to-date symlink: /home/xanta/tBot/botSpace/install/custom_interface/local/lib/python3.10/dist-packages/custom_interface/libcustom_interface__rosidl_generator_py.so
[0.694s] -- Up-to-date symlink: /home/xanta/tBot/botSpace/install/custom_interface/local/lib/python3.10/dist-packages/custom_interface/msg/__init__.py
[0.694s] -- Up-to-date symlink: /home/xanta/tBot/botSpace/install/custom_interface/local/lib/python3.10/dist-packages/custom_interface/msg/_act.py
[0.694s] -- Up-to-date symlink: /home/xanta/tBot/botSpace/install/custom_interface/local/lib/python3.10/dist-packages/custom_interface/msg/_act_s.c
[0.694s] -- Up-to-date symlink: /home/xanta/tBot/botSpace/install/custom_interface/local/lib/python3.10/dist-packages/custom_interface/srv/__init__.py
[0.694s] -- Up-to-date symlink: /home/xanta/tBot/botSpace/install/custom_interface/local/lib/python3.10/dist-packages/custom_interface/srv/_add_three_ints.py
[0.694s] -- Up-to-date symlink: /home/xanta/tBot/botSpace/install/custom_interface/local/lib/python3.10/dist-packages/custom_interface/srv/_add_three_ints_s.c
[0.694s] -- Up-to-date symlink: /home/xanta/tBot/botSpace/install/custom_interface/local/lib/python3.10/dist-packages/custom_interface/srv/_send_bot_command.py
[0.695s] -- Up-to-date symlink: /home/xanta/tBot/botSpace/install/custom_interface/local/lib/python3.10/dist-packages/custom_interface/srv/_send_bot_command_s.c
[0.695s] -- Up-to-date symlink: /home/xanta/tBot/botSpace/install/custom_interface/local/lib/python3.10/dist-packages/custom_interface/custom_interface_s__rosidl_typesupport_fastrtps_c.cpython-310-x86_64-linux-gnu.so
[0.695s] -- Up-to-date symlink: /home/xanta/tBot/botSpace/install/custom_interface/local/lib/python3.10/dist-packages/custom_interface/custom_interface_s__rosidl_typesupport_introspection_c.cpython-310-x86_64-linux-gnu.so
[0.695s] -- Up-to-date symlink: /home/xanta/tBot/botSpace/install/custom_interface/local/lib/python3.10/dist-packages/custom_interface/custom_interface_s__rosidl_typesupport_c.cpython-310-x86_64-linux-gnu.so
[0.696s] -- Up-to-date symlink: /home/xanta/tBot/botSpace/install/custom_interface/share/custom_interface/msg/Act.idl
[0.696s] -- Up-to-date symlink: /home/xanta/tBot/botSpace/install/custom_interface/share/custom_interface/srv/AddThreeInts.idl
[0.696s] -- Up-to-date symlink: /home/xanta/tBot/botSpace/install/custom_interface/share/custom_interface/srv/SendBotCommand.idl
[0.696s] -- Up-to-date symlink: /home/xanta/tBot/botSpace/install/custom_interface/share/custom_interface/msg/Act.msg
[0.696s] -- Up-to-date symlink: /home/xanta/tBot/botSpace/install/custom_interface/share/custom_interface/srv/AddThreeInts.srv
[0.696s] -- Up-to-date symlink: /home/xanta/tBot/botSpace/install/custom_interface/share/custom_interface/srv/AddThreeInts_Request.msg
[0.696s] -- Up-to-date symlink: /home/xanta/tBot/botSpace/install/custom_interface/share/custom_interface/srv/AddThreeInts_Response.msg
[0.696s] -- Up-to-date symlink: /home/xanta/tBot/botSpace/install/custom_interface/share/custom_interface/srv/SendBotCommand.srv
[0.697s] -- Up-to-date symlink: /home/xanta/tBot/botSpace/install/custom_interface/share/custom_interface/srv/SendBotCommand_Request.msg
[0.697s] -- Up-to-date symlink: /home/xanta/tBot/botSpace/install/custom_interface/share/custom_interface/srv/SendBotCommand_Response.msg
[0.697s] -- Up-to-date symlink: /home/xanta/tBot/botSpace/install/custom_interface/share/ament_index/resource_index/package_run_dependencies/custom_interface
[0.697s] -- Up-to-date symlink: /home/xanta/tBot/botSpace/install/custom_interface/share/ament_index/resource_index/parent_prefix_path/custom_interface
[0.697s] -- Up-to-date symlink: /home/xanta/tBot/botSpace/install/custom_interface/share/custom_interface/environment/ament_prefix_path.sh
[0.697s] -- Up-to-date symlink: /home/xanta/tBot/botSpace/install/custom_interface/share/custom_interface/environment/ament_prefix_path.dsv
[0.697s] -- Up-to-date symlink: /home/xanta/tBot/botSpace/install/custom_interface/share/custom_interface/environment/path.sh
[0.698s] -- Up-to-date symlink: /home/xanta/tBot/botSpace/install/custom_interface/share/custom_interface/environment/path.dsv
[0.698s] -- Up-to-date symlink: /home/xanta/tBot/botSpace/install/custom_interface/share/custom_interface/local_setup.bash
[0.698s] -- Up-to-date symlink: /home/xanta/tBot/botSpace/install/custom_interface/share/custom_interface/local_setup.sh
[0.698s] -- Up-to-date symlink: /home/xanta/tBot/botSpace/install/custom_interface/share/custom_interface/local_setup.zsh
[0.698s] -- Up-to-date symlink: /home/xanta/tBot/botSpace/install/custom_interface/share/custom_interface/local_setup.dsv
[0.698s] -- Symlinking: /home/xanta/tBot/botSpace/install/custom_interface/share/custom_interface/package.dsv
[0.710s] -- Up-to-date symlink: /home/xanta/tBot/botSpace/install/custom_interface/share/ament_index/resource_index/packages/custom_interface
[0.710s] -- Up-to-date symlink: /home/xanta/tBot/botSpace/install/custom_interface/share/custom_interface/cmake/rosidl_cmake-extras.cmake
[0.710s] -- Up-to-date symlink: /home/xanta/tBot/botSpace/install/custom_interface/share/custom_interface/cmake/ament_cmake_export_include_directories-extras.cmake
[0.710s] -- Up-to-date symlink: /home/xanta/tBot/botSpace/install/custom_interface/share/custom_interface/cmake/ament_cmake_export_libraries-extras.cmake
[0.711s] -- Up-to-date symlink: /home/xanta/tBot/botSpace/install/custom_interface/share/custom_interface/cmake/ament_cmake_export_targets-extras.cmake
[0.711s] -- Up-to-date symlink: /home/xanta/tBot/botSpace/install/custom_interface/share/custom_interface/cmake/rosidl_cmake_export_typesupport_targets-extras.cmake
[0.711s] -- Up-to-date symlink: /home/xanta/tBot/botSpace/install/custom_interface/share/custom_interface/cmake/ament_cmake_export_dependencies-extras.cmake
[0.711s] -- Up-to-date symlink: /home/xanta/tBot/botSpace/install/custom_interface/share/custom_interface/cmake/rosidl_cmake_export_typesupport_libraries-extras.cmake
[0.711s] -- Up-to-date symlink: /home/xanta/tBot/botSpace/install/custom_interface/share/custom_interface/cmake/custom_interfaceConfig.cmake
[0.711s] -- Up-to-date symlink: /home/xanta/tBot/botSpace/install/custom_interface/share/custom_interface/cmake/custom_interfaceConfig-version.cmake
[0.711s] -- Up-to-date symlink: /home/xanta/tBot/botSpace/install/custom_interface/share/custom_interface/package.xml
[0.712s] -- Up-to-date: /home/xanta/tBot/botSpace/install/custom_interface/lib/libcustom_interface__rosidl_generator_c.so
[0.712s] -- Up-to-date: /home/xanta/tBot/botSpace/install/custom_interface/lib/libcustom_interface__rosidl_typesupport_fastrtps_c.so
[0.712s] -- Up-to-date: /home/xanta/tBot/botSpace/install/custom_interface/lib/libcustom_interface__rosidl_typesupport_introspection_c.so
[0.712s] -- Up-to-date: /home/xanta/tBot/botSpace/install/custom_interface/lib/libcustom_interface__rosidl_typesupport_c.so
[0.712s] -- Up-to-date: /home/xanta/tBot/botSpace/install/custom_interface/lib/libcustom_interface__rosidl_typesupport_fastrtps_cpp.so
[0.713s] -- Up-to-date: /home/xanta/tBot/botSpace/install/custom_interface/lib/libcustom_interface__rosidl_typesupport_introspection_cpp.so
[0.713s] -- Up-to-date: /home/xanta/tBot/botSpace/install/custom_interface/lib/libcustom_interface__rosidl_typesupport_cpp.so
[0.743s] Listing '/home/xanta/tBot/botSpace/install/custom_interface/local/lib/python3.10/dist-packages/custom_interface'...
[0.744s] Listing '/home/xanta/tBot/botSpace/install/custom_interface/local/lib/python3.10/dist-packages/custom_interface/msg'...
[0.744s] Listing '/home/xanta/tBot/botSpace/install/custom_interface/local/lib/python3.10/dist-packages/custom_interface/srv'...
[0.752s] -- Up-to-date: /home/xanta/tBot/botSpace/install/custom_interface/lib/libcustom_interface__rosidl_generator_py.so
[0.752s] -- Up-to-date: /home/xanta/tBot/botSpace/install/custom_interface/share/custom_interface/cmake/export_custom_interface__rosidl_generator_cExport.cmake
[0.752s] -- Up-to-date: /home/xanta/tBot/botSpace/install/custom_interface/share/custom_interface/cmake/export_custom_interface__rosidl_generator_cExport-noconfig.cmake
[0.752s] -- Up-to-date: /home/xanta/tBot/botSpace/install/custom_interface/share/custom_interface/cmake/export_custom_interface__rosidl_typesupport_fastrtps_cExport.cmake
[0.752s] -- Up-to-date: /home/xanta/tBot/botSpace/install/custom_interface/share/custom_interface/cmake/export_custom_interface__rosidl_typesupport_fastrtps_cExport-noconfig.cmake
[0.752s] -- Up-to-date: /home/xanta/tBot/botSpace/install/custom_interface/share/custom_interface/cmake/custom_interface__rosidl_typesupport_introspection_cExport.cmake
[0.753s] -- Up-to-date: /home/xanta/tBot/botSpace/install/custom_interface/share/custom_interface/cmake/custom_interface__rosidl_typesupport_introspection_cExport-noconfig.cmake
[0.753s] -- Up-to-date: /home/xanta/tBot/botSpace/install/custom_interface/share/custom_interface/cmake/custom_interface__rosidl_typesupport_cExport.cmake
[0.753s] -- Up-to-date: /home/xanta/tBot/botSpace/install/custom_interface/share/custom_interface/cmake/custom_interface__rosidl_typesupport_cExport-noconfig.cmake
[0.753s] -- Up-to-date: /home/xanta/tBot/botSpace/install/custom_interface/share/custom_interface/cmake/export_custom_interface__rosidl_generator_cppExport.cmake
[0.753s] -- Up-to-date: /home/xanta/tBot/botSpace/install/custom_interface/share/custom_interface/cmake/export_custom_interface__rosidl_typesupport_fastrtps_cppExport.cmake
[0.753s] -- Up-to-date: /home/xanta/tBot/botSpace/install/custom_interface/share/custom_interface/cmake/export_custom_interface__rosidl_typesupport_fastrtps_cppExport-noconfig.cmake
[0.753s] -- Up-to-date: /home/xanta/tBot/botSpace/install/custom_interface/share/custom_interface/cmake/custom_interface__rosidl_typesupport_introspection_cppExport.cmake
[0.753s] -- Up-to-date: /home/xanta/tBot/botSpace/install/custom_interface/share/custom_interface/cmake/custom_interface__rosidl_typesupport_introspection_cppExport-noconfig.cmake
[0.753s] -- Up-to-date: /home/xanta/tBot/botSpace/install/custom_interface/share/custom_interface/cmake/custom_interface__rosidl_typesupport_cppExport.cmake
[0.754s] -- Up-to-date: /home/xanta/tBot/botSpace/install/custom_interface/share/custom_interface/cmake/custom_interface__rosidl_typesupport_cppExport-noconfig.cmake
[0.754s] -- Up-to-date: /home/xanta/tBot/botSpace/install/custom_interface/share/custom_interface/cmake/export_custom_interface__rosidl_generator_pyExport.cmake
[0.754s] -- Up-to-date: /home/xanta/tBot/botSpace/install/custom_interface/share/custom_interface/cmake/export_custom_interface__rosidl_generator_pyExport-noconfig.cmake
[0.755s] Invoked command in '/home/xanta/tBot/botSpace/build/custom_interface' returned '0': CMAKE_PREFIX_PATH=${CMAKE_PREFIX_PATH}:/home/xanta/tBot/botSpace/install/tbmain:/home/xanta/tBot/botSpace/install/tbcontrol:/opt/ros/humble /usr/bin/cmake --install /home/xanta/tBot/botSpace/build/custom_interface
