[0.819s] Invoking command in '/home/xanta/tBot/botSpace/src/tbcontrol': CMAKE_PREFIX_PATH=/home/xanta/tBot/botSpace/install/custom_interface:/home/xanta/tBot/botSpace/install/diffdrive_arduino:/home/xanta/tBot/botSpace/install/serial LD_LIBRARY_PATH=/home/xanta/tBot/botSpace/install/custom_interface/lib:/home/xanta/tBot/botSpace/install/diffdrive_arduino/lib:/home/xanta/tBot/botSpace/install/serial/lib:/usr/lib/x86_64-linux-gnu/gazebo-11/plugins:/opt/ros/humble/opt/rviz_ogre_vendor/lib:/opt/ros/humble/lib/x86_64-linux-gnu:/opt/ros/humble/lib PYTHONPATH=/home/xanta/tBot/botSpace/build/tbcontrol/prefix_override:/home/xanta/tBot/botSpace/install/tbcontrol/lib/python3.10/site-packages:${PYTHONPATH} /usr/bin/python3 -W ignore:setup.py install is deprecated setup.py egg_info --egg-base ../../build/tbcontrol build --build-base /home/xanta/tBot/botSpace/build/tbcontrol/build install --record /home/xanta/tBot/botSpace/build/tbcontrol/install.log --single-version-externally-managed install_data
[1.038s] running egg_info
[1.038s] writing ../../build/tbcontrol/tbcontrol.egg-info/PKG-INFO
[1.038s] writing dependency_links to ../../build/tbcontrol/tbcontrol.egg-info/dependency_links.txt
[1.038s] writing entry points to ../../build/tbcontrol/tbcontrol.egg-info/entry_points.txt
[1.039s] writing requirements to ../../build/tbcontrol/tbcontrol.egg-info/requires.txt
[1.039s] writing top-level names to ../../build/tbcontrol/tbcontrol.egg-info/top_level.txt
[1.040s] reading manifest file '../../build/tbcontrol/tbcontrol.egg-info/SOURCES.txt'
[1.041s] writing manifest file '../../build/tbcontrol/tbcontrol.egg-info/SOURCES.txt'
[1.041s] running build
[1.041s] running build_py
[1.041s] running install
[1.041s] running install_lib
[1.043s] running install_data
[1.043s] running install_egg_info
[1.044s] removing '/home/xanta/tBot/botSpace/install/tbcontrol/lib/python3.10/site-packages/tbcontrol-0.0.0-py3.10.egg-info' (and everything under it)
[1.044s] Copying ../../build/tbcontrol/tbcontrol.egg-info to /home/xanta/tBot/botSpace/install/tbcontrol/lib/python3.10/site-packages/tbcontrol-0.0.0-py3.10.egg-info
[1.045s] running install_scripts
[1.066s] Installing client script to /home/xanta/tBot/botSpace/install/tbcontrol/lib/tbcontrol
[1.066s] Installing rmcontrol script to /home/xanta/tBot/botSpace/install/tbcontrol/lib/tbcontrol
[1.067s] Installing service script to /home/xanta/tBot/botSpace/install/tbcontrol/lib/tbcontrol
[1.067s] writing list of installed files to '/home/xanta/tBot/botSpace/build/tbcontrol/install.log'
[1.128s] Invoked command in '/home/xanta/tBot/botSpace/src/tbcontrol' returned '0': CMAKE_PREFIX_PATH=/home/xanta/tBot/botSpace/install/custom_interface:/home/xanta/tBot/botSpace/install/diffdrive_arduino:/home/xanta/tBot/botSpace/install/serial LD_LIBRARY_PATH=/home/xanta/tBot/botSpace/install/custom_interface/lib:/home/xanta/tBot/botSpace/install/diffdrive_arduino/lib:/home/xanta/tBot/botSpace/install/serial/lib:/usr/lib/x86_64-linux-gnu/gazebo-11/plugins:/opt/ros/humble/opt/rviz_ogre_vendor/lib:/opt/ros/humble/lib/x86_64-linux-gnu:/opt/ros/humble/lib PYTHONPATH=/home/xanta/tBot/botSpace/build/tbcontrol/prefix_override:/home/xanta/tBot/botSpace/install/tbcontrol/lib/python3.10/site-packages:${PYTHONPATH} /usr/bin/python3 -W ignore:setup.py install is deprecated setup.py egg_info --egg-base ../../build/tbcontrol build --build-base /home/xanta/tBot/botSpace/build/tbcontrol/build install --record /home/xanta/tBot/botSpace/build/tbcontrol/install.log --single-version-externally-managed install_data
