[0.010s] Invoking command in '/home/xanta/tBot/botSpace/build/custom_interface': CMAKE_PREFIX_PATH=/opt/ros/humble /usr/bin/cmake /home/xanta/tBot/botSpace/src/custom_interface -DAMENT_CMAKE_SYMLINK_INSTALL=1 -DCMAKE_INSTALL_PREFIX=/home/xanta/tBot/botSpace/install/custom_interface
[0.021s] -- Found ament_cmake: 1.3.8 (/opt/ros/humble/share/ament_cmake/cmake)
[0.121s] -- Override CMake install command with custom implementation using symlinks instead of copying resources
[0.128s] -- Found rosidl_default_generators: 1.2.0 (/opt/ros/humble/share/rosidl_default_generators/cmake)
[0.129s] -- Using all available rosidl_typesupport_c: rosidl_typesupport_fastrtps_c;rosidl_typesupport_introspection_c
[0.131s] -- Found rosidl_adapter: 3.1.5 (/opt/ros/humble/share/rosidl_adapter/cmake)
[0.157s] -- Using all available rosidl_typesupport_cpp: rosidl_typesupport_fastrtps_cpp;rosidl_typesupport_introspection_cpp
[0.398s] -- Found ament_cmake_ros: 0.10.0 (/opt/ros/humble/share/ament_cmake_ros/cmake)
[0.554s] -- Using all available rosidl_typesupport_c: rosidl_typesupport_fastrtps_c;rosidl_typesupport_introspection_c
[0.760s] -- Using all available rosidl_typesupport_cpp: rosidl_typesupport_fastrtps_cpp;rosidl_typesupport_introspection_cpp
[0.780s] -- Found python_cmake_module: 0.10.0 (/opt/ros/humble/share/python_cmake_module/cmake)
[0.800s] -- Using PYTHON_EXECUTABLE: /usr/bin/python3
[0.800s] -- Using PYTHON_INCLUDE_DIRS: /usr/include/python3.10
[0.800s] -- Using PYTHON_LIBRARIES: /usr/lib/x86_64-linux-gnu/libpython3.10.so
[0.810s] -- Found ament_lint_auto: 0.12.10 (/opt/ros/humble/share/ament_lint_auto/cmake)
[0.819s] -- Added test 'lint_cmake' to check CMake code style
[0.820s] -- Added test 'xmllint' to check XML markup files
[0.823s] -- Configuring done
[0.853s] -- Generating done
[0.856s] -- Build files have been written to: /home/xanta/tBot/botSpace/build/custom_interface
[0.863s] Invoked command in '/home/xanta/tBot/botSpace/build/custom_interface' returned '0': CMAKE_PREFIX_PATH=/opt/ros/humble /usr/bin/cmake /home/xanta/tBot/botSpace/src/custom_interface -DAMENT_CMAKE_SYMLINK_INSTALL=1 -DCMAKE_INSTALL_PREFIX=/home/xanta/tBot/botSpace/install/custom_interface
[0.864s] Invoking command in '/home/xanta/tBot/botSpace/build/custom_interface': CMAKE_PREFIX_PATH=/opt/ros/humble /usr/bin/cmake --build /home/xanta/tBot/botSpace/build/custom_interface -- -j16 -l16
[0.906s] [35m[1mConsolidate compiler generated dependencies of target custom_interface__rosidl_generator_c[0m
[0.916s] [  2%] Built target custom_interface__cpp
[0.919s] [ 12%] Built target custom_interface__rosidl_generator_c
[0.928s] [ 12%] Built target ament_cmake_python_symlink_custom_interface
[0.929s] [35m[1mConsolidate compiler generated dependencies of target custom_interface__rosidl_typesupport_introspection_cpp[0m
[0.929s] [35m[1mConsolidate compiler generated dependencies of target custom_interface__rosidl_typesupport_cpp[0m
[0.931s] [35m[1mConsolidate compiler generated dependencies of target custom_interface__rosidl_typesupport_fastrtps_cpp[0m
[0.932s] [35m[1mConsolidate compiler generated dependencies of target custom_interface__rosidl_typesupport_c[0m
[0.932s] [35m[1mConsolidate compiler generated dependencies of target custom_interface__rosidl_typesupport_introspection_c[0m
[0.933s] [35m[1mConsolidate compiler generated dependencies of target custom_interface__rosidl_typesupport_fastrtps_c[0m
[0.947s] [ 34%] Built target custom_interface__rosidl_typesupport_introspection_c
[0.947s] [ 34%] Built target custom_interface__rosidl_typesupport_c
[0.947s] [ 44%] Built target custom_interface__rosidl_typesupport_cpp
[0.949s] [ 55%] Built target custom_interface__rosidl_typesupport_introspection_cpp
[0.954s] [ 65%] Built target custom_interface__rosidl_typesupport_fastrtps_cpp
[0.956s] [ 76%] Built target custom_interface__rosidl_typesupport_fastrtps_c
[0.978s] [ 76%] Built target custom_interface
[1.000s] [ 78%] Built target custom_interface__py
[1.012s] [35m[1mConsolidate compiler generated dependencies of target custom_interface__rosidl_generator_py[0m
[1.030s] [ 87%] Built target custom_interface__rosidl_generator_py
[1.042s] [35m[1mConsolidate compiler generated dependencies of target custom_interface__rosidl_typesupport_introspection_c__pyext[0m
[1.042s] [35m[1mConsolidate compiler generated dependencies of target custom_interface__rosidl_typesupport_c__pyext[0m
[1.043s] [35m[1mConsolidate compiler generated dependencies of target custom_interface__rosidl_typesupport_fastrtps_c__pyext[0m
[1.059s] [ 97%] Built target custom_interface__rosidl_typesupport_fastrtps_c__pyext
[1.059s] [ 97%] Built target custom_interface__rosidl_typesupport_introspection_c__pyext
[1.059s] [100%] Built target custom_interface__rosidl_typesupport_c__pyext
[1.139s] running egg_info
[1.140s] writing custom_interface.egg-info/PKG-INFO
[1.140s] writing dependency_links to custom_interface.egg-info/dependency_links.txt
[1.140s] writing top-level names to custom_interface.egg-info/top_level.txt
[1.141s] reading manifest file 'custom_interface.egg-info/SOURCES.txt'
[1.142s] writing manifest file 'custom_interface.egg-info/SOURCES.txt'
[1.173s] [100%] Built target ament_cmake_python_build_custom_interface_egg
[1.188s] Invoked command in '/home/xanta/tBot/botSpace/build/custom_interface' returned '0': CMAKE_PREFIX_PATH=/opt/ros/humble /usr/bin/cmake --build /home/xanta/tBot/botSpace/build/custom_interface -- -j16 -l16
[1.330s] Invoking command in '/home/xanta/tBot/botSpace/build/custom_interface': CMAKE_PREFIX_PATH=/opt/ros/humble /usr/bin/cmake --install /home/xanta/tBot/botSpace/build/custom_interface
[1.337s] -- Install configuration: ""
[1.337s] -- Execute custom install script
[1.338s] -- Up-to-date symlink: /home/xanta/tBot/botSpace/install/custom_interface/share/ament_index/resource_index/rosidl_interfaces/custom_interface
[1.338s] -- Up-to-date symlink: /home/xanta/tBot/botSpace/install/custom_interface/include/custom_interface/custom_interface/msg/act.h
[1.338s] -- Up-to-date symlink: /home/xanta/tBot/botSpace/install/custom_interface/include/custom_interface/custom_interface/msg/detail/act__functions.h
[1.339s] -- Up-to-date symlink: /home/xanta/tBot/botSpace/install/custom_interface/include/custom_interface/custom_interface/msg/detail/act__struct.h
[1.339s] -- Up-to-date symlink: /home/xanta/tBot/botSpace/install/custom_interface/include/custom_interface/custom_interface/msg/detail/act__type_support.h
[1.339s] -- Up-to-date symlink: /home/xanta/tBot/botSpace/install/custom_interface/include/custom_interface/custom_interface/msg/rosidl_generator_c__visibility_control.h
[1.339s] -- Up-to-date symlink: /home/xanta/tBot/botSpace/install/custom_interface/include/custom_interface/custom_interface/srv/add_three_ints.h
[1.339s] -- Up-to-date symlink: /home/xanta/tBot/botSpace/install/custom_interface/include/custom_interface/custom_interface/srv/detail/add_three_ints__functions.h
[1.339s] -- Up-to-date symlink: /home/xanta/tBot/botSpace/install/custom_interface/include/custom_interface/custom_interface/srv/detail/add_three_ints__struct.h
[1.339s] -- Up-to-date symlink: /home/xanta/tBot/botSpace/install/custom_interface/include/custom_interface/custom_interface/srv/detail/add_three_ints__type_support.h
[1.339s] -- Up-to-date symlink: /home/xanta/tBot/botSpace/install/custom_interface/include/custom_interface/custom_interface/srv/detail/send_bot_command__functions.h
[1.339s] -- Up-to-date symlink: /home/xanta/tBot/botSpace/install/custom_interface/include/custom_interface/custom_interface/srv/detail/send_bot_command__struct.h
[1.340s] -- Up-to-date symlink: /home/xanta/tBot/botSpace/install/custom_interface/include/custom_interface/custom_interface/srv/detail/send_bot_command__type_support.h
[1.340s] -- Up-to-date symlink: /home/xanta/tBot/botSpace/install/custom_interface/include/custom_interface/custom_interface/srv/send_bot_command.h
[1.340s] -- Up-to-date symlink: /home/xanta/tBot/botSpace/install/custom_interface/share/custom_interface/environment/library_path.sh
[1.340s] -- Up-to-date symlink: /home/xanta/tBot/botSpace/install/custom_interface/share/custom_interface/environment/library_path.dsv
[1.340s] -- Up-to-date symlink: /home/xanta/tBot/botSpace/install/custom_interface/include/custom_interface/custom_interface/msg/detail/act__rosidl_typesupport_fastrtps_c.h
[1.340s] -- Up-to-date symlink: /home/xanta/tBot/botSpace/install/custom_interface/include/custom_interface/custom_interface/msg/rosidl_typesupport_fastrtps_c__visibility_control.h
[1.341s] -- Up-to-date symlink: /home/xanta/tBot/botSpace/install/custom_interface/include/custom_interface/custom_interface/srv/detail/add_three_ints__rosidl_typesupport_fastrtps_c.h
[1.341s] -- Up-to-date symlink: /home/xanta/tBot/botSpace/install/custom_interface/include/custom_interface/custom_interface/srv/detail/send_bot_command__rosidl_typesupport_fastrtps_c.h
[1.341s] -- Up-to-date symlink: /home/xanta/tBot/botSpace/install/custom_interface/include/custom_interface/custom_interface/msg/detail/act__rosidl_typesupport_introspection_c.h
[1.341s] -- Up-to-date symlink: /home/xanta/tBot/botSpace/install/custom_interface/include/custom_interface/custom_interface/msg/rosidl_typesupport_introspection_c__visibility_control.h
[1.341s] -- Up-to-date symlink: /home/xanta/tBot/botSpace/install/custom_interface/include/custom_interface/custom_interface/srv/detail/add_three_ints__rosidl_typesupport_introspection_c.h
[1.341s] -- Up-to-date symlink: /home/xanta/tBot/botSpace/install/custom_interface/include/custom_interface/custom_interface/srv/detail/send_bot_command__rosidl_typesupport_introspection_c.h
[1.342s] -- Up-to-date symlink: /home/xanta/tBot/botSpace/install/custom_interface/include/custom_interface/custom_interface/msg/act.hpp
[1.342s] -- Up-to-date symlink: /home/xanta/tBot/botSpace/install/custom_interface/include/custom_interface/custom_interface/msg/detail/act__builder.hpp
[1.342s] -- Up-to-date symlink: /home/xanta/tBot/botSpace/install/custom_interface/include/custom_interface/custom_interface/msg/detail/act__struct.hpp
[1.342s] -- Up-to-date symlink: /home/xanta/tBot/botSpace/install/custom_interface/include/custom_interface/custom_interface/msg/detail/act__traits.hpp
[1.342s] -- Up-to-date symlink: /home/xanta/tBot/botSpace/install/custom_interface/include/custom_interface/custom_interface/srv/add_three_ints.hpp
[1.342s] -- Up-to-date symlink: /home/xanta/tBot/botSpace/install/custom_interface/include/custom_interface/custom_interface/srv/detail/add_three_ints__builder.hpp
[1.342s] -- Up-to-date symlink: /home/xanta/tBot/botSpace/install/custom_interface/include/custom_interface/custom_interface/srv/detail/add_three_ints__struct.hpp
[1.342s] -- Up-to-date symlink: /home/xanta/tBot/botSpace/install/custom_interface/include/custom_interface/custom_interface/srv/detail/add_three_ints__traits.hpp
[1.343s] -- Up-to-date symlink: /home/xanta/tBot/botSpace/install/custom_interface/include/custom_interface/custom_interface/srv/detail/send_bot_command__builder.hpp
[1.343s] -- Up-to-date symlink: /home/xanta/tBot/botSpace/install/custom_interface/include/custom_interface/custom_interface/srv/detail/send_bot_command__struct.hpp
[1.343s] -- Up-to-date symlink: /home/xanta/tBot/botSpace/install/custom_interface/include/custom_interface/custom_interface/srv/detail/send_bot_command__traits.hpp
[1.343s] -- Up-to-date symlink: /home/xanta/tBot/botSpace/install/custom_interface/include/custom_interface/custom_interface/srv/send_bot_command.hpp
[1.344s] -- Up-to-date symlink: /home/xanta/tBot/botSpace/install/custom_interface/include/custom_interface/custom_interface/msg/detail/act__rosidl_typesupport_fastrtps_cpp.hpp
[1.344s] -- Up-to-date symlink: /home/xanta/tBot/botSpace/install/custom_interface/include/custom_interface/custom_interface/msg/rosidl_typesupport_fastrtps_cpp__visibility_control.h
[1.344s] -- Up-to-date symlink: /home/xanta/tBot/botSpace/install/custom_interface/include/custom_interface/custom_interface/srv/detail/add_three_ints__rosidl_typesupport_fastrtps_cpp.hpp
[1.344s] -- Up-to-date symlink: /home/xanta/tBot/botSpace/install/custom_interface/include/custom_interface/custom_interface/srv/detail/send_bot_command__rosidl_typesupport_fastrtps_cpp.hpp
[1.344s] -- Up-to-date symlink: /home/xanta/tBot/botSpace/install/custom_interface/include/custom_interface/custom_interface/msg/detail/act__rosidl_typesupport_introspection_cpp.hpp
[1.344s] -- Up-to-date symlink: /home/xanta/tBot/botSpace/install/custom_interface/include/custom_interface/custom_interface/srv/detail/add_three_ints__rosidl_typesupport_introspection_cpp.hpp
[1.344s] -- Up-to-date symlink: /home/xanta/tBot/botSpace/install/custom_interface/include/custom_interface/custom_interface/srv/detail/send_bot_command__rosidl_typesupport_introspection_cpp.hpp
[1.344s] -- Up-to-date symlink: /home/xanta/tBot/botSpace/install/custom_interface/share/custom_interface/environment/pythonpath.sh
[1.345s] -- Up-to-date symlink: /home/xanta/tBot/botSpace/install/custom_interface/share/custom_interface/environment/pythonpath.dsv
[1.345s] -- Up-to-date symlink: /home/xanta/tBot/botSpace/install/custom_interface/local/lib/python3.10/dist-packages/custom_interface-0.0.0-py3.10.egg-info/PKG-INFO
[1.345s] -- Up-to-date symlink: /home/xanta/tBot/botSpace/install/custom_interface/local/lib/python3.10/dist-packages/custom_interface-0.0.0-py3.10.egg-info/SOURCES.txt
[1.345s] -- Up-to-date symlink: /home/xanta/tBot/botSpace/install/custom_interface/local/lib/python3.10/dist-packages/custom_interface-0.0.0-py3.10.egg-info/dependency_links.txt
[1.345s] -- Up-to-date symlink: /home/xanta/tBot/botSpace/install/custom_interface/local/lib/python3.10/dist-packages/custom_interface-0.0.0-py3.10.egg-info/top_level.txt
[1.346s] -- Up-to-date symlink: /home/xanta/tBot/botSpace/install/custom_interface/local/lib/python3.10/dist-packages/custom_interface/__init__.py
[1.346s] -- Up-to-date symlink: /home/xanta/tBot/botSpace/install/custom_interface/local/lib/python3.10/dist-packages/custom_interface/_custom_interface_s.ep.rosidl_typesupport_c.c
[1.346s] -- Up-to-date symlink: /home/xanta/tBot/botSpace/install/custom_interface/local/lib/python3.10/dist-packages/custom_interface/_custom_interface_s.ep.rosidl_typesupport_fastrtps_c.c
[1.346s] -- Up-to-date symlink: /home/xanta/tBot/botSpace/install/custom_interface/local/lib/python3.10/dist-packages/custom_interface/_custom_interface_s.ep.rosidl_typesupport_introspection_c.c
[1.346s] -- Up-to-date symlink: /home/xanta/tBot/botSpace/install/custom_interface/local/lib/python3.10/dist-packages/custom_interface/custom_interface_s__rosidl_typesupport_c.cpython-310-x86_64-linux-gnu.so
[1.346s] -- Up-to-date symlink: /home/xanta/tBot/botSpace/install/custom_interface/local/lib/python3.10/dist-packages/custom_interface/custom_interface_s__rosidl_typesupport_fastrtps_c.cpython-310-x86_64-linux-gnu.so
[1.346s] -- Up-to-date symlink: /home/xanta/tBot/botSpace/install/custom_interface/local/lib/python3.10/dist-packages/custom_interface/custom_interface_s__rosidl_typesupport_introspection_c.cpython-310-x86_64-linux-gnu.so
[1.347s] -- Up-to-date symlink: /home/xanta/tBot/botSpace/install/custom_interface/local/lib/python3.10/dist-packages/custom_interface/libcustom_interface__rosidl_generator_py.so
[1.347s] -- Up-to-date symlink: /home/xanta/tBot/botSpace/install/custom_interface/local/lib/python3.10/dist-packages/custom_interface/msg/__init__.py
[1.347s] -- Up-to-date symlink: /home/xanta/tBot/botSpace/install/custom_interface/local/lib/python3.10/dist-packages/custom_interface/msg/_act.py
[1.347s] -- Up-to-date symlink: /home/xanta/tBot/botSpace/install/custom_interface/local/lib/python3.10/dist-packages/custom_interface/msg/_act_s.c
[1.347s] -- Up-to-date symlink: /home/xanta/tBot/botSpace/install/custom_interface/local/lib/python3.10/dist-packages/custom_interface/srv/__init__.py
[1.347s] -- Up-to-date symlink: /home/xanta/tBot/botSpace/install/custom_interface/local/lib/python3.10/dist-packages/custom_interface/srv/_add_three_ints.py
[1.347s] -- Up-to-date symlink: /home/xanta/tBot/botSpace/install/custom_interface/local/lib/python3.10/dist-packages/custom_interface/srv/_add_three_ints_s.c
[1.347s] -- Up-to-date symlink: /home/xanta/tBot/botSpace/install/custom_interface/local/lib/python3.10/dist-packages/custom_interface/srv/_send_bot_command.py
[1.347s] -- Up-to-date symlink: /home/xanta/tBot/botSpace/install/custom_interface/local/lib/python3.10/dist-packages/custom_interface/srv/_send_bot_command_s.c
[1.348s] -- Up-to-date symlink: /home/xanta/tBot/botSpace/install/custom_interface/local/lib/python3.10/dist-packages/custom_interface/custom_interface_s__rosidl_typesupport_fastrtps_c.cpython-310-x86_64-linux-gnu.so
[1.348s] -- Up-to-date symlink: /home/xanta/tBot/botSpace/install/custom_interface/local/lib/python3.10/dist-packages/custom_interface/custom_interface_s__rosidl_typesupport_introspection_c.cpython-310-x86_64-linux-gnu.so
[1.348s] -- Up-to-date symlink: /home/xanta/tBot/botSpace/install/custom_interface/local/lib/python3.10/dist-packages/custom_interface/custom_interface_s__rosidl_typesupport_c.cpython-310-x86_64-linux-gnu.so
[1.348s] -- Up-to-date symlink: /home/xanta/tBot/botSpace/install/custom_interface/share/custom_interface/msg/Act.idl
[1.348s] -- Up-to-date symlink: /home/xanta/tBot/botSpace/install/custom_interface/share/custom_interface/srv/AddThreeInts.idl
[1.348s] -- Up-to-date symlink: /home/xanta/tBot/botSpace/install/custom_interface/share/custom_interface/srv/SendBotCommand.idl
[1.349s] -- Up-to-date symlink: /home/xanta/tBot/botSpace/install/custom_interface/share/custom_interface/msg/Act.msg
[1.349s] -- Up-to-date symlink: /home/xanta/tBot/botSpace/install/custom_interface/share/custom_interface/srv/AddThreeInts.srv
[1.349s] -- Up-to-date symlink: /home/xanta/tBot/botSpace/install/custom_interface/share/custom_interface/srv/AddThreeInts_Request.msg
[1.349s] -- Up-to-date symlink: /home/xanta/tBot/botSpace/install/custom_interface/share/custom_interface/srv/AddThreeInts_Response.msg
[1.349s] -- Up-to-date symlink: /home/xanta/tBot/botSpace/install/custom_interface/share/custom_interface/srv/SendBotCommand.srv
[1.349s] -- Up-to-date symlink: /home/xanta/tBot/botSpace/install/custom_interface/share/custom_interface/srv/SendBotCommand_Request.msg
[1.349s] -- Up-to-date symlink: /home/xanta/tBot/botSpace/install/custom_interface/share/custom_interface/srv/SendBotCommand_Response.msg
[1.350s] -- Up-to-date symlink: /home/xanta/tBot/botSpace/install/custom_interface/share/ament_index/resource_index/package_run_dependencies/custom_interface
[1.350s] -- Up-to-date symlink: /home/xanta/tBot/botSpace/install/custom_interface/share/ament_index/resource_index/parent_prefix_path/custom_interface
[1.350s] -- Up-to-date symlink: /home/xanta/tBot/botSpace/install/custom_interface/share/custom_interface/environment/ament_prefix_path.sh
[1.350s] -- Up-to-date symlink: /home/xanta/tBot/botSpace/install/custom_interface/share/custom_interface/environment/ament_prefix_path.dsv
[1.350s] -- Up-to-date symlink: /home/xanta/tBot/botSpace/install/custom_interface/share/custom_interface/environment/path.sh
[1.350s] -- Up-to-date symlink: /home/xanta/tBot/botSpace/install/custom_interface/share/custom_interface/environment/path.dsv
[1.350s] -- Up-to-date symlink: /home/xanta/tBot/botSpace/install/custom_interface/share/custom_interface/local_setup.bash
[1.350s] -- Up-to-date symlink: /home/xanta/tBot/botSpace/install/custom_interface/share/custom_interface/local_setup.sh
[1.351s] -- Up-to-date symlink: /home/xanta/tBot/botSpace/install/custom_interface/share/custom_interface/local_setup.zsh
[1.351s] -- Up-to-date symlink: /home/xanta/tBot/botSpace/install/custom_interface/share/custom_interface/local_setup.dsv
[1.351s] -- Symlinking: /home/xanta/tBot/botSpace/install/custom_interface/share/custom_interface/package.dsv
[1.361s] -- Up-to-date symlink: /home/xanta/tBot/botSpace/install/custom_interface/share/ament_index/resource_index/packages/custom_interface
[1.361s] -- Up-to-date symlink: /home/xanta/tBot/botSpace/install/custom_interface/share/custom_interface/cmake/rosidl_cmake-extras.cmake
[1.361s] -- Up-to-date symlink: /home/xanta/tBot/botSpace/install/custom_interface/share/custom_interface/cmake/ament_cmake_export_include_directories-extras.cmake
[1.361s] -- Up-to-date symlink: /home/xanta/tBot/botSpace/install/custom_interface/share/custom_interface/cmake/ament_cmake_export_libraries-extras.cmake
[1.362s] -- Up-to-date symlink: /home/xanta/tBot/botSpace/install/custom_interface/share/custom_interface/cmake/ament_cmake_export_targets-extras.cmake
[1.362s] -- Up-to-date symlink: /home/xanta/tBot/botSpace/install/custom_interface/share/custom_interface/cmake/rosidl_cmake_export_typesupport_targets-extras.cmake
[1.362s] -- Up-to-date symlink: /home/xanta/tBot/botSpace/install/custom_interface/share/custom_interface/cmake/ament_cmake_export_dependencies-extras.cmake
[1.362s] -- Up-to-date symlink: /home/xanta/tBot/botSpace/install/custom_interface/share/custom_interface/cmake/rosidl_cmake_export_typesupport_libraries-extras.cmake
[1.362s] -- Up-to-date symlink: /home/xanta/tBot/botSpace/install/custom_interface/share/custom_interface/cmake/custom_interfaceConfig.cmake
[1.362s] -- Up-to-date symlink: /home/xanta/tBot/botSpace/install/custom_interface/share/custom_interface/cmake/custom_interfaceConfig-version.cmake
[1.363s] -- Up-to-date symlink: /home/xanta/tBot/botSpace/install/custom_interface/share/custom_interface/package.xml
[1.363s] -- Up-to-date: /home/xanta/tBot/botSpace/install/custom_interface/lib/libcustom_interface__rosidl_generator_c.so
[1.363s] -- Up-to-date: /home/xanta/tBot/botSpace/install/custom_interface/lib/libcustom_interface__rosidl_typesupport_fastrtps_c.so
[1.363s] -- Up-to-date: /home/xanta/tBot/botSpace/install/custom_interface/lib/libcustom_interface__rosidl_typesupport_introspection_c.so
[1.364s] -- Up-to-date: /home/xanta/tBot/botSpace/install/custom_interface/lib/libcustom_interface__rosidl_typesupport_c.so
[1.364s] -- Up-to-date: /home/xanta/tBot/botSpace/install/custom_interface/lib/libcustom_interface__rosidl_typesupport_fastrtps_cpp.so
[1.364s] -- Up-to-date: /home/xanta/tBot/botSpace/install/custom_interface/lib/libcustom_interface__rosidl_typesupport_introspection_cpp.so
[1.364s] -- Up-to-date: /home/xanta/tBot/botSpace/install/custom_interface/lib/libcustom_interface__rosidl_typesupport_cpp.so
[1.390s] Listing '/home/xanta/tBot/botSpace/install/custom_interface/local/lib/python3.10/dist-packages/custom_interface'...
[1.390s] Compiling '/home/xanta/tBot/botSpace/install/custom_interface/local/lib/python3.10/dist-packages/custom_interface/__init__.py'...
[1.390s] Listing '/home/xanta/tBot/botSpace/install/custom_interface/local/lib/python3.10/dist-packages/custom_interface/msg'...
[1.390s] Listing '/home/xanta/tBot/botSpace/install/custom_interface/local/lib/python3.10/dist-packages/custom_interface/srv'...
[1.395s] -- Up-to-date: /home/xanta/tBot/botSpace/install/custom_interface/lib/libcustom_interface__rosidl_generator_py.so
[1.395s] -- Up-to-date: /home/xanta/tBot/botSpace/install/custom_interface/share/custom_interface/cmake/export_custom_interface__rosidl_generator_cExport.cmake
[1.395s] -- Up-to-date: /home/xanta/tBot/botSpace/install/custom_interface/share/custom_interface/cmake/export_custom_interface__rosidl_generator_cExport-noconfig.cmake
[1.395s] -- Up-to-date: /home/xanta/tBot/botSpace/install/custom_interface/share/custom_interface/cmake/export_custom_interface__rosidl_typesupport_fastrtps_cExport.cmake
[1.395s] -- Up-to-date: /home/xanta/tBot/botSpace/install/custom_interface/share/custom_interface/cmake/export_custom_interface__rosidl_typesupport_fastrtps_cExport-noconfig.cmake
[1.395s] -- Up-to-date: /home/xanta/tBot/botSpace/install/custom_interface/share/custom_interface/cmake/custom_interface__rosidl_typesupport_introspection_cExport.cmake
[1.395s] -- Up-to-date: /home/xanta/tBot/botSpace/install/custom_interface/share/custom_interface/cmake/custom_interface__rosidl_typesupport_introspection_cExport-noconfig.cmake
[1.396s] -- Up-to-date: /home/xanta/tBot/botSpace/install/custom_interface/share/custom_interface/cmake/custom_interface__rosidl_typesupport_cExport.cmake
[1.396s] -- Up-to-date: /home/xanta/tBot/botSpace/install/custom_interface/share/custom_interface/cmake/custom_interface__rosidl_typesupport_cExport-noconfig.cmake
[1.396s] -- Up-to-date: /home/xanta/tBot/botSpace/install/custom_interface/share/custom_interface/cmake/export_custom_interface__rosidl_generator_cppExport.cmake
[1.396s] -- Up-to-date: /home/xanta/tBot/botSpace/install/custom_interface/share/custom_interface/cmake/export_custom_interface__rosidl_typesupport_fastrtps_cppExport.cmake
[1.396s] -- Up-to-date: /home/xanta/tBot/botSpace/install/custom_interface/share/custom_interface/cmake/export_custom_interface__rosidl_typesupport_fastrtps_cppExport-noconfig.cmake
[1.396s] -- Up-to-date: /home/xanta/tBot/botSpace/install/custom_interface/share/custom_interface/cmake/custom_interface__rosidl_typesupport_introspection_cppExport.cmake
[1.396s] -- Up-to-date: /home/xanta/tBot/botSpace/install/custom_interface/share/custom_interface/cmake/custom_interface__rosidl_typesupport_introspection_cppExport-noconfig.cmake
[1.396s] -- Up-to-date: /home/xanta/tBot/botSpace/install/custom_interface/share/custom_interface/cmake/custom_interface__rosidl_typesupport_cppExport.cmake
[1.396s] -- Up-to-date: /home/xanta/tBot/botSpace/install/custom_interface/share/custom_interface/cmake/custom_interface__rosidl_typesupport_cppExport-noconfig.cmake
[1.396s] -- Up-to-date: /home/xanta/tBot/botSpace/install/custom_interface/share/custom_interface/cmake/export_custom_interface__rosidl_generator_pyExport.cmake
[1.396s] -- Up-to-date: /home/xanta/tBot/botSpace/install/custom_interface/share/custom_interface/cmake/export_custom_interface__rosidl_generator_pyExport-noconfig.cmake
[1.399s] Invoked command in '/home/xanta/tBot/botSpace/build/custom_interface' returned '0': CMAKE_PREFIX_PATH=/opt/ros/humble /usr/bin/cmake --install /home/xanta/tBot/botSpace/build/custom_interface
