/home/xanta/tBot/botSpace/install/tbmain/lib/python3.10/site-packages/tbmain/rmcontrol.py
/home/xanta/tBot/botSpace/install/tbmain/lib/python3.10/site-packages/tbmain/controlClient.py
/home/xanta/tBot/botSpace/install/tbmain/lib/python3.10/site-packages/tbmain/controlServer.py
/home/xanta/tBot/botSpace/install/tbmain/lib/python3.10/site-packages/tbmain/__init__.py
/home/xanta/tBot/botSpace/install/tbmain/lib/python3.10/site-packages/tbmain/__pycache__/rmcontrol.cpython-310.pyc
/home/xanta/tBot/botSpace/install/tbmain/lib/python3.10/site-packages/tbmain/__pycache__/controlClient.cpython-310.pyc
/home/xanta/tBot/botSpace/install/tbmain/lib/python3.10/site-packages/tbmain/__pycache__/controlServer.cpython-310.pyc
/home/xanta/tBot/botSpace/install/tbmain/lib/python3.10/site-packages/tbmain/__pycache__/__init__.cpython-310.pyc
/home/xanta/tBot/botSpace/install/tbmain/share/ament_index/resource_index/packages/tbmain
/home/xanta/tBot/botSpace/install/tbmain/share/tbmain/package.xml
/home/xanta/tBot/botSpace/install/tbmain/share/tbmain/rsp.launch.py
/home/xanta/tBot/botSpace/install/tbmain/share/tbmain/launch_sim.launch.py
/home/xanta/tBot/botSpace/install/tbmain/share/tbmain/launch_robot.launch.py
/home/xanta/tBot/botSpace/install/tbmain/share/tbmain/inertial_macros.xacro
/home/xanta/tBot/botSpace/install/tbmain/share/tbmain/gazebo_control.xacro
/home/xanta/tBot/botSpace/install/tbmain/share/tbmain/ros2_control.xacro
/home/xanta/tBot/botSpace/install/tbmain/share/tbmain/robot.urdf.xacro
/home/xanta/tBot/botSpace/install/tbmain/share/tbmain/robot_core.xacro
/home/xanta/tBot/botSpace/install/tbmain/share/tbmain/lidar.xacro
/home/xanta/tBot/botSpace/install/tbmain/share/tbmain/my_controllers.yaml
/home/xanta/tBot/botSpace/install/tbmain/share/tbmain/gaz_ros2_ctl_use_sim.yaml
/home/xanta/tBot/botSpace/install/tbmain/share/tbmain/twist_mux.yaml
/home/xanta/tBot/botSpace/install/tbmain/lib/python3.10/site-packages/tbmain-0.0.0-py3.10.egg-info/top_level.txt
/home/xanta/tBot/botSpace/install/tbmain/lib/python3.10/site-packages/tbmain-0.0.0-py3.10.egg-info/entry_points.txt
/home/xanta/tBot/botSpace/install/tbmain/lib/python3.10/site-packages/tbmain-0.0.0-py3.10.egg-info/PKG-INFO
/home/xanta/tBot/botSpace/install/tbmain/lib/python3.10/site-packages/tbmain-0.0.0-py3.10.egg-info/requires.txt
/home/xanta/tBot/botSpace/install/tbmain/lib/python3.10/site-packages/tbmain-0.0.0-py3.10.egg-info/zip-safe
/home/xanta/tBot/botSpace/install/tbmain/lib/python3.10/site-packages/tbmain-0.0.0-py3.10.egg-info/dependency_links.txt
/home/xanta/tBot/botSpace/install/tbmain/lib/python3.10/site-packages/tbmain-0.0.0-py3.10.egg-info/SOURCES.txt
